-------------------------------------------------------------------------------
Test set: pl.akademiaqa.tests.FilterByPriceTest
-------------------------------------------------------------------------------
Tests run: 3, Failures: 0, Errors: 3, Skipped: 0, Time elapsed: 1.464 s <<< FAILURE! - in pl.akademiaqa.tests.FilterByPriceTest
pl.akademiaqa.tests.FilterByPriceTest.should_return_products_with_price_greater_than_40_by_cursor  Time elapsed: 0.385 s  <<< ERROR!
java.lang.StackOverflowError
	at pl.akademiaqa.pages.BasePage.<init>(BasePage.java:21)
	at pl.akademiaqa.pages.sections.TopMenuSearchSection.<init>(TopMenuSearchSection.java:21)
	at pl.akademiaqa.pages.BasePage.<init>(BasePage.java:21)
	at pl.akademiaqa.pages.sections.TopMenuSearchSection.<init>(TopMenuSearchSection.java:21)
	at pl.akademiaqa.pages.BasePage.<init>(BasePage.java:21)
	at pl.akademiaqa.pages.sections.TopMenuSearchSection.<init>(TopMenuSearchSection.java:21)
	at pl.akademiaqa.pages.BasePage.<init>(BasePage.java:21)
	at pl.akademiaqa.pages.sections.TopMenuSearchSection.<init>(TopMenuSearchSection.java:21)
	at pl.akademiaqa.pages.BasePage.<init>(BasePage.java:21)
	at pl.akademiaqa.pages.sections.TopMenuSearchSection.<init>(TopMenuSearchSection.java:21)
	at pl.akademiaqa.pages.BasePage.<init>(BasePage.java:21)
	at pl.akademiaqa.pages.sections.TopMenuSearchSection.<init>(TopMenuSearchSection.java:21)
	at pl.akademiaqa.pages.BasePage.<init>(BasePage.java:21)
	at pl.akademiaqa.pages.sections.TopMenuSearchSection.<init>(TopMenuSearchSection.java:21)
	at pl.akademiaqa.pages.BasePage.<init>(BasePage.java:21)
	at pl.akademiaqa.pages.sections.TopMenuSearchSection.<init>(TopMenuSearchSection.java:21)
	at pl.akademiaqa.pages.BasePage.<init>(BasePage.java:21)
	at pl.akademiaqa.pages.sections.TopMenuSearchSection.<init>(TopMenuSearchSection.java:21)
	at pl.akademiaqa.pages.BasePage.<init>(BasePage.java:21)
	at pl.akademiaqa.pages.sections.TopMenuSearchSection.<init>(TopMenuSearchSection.java:21)
	at pl.akademiaqa.pages.BasePage.<init>(BasePage.java:21)
	at pl.akademiaqa.pages.sections.TopMenuSearchSection.<init>(TopMenuSearchSection.java:21)
	at pl.akademiaqa.pages.BasePage.<init>(BasePage.java:21)
	at pl.akademiaqa.pages.sections.TopMenuSearchSection.<init>(TopMenuSearchSection.java:21)
	at pl.akademiaqa.pages.BasePage.<init>(BasePage.java:21)
	at pl.akademiaqa.pages.sections.TopMenuSearchSection.<init>(TopMenuSearchSection.java:21)
	at pl.akademiaqa.pages.BasePage.<init>(BasePage.java:21)
	at pl.akademiaqa.pages.sections.TopMenuSearchSection.<init>(TopMenuSearchSection.java:21)
	at pl.akademiaqa.pages.BasePage.<init>(BasePage.java:21)
	at pl.akademiaqa.pages.sections.TopMenuSearchSection.<init>(TopMenuSearchSection.java:21)
	at pl.akademiaqa.pages.BasePage.<init>(BasePage.java:21)
	at pl.akademiaqa.pages.sections.TopMenuSearchSection.<init>(TopMenuSearchSection.java:21)
	at pl.akademiaqa.pages.BasePage.<init>(BasePage.java:21)
	at pl.akademiaqa.pages.sections.TopMenuSearchSection.<init>(TopMenuSearchSection.java:21)
	at pl.akademiaqa.pages.BasePage.<init>(BasePage.java:21)
	at pl.akademiaqa.pages.sections.TopMenuSearchSection.<init>(TopMenuSearchSection.java:21)
	at pl.akademiaqa.pages.BasePage.<init>(BasePage.java:21)
	at pl.akademiaqa.pages.sections.TopMenuSearchSection.<init>(TopMenuSearchSection.java:21)
	at pl.akademiaqa.pages.BasePage.<init>(BasePage.java:21)
	at pl.akademiaqa.pages.sections.TopMenuSearchSection.<init>(TopMenuSearchSection.java:21)
	at pl.akademiaqa.pages.BasePage.<init>(BasePage.java:21)
	at pl.akademiaqa.pages.sections.TopMenuSearchSection.<init>(TopMenuSearchSection.java:21)
	at pl.akademiaqa.pages.BasePage.<init>(BasePage.java:21)
	at pl.akademiaqa.pages.sections.TopMenuSearchSection.<init>(TopMenuSearchSection.java:21)
	at pl.akademiaqa.pages.BasePage.<init>(BasePage.java:21)
	at pl.akademiaqa.pages.sections.TopMenuSearchSection.<init>(TopMenuSearchSection.java:21)
	at pl.akademiaqa.pages.BasePage.<init>(BasePage.java:21)
	at pl.akademiaqa.pages.sections.TopMenuSearchSection.<init>(TopMenuSearchSection.java:21)
	at pl.akademiaqa.pages.BasePage.<init>(BasePage.java:21)
	at pl.akademiaqa.pages.sections.TopMenuSearchSection.<init>(TopMenuSearchSection.java:21)
	at pl.akademiaqa.pages.BasePage.<init>(BasePage.java:21)
	at pl.akademiaqa.pages.sections.TopMenuSearchSection.<init>(TopMenuSearchSection.java:21)
	at pl.akademiaqa.pages.BasePage.<init>(BasePage.java:21)
	at pl.akademiaqa.pages.sections.TopMenuSearchSection.<init>(TopMenuSearchSection.java:21)
	at pl.akademiaqa.pages.BasePage.<init>(BasePage.java:21)
	at pl.akademiaqa.pages.sections.TopMenuSearchSection.<init>(TopMenuSearchSection.java:21)
	at pl.akademiaqa.pages.BasePage.<init>(BasePage.java:21)
	at pl.akademiaqa.pages.sections.TopMenuSearchSection.<init>(TopMenuSearchSection.java:21)
	at pl.akademiaqa.pages.BasePage.<init>(BasePage.java:21)
	at pl.akademiaqa.pages.sections.TopMenuSearchSection.<init>(TopMenuSearchSection.java:21)
	at pl.akademiaqa.pages.BasePage.<init>(BasePage.java:21)
	at pl.akademiaqa.pages.sections.TopMenuSearchSection.<init>(TopMenuSearchSection.java:21)
	at pl.akademiaqa.pages.BasePage.<init>(BasePage.java:21)
	at pl.akademiaqa.pages.sections.TopMenuSearchSection.<init>(TopMenuSearchSection.java:21)
	at pl.akademiaqa.pages.BasePage.<init>(BasePage.java:21)
	at pl.akademiaqa.pages.sections.TopMenuSearchSection.<init>(TopMenuSearchSection.java:21)
	at pl.akademiaqa.pages.BasePage.<init>(BasePage.java:21)
	at pl.akademiaqa.pages.sections.TopMenuSearchSection.<init>(TopMenuSearchSection.java:21)
	at pl.akademiaqa.pages.BasePage.<init>(BasePage.java:21)
	at pl.akademiaqa.pages.sections.TopMenuSearchSection.<init>(TopMenuSearchSection.java:21)
	at pl.akademiaqa.pages.BasePage.<init>(BasePage.java:21)
	at pl.akademiaqa.pages.sections.TopMenuSearchSection.<init>(TopMenuSearchSection.java:21)
	at pl.akademiaqa.pages.BasePage.<init>(BasePage.java:21)
	at pl.akademiaqa.pages.sections.TopMenuSearchSection.<init>(TopMenuSearchSection.java:21)
	at pl.akademiaqa.pages.BasePage.<init>(BasePage.java:21)
	at pl.akademiaqa.pages.sections.TopMenuSearchSection.<init>(TopMenuSearchSection.java:21)
	at pl.akademiaqa.pages.BasePage.<init>(BasePage.java:21)
	at pl.akademiaqa.pages.sections.TopMenuSearchSection.<init>(TopMenuSearchSection.java:21)
	at pl.akademiaqa.pages.BasePage.<init>(BasePage.java:21)
	at pl.akademiaqa.pages.sections.TopMenuSearchSection.<init>(TopMenuSearchSection.java:21)
	at pl.akademiaqa.pages.BasePage.<init>(BasePage.java:21)
	at pl.akademiaqa.pages.sections.TopMenuSearchSection.<init>(TopMenuSearchSection.java:21)
	at pl.akademiaqa.pages.BasePage.<init>(BasePage.java:21)
	at pl.akademiaqa.pages.sections.TopMenuSearchSection.<init>(TopMenuSearchSection.java:21)
	at pl.akademiaqa.pages.BasePage.<init>(BasePage.java:21)
	at pl.akademiaqa.pages.sections.TopMenuSearchSection.<init>(TopMenuSearchSection.java:21)
	at pl.akademiaqa.pages.BasePage.<init>(BasePage.java:21)
	at pl.akademiaqa.pages.sections.TopMenuSearchSection.<init>(TopMenuSearchSection.java:21)
	at pl.akademiaqa.pages.BasePage.<init>(BasePage.java:21)
	at pl.akademiaqa.pages.sections.TopMenuSearchSection.<init>(TopMenuSearchSection.java:21)
	at pl.akademiaqa.pages.BasePage.<init>(BasePage.java:21)
	at pl.akademiaqa.pages.sections.TopMenuSearchSection.<init>(TopMenuSearchSection.java:21)
	at pl.akademiaqa.pages.BasePage.<init>(BasePage.java:21)
	at pl.akademiaqa.pages.sections.TopMenuSearchSection.<init>(TopMenuSearchSection.java:21)
	at pl.akademiaqa.pages.BasePage.<init>(BasePage.java:21)
	at pl.akademiaqa.pages.sections.TopMenuSearchSection.<init>(TopMenuSearchSection.java:21)
	at pl.akademiaqa.pages.BasePage.<init>(BasePage.java:21)
	at pl.akademiaqa.pages.sections.TopMenuSearchSection.<init>(TopMenuSearchSection.java:21)
	at pl.akademiaqa.pages.BasePage.<init>(BasePage.java:21)
	at pl.akademiaqa.pages.sections.TopMenuSearchSection.<init>(TopMenuSearchSection.java:21)
	at pl.akademiaqa.pages.BasePage.<init>(BasePage.java:21)
	at pl.akademiaqa.pages.sections.TopMenuSearchSection.<init>(TopMenuSearchSection.java:21)
	at pl.akademiaqa.pages.BasePage.<init>(BasePage.java:21)
	at pl.akademiaqa.pages.sections.TopMenuSearchSection.<init>(TopMenuSearchSection.java:21)
	at pl.akademiaqa.pages.BasePage.<init>(BasePage.java:21)
	at pl.akademiaqa.pages.sections.TopMenuSearchSection.<init>(TopMenuSearchSection.java:21)
	at pl.akademiaqa.pages.BasePage.<init>(BasePage.java:21)
	at pl.akademiaqa.pages.sections.TopMenuSearchSection.<init>(TopMenuSearchSection.java:21)
	at pl.akademiaqa.pages.BasePage.<init>(BasePage.java:21)
	at pl.akademiaqa.pages.sections.TopMenuSearchSection.<init>(TopMenuSearchSection.java:21)
	at pl.akademiaqa.pages.BasePage.<init>(BasePage.java:21)
	at pl.akademiaqa.pages.sections.TopMenuSearchSection.<init>(TopMenuSearchSection.java:21)
	at pl.akademiaqa.pages.BasePage.<init>(BasePage.java:21)
	at pl.akademiaqa.pages.sections.TopMenuSearchSection.<init>(TopMenuSearchSection.java:21)
	at pl.akademiaqa.pages.BasePage.<init>(BasePage.java:21)
	at pl.akademiaqa.pages.sections.TopMenuSearchSection.<init>(TopMenuSearchSection.java:21)
	at pl.akademiaqa.pages.BasePage.<init>(BasePage.java:21)
	at pl.akademiaqa.pages.sections.TopMenuSearchSection.<init>(TopMenuSearchSection.java:21)
	at pl.akademiaqa.pages.BasePage.<init>(BasePage.java:21)
	at pl.akademiaqa.pages.sections.TopMenuSearchSection.<init>(TopMenuSearchSection.java:21)
	at pl.akademiaqa.pages.BasePage.<init>(BasePage.java:21)
	at pl.akademiaqa.pages.sections.TopMenuSearchSection.<init>(TopMenuSearchSection.java:21)
	at pl.akademiaqa.pages.BasePage.<init>(BasePage.java:21)
	at pl.akademiaqa.pages.sections.TopMenuSearchSection.<init>(TopMenuSearchSection.java:21)
	at pl.akademiaqa.pages.BasePage.<init>(BasePage.java:21)
	at pl.akademiaqa.pages.sections.TopMenuSearchSection.<init>(TopMenuSearchSection.java:21)
	at pl.akademiaqa.pages.BasePage.<init>(BasePage.java:21)
	at pl.akademiaqa.pages.sections.TopMenuSearchSection.<init>(TopMenuSearchSection.java:21)
	at pl.akademiaqa.pages.BasePage.<init>(BasePage.java:21)
	at pl.akademiaqa.pages.sections.TopMenuSearchSection.<init>(TopMenuSearchSection.java:21)
	at pl.akademiaqa.pages.BasePage.<init>(BasePage.java:21)
	at pl.akademiaqa.pages.sections.TopMenuSearchSection.<init>(TopMenuSearchSection.java:21)
	at pl.akademiaqa.pages.BasePage.<init>(BasePage.java:21)
	at pl.akademiaqa.pages.sections.TopMenuSearchSection.<init>(TopMenuSearchSection.java:21)
	at pl.akademiaqa.pages.BasePage.<init>(BasePage.java:21)
	at pl.akademiaqa.pages.sections.TopMenuSearchSection.<init>(TopMenuSearchSection.java:21)
	at pl.akademiaqa.pages.BasePage.<init>(BasePage.java:21)
	at pl.akademiaqa.pages.sections.TopMenuSearchSection.<init>(TopMenuSearchSection.java:21)
	at pl.akademiaqa.pages.BasePage.<init>(BasePage.java:21)
	at pl.akademiaqa.pages.sections.TopMenuSearchSection.<init>(TopMenuSearchSection.java:21)
	at pl.akademiaqa.pages.BasePage.<init>(BasePage.java:21)
	at pl.akademiaqa.pages.sections.TopMenuSearchSection.<init>(TopMenuSearchSection.java:21)
	at pl.akademiaqa.pages.BasePage.<init>(BasePage.java:21)
	at pl.akademiaqa.pages.sections.TopMenuSearchSection.<init>(TopMenuSearchSection.java:21)
	at pl.akademiaqa.pages.BasePage.<init>(BasePage.java:21)
	at pl.akademiaqa.pages.sections.TopMenuSearchSection.<init>(TopMenuSearchSection.java:21)
	at pl.akademiaqa.pages.BasePage.<init>(BasePage.java:21)
	at pl.akademiaqa.pages.sections.TopMenuSearchSection.<init>(TopMenuSearchSection.java:21)
	at pl.akademiaqa.pages.BasePage.<init>(BasePage.java:21)
	at pl.akademiaqa.pages.sections.TopMenuSearchSection.<init>(TopMenuSearchSection.java:21)
	at pl.akademiaqa.pages.BasePage.<init>(BasePage.java:21)
	at pl.akademiaqa.pages.sections.TopMenuSearchSection.<init>(TopMenuSearchSection.java:21)
	at pl.akademiaqa.pages.BasePage.<init>(BasePage.java:21)
	at pl.akademiaqa.pages.sections.TopMenuSearchSection.<init>(TopMenuSearchSection.java:21)
	at pl.akademiaqa.pages.BasePage.<init>(BasePage.java:21)
	at pl.akademiaqa.pages.sections.TopMenuSearchSection.<init>(TopMenuSearchSection.java:21)
	at pl.akademiaqa.pages.BasePage.<init>(BasePage.java:21)
	at pl.akademiaqa.pages.sections.TopMenuSearchSection.<init>(TopMenuSearchSection.java:21)
	at pl.akademiaqa.pages.BasePage.<init>(BasePage.java:21)
	at pl.akademiaqa.pages.sections.TopMenuSearchSection.<init>(TopMenuSearchSection.java:21)
	at pl.akademiaqa.pages.BasePage.<init>(BasePage.java:21)
	at pl.akademiaqa.pages.sections.TopMenuSearchSection.<init>(TopMenuSearchSection.java:21)
	at pl.akademiaqa.pages.BasePage.<init>(BasePage.java:21)
	at pl.akademiaqa.pages.sections.TopMenuSearchSection.<init>(TopMenuSearchSection.java:21)
	at pl.akademiaqa.pages.BasePage.<init>(BasePage.java:21)
	at pl.akademiaqa.pages.sections.TopMenuSearchSection.<init>(TopMenuSearchSection.java:21)
	at pl.akademiaqa.pages.BasePage.<init>(BasePage.java:21)
	at pl.akademiaqa.pages.sections.TopMenuSearchSection.<init>(TopMenuSearchSection.java:21)
	at pl.akademiaqa.pages.BasePage.<init>(BasePage.java:21)
	at pl.akademiaqa.pages.sections.TopMenuSearchSection.<init>(TopMenuSearchSection.java:21)
	at pl.akademiaqa.pages.BasePage.<init>(BasePage.java:21)
	at pl.akademiaqa.pages.sections.TopMenuSearchSection.<init>(TopMenuSearchSection.java:21)
	at pl.akademiaqa.pages.BasePage.<init>(BasePage.java:21)
	at pl.akademiaqa.pages.sections.TopMenuSearchSection.<init>(TopMenuSearchSection.java:21)
	at pl.akademiaqa.pages.BasePage.<init>(BasePage.java:21)
	at pl.akademiaqa.pages.sections.TopMenuSearchSection.<init>(TopMenuSearchSection.java:21)
	at pl.akademiaqa.pages.BasePage.<init>(BasePage.java:21)
	at pl.akademiaqa.pages.sections.TopMenuSearchSection.<init>(TopMenuSearchSection.java:21)
	at pl.akademiaqa.pages.BasePage.<init>(BasePage.java:21)
	at pl.akademiaqa.pages.sections.TopMenuSearchSection.<init>(TopMenuSearchSection.java:21)
	at pl.akademiaqa.pages.BasePage.<init>(BasePage.java:21)
	at pl.akademiaqa.pages.sections.TopMenuSearchSection.<init>(TopMenuSearchSection.java:21)
	at pl.akademiaqa.pages.BasePage.<init>(BasePage.java:21)
	at pl.akademiaqa.pages.sections.TopMenuSearchSection.<init>(TopMenuSearchSection.java:21)
	at pl.akademiaqa.pages.BasePage.<init>(BasePage.java:21)
	at pl.akademiaqa.pages.sections.TopMenuSearchSection.<init>(TopMenuSearchSection.java:21)
	at pl.akademiaqa.pages.BasePage.<init>(BasePage.java:21)
	at pl.akademiaqa.pages.sections.TopMenuSearchSection.<init>(TopMenuSearchSection.java:21)
	at pl.akademiaqa.pages.BasePage.<init>(BasePage.java:21)
	at pl.akademiaqa.pages.sections.TopMenuSearchSection.<init>(TopMenuSearchSection.java:21)
	at pl.akademiaqa.pages.BasePage.<init>(BasePage.java:21)
	at pl.akademiaqa.pages.sections.TopMenuSearchSection.<init>(TopMenuSearchSection.java:21)
	at pl.akademiaqa.pages.BasePage.<init>(BasePage.java:21)
	at pl.akademiaqa.pages.sections.TopMenuSearchSection.<init>(TopMenuSearchSection.java:21)
	at pl.akademiaqa.pages.BasePage.<init>(BasePage.java:21)
	at pl.akademiaqa.pages.sections.TopMenuSearchSection.<init>(TopMenuSearchSection.java:21)
	at pl.akademiaqa.pages.BasePage.<init>(BasePage.java:21)
	at pl.akademiaqa.pages.sections.TopMenuSearchSection.<init>(TopMenuSearchSection.java:21)
	at pl.akademiaqa.pages.BasePage.<init>(BasePage.java:21)
	at pl.akademiaqa.pages.sections.TopMenuSearchSection.<init>(TopMenuSearchSection.java:21)
	at pl.akademiaqa.pages.BasePage.<init>(BasePage.java:21)
	at pl.akademiaqa.pages.sections.TopMenuSearchSection.<init>(TopMenuSearchSection.java:21)
	at pl.akademiaqa.pages.BasePage.<init>(BasePage.java:21)
	at pl.akademiaqa.pages.sections.TopMenuSearchSection.<init>(TopMenuSearchSection.java:21)
	at pl.akademiaqa.pages.BasePage.<init>(BasePage.java:21)
	at pl.akademiaqa.pages.sections.TopMenuSearchSection.<init>(TopMenuSearchSection.java:21)
	at pl.akademiaqa.pages.BasePage.<init>(BasePage.java:21)
	at pl.akademiaqa.pages.sections.TopMenuSearchSection.<init>(TopMenuSearchSection.java:21)
	at pl.akademiaqa.pages.BasePage.<init>(BasePage.java:21)
	at pl.akademiaqa.pages.sections.TopMenuSearchSection.<init>(TopMenuSearchSection.java:21)
	at pl.akademiaqa.pages.BasePage.<init>(BasePage.java:21)
	at pl.akademiaqa.pages.sections.TopMenuSearchSection.<init>(TopMenuSearchSection.java:21)
	at pl.akademiaqa.pages.BasePage.<init>(BasePage.java:21)
	at pl.akademiaqa.pages.sections.TopMenuSearchSection.<init>(TopMenuSearchSection.java:21)
	at pl.akademiaqa.pages.BasePage.<init>(BasePage.java:21)
	at pl.akademiaqa.pages.sections.TopMenuSearchSection.<init>(TopMenuSearchSection.java:21)
	at pl.akademiaqa.pages.BasePage.<init>(BasePage.java:21)
	at pl.akademiaqa.pages.sections.TopMenuSearchSection.<init>(TopMenuSearchSection.java:21)
	at pl.akademiaqa.pages.BasePage.<init>(BasePage.java:21)
	at pl.akademiaqa.pages.sections.TopMenuSearchSection.<init>(TopMenuSearchSection.java:21)
	at pl.akademiaqa.pages.BasePage.<init>(BasePage.java:21)
	at pl.akademiaqa.pages.sections.TopMenuSearchSection.<init>(TopMenuSearchSection.java:21)
	at pl.akademiaqa.pages.BasePage.<init>(BasePage.java:21)
	at pl.akademiaqa.pages.sections.TopMenuSearchSection.<init>(TopMenuSearchSection.java:21)
	at pl.akademiaqa.pages.BasePage.<init>(BasePage.java:21)
	at pl.akademiaqa.pages.sections.TopMenuSearchSection.<init>(TopMenuSearchSection.java:21)
	at pl.akademiaqa.pages.BasePage.<init>(BasePage.java:21)
	at pl.akademiaqa.pages.sections.TopMenuSearchSection.<init>(TopMenuSearchSection.java:21)
	at pl.akademiaqa.pages.BasePage.<init>(BasePage.java:21)
	at pl.akademiaqa.pages.sections.TopMenuSearchSection.<init>(TopMenuSearchSection.java:21)
	at pl.akademiaqa.pages.BasePage.<init>(BasePage.java:21)
	at pl.akademiaqa.pages.sections.TopMenuSearchSection.<init>(TopMenuSearchSection.java:21)
	at pl.akademiaqa.pages.BasePage.<init>(BasePage.java:21)
	at pl.akademiaqa.pages.sections.TopMenuSearchSection.<init>(TopMenuSearchSection.java:21)
	at pl.akademiaqa.pages.BasePage.<init>(BasePage.java:21)
	at pl.akademiaqa.pages.sections.TopMenuSearchSection.<init>(TopMenuSearchSection.java:21)
	at pl.akademiaqa.pages.BasePage.<init>(BasePage.java:21)
	at pl.akademiaqa.pages.sections.TopMenuSearchSection.<init>(TopMenuSearchSection.java:21)
	at pl.akademiaqa.pages.BasePage.<init>(BasePage.java:21)
	at pl.akademiaqa.pages.sections.TopMenuSearchSection.<init>(TopMenuSearchSection.java:21)
	at pl.akademiaqa.pages.BasePage.<init>(BasePage.java:21)
	at pl.akademiaqa.pages.sections.TopMenuSearchSection.<init>(TopMenuSearchSection.java:21)
	at pl.akademiaqa.pages.BasePage.<init>(BasePage.java:21)
	at pl.akademiaqa.pages.sections.TopMenuSearchSection.<init>(TopMenuSearchSection.java:21)
	at pl.akademiaqa.pages.BasePage.<init>(BasePage.java:21)
	at pl.akademiaqa.pages.sections.TopMenuSearchSection.<init>(TopMenuSearchSection.java:21)
	at pl.akademiaqa.pages.BasePage.<init>(BasePage.java:21)
	at pl.akademiaqa.pages.sections.TopMenuSearchSection.<init>(TopMenuSearchSection.java:21)
	at pl.akademiaqa.pages.BasePage.<init>(BasePage.java:21)
	at pl.akademiaqa.pages.sections.TopMenuSearchSection.<init>(TopMenuSearchSection.java:21)
	at pl.akademiaqa.pages.BasePage.<init>(BasePage.java:21)
	at pl.akademiaqa.pages.sections.TopMenuSearchSection.<init>(TopMenuSearchSection.java:21)
	at pl.akademiaqa.pages.BasePage.<init>(BasePage.java:21)
	at pl.akademiaqa.pages.sections.TopMenuSearchSection.<init>(TopMenuSearchSection.java:21)
	at pl.akademiaqa.pages.BasePage.<init>(BasePage.java:21)
	at pl.akademiaqa.pages.sections.TopMenuSearchSection.<init>(TopMenuSearchSection.java:21)
	at pl.akademiaqa.pages.BasePage.<init>(BasePage.java:21)
	at pl.akademiaqa.pages.sections.TopMenuSearchSection.<init>(TopMenuSearchSection.java:21)
	at pl.akademiaqa.pages.BasePage.<init>(BasePage.java:21)
	at pl.akademiaqa.pages.sections.TopMenuSearchSection.<init>(TopMenuSearchSection.java:21)
	at pl.akademiaqa.pages.BasePage.<init>(BasePage.java:21)
	at pl.akademiaqa.pages.sections.TopMenuSearchSection.<init>(TopMenuSearchSection.java:21)
	at pl.akademiaqa.pages.BasePage.<init>(BasePage.java:21)
	at pl.akademiaqa.pages.sections.TopMenuSearchSection.<init>(TopMenuSearchSection.java:21)
	at pl.akademiaqa.pages.BasePage.<init>(BasePage.java:21)
	at pl.akademiaqa.pages.sections.TopMenuSearchSection.<init>(TopMenuSearchSection.java:21)
	at pl.akademiaqa.pages.BasePage.<init>(BasePage.java:21)
	at pl.akademiaqa.pages.sections.TopMenuSearchSection.<init>(TopMenuSearchSection.java:21)
	at pl.akademiaqa.pages.BasePage.<init>(BasePage.java:21)
	at pl.akademiaqa.pages.sections.TopMenuSearchSection.<init>(TopMenuSearchSection.java:21)
	at pl.akademiaqa.pages.BasePage.<init>(BasePage.java:21)
	at pl.akademiaqa.pages.sections.TopMenuSearchSection.<init>(TopMenuSearchSection.java:21)
	at pl.akademiaqa.pages.BasePage.<init>(BasePage.java:21)
	at pl.akademiaqa.pages.sections.TopMenuSearchSection.<init>(TopMenuSearchSection.java:21)
	at pl.akademiaqa.pages.BasePage.<init>(BasePage.java:21)
	at pl.akademiaqa.pages.sections.TopMenuSearchSection.<init>(TopMenuSearchSection.java:21)
	at pl.akademiaqa.pages.BasePage.<init>(BasePage.java:21)
	at pl.akademiaqa.pages.sections.TopMenuSearchSection.<init>(TopMenuSearchSection.java:21)
	at pl.akademiaqa.pages.BasePage.<init>(BasePage.java:21)
	at pl.akademiaqa.pages.sections.TopMenuSearchSection.<init>(TopMenuSearchSection.java:21)
	at pl.akademiaqa.pages.BasePage.<init>(BasePage.java:21)
	at pl.akademiaqa.pages.sections.TopMenuSearchSection.<init>(TopMenuSearchSection.java:21)
	at pl.akademiaqa.pages.BasePage.<init>(BasePage.java:21)
	at pl.akademiaqa.pages.sections.TopMenuSearchSection.<init>(TopMenuSearchSection.java:21)
	at pl.akademiaqa.pages.BasePage.<init>(BasePage.java:21)
	at pl.akademiaqa.pages.sections.TopMenuSearchSection.<init>(TopMenuSearchSection.java:21)
	at pl.akademiaqa.pages.BasePage.<init>(BasePage.java:21)
	at pl.akademiaqa.pages.sections.TopMenuSearchSection.<init>(TopMenuSearchSection.java:21)
	at pl.akademiaqa.pages.BasePage.<init>(BasePage.java:21)
	at pl.akademiaqa.pages.sections.TopMenuSearchSection.<init>(TopMenuSearchSection.java:21)
	at pl.akademiaqa.pages.BasePage.<init>(BasePage.java:21)
	at pl.akademiaqa.pages.sections.TopMenuSearchSection.<init>(TopMenuSearchSection.java:21)
	at pl.akademiaqa.pages.BasePage.<init>(BasePage.java:21)
	at pl.akademiaqa.pages.sections.TopMenuSearchSection.<init>(TopMenuSearchSection.java:21)
	at pl.akademiaqa.pages.BasePage.<init>(BasePage.java:21)
	at pl.akademiaqa.pages.sections.TopMenuSearchSection.<init>(TopMenuSearchSection.java:21)
	at pl.akademiaqa.pages.BasePage.<init>(BasePage.java:21)
	at pl.akademiaqa.pages.sections.TopMenuSearchSection.<init>(TopMenuSearchSection.java:21)
	at pl.akademiaqa.pages.BasePage.<init>(BasePage.java:21)
	at pl.akademiaqa.pages.sections.TopMenuSearchSection.<init>(TopMenuSearchSection.java:21)
	at pl.akademiaqa.pages.BasePage.<init>(BasePage.java:21)
	at pl.akademiaqa.pages.sections.TopMenuSearchSection.<init>(TopMenuSearchSection.java:21)
	at pl.akademiaqa.pages.BasePage.<init>(BasePage.java:21)
	at pl.akademiaqa.pages.sections.TopMenuSearchSection.<init>(TopMenuSearchSection.java:21)
	at pl.akademiaqa.pages.BasePage.<init>(BasePage.java:21)
	at pl.akademiaqa.pages.sections.TopMenuSearchSection.<init>(TopMenuSearchSection.java:21)
	at pl.akademiaqa.pages.BasePage.<init>(BasePage.java:21)
	at pl.akademiaqa.pages.sections.TopMenuSearchSection.<init>(TopMenuSearchSection.java:21)
	at pl.akademiaqa.pages.BasePage.<init>(BasePage.java:21)
	at pl.akademiaqa.pages.sections.TopMenuSearchSection.<init>(TopMenuSearchSection.java:21)
	at pl.akademiaqa.pages.BasePage.<init>(BasePage.java:21)
	at pl.akademiaqa.pages.sections.TopMenuSearchSection.<init>(TopMenuSearchSection.java:21)
	at pl.akademiaqa.pages.BasePage.<init>(BasePage.java:21)
	at pl.akademiaqa.pages.sections.TopMenuSearchSection.<init>(TopMenuSearchSection.java:21)
	at pl.akademiaqa.pages.BasePage.<init>(BasePage.java:21)
	at pl.akademiaqa.pages.sections.TopMenuSearchSection.<init>(TopMenuSearchSection.java:21)
	at pl.akademiaqa.pages.BasePage.<init>(BasePage.java:21)
	at pl.akademiaqa.pages.sections.TopMenuSearchSection.<init>(TopMenuSearchSection.java:21)
	at pl.akademiaqa.pages.BasePage.<init>(BasePage.java:21)
	at pl.akademiaqa.pages.sections.TopMenuSearchSection.<init>(TopMenuSearchSection.java:21)
	at pl.akademiaqa.pages.BasePage.<init>(BasePage.java:21)
	at pl.akademiaqa.pages.sections.TopMenuSearchSection.<init>(TopMenuSearchSection.java:21)
	at pl.akademiaqa.pages.BasePage.<init>(BasePage.java:21)
	at pl.akademiaqa.pages.sections.TopMenuSearchSection.<init>(TopMenuSearchSection.java:21)
	at pl.akademiaqa.pages.BasePage.<init>(BasePage.java:21)
	at pl.akademiaqa.pages.sections.TopMenuSearchSection.<init>(TopMenuSearchSection.java:21)
	at pl.akademiaqa.pages.BasePage.<init>(BasePage.java:21)
	at pl.akademiaqa.pages.sections.TopMenuSearchSection.<init>(TopMenuSearchSection.java:21)
	at pl.akademiaqa.pages.BasePage.<init>(BasePage.java:21)
	at pl.akademiaqa.pages.sections.TopMenuSearchSection.<init>(TopMenuSearchSection.java:21)
	at pl.akademiaqa.pages.BasePage.<init>(BasePage.java:21)
	at pl.akademiaqa.pages.sections.TopMenuSearchSection.<init>(TopMenuSearchSection.java:21)
	at pl.akademiaqa.pages.BasePage.<init>(BasePage.java:21)
	at pl.akademiaqa.pages.sections.TopMenuSearchSection.<init>(TopMenuSearchSection.java:21)
	at pl.akademiaqa.pages.BasePage.<init>(BasePage.java:21)
	at pl.akademiaqa.pages.sections.TopMenuSearchSection.<init>(TopMenuSearchSection.java:21)
	at pl.akademiaqa.pages.BasePage.<init>(BasePage.java:21)
	at pl.akademiaqa.pages.sections.TopMenuSearchSection.<init>(TopMenuSearchSection.java:21)
	at pl.akademiaqa.pages.BasePage.<init>(BasePage.java:21)
	at pl.akademiaqa.pages.sections.TopMenuSearchSection.<init>(TopMenuSearchSection.java:21)
	at pl.akademiaqa.pages.BasePage.<init>(BasePage.java:21)
	at pl.akademiaqa.pages.sections.TopMenuSearchSection.<init>(TopMenuSearchSection.java:21)
	at pl.akademiaqa.pages.BasePage.<init>(BasePage.java:21)
	at pl.akademiaqa.pages.sections.TopMenuSearchSection.<init>(TopMenuSearchSection.java:21)
	at pl.akademiaqa.pages.BasePage.<init>(BasePage.java:21)
	at pl.akademiaqa.pages.sections.TopMenuSearchSection.<init>(TopMenuSearchSection.java:21)
	at pl.akademiaqa.pages.BasePage.<init>(BasePage.java:21)
	at pl.akademiaqa.pages.sections.TopMenuSearchSection.<init>(TopMenuSearchSection.java:21)
	at pl.akademiaqa.pages.BasePage.<init>(BasePage.java:21)
	at pl.akademiaqa.pages.sections.TopMenuSearchSection.<init>(TopMenuSearchSection.java:21)
	at pl.akademiaqa.pages.BasePage.<init>(BasePage.java:21)
	at pl.akademiaqa.pages.sections.TopMenuSearchSection.<init>(TopMenuSearchSection.java:21)
	at pl.akademiaqa.pages.BasePage.<init>(BasePage.java:21)
	at pl.akademiaqa.pages.sections.TopMenuSearchSection.<init>(TopMenuSearchSection.java:21)
	at pl.akademiaqa.pages.BasePage.<init>(BasePage.java:21)
	at pl.akademiaqa.pages.sections.TopMenuSearchSection.<init>(TopMenuSearchSection.java:21)
	at pl.akademiaqa.pages.BasePage.<init>(BasePage.java:21)
	at pl.akademiaqa.pages.sections.TopMenuSearchSection.<init>(TopMenuSearchSection.java:21)
	at pl.akademiaqa.pages.BasePage.<init>(BasePage.java:21)
	at pl.akademiaqa.pages.sections.TopMenuSearchSection.<init>(TopMenuSearchSection.java:21)
	at pl.akademiaqa.pages.BasePage.<init>(BasePage.java:21)
	at pl.akademiaqa.pages.sections.TopMenuSearchSection.<init>(TopMenuSearchSection.java:21)
	at pl.akademiaqa.pages.BasePage.<init>(BasePage.java:21)
	at pl.akademiaqa.pages.sections.TopMenuSearchSection.<init>(TopMenuSearchSection.java:21)
	at pl.akademiaqa.pages.BasePage.<init>(BasePage.java:21)
	at pl.akademiaqa.pages.sections.TopMenuSearchSection.<init>(TopMenuSearchSection.java:21)
	at pl.akademiaqa.pages.BasePage.<init>(BasePage.java:21)
	at pl.akademiaqa.pages.sections.TopMenuSearchSection.<init>(TopMenuSearchSection.java:21)
	at pl.akademiaqa.pages.BasePage.<init>(BasePage.java:21)
	at pl.akademiaqa.pages.sections.TopMenuSearchSection.<init>(TopMenuSearchSection.java:21)
	at pl.akademiaqa.pages.BasePage.<init>(BasePage.java:21)
	at pl.akademiaqa.pages.sections.TopMenuSearchSection.<init>(TopMenuSearchSection.java:21)
	at pl.akademiaqa.pages.BasePage.<init>(BasePage.java:21)
	at pl.akademiaqa.pages.sections.TopMenuSearchSection.<init>(TopMenuSearchSection.java:21)
	at pl.akademiaqa.pages.BasePage.<init>(BasePage.java:21)
	at pl.akademiaqa.pages.sections.TopMenuSearchSection.<init>(TopMenuSearchSection.java:21)
	at pl.akademiaqa.pages.BasePage.<init>(BasePage.java:21)
	at pl.akademiaqa.pages.sections.TopMenuSearchSection.<init>(TopMenuSearchSection.java:21)
	at pl.akademiaqa.pages.BasePage.<init>(BasePage.java:21)
	at pl.akademiaqa.pages.sections.TopMenuSearchSection.<init>(TopMenuSearchSection.java:21)
	at pl.akademiaqa.pages.BasePage.<init>(BasePage.java:21)
	at pl.akademiaqa.pages.sections.TopMenuSearchSection.<init>(TopMenuSearchSection.java:21)
	at pl.akademiaqa.pages.BasePage.<init>(BasePage.java:21)
	at pl.akademiaqa.pages.sections.TopMenuSearchSection.<init>(TopMenuSearchSection.java:21)
	at pl.akademiaqa.pages.BasePage.<init>(BasePage.java:21)
	at pl.akademiaqa.pages.sections.TopMenuSearchSection.<init>(TopMenuSearchSection.java:21)
	at pl.akademiaqa.pages.BasePage.<init>(BasePage.java:21)
	at pl.akademiaqa.pages.sections.TopMenuSearchSection.<init>(TopMenuSearchSection.java:21)
	at pl.akademiaqa.pages.BasePage.<init>(BasePage.java:21)
	at pl.akademiaqa.pages.sections.TopMenuSearchSection.<init>(TopMenuSearchSection.java:21)
	at pl.akademiaqa.pages.BasePage.<init>(BasePage.java:21)
	at pl.akademiaqa.pages.sections.TopMenuSearchSection.<init>(TopMenuSearchSection.java:21)
	at pl.akademiaqa.pages.BasePage.<init>(BasePage.java:21)
	at pl.akademiaqa.pages.sections.TopMenuSearchSection.<init>(TopMenuSearchSection.java:21)
	at pl.akademiaqa.pages.BasePage.<init>(BasePage.java:21)
	at pl.akademiaqa.pages.sections.TopMenuSearchSection.<init>(TopMenuSearchSection.java:21)
	at pl.akademiaqa.pages.BasePage.<init>(BasePage.java:21)
	at pl.akademiaqa.pages.sections.TopMenuSearchSection.<init>(TopMenuSearchSection.java:21)
	at pl.akademiaqa.pages.BasePage.<init>(BasePage.java:21)
	at pl.akademiaqa.pages.sections.TopMenuSearchSection.<init>(TopMenuSearchSection.java:21)
	at pl.akademiaqa.pages.BasePage.<init>(BasePage.java:21)
	at pl.akademiaqa.pages.sections.TopMenuSearchSection.<init>(TopMenuSearchSection.java:21)
	at pl.akademiaqa.pages.BasePage.<init>(BasePage.java:21)
	at pl.akademiaqa.pages.sections.TopMenuSearchSection.<init>(TopMenuSearchSection.java:21)
	at pl.akademiaqa.pages.BasePage.<init>(BasePage.java:21)
	at pl.akademiaqa.pages.sections.TopMenuSearchSection.<init>(TopMenuSearchSection.java:21)
	at pl.akademiaqa.pages.BasePage.<init>(BasePage.java:21)
	at pl.akademiaqa.pages.sections.TopMenuSearchSection.<init>(TopMenuSearchSection.java:21)
	at pl.akademiaqa.pages.BasePage.<init>(BasePage.java:21)
	at pl.akademiaqa.pages.sections.TopMenuSearchSection.<init>(TopMenuSearchSection.java:21)
	at pl.akademiaqa.pages.BasePage.<init>(BasePage.java:21)
	at pl.akademiaqa.pages.sections.TopMenuSearchSection.<init>(TopMenuSearchSection.java:21)
	at pl.akademiaqa.pages.BasePage.<init>(BasePage.java:21)
	at pl.akademiaqa.pages.sections.TopMenuSearchSection.<init>(TopMenuSearchSection.java:21)
	at pl.akademiaqa.pages.BasePage.<init>(BasePage.java:21)
	at pl.akademiaqa.pages.sections.TopMenuSearchSection.<init>(TopMenuSearchSection.java:21)
	at pl.akademiaqa.pages.BasePage.<init>(BasePage.java:21)
	at pl.akademiaqa.pages.sections.TopMenuSearchSection.<init>(TopMenuSearchSection.java:21)
	at pl.akademiaqa.pages.BasePage.<init>(BasePage.java:21)
	at pl.akademiaqa.pages.sections.TopMenuSearchSection.<init>(TopMenuSearchSection.java:21)
	at pl.akademiaqa.pages.BasePage.<init>(BasePage.java:21)
	at pl.akademiaqa.pages.sections.TopMenuSearchSection.<init>(TopMenuSearchSection.java:21)
	at pl.akademiaqa.pages.BasePage.<init>(BasePage.java:21)
	at pl.akademiaqa.pages.sections.TopMenuSearchSection.<init>(TopMenuSearchSection.java:21)
	at pl.akademiaqa.pages.BasePage.<init>(BasePage.java:21)
	at pl.akademiaqa.pages.sections.TopMenuSearchSection.<init>(TopMenuSearchSection.java:21)
	at pl.akademiaqa.pages.BasePage.<init>(BasePage.java:21)
	at pl.akademiaqa.pages.sections.TopMenuSearchSection.<init>(TopMenuSearchSection.java:21)
	at pl.akademiaqa.pages.BasePage.<init>(BasePage.java:21)
	at pl.akademiaqa.pages.sections.TopMenuSearchSection.<init>(TopMenuSearchSection.java:21)
	at pl.akademiaqa.pages.BasePage.<init>(BasePage.java:21)
	at pl.akademiaqa.pages.sections.TopMenuSearchSection.<init>(TopMenuSearchSection.java:21)
	at pl.akademiaqa.pages.BasePage.<init>(BasePage.java:21)
	at pl.akademiaqa.pages.sections.TopMenuSearchSection.<init>(TopMenuSearchSection.java:21)
	at pl.akademiaqa.pages.BasePage.<init>(BasePage.java:21)
	at pl.akademiaqa.pages.sections.TopMenuSearchSection.<init>(TopMenuSearchSection.java:21)
	at pl.akademiaqa.pages.BasePage.<init>(BasePage.java:21)
	at pl.akademiaqa.pages.sections.TopMenuSearchSection.<init>(TopMenuSearchSection.java:21)
	at pl.akademiaqa.pages.BasePage.<init>(BasePage.java:21)
	at pl.akademiaqa.pages.sections.TopMenuSearchSection.<init>(TopMenuSearchSection.java:21)
	at pl.akademiaqa.pages.BasePage.<init>(BasePage.java:21)
	at pl.akademiaqa.pages.sections.TopMenuSearchSection.<init>(TopMenuSearchSection.java:21)
	at pl.akademiaqa.pages.BasePage.<init>(BasePage.java:21)
	at pl.akademiaqa.pages.sections.TopMenuSearchSection.<init>(TopMenuSearchSection.java:21)
	at pl.akademiaqa.pages.BasePage.<init>(BasePage.java:21)
	at pl.akademiaqa.pages.sections.TopMenuSearchSection.<init>(TopMenuSearchSection.java:21)
	at pl.akademiaqa.pages.BasePage.<init>(BasePage.java:21)
	at pl.akademiaqa.pages.sections.TopMenuSearchSection.<init>(TopMenuSearchSection.java:21)
	at pl.akademiaqa.pages.BasePage.<init>(BasePage.java:21)
	at pl.akademiaqa.pages.sections.TopMenuSearchSection.<init>(TopMenuSearchSection.java:21)
	at pl.akademiaqa.pages.BasePage.<init>(BasePage.java:21)
	at pl.akademiaqa.pages.sections.TopMenuSearchSection.<init>(TopMenuSearchSection.java:21)
	at pl.akademiaqa.pages.BasePage.<init>(BasePage.java:21)
	at pl.akademiaqa.pages.sections.TopMenuSearchSection.<init>(TopMenuSearchSection.java:21)
	at pl.akademiaqa.pages.BasePage.<init>(BasePage.java:21)
	at pl.akademiaqa.pages.sections.TopMenuSearchSection.<init>(TopMenuSearchSection.java:21)
	at pl.akademiaqa.pages.BasePage.<init>(BasePage.java:21)
	at pl.akademiaqa.pages.sections.TopMenuSearchSection.<init>(TopMenuSearchSection.java:21)
	at pl.akademiaqa.pages.BasePage.<init>(BasePage.java:21)
	at pl.akademiaqa.pages.sections.TopMenuSearchSection.<init>(TopMenuSearchSection.java:21)
	at pl.akademiaqa.pages.BasePage.<init>(BasePage.java:21)
	at pl.akademiaqa.pages.sections.TopMenuSearchSection.<init>(TopMenuSearchSection.java:21)
	at pl.akademiaqa.pages.BasePage.<init>(BasePage.java:21)
	at pl.akademiaqa.pages.sections.TopMenuSearchSection.<init>(TopMenuSearchSection.java:21)
	at pl.akademiaqa.pages.BasePage.<init>(BasePage.java:21)
	at pl.akademiaqa.pages.sections.TopMenuSearchSection.<init>(TopMenuSearchSection.java:21)
	at pl.akademiaqa.pages.BasePage.<init>(BasePage.java:21)
	at pl.akademiaqa.pages.sections.TopMenuSearchSection.<init>(TopMenuSearchSection.java:21)
	at pl.akademiaqa.pages.BasePage.<init>(BasePage.java:21)
	at pl.akademiaqa.pages.sections.TopMenuSearchSection.<init>(TopMenuSearchSection.java:21)
	at pl.akademiaqa.pages.BasePage.<init>(BasePage.java:21)
	at pl.akademiaqa.pages.sections.TopMenuSearchSection.<init>(TopMenuSearchSection.java:21)
	at pl.akademiaqa.pages.BasePage.<init>(BasePage.java:21)
	at pl.akademiaqa.pages.sections.TopMenuSearchSection.<init>(TopMenuSearchSection.java:21)
	at pl.akademiaqa.pages.BasePage.<init>(BasePage.java:21)
	at pl.akademiaqa.pages.sections.TopMenuSearchSection.<init>(TopMenuSearchSection.java:21)
	at pl.akademiaqa.pages.BasePage.<init>(BasePage.java:21)
	at pl.akademiaqa.pages.sections.TopMenuSearchSection.<init>(TopMenuSearchSection.java:21)
	at pl.akademiaqa.pages.BasePage.<init>(BasePage.java:21)
	at pl.akademiaqa.pages.sections.TopMenuSearchSection.<init>(TopMenuSearchSection.java:21)
	at pl.akademiaqa.pages.BasePage.<init>(BasePage.java:21)
	at pl.akademiaqa.pages.sections.TopMenuSearchSection.<init>(TopMenuSearchSection.java:21)
	at pl.akademiaqa.pages.BasePage.<init>(BasePage.java:21)
	at pl.akademiaqa.pages.sections.TopMenuSearchSection.<init>(TopMenuSearchSection.java:21)
	at pl.akademiaqa.pages.BasePage.<init>(BasePage.java:21)
	at pl.akademiaqa.pages.sections.TopMenuSearchSection.<init>(TopMenuSearchSection.java:21)
	at pl.akademiaqa.pages.BasePage.<init>(BasePage.java:21)
	at pl.akademiaqa.pages.sections.TopMenuSearchSection.<init>(TopMenuSearchSection.java:21)
	at pl.akademiaqa.pages.BasePage.<init>(BasePage.java:21)
	at pl.akademiaqa.pages.sections.TopMenuSearchSection.<init>(TopMenuSearchSection.java:21)
	at pl.akademiaqa.pages.BasePage.<init>(BasePage.java:21)
	at pl.akademiaqa.pages.sections.TopMenuSearchSection.<init>(TopMenuSearchSection.java:21)
	at pl.akademiaqa.pages.BasePage.<init>(BasePage.java:21)
	at pl.akademiaqa.pages.sections.TopMenuSearchSection.<init>(TopMenuSearchSection.java:21)
	at pl.akademiaqa.pages.BasePage.<init>(BasePage.java:21)
	at pl.akademiaqa.pages.sections.TopMenuSearchSection.<init>(TopMenuSearchSection.java:21)
	at pl.akademiaqa.pages.BasePage.<init>(BasePage.java:21)
	at pl.akademiaqa.pages.sections.TopMenuSearchSection.<init>(TopMenuSearchSection.java:21)
	at pl.akademiaqa.pages.BasePage.<init>(BasePage.java:21)
	at pl.akademiaqa.pages.sections.TopMenuSearchSection.<init>(TopMenuSearchSection.java:21)
	at pl.akademiaqa.pages.BasePage.<init>(BasePage.java:21)
	at pl.akademiaqa.pages.sections.TopMenuSearchSection.<init>(TopMenuSearchSection.java:21)
	at pl.akademiaqa.pages.BasePage.<init>(BasePage.java:21)
	at pl.akademiaqa.pages.sections.TopMenuSearchSection.<init>(TopMenuSearchSection.java:21)
	at pl.akademiaqa.pages.BasePage.<init>(BasePage.java:21)
	at pl.akademiaqa.pages.sections.TopMenuSearchSection.<init>(TopMenuSearchSection.java:21)
	at pl.akademiaqa.pages.BasePage.<init>(BasePage.java:21)
	at pl.akademiaqa.pages.sections.TopMenuSearchSection.<init>(TopMenuSearchSection.java:21)
	at pl.akademiaqa.pages.BasePage.<init>(BasePage.java:21)
	at pl.akademiaqa.pages.sections.TopMenuSearchSection.<init>(TopMenuSearchSection.java:21)
	at pl.akademiaqa.pages.BasePage.<init>(BasePage.java:21)
	at pl.akademiaqa.pages.sections.TopMenuSearchSection.<init>(TopMenuSearchSection.java:21)
	at pl.akademiaqa.pages.BasePage.<init>(BasePage.java:21)
	at pl.akademiaqa.pages.sections.TopMenuSearchSection.<init>(TopMenuSearchSection.java:21)
	at pl.akademiaqa.pages.BasePage.<init>(BasePage.java:21)
	at pl.akademiaqa.pages.sections.TopMenuSearchSection.<init>(TopMenuSearchSection.java:21)
	at pl.akademiaqa.pages.BasePage.<init>(BasePage.java:21)
	at pl.akademiaqa.pages.sections.TopMenuSearchSection.<init>(TopMenuSearchSection.java:21)
	at pl.akademiaqa.pages.BasePage.<init>(BasePage.java:21)
	at pl.akademiaqa.pages.sections.TopMenuSearchSection.<init>(TopMenuSearchSection.java:21)
	at pl.akademiaqa.pages.BasePage.<init>(BasePage.java:21)
	at pl.akademiaqa.pages.sections.TopMenuSearchSection.<init>(TopMenuSearchSection.java:21)
	at pl.akademiaqa.pages.BasePage.<init>(BasePage.java:21)
	at pl.akademiaqa.pages.sections.TopMenuSearchSection.<init>(TopMenuSearchSection.java:21)
	at pl.akademiaqa.pages.BasePage.<init>(BasePage.java:21)
	at pl.akademiaqa.pages.sections.TopMenuSearchSection.<init>(TopMenuSearchSection.java:21)
	at pl.akademiaqa.pages.BasePage.<init>(BasePage.java:21)
	at pl.akademiaqa.pages.sections.TopMenuSearchSection.<init>(TopMenuSearchSection.java:21)
	at pl.akademiaqa.pages.BasePage.<init>(BasePage.java:21)
	at pl.akademiaqa.pages.sections.TopMenuSearchSection.<init>(TopMenuSearchSection.java:21)
	at pl.akademiaqa.pages.BasePage.<init>(BasePage.java:21)
	at pl.akademiaqa.pages.sections.TopMenuSearchSection.<init>(TopMenuSearchSection.java:21)
	at pl.akademiaqa.pages.BasePage.<init>(BasePage.java:21)
	at pl.akademiaqa.pages.sections.TopMenuSearchSection.<init>(TopMenuSearchSection.java:21)
	at pl.akademiaqa.pages.BasePage.<init>(BasePage.java:21)
	at pl.akademiaqa.pages.sections.TopMenuSearchSection.<init>(TopMenuSearchSection.java:21)
	at pl.akademiaqa.pages.BasePage.<init>(BasePage.java:21)
	at pl.akademiaqa.pages.sections.TopMenuSearchSection.<init>(TopMenuSearchSection.java:21)
	at pl.akademiaqa.pages.BasePage.<init>(BasePage.java:21)
	at pl.akademiaqa.pages.sections.TopMenuSearchSection.<init>(TopMenuSearchSection.java:21)
	at pl.akademiaqa.pages.BasePage.<init>(BasePage.java:21)
	at pl.akademiaqa.pages.sections.TopMenuSearchSection.<init>(TopMenuSearchSection.java:21)
	at pl.akademiaqa.pages.BasePage.<init>(BasePage.java:21)
	at pl.akademiaqa.pages.sections.TopMenuSearchSection.<init>(TopMenuSearchSection.java:21)
	at pl.akademiaqa.pages.BasePage.<init>(BasePage.java:21)
	at pl.akademiaqa.pages.sections.TopMenuSearchSection.<init>(TopMenuSearchSection.java:21)
	at pl.akademiaqa.pages.BasePage.<init>(BasePage.java:21)
	at pl.akademiaqa.pages.sections.TopMenuSearchSection.<init>(TopMenuSearchSection.java:21)
	at pl.akademiaqa.pages.BasePage.<init>(BasePage.java:21)
	at pl.akademiaqa.pages.sections.TopMenuSearchSection.<init>(TopMenuSearchSection.java:21)
	at pl.akademiaqa.pages.BasePage.<init>(BasePage.java:21)
	at pl.akademiaqa.pages.sections.TopMenuSearchSection.<init>(TopMenuSearchSection.java:21)
	at pl.akademiaqa.pages.BasePage.<init>(BasePage.java:21)
	at pl.akademiaqa.pages.sections.TopMenuSearchSection.<init>(TopMenuSearchSection.java:21)
	at pl.akademiaqa.pages.BasePage.<init>(BasePage.java:21)
	at pl.akademiaqa.pages.sections.TopMenuSearchSection.<init>(TopMenuSearchSection.java:21)
	at pl.akademiaqa.pages.BasePage.<init>(BasePage.java:21)
	at pl.akademiaqa.pages.sections.TopMenuSearchSection.<init>(TopMenuSearchSection.java:21)
	at pl.akademiaqa.pages.BasePage.<init>(BasePage.java:21)
	at pl.akademiaqa.pages.sections.TopMenuSearchSection.<init>(TopMenuSearchSection.java:21)
	at pl.akademiaqa.pages.BasePage.<init>(BasePage.java:21)
	at pl.akademiaqa.pages.sections.TopMenuSearchSection.<init>(TopMenuSearchSection.java:21)
	at pl.akademiaqa.pages.BasePage.<init>(BasePage.java:21)
	at pl.akademiaqa.pages.sections.TopMenuSearchSection.<init>(TopMenuSearchSection.java:21)
	at pl.akademiaqa.pages.BasePage.<init>(BasePage.java:21)
	at pl.akademiaqa.pages.sections.TopMenuSearchSection.<init>(TopMenuSearchSection.java:21)
	at pl.akademiaqa.pages.BasePage.<init>(BasePage.java:21)
	at pl.akademiaqa.pages.sections.TopMenuSearchSection.<init>(TopMenuSearchSection.java:21)
	at pl.akademiaqa.pages.BasePage.<init>(BasePage.java:21)
	at pl.akademiaqa.pages.sections.TopMenuSearchSection.<init>(TopMenuSearchSection.java:21)
	at pl.akademiaqa.pages.BasePage.<init>(BasePage.java:21)
	at pl.akademiaqa.pages.sections.TopMenuSearchSection.<init>(TopMenuSearchSection.java:21)
	at pl.akademiaqa.pages.BasePage.<init>(BasePage.java:21)
	at pl.akademiaqa.pages.sections.TopMenuSearchSection.<init>(TopMenuSearchSection.java:21)
	at pl.akademiaqa.pages.BasePage.<init>(BasePage.java:21)
	at pl.akademiaqa.pages.sections.TopMenuSearchSection.<init>(TopMenuSearchSection.java:21)
	at pl.akademiaqa.pages.BasePage.<init>(BasePage.java:21)
	at pl.akademiaqa.pages.sections.TopMenuSearchSection.<init>(TopMenuSearchSection.java:21)
	at pl.akademiaqa.pages.BasePage.<init>(BasePage.java:21)
	at pl.akademiaqa.pages.sections.TopMenuSearchSection.<init>(TopMenuSearchSection.java:21)
	at pl.akademiaqa.pages.BasePage.<init>(BasePage.java:21)
	at pl.akademiaqa.pages.sections.TopMenuSearchSection.<init>(TopMenuSearchSection.java:21)
	at pl.akademiaqa.pages.BasePage.<init>(BasePage.java:21)
	at pl.akademiaqa.pages.sections.TopMenuSearchSection.<init>(TopMenuSearchSection.java:21)
	at pl.akademiaqa.pages.BasePage.<init>(BasePage.java:21)
	at pl.akademiaqa.pages.sections.TopMenuSearchSection.<init>(TopMenuSearchSection.java:21)
	at pl.akademiaqa.pages.BasePage.<init>(BasePage.java:21)
	at pl.akademiaqa.pages.sections.TopMenuSearchSection.<init>(TopMenuSearchSection.java:21)
	at pl.akademiaqa.pages.BasePage.<init>(BasePage.java:21)
	at pl.akademiaqa.pages.sections.TopMenuSearchSection.<init>(TopMenuSearchSection.java:21)
	at pl.akademiaqa.pages.BasePage.<init>(BasePage.java:21)
	at pl.akademiaqa.pages.sections.TopMenuSearchSection.<init>(TopMenuSearchSection.java:21)
	at pl.akademiaqa.pages.BasePage.<init>(BasePage.java:21)
	at pl.akademiaqa.pages.sections.TopMenuSearchSection.<init>(TopMenuSearchSection.java:21)
	at pl.akademiaqa.pages.BasePage.<init>(BasePage.java:21)
	at pl.akademiaqa.pages.sections.TopMenuSearchSection.<init>(TopMenuSearchSection.java:21)
	at pl.akademiaqa.pages.BasePage.<init>(BasePage.java:21)
	at pl.akademiaqa.pages.sections.TopMenuSearchSection.<init>(TopMenuSearchSection.java:21)
	at pl.akademiaqa.pages.BasePage.<init>(BasePage.java:21)
	at pl.akademiaqa.pages.sections.TopMenuSearchSection.<init>(TopMenuSearchSection.java:21)
	at pl.akademiaqa.pages.BasePage.<init>(BasePage.java:21)
	at pl.akademiaqa.pages.sections.TopMenuSearchSection.<init>(TopMenuSearchSection.java:21)
	at pl.akademiaqa.pages.BasePage.<init>(BasePage.java:21)
	at pl.akademiaqa.pages.sections.TopMenuSearchSection.<init>(TopMenuSearchSection.java:21)
	at pl.akademiaqa.pages.BasePage.<init>(BasePage.java:21)
	at pl.akademiaqa.pages.sections.TopMenuSearchSection.<init>(TopMenuSearchSection.java:21)
	at pl.akademiaqa.pages.BasePage.<init>(BasePage.java:21)
	at pl.akademiaqa.pages.sections.TopMenuSearchSection.<init>(TopMenuSearchSection.java:21)
	at pl.akademiaqa.pages.BasePage.<init>(BasePage.java:21)
	at pl.akademiaqa.pages.sections.TopMenuSearchSection.<init>(TopMenuSearchSection.java:21)
	at pl.akademiaqa.pages.BasePage.<init>(BasePage.java:21)
	at pl.akademiaqa.pages.sections.TopMenuSearchSection.<init>(TopMenuSearchSection.java:21)
	at pl.akademiaqa.pages.BasePage.<init>(BasePage.java:21)
	at pl.akademiaqa.pages.sections.TopMenuSearchSection.<init>(TopMenuSearchSection.java:21)
	at pl.akademiaqa.pages.BasePage.<init>(BasePage.java:21)
	at pl.akademiaqa.pages.sections.TopMenuSearchSection.<init>(TopMenuSearchSection.java:21)
	at pl.akademiaqa.pages.BasePage.<init>(BasePage.java:21)
	at pl.akademiaqa.pages.sections.TopMenuSearchSection.<init>(TopMenuSearchSection.java:21)
	at pl.akademiaqa.pages.BasePage.<init>(BasePage.java:21)
	at pl.akademiaqa.pages.sections.TopMenuSearchSection.<init>(TopMenuSearchSection.java:21)
	at pl.akademiaqa.pages.BasePage.<init>(BasePage.java:21)
	at pl.akademiaqa.pages.sections.TopMenuSearchSection.<init>(TopMenuSearchSection.java:21)
	at pl.akademiaqa.pages.BasePage.<init>(BasePage.java:21)
	at pl.akademiaqa.pages.sections.TopMenuSearchSection.<init>(TopMenuSearchSection.java:21)
	at pl.akademiaqa.pages.BasePage.<init>(BasePage.java:21)
	at pl.akademiaqa.pages.sections.TopMenuSearchSection.<init>(TopMenuSearchSection.java:21)
	at pl.akademiaqa.pages.BasePage.<init>(BasePage.java:21)
	at pl.akademiaqa.pages.sections.TopMenuSearchSection.<init>(TopMenuSearchSection.java:21)
	at pl.akademiaqa.pages.BasePage.<init>(BasePage.java:21)
	at pl.akademiaqa.pages.sections.TopMenuSearchSection.<init>(TopMenuSearchSection.java:21)
	at pl.akademiaqa.pages.BasePage.<init>(BasePage.java:21)
	at pl.akademiaqa.pages.sections.TopMenuSearchSection.<init>(TopMenuSearchSection.java:21)
	at pl.akademiaqa.pages.BasePage.<init>(BasePage.java:21)
	at pl.akademiaqa.pages.sections.TopMenuSearchSection.<init>(TopMenuSearchSection.java:21)
	at pl.akademiaqa.pages.BasePage.<init>(BasePage.java:21)
	at pl.akademiaqa.pages.sections.TopMenuSearchSection.<init>(TopMenuSearchSection.java:21)
	at pl.akademiaqa.pages.BasePage.<init>(BasePage.java:21)
	at pl.akademiaqa.pages.sections.TopMenuSearchSection.<init>(TopMenuSearchSection.java:21)
	at pl.akademiaqa.pages.BasePage.<init>(BasePage.java:21)
	at pl.akademiaqa.pages.sections.TopMenuSearchSection.<init>(TopMenuSearchSection.java:21)
	at pl.akademiaqa.pages.BasePage.<init>(BasePage.java:21)
	at pl.akademiaqa.pages.sections.TopMenuSearchSection.<init>(TopMenuSearchSection.java:21)
	at pl.akademiaqa.pages.BasePage.<init>(BasePage.java:21)
	at pl.akademiaqa.pages.sections.TopMenuSearchSection.<init>(TopMenuSearchSection.java:21)
	at pl.akademiaqa.pages.BasePage.<init>(BasePage.java:21)
	at pl.akademiaqa.pages.sections.TopMenuSearchSection.<init>(TopMenuSearchSection.java:21)
	at pl.akademiaqa.pages.BasePage.<init>(BasePage.java:21)
	at pl.akademiaqa.pages.sections.TopMenuSearchSection.<init>(TopMenuSearchSection.java:21)
	at pl.akademiaqa.pages.BasePage.<init>(BasePage.java:21)
	at pl.akademiaqa.pages.sections.TopMenuSearchSection.<init>(TopMenuSearchSection.java:21)
	at pl.akademiaqa.pages.BasePage.<init>(BasePage.java:21)
	at pl.akademiaqa.pages.sections.TopMenuSearchSection.<init>(TopMenuSearchSection.java:21)
	at pl.akademiaqa.pages.BasePage.<init>(BasePage.java:21)
	at pl.akademiaqa.pages.sections.TopMenuSearchSection.<init>(TopMenuSearchSection.java:21)
	at pl.akademiaqa.pages.BasePage.<init>(BasePage.java:21)
	at pl.akademiaqa.pages.sections.TopMenuSearchSection.<init>(TopMenuSearchSection.java:21)
	at pl.akademiaqa.pages.BasePage.<init>(BasePage.java:21)
	at pl.akademiaqa.pages.sections.TopMenuSearchSection.<init>(TopMenuSearchSection.java:21)
	at pl.akademiaqa.pages.BasePage.<init>(BasePage.java:21)
	at pl.akademiaqa.pages.sections.TopMenuSearchSection.<init>(TopMenuSearchSection.java:21)
	at pl.akademiaqa.pages.BasePage.<init>(BasePage.java:21)
	at pl.akademiaqa.pages.sections.TopMenuSearchSection.<init>(TopMenuSearchSection.java:21)
	at pl.akademiaqa.pages.BasePage.<init>(BasePage.java:21)
	at pl.akademiaqa.pages.sections.TopMenuSearchSection.<init>(TopMenuSearchSection.java:21)
	at pl.akademiaqa.pages.BasePage.<init>(BasePage.java:21)
	at pl.akademiaqa.pages.sections.TopMenuSearchSection.<init>(TopMenuSearchSection.java:21)
	at pl.akademiaqa.pages.BasePage.<init>(BasePage.java:21)
	at pl.akademiaqa.pages.sections.TopMenuSearchSection.<init>(TopMenuSearchSection.java:21)
	at pl.akademiaqa.pages.BasePage.<init>(BasePage.java:21)
	at pl.akademiaqa.pages.sections.TopMenuSearchSection.<init>(TopMenuSearchSection.java:21)
	at pl.akademiaqa.pages.BasePage.<init>(BasePage.java:21)
	at pl.akademiaqa.pages.sections.TopMenuSearchSection.<init>(TopMenuSearchSection.java:21)
	at pl.akademiaqa.pages.BasePage.<init>(BasePage.java:21)
	at pl.akademiaqa.pages.sections.TopMenuSearchSection.<init>(TopMenuSearchSection.java:21)
	at pl.akademiaqa.pages.BasePage.<init>(BasePage.java:21)
	at pl.akademiaqa.pages.sections.TopMenuSearchSection.<init>(TopMenuSearchSection.java:21)
	at pl.akademiaqa.pages.BasePage.<init>(BasePage.java:21)
	at pl.akademiaqa.pages.sections.TopMenuSearchSection.<init>(TopMenuSearchSection.java:21)
	at pl.akademiaqa.pages.BasePage.<init>(BasePage.java:21)
	at pl.akademiaqa.pages.sections.TopMenuSearchSection.<init>(TopMenuSearchSection.java:21)
	at pl.akademiaqa.pages.BasePage.<init>(BasePage.java:21)
	at pl.akademiaqa.pages.sections.TopMenuSearchSection.<init>(TopMenuSearchSection.java:21)
	at pl.akademiaqa.pages.BasePage.<init>(BasePage.java:21)
	at pl.akademiaqa.pages.sections.TopMenuSearchSection.<init>(TopMenuSearchSection.java:21)
	at pl.akademiaqa.pages.BasePage.<init>(BasePage.java:21)
	at pl.akademiaqa.pages.sections.TopMenuSearchSection.<init>(TopMenuSearchSection.java:21)
	at pl.akademiaqa.pages.BasePage.<init>(BasePage.java:21)
	at pl.akademiaqa.pages.sections.TopMenuSearchSection.<init>(TopMenuSearchSection.java:21)
	at pl.akademiaqa.pages.BasePage.<init>(BasePage.java:21)
	at pl.akademiaqa.pages.sections.TopMenuSearchSection.<init>(TopMenuSearchSection.java:21)
	at pl.akademiaqa.pages.BasePage.<init>(BasePage.java:21)
	at pl.akademiaqa.pages.sections.TopMenuSearchSection.<init>(TopMenuSearchSection.java:21)
	at pl.akademiaqa.pages.BasePage.<init>(BasePage.java:21)
	at pl.akademiaqa.pages.sections.TopMenuSearchSection.<init>(TopMenuSearchSection.java:21)
	at pl.akademiaqa.pages.BasePage.<init>(BasePage.java:21)
	at pl.akademiaqa.pages.sections.TopMenuSearchSection.<init>(TopMenuSearchSection.java:21)
	at pl.akademiaqa.pages.BasePage.<init>(BasePage.java:21)
	at pl.akademiaqa.pages.sections.TopMenuSearchSection.<init>(TopMenuSearchSection.java:21)
	at pl.akademiaqa.pages.BasePage.<init>(BasePage.java:21)
	at pl.akademiaqa.pages.sections.TopMenuSearchSection.<init>(TopMenuSearchSection.java:21)
	at pl.akademiaqa.pages.BasePage.<init>(BasePage.java:21)
	at pl.akademiaqa.pages.sections.TopMenuSearchSection.<init>(TopMenuSearchSection.java:21)
	at pl.akademiaqa.pages.BasePage.<init>(BasePage.java:21)
	at pl.akademiaqa.pages.sections.TopMenuSearchSection.<init>(TopMenuSearchSection.java:21)
	at pl.akademiaqa.pages.BasePage.<init>(BasePage.java:21)
	at pl.akademiaqa.pages.sections.TopMenuSearchSection.<init>(TopMenuSearchSection.java:21)
	at pl.akademiaqa.pages.BasePage.<init>(BasePage.java:21)
	at pl.akademiaqa.pages.sections.TopMenuSearchSection.<init>(TopMenuSearchSection.java:21)
	at pl.akademiaqa.pages.BasePage.<init>(BasePage.java:21)
	at pl.akademiaqa.pages.sections.TopMenuSearchSection.<init>(TopMenuSearchSection.java:21)
	at pl.akademiaqa.pages.BasePage.<init>(BasePage.java:21)
	at pl.akademiaqa.pages.sections.TopMenuSearchSection.<init>(TopMenuSearchSection.java:21)
	at pl.akademiaqa.pages.BasePage.<init>(BasePage.java:21)
	at pl.akademiaqa.pages.sections.TopMenuSearchSection.<init>(TopMenuSearchSection.java:21)
	at pl.akademiaqa.pages.BasePage.<init>(BasePage.java:21)
	at pl.akademiaqa.pages.sections.TopMenuSearchSection.<init>(TopMenuSearchSection.java:21)
	at pl.akademiaqa.pages.BasePage.<init>(BasePage.java:21)
	at pl.akademiaqa.pages.sections.TopMenuSearchSection.<init>(TopMenuSearchSection.java:21)
	at pl.akademiaqa.pages.BasePage.<init>(BasePage.java:21)
	at pl.akademiaqa.pages.sections.TopMenuSearchSection.<init>(TopMenuSearchSection.java:21)
	at pl.akademiaqa.pages.BasePage.<init>(BasePage.java:21)
	at pl.akademiaqa.pages.sections.TopMenuSearchSection.<init>(TopMenuSearchSection.java:21)
	at pl.akademiaqa.pages.BasePage.<init>(BasePage.java:21)
	at pl.akademiaqa.pages.sections.TopMenuSearchSection.<init>(TopMenuSearchSection.java:21)
	at pl.akademiaqa.pages.BasePage.<init>(BasePage.java:21)
	at pl.akademiaqa.pages.sections.TopMenuSearchSection.<init>(TopMenuSearchSection.java:21)
	at pl.akademiaqa.pages.BasePage.<init>(BasePage.java:21)
	at pl.akademiaqa.pages.sections.TopMenuSearchSection.<init>(TopMenuSearchSection.java:21)
	at pl.akademiaqa.pages.BasePage.<init>(BasePage.java:21)
	at pl.akademiaqa.pages.sections.TopMenuSearchSection.<init>(TopMenuSearchSection.java:21)
	at pl.akademiaqa.pages.BasePage.<init>(BasePage.java:21)
	at pl.akademiaqa.pages.sections.TopMenuSearchSection.<init>(TopMenuSearchSection.java:21)
	at pl.akademiaqa.pages.BasePage.<init>(BasePage.java:21)
	at pl.akademiaqa.pages.sections.TopMenuSearchSection.<init>(TopMenuSearchSection.java:21)
	at pl.akademiaqa.pages.BasePage.<init>(BasePage.java:21)
	at pl.akademiaqa.pages.sections.TopMenuSearchSection.<init>(TopMenuSearchSection.java:21)
	at pl.akademiaqa.pages.BasePage.<init>(BasePage.java:21)
	at pl.akademiaqa.pages.sections.TopMenuSearchSection.<init>(TopMenuSearchSection.java:21)
	at pl.akademiaqa.pages.BasePage.<init>(BasePage.java:21)
	at pl.akademiaqa.pages.sections.TopMenuSearchSection.<init>(TopMenuSearchSection.java:21)
	at pl.akademiaqa.pages.BasePage.<init>(BasePage.java:21)
	at pl.akademiaqa.pages.sections.TopMenuSearchSection.<init>(TopMenuSearchSection.java:21)
	at pl.akademiaqa.pages.BasePage.<init>(BasePage.java:21)
	at pl.akademiaqa.pages.sections.TopMenuSearchSection.<init>(TopMenuSearchSection.java:21)
	at pl.akademiaqa.pages.BasePage.<init>(BasePage.java:21)
	at pl.akademiaqa.pages.sections.TopMenuSearchSection.<init>(TopMenuSearchSection.java:21)
	at pl.akademiaqa.pages.BasePage.<init>(BasePage.java:21)
	at pl.akademiaqa.pages.sections.TopMenuSearchSection.<init>(TopMenuSearchSection.java:21)
	at pl.akademiaqa.pages.BasePage.<init>(BasePage.java:21)
	at pl.akademiaqa.pages.sections.TopMenuSearchSection.<init>(TopMenuSearchSection.java:21)
	at pl.akademiaqa.pages.BasePage.<init>(BasePage.java:21)
	at pl.akademiaqa.pages.sections.TopMenuSearchSection.<init>(TopMenuSearchSection.java:21)
	at pl.akademiaqa.pages.BasePage.<init>(BasePage.java:21)
	at pl.akademiaqa.pages.sections.TopMenuSearchSection.<init>(TopMenuSearchSection.java:21)
	at pl.akademiaqa.pages.BasePage.<init>(BasePage.java:21)
	at pl.akademiaqa.pages.sections.TopMenuSearchSection.<init>(TopMenuSearchSection.java:21)
	at pl.akademiaqa.pages.BasePage.<init>(BasePage.java:21)
	at pl.akademiaqa.pages.sections.TopMenuSearchSection.<init>(TopMenuSearchSection.java:21)
	at pl.akademiaqa.pages.BasePage.<init>(BasePage.java:21)
	at pl.akademiaqa.pages.sections.TopMenuSearchSection.<init>(TopMenuSearchSection.java:21)
	at pl.akademiaqa.pages.BasePage.<init>(BasePage.java:21)
	at pl.akademiaqa.pages.sections.TopMenuSearchSection.<init>(TopMenuSearchSection.java:21)
	at pl.akademiaqa.pages.BasePage.<init>(BasePage.java:21)
	at pl.akademiaqa.pages.sections.TopMenuSearchSection.<init>(TopMenuSearchSection.java:21)
	at pl.akademiaqa.pages.BasePage.<init>(BasePage.java:21)
	at pl.akademiaqa.pages.sections.TopMenuSearchSection.<init>(TopMenuSearchSection.java:21)
	at pl.akademiaqa.pages.BasePage.<init>(BasePage.java:21)
	at pl.akademiaqa.pages.sections.TopMenuSearchSection.<init>(TopMenuSearchSection.java:21)
	at pl.akademiaqa.pages.BasePage.<init>(BasePage.java:21)
	at pl.akademiaqa.pages.sections.TopMenuSearchSection.<init>(TopMenuSearchSection.java:21)
	at pl.akademiaqa.pages.BasePage.<init>(BasePage.java:21)
	at pl.akademiaqa.pages.sections.TopMenuSearchSection.<init>(TopMenuSearchSection.java:21)
	at pl.akademiaqa.pages.BasePage.<init>(BasePage.java:21)
	at pl.akademiaqa.pages.sections.TopMenuSearchSection.<init>(TopMenuSearchSection.java:21)
	at pl.akademiaqa.pages.BasePage.<init>(BasePage.java:21)
	at pl.akademiaqa.pages.sections.TopMenuSearchSection.<init>(TopMenuSearchSection.java:21)
	at pl.akademiaqa.pages.BasePage.<init>(BasePage.java:21)
	at pl.akademiaqa.pages.sections.TopMenuSearchSection.<init>(TopMenuSearchSection.java:21)
	at pl.akademiaqa.pages.BasePage.<init>(BasePage.java:21)
	at pl.akademiaqa.pages.sections.TopMenuSearchSection.<init>(TopMenuSearchSection.java:21)
	at pl.akademiaqa.pages.BasePage.<init>(BasePage.java:21)
	at pl.akademiaqa.pages.sections.TopMenuSearchSection.<init>(TopMenuSearchSection.java:21)
	at pl.akademiaqa.pages.BasePage.<init>(BasePage.java:21)
	at pl.akademiaqa.pages.sections.TopMenuSearchSection.<init>(TopMenuSearchSection.java:21)
	at pl.akademiaqa.pages.BasePage.<init>(BasePage.java:21)
	at pl.akademiaqa.pages.sections.TopMenuSearchSection.<init>(TopMenuSearchSection.java:21)
	at pl.akademiaqa.pages.BasePage.<init>(BasePage.java:21)
	at pl.akademiaqa.pages.sections.TopMenuSearchSection.<init>(TopMenuSearchSection.java:21)
	at pl.akademiaqa.pages.BasePage.<init>(BasePage.java:21)
	at pl.akademiaqa.pages.sections.TopMenuSearchSection.<init>(TopMenuSearchSection.java:21)
	at pl.akademiaqa.pages.BasePage.<init>(BasePage.java:21)
	at pl.akademiaqa.pages.sections.TopMenuSearchSection.<init>(TopMenuSearchSection.java:21)
	at pl.akademiaqa.pages.BasePage.<init>(BasePage.java:21)
	at pl.akademiaqa.pages.sections.TopMenuSearchSection.<init>(TopMenuSearchSection.java:21)
	at pl.akademiaqa.pages.BasePage.<init>(BasePage.java:21)
	at pl.akademiaqa.pages.sections.TopMenuSearchSection.<init>(TopMenuSearchSection.java:21)
	at pl.akademiaqa.pages.BasePage.<init>(BasePage.java:21)
	at pl.akademiaqa.pages.sections.TopMenuSearchSection.<init>(TopMenuSearchSection.java:21)
	at pl.akademiaqa.pages.BasePage.<init>(BasePage.java:21)
	at pl.akademiaqa.pages.sections.TopMenuSearchSection.<init>(TopMenuSearchSection.java:21)
	at pl.akademiaqa.pages.BasePage.<init>(BasePage.java:21)
	at pl.akademiaqa.pages.sections.TopMenuSearchSection.<init>(TopMenuSearchSection.java:21)
	at pl.akademiaqa.pages.BasePage.<init>(BasePage.java:21)
	at pl.akademiaqa.pages.sections.TopMenuSearchSection.<init>(TopMenuSearchSection.java:21)
	at pl.akademiaqa.pages.BasePage.<init>(BasePage.java:21)
	at pl.akademiaqa.pages.sections.TopMenuSearchSection.<init>(TopMenuSearchSection.java:21)
	at pl.akademiaqa.pages.BasePage.<init>(BasePage.java:21)
	at pl.akademiaqa.pages.sections.TopMenuSearchSection.<init>(TopMenuSearchSection.java:21)
	at pl.akademiaqa.pages.BasePage.<init>(BasePage.java:21)
	at pl.akademiaqa.pages.sections.TopMenuSearchSection.<init>(TopMenuSearchSection.java:21)
	at pl.akademiaqa.pages.BasePage.<init>(BasePage.java:21)
	at pl.akademiaqa.pages.sections.TopMenuSearchSection.<init>(TopMenuSearchSection.java:21)
	at pl.akademiaqa.pages.BasePage.<init>(BasePage.java:21)
	at pl.akademiaqa.pages.sections.TopMenuSearchSection.<init>(TopMenuSearchSection.java:21)
	at pl.akademiaqa.pages.BasePage.<init>(BasePage.java:21)
	at pl.akademiaqa.pages.sections.TopMenuSearchSection.<init>(TopMenuSearchSection.java:21)
	at pl.akademiaqa.pages.BasePage.<init>(BasePage.java:21)
	at pl.akademiaqa.pages.sections.TopMenuSearchSection.<init>(TopMenuSearchSection.java:21)
	at pl.akademiaqa.pages.BasePage.<init>(BasePage.java:21)
	at pl.akademiaqa.pages.sections.TopMenuSearchSection.<init>(TopMenuSearchSection.java:21)
	at pl.akademiaqa.pages.BasePage.<init>(BasePage.java:21)
	at pl.akademiaqa.pages.sections.TopMenuSearchSection.<init>(TopMenuSearchSection.java:21)
	at pl.akademiaqa.pages.BasePage.<init>(BasePage.java:21)
	at pl.akademiaqa.pages.sections.TopMenuSearchSection.<init>(TopMenuSearchSection.java:21)
	at pl.akademiaqa.pages.BasePage.<init>(BasePage.java:21)
	at pl.akademiaqa.pages.sections.TopMenuSearchSection.<init>(TopMenuSearchSection.java:21)
	at pl.akademiaqa.pages.BasePage.<init>(BasePage.java:21)
	at pl.akademiaqa.pages.sections.TopMenuSearchSection.<init>(TopMenuSearchSection.java:21)
	at pl.akademiaqa.pages.BasePage.<init>(BasePage.java:21)
	at pl.akademiaqa.pages.sections.TopMenuSearchSection.<init>(TopMenuSearchSection.java:21)
	at pl.akademiaqa.pages.BasePage.<init>(BasePage.java:21)
	at pl.akademiaqa.pages.sections.TopMenuSearchSection.<init>(TopMenuSearchSection.java:21)
	at pl.akademiaqa.pages.BasePage.<init>(BasePage.java:21)
	at pl.akademiaqa.pages.sections.TopMenuSearchSection.<init>(TopMenuSearchSection.java:21)
	at pl.akademiaqa.pages.BasePage.<init>(BasePage.java:21)
	at pl.akademiaqa.pages.sections.TopMenuSearchSection.<init>(TopMenuSearchSection.java:21)
	at pl.akademiaqa.pages.BasePage.<init>(BasePage.java:21)
	at pl.akademiaqa.pages.sections.TopMenuSearchSection.<init>(TopMenuSearchSection.java:21)
	at pl.akademiaqa.pages.BasePage.<init>(BasePage.java:21)
	at pl.akademiaqa.pages.sections.TopMenuSearchSection.<init>(TopMenuSearchSection.java:21)
	at pl.akademiaqa.pages.BasePage.<init>(BasePage.java:21)
	at pl.akademiaqa.pages.sections.TopMenuSearchSection.<init>(TopMenuSearchSection.java:21)
	at pl.akademiaqa.pages.BasePage.<init>(BasePage.java:21)
	at pl.akademiaqa.pages.sections.TopMenuSearchSection.<init>(TopMenuSearchSection.java:21)
	at pl.akademiaqa.pages.BasePage.<init>(BasePage.java:21)
	at pl.akademiaqa.pages.sections.TopMenuSearchSection.<init>(TopMenuSearchSection.java:21)
	at pl.akademiaqa.pages.BasePage.<init>(BasePage.java:21)
	at pl.akademiaqa.pages.sections.TopMenuSearchSection.<init>(TopMenuSearchSection.java:21)
	at pl.akademiaqa.pages.BasePage.<init>(BasePage.java:21)
	at pl.akademiaqa.pages.sections.TopMenuSearchSection.<init>(TopMenuSearchSection.java:21)
	at pl.akademiaqa.pages.BasePage.<init>(BasePage.java:21)
	at pl.akademiaqa.pages.sections.TopMenuSearchSection.<init>(TopMenuSearchSection.java:21)
	at pl.akademiaqa.pages.BasePage.<init>(BasePage.java:21)
	at pl.akademiaqa.pages.sections.TopMenuSearchSection.<init>(TopMenuSearchSection.java:21)
	at pl.akademiaqa.pages.BasePage.<init>(BasePage.java:21)
	at pl.akademiaqa.pages.sections.TopMenuSearchSection.<init>(TopMenuSearchSection.java:21)
	at pl.akademiaqa.pages.BasePage.<init>(BasePage.java:21)
	at pl.akademiaqa.pages.sections.TopMenuSearchSection.<init>(TopMenuSearchSection.java:21)
	at pl.akademiaqa.pages.BasePage.<init>(BasePage.java:21)
	at pl.akademiaqa.pages.sections.TopMenuSearchSection.<init>(TopMenuSearchSection.java:21)
	at pl.akademiaqa.pages.BasePage.<init>(BasePage.java:21)
	at pl.akademiaqa.pages.sections.TopMenuSearchSection.<init>(TopMenuSearchSection.java:21)
	at pl.akademiaqa.pages.BasePage.<init>(BasePage.java:21)
	at pl.akademiaqa.pages.sections.TopMenuSearchSection.<init>(TopMenuSearchSection.java:21)
	at pl.akademiaqa.pages.BasePage.<init>(BasePage.java:21)
	at pl.akademiaqa.pages.sections.TopMenuSearchSection.<init>(TopMenuSearchSection.java:21)
	at pl.akademiaqa.pages.BasePage.<init>(BasePage.java:21)
	at pl.akademiaqa.pages.sections.TopMenuSearchSection.<init>(TopMenuSearchSection.java:21)
	at pl.akademiaqa.pages.BasePage.<init>(BasePage.java:21)
	at pl.akademiaqa.pages.sections.TopMenuSearchSection.<init>(TopMenuSearchSection.java:21)
	at pl.akademiaqa.pages.BasePage.<init>(BasePage.java:21)
	at pl.akademiaqa.pages.sections.TopMenuSearchSection.<init>(TopMenuSearchSection.java:21)
	at pl.akademiaqa.pages.BasePage.<init>(BasePage.java:21)
	at pl.akademiaqa.pages.sections.TopMenuSearchSection.<init>(TopMenuSearchSection.java:21)
	at pl.akademiaqa.pages.BasePage.<init>(BasePage.java:21)
	at pl.akademiaqa.pages.sections.TopMenuSearchSection.<init>(TopMenuSearchSection.java:21)
	at pl.akademiaqa.pages.BasePage.<init>(BasePage.java:21)
	at pl.akademiaqa.pages.sections.TopMenuSearchSection.<init>(TopMenuSearchSection.java:21)
	at pl.akademiaqa.pages.BasePage.<init>(BasePage.java:21)
	at pl.akademiaqa.pages.sections.TopMenuSearchSection.<init>(TopMenuSearchSection.java:21)
	at pl.akademiaqa.pages.BasePage.<init>(BasePage.java:21)
	at pl.akademiaqa.pages.sections.TopMenuSearchSection.<init>(TopMenuSearchSection.java:21)
	at pl.akademiaqa.pages.BasePage.<init>(BasePage.java:21)
	at pl.akademiaqa.pages.sections.TopMenuSearchSection.<init>(TopMenuSearchSection.java:21)
	at pl.akademiaqa.pages.BasePage.<init>(BasePage.java:21)
	at pl.akademiaqa.pages.sections.TopMenuSearchSection.<init>(TopMenuSearchSection.java:21)
	at pl.akademiaqa.pages.BasePage.<init>(BasePage.java:21)
	at pl.akademiaqa.pages.sections.TopMenuSearchSection.<init>(TopMenuSearchSection.java:21)
	at pl.akademiaqa.pages.BasePage.<init>(BasePage.java:21)
	at pl.akademiaqa.pages.sections.TopMenuSearchSection.<init>(TopMenuSearchSection.java:21)
	at pl.akademiaqa.pages.BasePage.<init>(BasePage.java:21)
	at pl.akademiaqa.pages.sections.TopMenuSearchSection.<init>(TopMenuSearchSection.java:21)
	at pl.akademiaqa.pages.BasePage.<init>(BasePage.java:21)
	at pl.akademiaqa.pages.sections.TopMenuSearchSection.<init>(TopMenuSearchSection.java:21)
	at pl.akademiaqa.pages.BasePage.<init>(BasePage.java:21)
	at pl.akademiaqa.pages.sections.TopMenuSearchSection.<init>(TopMenuSearchSection.java:21)
	at pl.akademiaqa.pages.BasePage.<init>(BasePage.java:21)
	at pl.akademiaqa.pages.sections.TopMenuSearchSection.<init>(TopMenuSearchSection.java:21)
	at pl.akademiaqa.pages.BasePage.<init>(BasePage.java:21)
	at pl.akademiaqa.pages.sections.TopMenuSearchSection.<init>(TopMenuSearchSection.java:21)
	at pl.akademiaqa.pages.BasePage.<init>(BasePage.java:21)
	at pl.akademiaqa.pages.sections.TopMenuSearchSection.<init>(TopMenuSearchSection.java:21)
	at pl.akademiaqa.pages.BasePage.<init>(BasePage.java:21)
	at pl.akademiaqa.pages.sections.TopMenuSearchSection.<init>(TopMenuSearchSection.java:21)
	at pl.akademiaqa.pages.BasePage.<init>(BasePage.java:21)
	at pl.akademiaqa.pages.sections.TopMenuSearchSection.<init>(TopMenuSearchSection.java:21)
	at pl.akademiaqa.pages.BasePage.<init>(BasePage.java:21)
	at pl.akademiaqa.pages.sections.TopMenuSearchSection.<init>(TopMenuSearchSection.java:21)
	at pl.akademiaqa.pages.BasePage.<init>(BasePage.java:21)
	at pl.akademiaqa.pages.sections.TopMenuSearchSection.<init>(TopMenuSearchSection.java:21)
	at pl.akademiaqa.pages.BasePage.<init>(BasePage.java:21)
	at pl.akademiaqa.pages.sections.TopMenuSearchSection.<init>(TopMenuSearchSection.java:21)
	at pl.akademiaqa.pages.BasePage.<init>(BasePage.java:21)
	at pl.akademiaqa.pages.sections.TopMenuSearchSection.<init>(TopMenuSearchSection.java:21)
	at pl.akademiaqa.pages.BasePage.<init>(BasePage.java:21)
	at pl.akademiaqa.pages.sections.TopMenuSearchSection.<init>(TopMenuSearchSection.java:21)
	at pl.akademiaqa.pages.BasePage.<init>(BasePage.java:21)
	at pl.akademiaqa.pages.sections.TopMenuSearchSection.<init>(TopMenuSearchSection.java:21)
	at pl.akademiaqa.pages.BasePage.<init>(BasePage.java:21)
	at pl.akademiaqa.pages.sections.TopMenuSearchSection.<init>(TopMenuSearchSection.java:21)
	at pl.akademiaqa.pages.BasePage.<init>(BasePage.java:21)
	at pl.akademiaqa.pages.sections.TopMenuSearchSection.<init>(TopMenuSearchSection.java:21)
	at pl.akademiaqa.pages.BasePage.<init>(BasePage.java:21)
	at pl.akademiaqa.pages.sections.TopMenuSearchSection.<init>(TopMenuSearchSection.java:21)
	at pl.akademiaqa.pages.BasePage.<init>(BasePage.java:21)
	at pl.akademiaqa.pages.sections.TopMenuSearchSection.<init>(TopMenuSearchSection.java:21)
	at pl.akademiaqa.pages.BasePage.<init>(BasePage.java:21)
	at pl.akademiaqa.pages.sections.TopMenuSearchSection.<init>(TopMenuSearchSection.java:21)
	at pl.akademiaqa.pages.BasePage.<init>(BasePage.java:21)
	at pl.akademiaqa.pages.sections.TopMenuSearchSection.<init>(TopMenuSearchSection.java:21)
	at pl.akademiaqa.pages.BasePage.<init>(BasePage.java:21)
	at pl.akademiaqa.pages.sections.TopMenuSearchSection.<init>(TopMenuSearchSection.java:21)
	at pl.akademiaqa.pages.BasePage.<init>(BasePage.java:21)
	at pl.akademiaqa.pages.sections.TopMenuSearchSection.<init>(TopMenuSearchSection.java:21)
	at pl.akademiaqa.pages.BasePage.<init>(BasePage.java:21)
	at pl.akademiaqa.pages.sections.TopMenuSearchSection.<init>(TopMenuSearchSection.java:21)
	at pl.akademiaqa.pages.BasePage.<init>(BasePage.java:21)
	at pl.akademiaqa.pages.sections.TopMenuSearchSection.<init>(TopMenuSearchSection.java:21)
	at pl.akademiaqa.pages.BasePage.<init>(BasePage.java:21)
	at pl.akademiaqa.pages.sections.TopMenuSearchSection.<init>(TopMenuSearchSection.java:21)
	at pl.akademiaqa.pages.BasePage.<init>(BasePage.java:21)
	at pl.akademiaqa.pages.sections.TopMenuSearchSection.<init>(TopMenuSearchSection.java:21)
	at pl.akademiaqa.pages.BasePage.<init>(BasePage.java:21)
	at pl.akademiaqa.pages.sections.TopMenuSearchSection.<init>(TopMenuSearchSection.java:21)
	at pl.akademiaqa.pages.BasePage.<init>(BasePage.java:21)
	at pl.akademiaqa.pages.sections.TopMenuSearchSection.<init>(TopMenuSearchSection.java:21)
	at pl.akademiaqa.pages.BasePage.<init>(BasePage.java:21)
	at pl.akademiaqa.pages.sections.TopMenuSearchSection.<init>(TopMenuSearchSection.java:21)
	at pl.akademiaqa.pages.BasePage.<init>(BasePage.java:21)
	at pl.akademiaqa.pages.sections.TopMenuSearchSection.<init>(TopMenuSearchSection.java:21)
	at pl.akademiaqa.pages.BasePage.<init>(BasePage.java:21)
	at pl.akademiaqa.pages.sections.TopMenuSearchSection.<init>(TopMenuSearchSection.java:21)
	at pl.akademiaqa.pages.BasePage.<init>(BasePage.java:21)
	at pl.akademiaqa.pages.sections.TopMenuSearchSection.<init>(TopMenuSearchSection.java:21)
	at pl.akademiaqa.pages.BasePage.<init>(BasePage.java:21)
	at pl.akademiaqa.pages.sections.TopMenuSearchSection.<init>(TopMenuSearchSection.java:21)
	at pl.akademiaqa.pages.BasePage.<init>(BasePage.java:21)
	at pl.akademiaqa.pages.sections.TopMenuSearchSection.<init>(TopMenuSearchSection.java:21)
	at pl.akademiaqa.pages.BasePage.<init>(BasePage.java:21)
	at pl.akademiaqa.pages.sections.TopMenuSearchSection.<init>(TopMenuSearchSection.java:21)
	at pl.akademiaqa.pages.BasePage.<init>(BasePage.java:21)
	at pl.akademiaqa.pages.sections.TopMenuSearchSection.<init>(TopMenuSearchSection.java:21)
	at pl.akademiaqa.pages.BasePage.<init>(BasePage.java:21)
	at pl.akademiaqa.pages.sections.TopMenuSearchSection.<init>(TopMenuSearchSection.java:21)
	at pl.akademiaqa.pages.BasePage.<init>(BasePage.java:21)
	at pl.akademiaqa.pages.sections.TopMenuSearchSection.<init>(TopMenuSearchSection.java:21)
	at pl.akademiaqa.pages.BasePage.<init>(BasePage.java:21)
	at pl.akademiaqa.pages.sections.TopMenuSearchSection.<init>(TopMenuSearchSection.java:21)
	at pl.akademiaqa.pages.BasePage.<init>(BasePage.java:21)
	at pl.akademiaqa.pages.sections.TopMenuSearchSection.<init>(TopMenuSearchSection.java:21)
	at pl.akademiaqa.pages.BasePage.<init>(BasePage.java:21)
	at pl.akademiaqa.pages.sections.TopMenuSearchSection.<init>(TopMenuSearchSection.java:21)
	at pl.akademiaqa.pages.BasePage.<init>(BasePage.java:21)
	at pl.akademiaqa.pages.sections.TopMenuSearchSection.<init>(TopMenuSearchSection.java:21)
	at pl.akademiaqa.pages.BasePage.<init>(BasePage.java:21)
	at pl.akademiaqa.pages.sections.TopMenuSearchSection.<init>(TopMenuSearchSection.java:21)
	at pl.akademiaqa.pages.BasePage.<init>(BasePage.java:21)
	at pl.akademiaqa.pages.sections.TopMenuSearchSection.<init>(TopMenuSearchSection.java:21)
	at pl.akademiaqa.pages.BasePage.<init>(BasePage.java:21)
	at pl.akademiaqa.pages.sections.TopMenuSearchSection.<init>(TopMenuSearchSection.java:21)
	at pl.akademiaqa.pages.BasePage.<init>(BasePage.java:21)
	at pl.akademiaqa.pages.sections.TopMenuSearchSection.<init>(TopMenuSearchSection.java:21)
	at pl.akademiaqa.pages.BasePage.<init>(BasePage.java:21)
	at pl.akademiaqa.pages.sections.TopMenuSearchSection.<init>(TopMenuSearchSection.java:21)
	at pl.akademiaqa.pages.BasePage.<init>(BasePage.java:21)
	at pl.akademiaqa.pages.sections.TopMenuSearchSection.<init>(TopMenuSearchSection.java:21)
	at pl.akademiaqa.pages.BasePage.<init>(BasePage.java:21)
	at pl.akademiaqa.pages.sections.TopMenuSearchSection.<init>(TopMenuSearchSection.java:21)
	at pl.akademiaqa.pages.BasePage.<init>(BasePage.java:21)
	at pl.akademiaqa.pages.sections.TopMenuSearchSection.<init>(TopMenuSearchSection.java:21)
	at pl.akademiaqa.pages.BasePage.<init>(BasePage.java:21)
	at pl.akademiaqa.pages.sections.TopMenuSearchSection.<init>(TopMenuSearchSection.java:21)
	at pl.akademiaqa.pages.BasePage.<init>(BasePage.java:21)
	at pl.akademiaqa.pages.sections.TopMenuSearchSection.<init>(TopMenuSearchSection.java:21)
	at pl.akademiaqa.pages.BasePage.<init>(BasePage.java:21)
	at pl.akademiaqa.pages.sections.TopMenuSearchSection.<init>(TopMenuSearchSection.java:21)
	at pl.akademiaqa.pages.BasePage.<init>(BasePage.java:21)
	at pl.akademiaqa.pages.sections.TopMenuSearchSection.<init>(TopMenuSearchSection.java:21)
	at pl.akademiaqa.pages.BasePage.<init>(BasePage.java:21)
	at pl.akademiaqa.pages.sections.TopMenuSearchSection.<init>(TopMenuSearchSection.java:21)
	at pl.akademiaqa.pages.BasePage.<init>(BasePage.java:21)
	at pl.akademiaqa.pages.sections.TopMenuSearchSection.<init>(TopMenuSearchSection.java:21)
	at pl.akademiaqa.pages.BasePage.<init>(BasePage.java:21)
	at pl.akademiaqa.pages.sections.TopMenuSearchSection.<init>(TopMenuSearchSection.java:21)
	at pl.akademiaqa.pages.BasePage.<init>(BasePage.java:21)
	at pl.akademiaqa.pages.sections.TopMenuSearchSection.<init>(TopMenuSearchSection.java:21)
	at pl.akademiaqa.pages.BasePage.<init>(BasePage.java:21)
	at pl.akademiaqa.pages.sections.TopMenuSearchSection.<init>(TopMenuSearchSection.java:21)
	at pl.akademiaqa.pages.BasePage.<init>(BasePage.java:21)
	at pl.akademiaqa.pages.sections.TopMenuSearchSection.<init>(TopMenuSearchSection.java:21)
	at pl.akademiaqa.pages.BasePage.<init>(BasePage.java:21)
	at pl.akademiaqa.pages.sections.TopMenuSearchSection.<init>(TopMenuSearchSection.java:21)
	at pl.akademiaqa.pages.BasePage.<init>(BasePage.java:21)
	at pl.akademiaqa.pages.sections.TopMenuSearchSection.<init>(TopMenuSearchSection.java:21)
	at pl.akademiaqa.pages.BasePage.<init>(BasePage.java:21)
	at pl.akademiaqa.pages.sections.TopMenuSearchSection.<init>(TopMenuSearchSection.java:21)
	at pl.akademiaqa.pages.BasePage.<init>(BasePage.java:21)
	at pl.akademiaqa.pages.sections.TopMenuSearchSection.<init>(TopMenuSearchSection.java:21)
	at pl.akademiaqa.pages.BasePage.<init>(BasePage.java:21)
	at pl.akademiaqa.pages.sections.TopMenuSearchSection.<init>(TopMenuSearchSection.java:21)
	at pl.akademiaqa.pages.BasePage.<init>(BasePage.java:21)
	at pl.akademiaqa.pages.sections.TopMenuSearchSection.<init>(TopMenuSearchSection.java:21)
	at pl.akademiaqa.pages.BasePage.<init>(BasePage.java:21)
	at pl.akademiaqa.pages.sections.TopMenuSearchSection.<init>(TopMenuSearchSection.java:21)

pl.akademiaqa.tests.FilterByPriceTest.should_return_products_with_price_greater_than_40_by_keyboard  Time elapsed: 0.193 s  <<< ERROR!
java.lang.StackOverflowError
	at pl.akademiaqa.pages.BasePage.<init>(BasePage.java:21)
	at pl.akademiaqa.pages.sections.TopMenuSearchSection.<init>(TopMenuSearchSection.java:21)
	at pl.akademiaqa.pages.BasePage.<init>(BasePage.java:21)
	at pl.akademiaqa.pages.sections.TopMenuSearchSection.<init>(TopMenuSearchSection.java:21)
	at pl.akademiaqa.pages.BasePage.<init>(BasePage.java:21)
	at pl.akademiaqa.pages.sections.TopMenuSearchSection.<init>(TopMenuSearchSection.java:21)
	at pl.akademiaqa.pages.BasePage.<init>(BasePage.java:21)
	at pl.akademiaqa.pages.sections.TopMenuSearchSection.<init>(TopMenuSearchSection.java:21)
	at pl.akademiaqa.pages.BasePage.<init>(BasePage.java:21)
	at pl.akademiaqa.pages.sections.TopMenuSearchSection.<init>(TopMenuSearchSection.java:21)
	at pl.akademiaqa.pages.BasePage.<init>(BasePage.java:21)
	at pl.akademiaqa.pages.sections.TopMenuSearchSection.<init>(TopMenuSearchSection.java:21)
	at pl.akademiaqa.pages.BasePage.<init>(BasePage.java:21)
	at pl.akademiaqa.pages.sections.TopMenuSearchSection.<init>(TopMenuSearchSection.java:21)
	at pl.akademiaqa.pages.BasePage.<init>(BasePage.java:21)
	at pl.akademiaqa.pages.sections.TopMenuSearchSection.<init>(TopMenuSearchSection.java:21)
	at pl.akademiaqa.pages.BasePage.<init>(BasePage.java:21)
	at pl.akademiaqa.pages.sections.TopMenuSearchSection.<init>(TopMenuSearchSection.java:21)
	at pl.akademiaqa.pages.BasePage.<init>(BasePage.java:21)
	at pl.akademiaqa.pages.sections.TopMenuSearchSection.<init>(TopMenuSearchSection.java:21)
	at pl.akademiaqa.pages.BasePage.<init>(BasePage.java:21)
	at pl.akademiaqa.pages.sections.TopMenuSearchSection.<init>(TopMenuSearchSection.java:21)
	at pl.akademiaqa.pages.BasePage.<init>(BasePage.java:21)
	at pl.akademiaqa.pages.sections.TopMenuSearchSection.<init>(TopMenuSearchSection.java:21)
	at pl.akademiaqa.pages.BasePage.<init>(BasePage.java:21)
	at pl.akademiaqa.pages.sections.TopMenuSearchSection.<init>(TopMenuSearchSection.java:21)
	at pl.akademiaqa.pages.BasePage.<init>(BasePage.java:21)
	at pl.akademiaqa.pages.sections.TopMenuSearchSection.<init>(TopMenuSearchSection.java:21)
	at pl.akademiaqa.pages.BasePage.<init>(BasePage.java:21)
	at pl.akademiaqa.pages.sections.TopMenuSearchSection.<init>(TopMenuSearchSection.java:21)
	at pl.akademiaqa.pages.BasePage.<init>(BasePage.java:21)
	at pl.akademiaqa.pages.sections.TopMenuSearchSection.<init>(TopMenuSearchSection.java:21)
	at pl.akademiaqa.pages.BasePage.<init>(BasePage.java:21)
	at pl.akademiaqa.pages.sections.TopMenuSearchSection.<init>(TopMenuSearchSection.java:21)
	at pl.akademiaqa.pages.BasePage.<init>(BasePage.java:21)
	at pl.akademiaqa.pages.sections.TopMenuSearchSection.<init>(TopMenuSearchSection.java:21)
	at pl.akademiaqa.pages.BasePage.<init>(BasePage.java:21)
	at pl.akademiaqa.pages.sections.TopMenuSearchSection.<init>(TopMenuSearchSection.java:21)
	at pl.akademiaqa.pages.BasePage.<init>(BasePage.java:21)
	at pl.akademiaqa.pages.sections.TopMenuSearchSection.<init>(TopMenuSearchSection.java:21)
	at pl.akademiaqa.pages.BasePage.<init>(BasePage.java:21)
[...]
	at pl.akademiaqa.pages.BasePage.<init>(BasePage.java:21)
	at pl.akademiaqa.pages.sections.TopMenuSearchSection.<init>(TopMenuSearchSection.java:21)
	at pl.akademiaqa.pages.BasePage.<init>(BasePage.java:21)
	at pl.akademiaqa.pages.sections.TopMenuSearchSection.<init>(TopMenuSearchSection.java:21)
	at pl.akademiaqa.pages.BasePage.<init>(BasePage.java:21)
	at pl.akademiaqa.pages.sections.TopMenuSearchSection.<init>(TopMenuSearchSection.java:21)
	at pl.akademiaqa.pages.BasePage.<init>(BasePage.java:21)
	at pl.akademiaqa.pages.sections.TopMenuSearchSection.<init>(TopMenuSearchSection.java:21)
	at pl.akademiaqa.pages.BasePage.<init>(BasePage.java:21)
	at pl.akademiaqa.pages.sections.TopMenuSearchSection.<init>(TopMenuSearchSection.java:21)
	at pl.akademiaqa.pages.BasePage.<init>(BasePage.java:21)
	at pl.akademiaqa.pages.sections.TopMenuSearchSection.<init>(TopMenuSearchSection.java:21)
	at pl.akademiaqa.pages.BasePage.<init>(BasePage.java:21)
	at pl.akademiaqa.pages.sections.TopMenuSearchSection.<init>(TopMenuSearchSection.java:21)
	at pl.akademiaqa.pages.BasePage.<init>(BasePage.java:21)
	at pl.akademiaqa.pages.sections.TopMenuSearchSection.<init>(TopMenuSearchSection.java:21)
	at pl.akademiaqa.pages.BasePage.<init>(BasePage.java:21)
	at pl.akademiaqa.pages.sections.TopMenuSearchSection.<init>(TopMenuSearchSection.java:21)
	at pl.akademiaqa.pages.BasePage.<init>(BasePage.java:21)
	at pl.akademiaqa.pages.sections.TopMenuSearchSection.<init>(TopMenuSearchSection.java:21)
	at pl.akademiaqa.pages.BasePage.<init>(BasePage.java:21)
	at pl.akademiaqa.pages.sections.TopMenuSearchSection.<init>(TopMenuSearchSection.java:21)
	at pl.akademiaqa.pages.BasePage.<init>(BasePage.java:21)
	at pl.akademiaqa.pages.sections.TopMenuSearchSection.<init>(TopMenuSearchSection.java:21)
	at pl.akademiaqa.pages.BasePage.<init>(BasePage.java:21)
	at pl.akademiaqa.pages.sections.TopMenuSearchSection.<init>(TopMenuSearchSection.java:21)
	at pl.akademiaqa.pages.BasePage.<init>(BasePage.java:21)
	at pl.akademiaqa.pages.sections.TopMenuSearchSection.<init>(TopMenuSearchSection.java:21)
	at pl.akademiaqa.pages.BasePage.<init>(BasePage.java:21)
	at pl.akademiaqa.pages.sections.TopMenuSearchSection.<init>(TopMenuSearchSection.java:21)
	at pl.akademiaqa.pages.BasePage.<init>(BasePage.java:21)
	at pl.akademiaqa.pages.sections.TopMenuSearchSection.<init>(TopMenuSearchSection.java:21)
	at pl.akademiaqa.pages.BasePage.<init>(BasePage.java:21)
	at pl.akademiaqa.pages.sections.TopMenuSearchSection.<init>(TopMenuSearchSection.java:21)
	at pl.akademiaqa.pages.BasePage.<init>(BasePage.java:21)
	at pl.akademiaqa.pages.sections.TopMenuSearchSection.<init>(TopMenuSearchSection.java:21)
	at pl.akademiaqa.pages.BasePage.<init>(BasePage.java:21)
	at pl.akademiaqa.pages.sections.TopMenuSearchSection.<init>(TopMenuSearchSection.java:21)
	at pl.akademiaqa.pages.BasePage.<init>(BasePage.java:21)
	at pl.akademiaqa.pages.sections.TopMenuSearchSection.<init>(TopMenuSearchSection.java:21)
	at pl.akademiaqa.pages.BasePage.<init>(BasePage.java:21)
	at pl.akademiaqa.pages.sections.TopMenuSearchSection.<init>(TopMenuSearchSection.java:21)
	at pl.akademiaqa.pages.BasePage.<init>(BasePage.java:21)
	at pl.akademiaqa.pages.sections.TopMenuSearchSection.<init>(TopMenuSearchSection.java:21)
	at pl.akademiaqa.pages.BasePage.<init>(BasePage.java:21)
	at pl.akademiaqa.pages.sections.TopMenuSearchSection.<init>(TopMenuSearchSection.java:21)
	at pl.akademiaqa.pages.BasePage.<init>(BasePage.java:21)
	at pl.akademiaqa.pages.sections.TopMenuSearchSection.<init>(TopMenuSearchSection.java:21)
	at pl.akademiaqa.pages.BasePage.<init>(BasePage.java:21)
	at pl.akademiaqa.pages.sections.TopMenuSearchSection.<init>(TopMenuSearchSection.java:21)
	at pl.akademiaqa.pages.BasePage.<init>(BasePage.java:21)
	at pl.akademiaqa.pages.sections.TopMenuSearchSection.<init>(TopMenuSearchSection.java:21)
	at pl.akademiaqa.pages.BasePage.<init>(BasePage.java:21)
	at pl.akademiaqa.pages.sections.TopMenuSearchSection.<init>(TopMenuSearchSection.java:21)
	at pl.akademiaqa.pages.BasePage.<init>(BasePage.java:21)
	at pl.akademiaqa.pages.sections.TopMenuSearchSection.<init>(TopMenuSearchSection.java:21)
	at pl.akademiaqa.pages.BasePage.<init>(BasePage.java:21)
	at pl.akademiaqa.pages.sections.TopMenuSearchSection.<init>(TopMenuSearchSection.java:21)
	at pl.akademiaqa.pages.BasePage.<init>(BasePage.java:21)
	at pl.akademiaqa.pages.sections.TopMenuSearchSection.<init>(TopMenuSearchSection.java:21)
	at pl.akademiaqa.pages.BasePage.<init>(BasePage.java:21)
	at pl.akademiaqa.pages.sections.TopMenuSearchSection.<init>(TopMenuSearchSection.java:21)
	at pl.akademiaqa.pages.BasePage.<init>(BasePage.java:21)
	at pl.akademiaqa.pages.sections.TopMenuSearchSection.<init>(TopMenuSearchSection.java:21)
	at pl.akademiaqa.pages.BasePage.<init>(BasePage.java:21)
	at pl.akademiaqa.pages.sections.TopMenuSearchSection.<init>(TopMenuSearchSection.java:21)
	at pl.akademiaqa.pages.BasePage.<init>(BasePage.java:21)
	at pl.akademiaqa.pages.sections.TopMenuSearchSection.<init>(TopMenuSearchSection.java:21)
	at pl.akademiaqa.pages.BasePage.<init>(BasePage.java:21)
	at pl.akademiaqa.pages.sections.TopMenuSearchSection.<init>(TopMenuSearchSection.java:21)
	at pl.akademiaqa.pages.BasePage.<init>(BasePage.java:21)
	at pl.akademiaqa.pages.sections.TopMenuSearchSection.<init>(TopMenuSearchSection.java:21)
	at pl.akademiaqa.pages.BasePage.<init>(BasePage.java:21)
	at pl.akademiaqa.pages.sections.TopMenuSearchSection.<init>(TopMenuSearchSection.java:21)
	at pl.akademiaqa.pages.BasePage.<init>(BasePage.java:21)
	at pl.akademiaqa.pages.sections.TopMenuSearchSection.<init>(TopMenuSearchSection.java:21)
	at pl.akademiaqa.pages.BasePage.<init>(BasePage.java:21)
	at pl.akademiaqa.pages.sections.TopMenuSearchSection.<init>(TopMenuSearchSection.java:21)
	at pl.akademiaqa.pages.BasePage.<init>(BasePage.java:21)
	at pl.akademiaqa.pages.sections.TopMenuSearchSection.<init>(TopMenuSearchSection.java:21)
	at pl.akademiaqa.pages.BasePage.<init>(BasePage.java:21)
	at pl.akademiaqa.pages.sections.TopMenuSearchSection.<init>(TopMenuSearchSection.java:21)
	at pl.akademiaqa.pages.BasePage.<init>(BasePage.java:21)
	at pl.akademiaqa.pages.sections.TopMenuSearchSection.<init>(TopMenuSearchSection.java:21)
	at pl.akademiaqa.pages.BasePage.<init>(BasePage.java:21)
	at pl.akademiaqa.pages.sections.TopMenuSearchSection.<init>(TopMenuSearchSection.java:21)
	at pl.akademiaqa.pages.BasePage.<init>(BasePage.java:21)
	at pl.akademiaqa.pages.sections.TopMenuSearchSection.<init>(TopMenuSearchSection.java:21)
	at pl.akademiaqa.pages.BasePage.<init>(BasePage.java:21)
	at pl.akademiaqa.pages.sections.TopMenuSearchSection.<init>(TopMenuSearchSection.java:21)
	at pl.akademiaqa.pages.BasePage.<init>(BasePage.java:21)
	at pl.akademiaqa.pages.sections.TopMenuSearchSection.<init>(TopMenuSearchSection.java:21)
	at pl.akademiaqa.pages.BasePage.<init>(BasePage.java:21)
	at pl.akademiaqa.pages.sections.TopMenuSearchSection.<init>(TopMenuSearchSection.java:21)
	at pl.akademiaqa.pages.BasePage.<init>(BasePage.java:21)
	at pl.akademiaqa.pages.sections.TopMenuSearchSection.<init>(TopMenuSearchSection.java:21)
	at pl.akademiaqa.pages.BasePage.<init>(BasePage.java:21)
	at pl.akademiaqa.pages.sections.TopMenuSearchSection.<init>(TopMenuSearchSection.java:21)
	at pl.akademiaqa.pages.BasePage.<init>(BasePage.java:21)
	at pl.akademiaqa.pages.sections.TopMenuSearchSection.<init>(TopMenuSearchSection.java:21)
	at pl.akademiaqa.pages.BasePage.<init>(BasePage.java:21)
	at pl.akademiaqa.pages.sections.TopMenuSearchSection.<init>(TopMenuSearchSection.java:21)
	at pl.akademiaqa.pages.BasePage.<init>(BasePage.java:21)
	at pl.akademiaqa.pages.sections.TopMenuSearchSection.<init>(TopMenuSearchSection.java:21)
	at pl.akademiaqa.pages.BasePage.<init>(BasePage.java:21)
	at pl.akademiaqa.pages.sections.TopMenuSearchSection.<init>(TopMenuSearchSection.java:21)
	at pl.akademiaqa.pages.BasePage.<init>(BasePage.java:21)
	at pl.akademiaqa.pages.sections.TopMenuSearchSection.<init>(TopMenuSearchSection.java:21)
	at pl.akademiaqa.pages.BasePage.<init>(BasePage.java:21)
	at pl.akademiaqa.pages.sections.TopMenuSearchSection.<init>(TopMenuSearchSection.java:21)
	at pl.akademiaqa.pages.BasePage.<init>(BasePage.java:21)
	at pl.akademiaqa.pages.sections.TopMenuSearchSection.<init>(TopMenuSearchSection.java:21)
	at pl.akademiaqa.pages.BasePage.<init>(BasePage.java:21)
	at pl.akademiaqa.pages.sections.TopMenuSearchSection.<init>(TopMenuSearchSection.java:21)
	at pl.akademiaqa.pages.BasePage.<init>(BasePage.java:21)
	at pl.akademiaqa.pages.sections.TopMenuSearchSection.<init>(TopMenuSearchSection.java:21)
	at pl.akademiaqa.pages.BasePage.<init>(BasePage.java:21)
	at pl.akademiaqa.pages.sections.TopMenuSearchSection.<init>(TopMenuSearchSection.java:21)
	at pl.akademiaqa.pages.BasePage.<init>(BasePage.java:21)
	at pl.akademiaqa.pages.sections.TopMenuSearchSection.<init>(TopMenuSearchSection.java:21)
	at pl.akademiaqa.pages.BasePage.<init>(BasePage.java:21)
	at pl.akademiaqa.pages.sections.TopMenuSearchSection.<init>(TopMenuSearchSection.java:21)
	at pl.akademiaqa.pages.BasePage.<init>(BasePage.java:21)
	at pl.akademiaqa.pages.sections.TopMenuSearchSection.<init>(TopMenuSearchSection.java:21)
	at pl.akademiaqa.pages.BasePage.<init>(BasePage.java:21)
	at pl.akademiaqa.pages.sections.TopMenuSearchSection.<init>(TopMenuSearchSection.java:21)
	at pl.akademiaqa.pages.BasePage.<init>(BasePage.java:21)
	at pl.akademiaqa.pages.sections.TopMenuSearchSection.<init>(TopMenuSearchSection.java:21)
	at pl.akademiaqa.pages.BasePage.<init>(BasePage.java:21)
	at pl.akademiaqa.pages.sections.TopMenuSearchSection.<init>(TopMenuSearchSection.java:21)
	at pl.akademiaqa.pages.BasePage.<init>(BasePage.java:21)
	at pl.akademiaqa.pages.sections.TopMenuSearchSection.<init>(TopMenuSearchSection.java:21)
	at pl.akademiaqa.pages.BasePage.<init>(BasePage.java:21)
	at pl.akademiaqa.pages.sections.TopMenuSearchSection.<init>(TopMenuSearchSection.java:21)
	at pl.akademiaqa.pages.BasePage.<init>(BasePage.java:21)
	at pl.akademiaqa.pages.sections.TopMenuSearchSection.<init>(TopMenuSearchSection.java:21)
	at pl.akademiaqa.pages.BasePage.<init>(BasePage.java:21)
	at pl.akademiaqa.pages.sections.TopMenuSearchSection.<init>(TopMenuSearchSection.java:21)
	at pl.akademiaqa.pages.BasePage.<init>(BasePage.java:21)
	at pl.akademiaqa.pages.sections.TopMenuSearchSection.<init>(TopMenuSearchSection.java:21)
	at pl.akademiaqa.pages.BasePage.<init>(BasePage.java:21)
	at pl.akademiaqa.pages.sections.TopMenuSearchSection.<init>(TopMenuSearchSection.java:21)
	at pl.akademiaqa.pages.BasePage.<init>(BasePage.java:21)
	at pl.akademiaqa.pages.sections.TopMenuSearchSection.<init>(TopMenuSearchSection.java:21)
	at pl.akademiaqa.pages.BasePage.<init>(BasePage.java:21)
	at pl.akademiaqa.pages.sections.TopMenuSearchSection.<init>(TopMenuSearchSection.java:21)
	at pl.akademiaqa.pages.BasePage.<init>(BasePage.java:21)
	at pl.akademiaqa.pages.sections.TopMenuSearchSection.<init>(TopMenuSearchSection.java:21)
	at pl.akademiaqa.pages.BasePage.<init>(BasePage.java:21)
	at pl.akademiaqa.pages.sections.TopMenuSearchSection.<init>(TopMenuSearchSection.java:21)
	at pl.akademiaqa.pages.BasePage.<init>(BasePage.java:21)
	at pl.akademiaqa.pages.sections.TopMenuSearchSection.<init>(TopMenuSearchSection.java:21)
	at pl.akademiaqa.pages.BasePage.<init>(BasePage.java:21)
	at pl.akademiaqa.pages.sections.TopMenuSearchSection.<init>(TopMenuSearchSection.java:21)
	at pl.akademiaqa.pages.BasePage.<init>(BasePage.java:21)
	at pl.akademiaqa.pages.sections.TopMenuSearchSection.<init>(TopMenuSearchSection.java:21)
	at pl.akademiaqa.pages.BasePage.<init>(BasePage.java:21)
	at pl.akademiaqa.pages.sections.TopMenuSearchSection.<init>(TopMenuSearchSection.java:21)
	at pl.akademiaqa.pages.BasePage.<init>(BasePage.java:21)
	at pl.akademiaqa.pages.sections.TopMenuSearchSection.<init>(TopMenuSearchSection.java:21)
	at pl.akademiaqa.pages.BasePage.<init>(BasePage.java:21)
	at pl.akademiaqa.pages.sections.TopMenuSearchSection.<init>(TopMenuSearchSection.java:21)
	at pl.akademiaqa.pages.BasePage.<init>(BasePage.java:21)
	at pl.akademiaqa.pages.sections.TopMenuSearchSection.<init>(TopMenuSearchSection.java:21)
	at pl.akademiaqa.pages.BasePage.<init>(BasePage.java:21)
	at pl.akademiaqa.pages.sections.TopMenuSearchSection.<init>(TopMenuSearchSection.java:21)
	at pl.akademiaqa.pages.BasePage.<init>(BasePage.java:21)
	at pl.akademiaqa.pages.sections.TopMenuSearchSection.<init>(TopMenuSearchSection.java:21)
	at pl.akademiaqa.pages.BasePage.<init>(BasePage.java:21)
	at pl.akademiaqa.pages.sections.TopMenuSearchSection.<init>(TopMenuSearchSection.java:21)
	at pl.akademiaqa.pages.BasePage.<init>(BasePage.java:21)
	at pl.akademiaqa.pages.sections.TopMenuSearchSection.<init>(TopMenuSearchSection.java:21)
	at pl.akademiaqa.pages.BasePage.<init>(BasePage.java:21)
	at pl.akademiaqa.pages.sections.TopMenuSearchSection.<init>(TopMenuSearchSection.java:21)
	at pl.akademiaqa.pages.BasePage.<init>(BasePage.java:21)
	at pl.akademiaqa.pages.sections.TopMenuSearchSection.<init>(TopMenuSearchSection.java:21)
	at pl.akademiaqa.pages.BasePage.<init>(BasePage.java:21)
	at pl.akademiaqa.pages.sections.TopMenuSearchSection.<init>(TopMenuSearchSection.java:21)
	at pl.akademiaqa.pages.BasePage.<init>(BasePage.java:21)
	at pl.akademiaqa.pages.sections.TopMenuSearchSection.<init>(TopMenuSearchSection.java:21)
	at pl.akademiaqa.pages.BasePage.<init>(BasePage.java:21)
	at pl.akademiaqa.pages.sections.TopMenuSearchSection.<init>(TopMenuSearchSection.java:21)
	at pl.akademiaqa.pages.BasePage.<init>(BasePage.java:21)
	at pl.akademiaqa.pages.sections.TopMenuSearchSection.<init>(TopMenuSearchSection.java:21)
	at pl.akademiaqa.pages.BasePage.<init>(BasePage.java:21)
	at pl.akademiaqa.pages.sections.TopMenuSearchSection.<init>(TopMenuSearchSection.java:21)
	at pl.akademiaqa.pages.BasePage.<init>(BasePage.java:21)
	at pl.akademiaqa.pages.sections.TopMenuSearchSection.<init>(TopMenuSearchSection.java:21)
	at pl.akademiaqa.pages.BasePage.<init>(BasePage.java:21)
	at pl.akademiaqa.pages.sections.TopMenuSearchSection.<init>(TopMenuSearchSection.java:21)
	at pl.akademiaqa.pages.BasePage.<init>(BasePage.java:21)
	at pl.akademiaqa.pages.sections.TopMenuSearchSection.<init>(TopMenuSearchSection.java:21)
	at pl.akademiaqa.pages.BasePage.<init>(BasePage.java:21)
	at pl.akademiaqa.pages.sections.TopMenuSearchSection.<init>(TopMenuSearchSection.java:21)
	at pl.akademiaqa.pages.BasePage.<init>(BasePage.java:21)
	at pl.akademiaqa.pages.sections.TopMenuSearchSection.<init>(TopMenuSearchSection.java:21)
	at pl.akademiaqa.pages.BasePage.<init>(BasePage.java:21)
	at pl.akademiaqa.pages.sections.TopMenuSearchSection.<init>(TopMenuSearchSection.java:21)
	at pl.akademiaqa.pages.BasePage.<init>(BasePage.java:21)
	at pl.akademiaqa.pages.sections.TopMenuSearchSection.<init>(TopMenuSearchSection.java:21)
	at pl.akademiaqa.pages.BasePage.<init>(BasePage.java:21)
	at pl.akademiaqa.pages.sections.TopMenuSearchSection.<init>(TopMenuSearchSection.java:21)
	at pl.akademiaqa.pages.BasePage.<init>(BasePage.java:21)
	at pl.akademiaqa.pages.sections.TopMenuSearchSection.<init>(TopMenuSearchSection.java:21)
	at pl.akademiaqa.pages.BasePage.<init>(BasePage.java:21)
	at pl.akademiaqa.pages.sections.TopMenuSearchSection.<init>(TopMenuSearchSection.java:21)
	at pl.akademiaqa.pages.BasePage.<init>(BasePage.java:21)
	at pl.akademiaqa.pages.sections.TopMenuSearchSection.<init>(TopMenuSearchSection.java:21)
	at pl.akademiaqa.pages.BasePage.<init>(BasePage.java:21)
	at pl.akademiaqa.pages.sections.TopMenuSearchSection.<init>(TopMenuSearchSection.java:21)
	at pl.akademiaqa.pages.BasePage.<init>(BasePage.java:21)
	at pl.akademiaqa.pages.sections.TopMenuSearchSection.<init>(TopMenuSearchSection.java:21)
	at pl.akademiaqa.pages.BasePage.<init>(BasePage.java:21)
	at pl.akademiaqa.pages.sections.TopMenuSearchSection.<init>(TopMenuSearchSection.java:21)
	at pl.akademiaqa.pages.BasePage.<init>(BasePage.java:21)
	at pl.akademiaqa.pages.sections.TopMenuSearchSection.<init>(TopMenuSearchSection.java:21)
	at pl.akademiaqa.pages.BasePage.<init>(BasePage.java:21)
	at pl.akademiaqa.pages.sections.TopMenuSearchSection.<init>(TopMenuSearchSection.java:21)
	at pl.akademiaqa.pages.BasePage.<init>(BasePage.java:21)
	at pl.akademiaqa.pages.sections.TopMenuSearchSection.<init>(TopMenuSearchSection.java:21)
	at pl.akademiaqa.pages.BasePage.<init>(BasePage.java:21)
	at pl.akademiaqa.pages.sections.TopMenuSearchSection.<init>(TopMenuSearchSection.java:21)
	at pl.akademiaqa.pages.BasePage.<init>(BasePage.java:21)
	at pl.akademiaqa.pages.sections.TopMenuSearchSection.<init>(TopMenuSearchSection.java:21)
	at pl.akademiaqa.pages.BasePage.<init>(BasePage.java:21)
	at pl.akademiaqa.pages.sections.TopMenuSearchSection.<init>(TopMenuSearchSection.java:21)
	at pl.akademiaqa.pages.BasePage.<init>(BasePage.java:21)
	at pl.akademiaqa.pages.sections.TopMenuSearchSection.<init>(TopMenuSearchSection.java:21)
	at pl.akademiaqa.pages.BasePage.<init>(BasePage.java:21)
	at pl.akademiaqa.pages.sections.TopMenuSearchSection.<init>(TopMenuSearchSection.java:21)
	at pl.akademiaqa.pages.BasePage.<init>(BasePage.java:21)
	at pl.akademiaqa.pages.sections.TopMenuSearchSection.<init>(TopMenuSearchSection.java:21)
	at pl.akademiaqa.pages.BasePage.<init>(BasePage.java:21)
	at pl.akademiaqa.pages.sections.TopMenuSearchSection.<init>(TopMenuSearchSection.java:21)
	at pl.akademiaqa.pages.BasePage.<init>(BasePage.java:21)
	at pl.akademiaqa.pages.sections.TopMenuSearchSection.<init>(TopMenuSearchSection.java:21)
	at pl.akademiaqa.pages.BasePage.<init>(BasePage.java:21)
	at pl.akademiaqa.pages.sections.TopMenuSearchSection.<init>(TopMenuSearchSection.java:21)
	at pl.akademiaqa.pages.BasePage.<init>(BasePage.java:21)
	at pl.akademiaqa.pages.sections.TopMenuSearchSection.<init>(TopMenuSearchSection.java:21)
	at pl.akademiaqa.pages.BasePage.<init>(BasePage.java:21)
	at pl.akademiaqa.pages.sections.TopMenuSearchSection.<init>(TopMenuSearchSection.java:21)
	at pl.akademiaqa.pages.BasePage.<init>(BasePage.java:21)
	at pl.akademiaqa.pages.sections.TopMenuSearchSection.<init>(TopMenuSearchSection.java:21)
	at pl.akademiaqa.pages.BasePage.<init>(BasePage.java:21)
	at pl.akademiaqa.pages.sections.TopMenuSearchSection.<init>(TopMenuSearchSection.java:21)
	at pl.akademiaqa.pages.BasePage.<init>(BasePage.java:21)
	at pl.akademiaqa.pages.sections.TopMenuSearchSection.<init>(TopMenuSearchSection.java:21)
	at pl.akademiaqa.pages.BasePage.<init>(BasePage.java:21)
	at pl.akademiaqa.pages.sections.TopMenuSearchSection.<init>(TopMenuSearchSection.java:21)
	at pl.akademiaqa.pages.BasePage.<init>(BasePage.java:21)
	at pl.akademiaqa.pages.sections.TopMenuSearchSection.<init>(TopMenuSearchSection.java:21)
	at pl.akademiaqa.pages.BasePage.<init>(BasePage.java:21)
	at pl.akademiaqa.pages.sections.TopMenuSearchSection.<init>(TopMenuSearchSection.java:21)
	at pl.akademiaqa.pages.BasePage.<init>(BasePage.java:21)
	at pl.akademiaqa.pages.sections.TopMenuSearchSection.<init>(TopMenuSearchSection.java:21)
	at pl.akademiaqa.pages.BasePage.<init>(BasePage.java:21)
	at pl.akademiaqa.pages.sections.TopMenuSearchSection.<init>(TopMenuSearchSection.java:21)
	at pl.akademiaqa.pages.BasePage.<init>(BasePage.java:21)
	at pl.akademiaqa.pages.sections.TopMenuSearchSection.<init>(TopMenuSearchSection.java:21)
	at pl.akademiaqa.pages.BasePage.<init>(BasePage.java:21)
	at pl.akademiaqa.pages.sections.TopMenuSearchSection.<init>(TopMenuSearchSection.java:21)
	at pl.akademiaqa.pages.BasePage.<init>(BasePage.java:21)
	at pl.akademiaqa.pages.sections.TopMenuSearchSection.<init>(TopMenuSearchSection.java:21)
	at pl.akademiaqa.pages.BasePage.<init>(BasePage.java:21)
	at pl.akademiaqa.pages.sections.TopMenuSearchSection.<init>(TopMenuSearchSection.java:21)
	at pl.akademiaqa.pages.BasePage.<init>(BasePage.java:21)
	at pl.akademiaqa.pages.sections.TopMenuSearchSection.<init>(TopMenuSearchSection.java:21)

