-------------------------------------------------------------------------------
Test set: pl.akademiaqa.tests.FilterByCompositionTest
-------------------------------------------------------------------------------
Tests run: 1, Failures: 0, Errors: 1, Skipped: 0, Time elapsed: 4.95 s <<< FAILURE! - in pl.akademiaqa.tests.FilterByCompositionTest
pl.akademiaqa.tests.FilterByCompositionTest.should_return_matt_paper_products  Time elapsed: 0.31 s  <<< ERROR!
java.lang.StackOverflowError
	at pl.akademiaqa.pages.BasePage.<init>(BasePage.java:21)
	at pl.akademiaqa.pages.sections.TopMenuSearchSection.<init>(TopMenuSearchSection.java:21)
	at pl.akademiaqa.pages.BasePage.<init>(BasePage.java:21)
	at pl.akademiaqa.pages.sections.TopMenuSearchSection.<init>(TopMenuSearchSection.java:21)
	at pl.akademiaqa.pages.BasePage.<init>(BasePage.java:21)
	at pl.akademiaqa.pages.sections.TopMenuSearchSection.<init>(TopMenuSearchSection.java:21)
	at pl.akademiaqa.pages.BasePage.<init>(BasePage.java:21)
	at pl.akademiaqa.pages.sections.TopMenuSearchSection.<init>(TopMenuSearchSection.java:21)
	at pl.akademiaqa.pages.BasePage.<init>(BasePage.java:21)
	at pl.akademiaqa.pages.sections.TopMenuSearchSection.<init>(TopMenuSearchSection.java:21)
	at pl.akademiaqa.pages.BasePage.<init>(BasePage.java:21)
	at pl.akademiaqa.pages.sections.TopMenuSearchSection.<init>(TopMenuSearchSection.java:21)
	at pl.akademiaqa.pages.BasePage.<init>(BasePage.java:21)
	at pl.akademiaqa.pages.sections.TopMenuSearchSection.<init>(TopMenuSearchSection.java:21)
	at pl.akademiaqa.pages.BasePage.<init>(BasePage.java:21)
	at pl.akademiaqa.pages.sections.TopMenuSearchSection.<init>(TopMenuSearchSection.java:21)
	at pl.akademiaqa.pages.BasePage.<init>(BasePage.java:21)
	at pl.akademiaqa.pages.sections.TopMenuSearchSection.<init>(TopMenuSearchSection.java:21)
	at pl.akademiaqa.pages.BasePage.<init>(BasePage.java:21)
	at pl.akademiaqa.pages.sections.TopMenuSearchSection.<init>(TopMenuSearchSection.java:21)
	at pl.akademiaqa.pages.BasePage.<init>(BasePage.java:21)
	at pl.akademiaqa.pages.sections.TopMenuSearchSection.<init>(TopMenuSearchSection.java:21)
	at pl.akademiaqa.pages.BasePage.<init>(BasePage.java:21)
	at pl.akademiaqa.pages.sections.TopMenuSearchSection.<init>(TopMenuSearchSection.java:21)
	at pl.akademiaqa.pages.BasePage.<init>(BasePage.java:21)
	at pl.akademiaqa.pages.sections.TopMenuSearchSection.<init>(TopMenuSearchSection.java:21)
	at pl.akademiaqa.pages.BasePage.<init>(BasePage.java:21)
	at pl.akademiaqa.pages.sections.TopMenuSearchSection.<init>(TopMenuSearchSection.java:21)
	at pl.akademiaqa.pages.BasePage.<init>(BasePage.java:21)
	at pl.akademiaqa.pages.sections.TopMenuSearchSection.<init>(TopMenuSearchSection.java:21)
	at pl.akademiaqa.pages.BasePage.<init>(BasePage.java:21)
	at pl.akademiaqa.pages.sections.TopMenuSearchSection.<init>(TopMenuSearchSection.java:21)
	at pl.akademiaqa.pages.BasePage.<init>(BasePage.java:21)
	at pl.akademiaqa.pages.sections.TopMenuSearchSection.<init>(TopMenuSearchSection.java:21)
	at pl.akademiaqa.pages.BasePage.<init>(BasePage.java:21)
	at pl.akademiaqa.pages.sections.TopMenuSearchSection.<init>(TopMenuSearchSection.java:21)
	at pl.akademiaqa.pages.BasePage.<init>(BasePage.java:21)
	at pl.akademiaqa.pages.sections.TopMenuSearchSection.<init>(TopMenuSearchSection.java:21)
	at pl.akademiaqa.pages.BasePage.<init>(BasePage.java:21)
	at pl.akademiaqa.pages.sections.TopMenuSearchSection.<init>(TopMenuSearchSection.java:21)
	at pl.akademiaqa.pages.BasePage.<init>(BasePage.java:21)
	at pl.akademiaqa.pages.sections.TopMenuSearchSection.<init>(TopMenuSearchSection.java:21)
	at pl.akademiaqa.pages.BasePage.<init>(BasePage.java:21)
	at pl.akademiaqa.pages.sections.TopMenuSearchSection.<init>(TopMenuSearchSection.java:21)
	at pl.akademiaqa.pages.BasePage.<init>(BasePage.java:21)
	at pl.akademiaqa.pages.sections.TopMenuSearchSection.<init>(TopMenuSearchSection.java:21)
	at pl.akademiaqa.pages.BasePage.<init>(BasePage.java:21)
	at pl.akademiaqa.pages.sections.TopMenuSearchSection.<init>(TopMenuSearchSection.java:21)
	at pl.akademiaqa.pages.BasePage.<init>(BasePage.java:21)
	at pl.akademiaqa.pages.sections.TopMenuSearchSection.<init>(TopMenuSearchSection.java:21)
	at pl.akademiaqa.pages.BasePage.<init>(BasePage.java:21)
	at pl.akademiaqa.pages.sections.TopMenuSearchSection.<init>(TopMenuSearchSection.java:21)
	at pl.akademiaqa.pages.BasePage.<init>(BasePage.java:21)
	at pl.akademiaqa.pages.sections.TopMenuSearchSection.<init>(TopMenuSearchSection.java:21)
	at pl.akademiaqa.pages.BasePage.<init>(BasePage.java:21)
	at pl.akademiaqa.pages.sections.TopMenuSearchSection.<init>(TopMenuSearchSection.java:21)
	at pl.akademiaqa.pages.BasePage.<init>(BasePage.java:21)
	at pl.akademiaqa.pages.sections.TopMenuSearchSection.<init>(TopMenuSearchSection.java:21)
	at pl.akademiaqa.pages.BasePage.<init>(BasePage.java:21)
	at pl.akademiaqa.pages.sections.TopMenuSearchSection.<init>(TopMenuSearchSection.java:21)
	at pl.akademiaqa.pages.BasePage.<init>(BasePage.java:21)
	at pl.akademiaqa.pages.sections.TopMenuSearchSection.<init>(TopMenuSearchSection.java:21)
	at pl.akademiaqa.pages.BasePage.<init>(BasePage.java:21)
	at pl.akademiaqa.pages.sections.TopMenuSearchSection.<init>(TopMenuSearchSection.java:21)
	at pl.akademiaqa.pages.BasePage.<init>(BasePage.java:21)
	at pl.akademiaqa.pages.sections.TopMenuSearchSection.<init>(TopMenuSearchSection.java:21)
	at pl.akademiaqa.pages.BasePage.<init>(BasePage.java:21)
	at pl.akademiaqa.pages.sections.TopMenuSearchSection.<init>(TopMenuSearchSection.java:21)
	at pl.akademiaqa.pages.BasePage.<init>(BasePage.java:21)
	at pl.akademiaqa.pages.sections.TopMenuSearchSection.<init>(TopMenuSearchSection.java:21)
	at pl.akademiaqa.pages.BasePage.<init>(BasePage.java:21)
	at pl.akademiaqa.pages.sections.TopMenuSearchSection.<init>(TopMenuSearchSection.java:21)
	at pl.akademiaqa.pages.BasePage.<init>(BasePage.java:21)
	at pl.akademiaqa.pages.sections.TopMenuSearchSection.<init>(TopMenuSearchSection.java:21)
	at pl.akademiaqa.pages.BasePage.<init>(BasePage.java:21)
	at pl.akademiaqa.pages.sections.TopMenuSearchSection.<init>(TopMenuSearchSection.java:21)
	at pl.akademiaqa.pages.BasePage.<init>(BasePage.java:21)
	at pl.akademiaqa.pages.sections.TopMenuSearchSection.<init>(TopMenuSearchSection.java:21)
	at pl.akademiaqa.pages.BasePage.<init>(BasePage.java:21)
	at pl.akademiaqa.pages.sections.TopMenuSearchSection.<init>(TopMenuSearchSection.java:21)
	at pl.akademiaqa.pages.BasePage.<init>(BasePage.java:21)
	at pl.akademiaqa.pages.sections.TopMenuSearchSection.<init>(TopMenuSearchSection.java:21)
	at pl.akademiaqa.pages.BasePage.<init>(BasePage.java:21)
	at pl.akademiaqa.pages.sections.TopMenuSearchSection.<init>(TopMenuSearchSection.java:21)
	at pl.akademiaqa.pages.BasePage.<init>(BasePage.java:21)
	at pl.akademiaqa.pages.sections.TopMenuSearchSection.<init>(TopMenuSearchSection.java:21)
	at pl.akademiaqa.pages.BasePage.<init>(BasePage.java:21)
	at pl.akademiaqa.pages.sections.TopMenuSearchSection.<init>(TopMenuSearchSection.java:21)
	at pl.akademiaqa.pages.BasePage.<init>(BasePage.java:21)
	at pl.akademiaqa.pages.sections.TopMenuSearchSection.<init>(TopMenuSearchSection.java:21)
	at pl.akademiaqa.pages.BasePage.<init>(BasePage.java:21)
	at pl.akademiaqa.pages.sections.TopMenuSearchSection.<init>(TopMenuSearchSection.java:21)
	at pl.akademiaqa.pages.BasePage.<init>(BasePage.java:21)
	at pl.akademiaqa.pages.sections.TopMenuSearchSection.<init>(TopMenuSearchSection.java:21)
	at pl.akademiaqa.pages.BasePage.<init>(BasePage.java:21)
	at pl.akademiaqa.pages.sections.TopMenuSearchSection.<init>(TopMenuSearchSection.java:21)
	at pl.akademiaqa.pages.BasePage.<init>(BasePage.java:21)
	at pl.akademiaqa.pages.sections.TopMenuSearchSection.<init>(TopMenuSearchSection.java:21)
	at pl.akademiaqa.pages.BasePage.<init>(BasePage.java:21)
	at pl.akademiaqa.pages.sections.TopMenuSearchSection.<init>(TopMenuSearchSection.java:21)
	at pl.akademiaqa.pages.BasePage.<init>(BasePage.java:21)
	at pl.akademiaqa.pages.sections.TopMenuSearchSection.<init>(TopMenuSearchSection.java:21)
	at pl.akademiaqa.pages.BasePage.<init>(BasePage.java:21)
	at pl.akademiaqa.pages.sections.TopMenuSearchSection.<init>(TopMenuSearchSection.java:21)
	at pl.akademiaqa.pages.BasePage.<init>(BasePage.java:21)
	at pl.akademiaqa.pages.sections.TopMenuSearchSection.<init>(TopMenuSearchSection.java:21)
	at pl.akademiaqa.pages.BasePage.<init>(BasePage.java:21)
	at pl.akademiaqa.pages.sections.TopMenuSearchSection.<init>(TopMenuSearchSection.java:21)
	at pl.akademiaqa.pages.BasePage.<init>(BasePage.java:21)
	at pl.akademiaqa.pages.sections.TopMenuSearchSection.<init>(TopMenuSearchSection.java:21)
	at pl.akademiaqa.pages.BasePage.<init>(BasePage.java:21)
	at pl.akademiaqa.pages.sections.TopMenuSearchSection.<init>(TopMenuSearchSection.java:21)
	at pl.akademiaqa.pages.BasePage.<init>(BasePage.java:21)
	at pl.akademiaqa.pages.sections.TopMenuSearchSection.<init>(TopMenuSearchSection.java:21)
	at pl.akademiaqa.pages.BasePage.<init>(BasePage.java:21)
	at pl.akademiaqa.pages.sections.TopMenuSearchSection.<init>(TopMenuSearchSection.java:21)
	at pl.akademiaqa.pages.BasePage.<init>(BasePage.java:21)
	at pl.akademiaqa.pages.sections.TopMenuSearchSection.<init>(TopMenuSearchSection.java:21)
	at pl.akademiaqa.pages.BasePage.<init>(BasePage.java:21)
	at pl.akademiaqa.pages.sections.TopMenuSearchSection.<init>(TopMenuSearchSection.java:21)
	at pl.akademiaqa.pages.BasePage.<init>(BasePage.java:21)
	at pl.akademiaqa.pages.sections.TopMenuSearchSection.<init>(TopMenuSearchSection.java:21)
	at pl.akademiaqa.pages.BasePage.<init>(BasePage.java:21)
	at pl.akademiaqa.pages.sections.TopMenuSearchSection.<init>(TopMenuSearchSection.java:21)
	at pl.akademiaqa.pages.BasePage.<init>(BasePage.java:21)
	at pl.akademiaqa.pages.sections.TopMenuSearchSection.<init>(TopMenuSearchSection.java:21)
	at pl.akademiaqa.pages.BasePage.<init>(BasePage.java:21)
	at pl.akademiaqa.pages.sections.TopMenuSearchSection.<init>(TopMenuSearchSection.java:21)
	at pl.akademiaqa.pages.BasePage.<init>(BasePage.java:21)
	at pl.akademiaqa.pages.sections.TopMenuSearchSection.<init>(TopMenuSearchSection.java:21)
	at pl.akademiaqa.pages.BasePage.<init>(BasePage.java:21)
	at pl.akademiaqa.pages.sections.TopMenuSearchSection.<init>(TopMenuSearchSection.java:21)
	at pl.akademiaqa.pages.BasePage.<init>(BasePage.java:21)
	at pl.akademiaqa.pages.sections.TopMenuSearchSection.<init>(TopMenuSearchSection.java:21)
	at pl.akademiaqa.pages.BasePage.<init>(BasePage.java:21)
	at pl.akademiaqa.pages.sections.TopMenuSearchSection.<init>(TopMenuSearchSection.java:21)
	at pl.akademiaqa.pages.BasePage.<init>(BasePage.java:21)
	at pl.akademiaqa.pages.sections.TopMenuSearchSection.<init>(TopMenuSearchSection.java:21)
	at pl.akademiaqa.pages.BasePage.<init>(BasePage.java:21)
	at pl.akademiaqa.pages.sections.TopMenuSearchSection.<init>(TopMenuSearchSection.java:21)
	at pl.akademiaqa.pages.BasePage.<init>(BasePage.java:21)
	at pl.akademiaqa.pages.sections.TopMenuSearchSection.<init>(TopMenuSearchSection.java:21)
	at pl.akademiaqa.pages.BasePage.<init>(BasePage.java:21)
	at pl.akademiaqa.pages.sections.TopMenuSearchSection.<init>(TopMenuSearchSection.java:21)
	at pl.akademiaqa.pages.BasePage.<init>(BasePage.java:21)
	at pl.akademiaqa.pages.sections.TopMenuSearchSection.<init>(TopMenuSearchSection.java:21)
	at pl.akademiaqa.pages.BasePage.<init>(BasePage.java:21)
	at pl.akademiaqa.pages.sections.TopMenuSearchSection.<init>(TopMenuSearchSection.java:21)
	at pl.akademiaqa.pages.BasePage.<init>(BasePage.java:21)
	at pl.akademiaqa.pages.sections.TopMenuSearchSection.<init>(TopMenuSearchSection.java:21)
	at pl.akademiaqa.pages.BasePage.<init>(BasePage.java:21)
	at pl.akademiaqa.pages.sections.TopMenuSearchSection.<init>(TopMenuSearchSection.java:21)
	at pl.akademiaqa.pages.BasePage.<init>(BasePage.java:21)
	at pl.akademiaqa.pages.sections.TopMenuSearchSection.<init>(TopMenuSearchSection.java:21)
	at pl.akademiaqa.pages.BasePage.<init>(BasePage.java:21)
	at pl.akademiaqa.pages.sections.TopMenuSearchSection.<init>(TopMenuSearchSection.java:21)
	at pl.akademiaqa.pages.BasePage.<init>(BasePage.java:21)
	at pl.akademiaqa.pages.sections.TopMenuSearchSection.<init>(TopMenuSearchSection.java:21)
	at pl.akademiaqa.pages.BasePage.<init>(BasePage.java:21)
	at pl.akademiaqa.pages.sections.TopMenuSearchSection.<init>(TopMenuSearchSection.java:21)
	at pl.akademiaqa.pages.BasePage.<init>(BasePage.java:21)
	at pl.akademiaqa.pages.sections.TopMenuSearchSection.<init>(TopMenuSearchSection.java:21)
	at pl.akademiaqa.pages.BasePage.<init>(BasePage.java:21)
	at pl.akademiaqa.pages.sections.TopMenuSearchSection.<init>(TopMenuSearchSection.java:21)
	at pl.akademiaqa.pages.BasePage.<init>(BasePage.java:21)
	at pl.akademiaqa.pages.sections.TopMenuSearchSection.<init>(TopMenuSearchSection.java:21)
	at pl.akademiaqa.pages.BasePage.<init>(BasePage.java:21)
	at pl.akademiaqa.pages.sections.TopMenuSearchSection.<init>(TopMenuSearchSection.java:21)
	at pl.akademiaqa.pages.BasePage.<init>(BasePage.java:21)
	at pl.akademiaqa.pages.sections.TopMenuSearchSection.<init>(TopMenuSearchSection.java:21)
	at pl.akademiaqa.pages.BasePage.<init>(BasePage.java:21)
	at pl.akademiaqa.pages.sections.TopMenuSearchSection.<init>(TopMenuSearchSection.java:21)
	at pl.akademiaqa.pages.BasePage.<init>(BasePage.java:21)
	at pl.akademiaqa.pages.sections.TopMenuSearchSection.<init>(TopMenuSearchSection.java:21)
	at pl.akademiaqa.pages.BasePage.<init>(BasePage.java:21)
	at pl.akademiaqa.pages.sections.TopMenuSearchSection.<init>(TopMenuSearchSection.java:21)
	at pl.akademiaqa.pages.BasePage.<init>(BasePage.java:21)
	at pl.akademiaqa.pages.sections.TopMenuSearchSection.<init>(TopMenuSearchSection.java:21)
	at pl.akademiaqa.pages.BasePage.<init>(BasePage.java:21)
	at pl.akademiaqa.pages.sections.TopMenuSearchSection.<init>(TopMenuSearchSection.java:21)
	at pl.akademiaqa.pages.BasePage.<init>(BasePage.java:21)
	at pl.akademiaqa.pages.sections.TopMenuSearchSection.<init>(TopMenuSearchSection.java:21)
	at pl.akademiaqa.pages.BasePage.<init>(BasePage.java:21)
	at pl.akademiaqa.pages.sections.TopMenuSearchSection.<init>(TopMenuSearchSection.java:21)
	at pl.akademiaqa.pages.BasePage.<init>(BasePage.java:21)
	at pl.akademiaqa.pages.sections.TopMenuSearchSection.<init>(TopMenuSearchSection.java:21)
	at pl.akademiaqa.pages.BasePage.<init>(BasePage.java:21)
	at pl.akademiaqa.pages.sections.TopMenuSearchSection.<init>(TopMenuSearchSection.java:21)
	at pl.akademiaqa.pages.BasePage.<init>(BasePage.java:21)
	at pl.akademiaqa.pages.sections.TopMenuSearchSection.<init>(TopMenuSearchSection.java:21)
	at pl.akademiaqa.pages.BasePage.<init>(BasePage.java:21)
	at pl.akademiaqa.pages.sections.TopMenuSearchSection.<init>(TopMenuSearchSection.java:21)
	at pl.akademiaqa.pages.BasePage.<init>(BasePage.java:21)
	at pl.akademiaqa.pages.sections.TopMenuSearchSection.<init>(TopMenuSearchSection.java:21)
	at pl.akademiaqa.pages.BasePage.<init>(BasePage.java:21)
	at pl.akademiaqa.pages.sections.TopMenuSearchSection.<init>(TopMenuSearchSection.java:21)
	at pl.akademiaqa.pages.BasePage.<init>(BasePage.java:21)
	at pl.akademiaqa.pages.sections.TopMenuSearchSection.<init>(TopMenuSearchSection.java:21)
	at pl.akademiaqa.pages.BasePage.<init>(BasePage.java:21)
	at pl.akademiaqa.pages.sections.TopMenuSearchSection.<init>(TopMenuSearchSection.java:21)
	at pl.akademiaqa.pages.BasePage.<init>(BasePage.java:21)
	at pl.akademiaqa.pages.sections.TopMenuSearchSection.<init>(TopMenuSearchSection.java:21)
	at pl.akademiaqa.pages.BasePage.<init>(BasePage.java:21)
	at pl.akademiaqa.pages.sections.TopMenuSearchSection.<init>(TopMenuSearchSection.java:21)
	at pl.akademiaqa.pages.BasePage.<init>(BasePage.java:21)
	at pl.akademiaqa.pages.sections.TopMenuSearchSection.<init>(TopMenuSearchSection.java:21)
	at pl.akademiaqa.pages.BasePage.<init>(BasePage.java:21)
	at pl.akademiaqa.pages.sections.TopMenuSearchSection.<init>(TopMenuSearchSection.java:21)
	at pl.akademiaqa.pages.BasePage.<init>(BasePage.java:21)
	at pl.akademiaqa.pages.sections.TopMenuSearchSection.<init>(TopMenuSearchSection.java:21)
	at pl.akademiaqa.pages.BasePage.<init>(BasePage.java:21)
	at pl.akademiaqa.pages.sections.TopMenuSearchSection.<init>(TopMenuSearchSection.java:21)
	at pl.akademiaqa.pages.BasePage.<init>(BasePage.java:21)
	at pl.akademiaqa.pages.sections.TopMenuSearchSection.<init>(TopMenuSearchSection.java:21)
	at pl.akademiaqa.pages.BasePage.<init>(BasePage.java:21)
	at pl.akademiaqa.pages.sections.TopMenuSearchSection.<init>(TopMenuSearchSection.java:21)
	at pl.akademiaqa.pages.BasePage.<init>(BasePage.java:21)
	at pl.akademiaqa.pages.sections.TopMenuSearchSection.<init>(TopMenuSearchSection.java:21)
	at pl.akademiaqa.pages.BasePage.<init>(BasePage.java:21)
	at pl.akademiaqa.pages.sections.TopMenuSearchSection.<init>(TopMenuSearchSection.java:21)
	at pl.akademiaqa.pages.BasePage.<init>(BasePage.java:21)
	at pl.akademiaqa.pages.sections.TopMenuSearchSection.<init>(TopMenuSearchSection.java:21)
	at pl.akademiaqa.pages.BasePage.<init>(BasePage.java:21)
	at pl.akademiaqa.pages.sections.TopMenuSearchSection.<init>(TopMenuSearchSection.java:21)
	at pl.akademiaqa.pages.BasePage.<init>(BasePage.java:21)
	at pl.akademiaqa.pages.sections.TopMenuSearchSection.<init>(TopMenuSearchSection.java:21)
	at pl.akademiaqa.pages.BasePage.<init>(BasePage.java:21)
	at pl.akademiaqa.pages.sections.TopMenuSearchSection.<init>(TopMenuSearchSection.java:21)
	at pl.akademiaqa.pages.BasePage.<init>(BasePage.java:21)
	at pl.akademiaqa.pages.sections.TopMenuSearchSection.<init>(TopMenuSearchSection.java:21)
	at pl.akademiaqa.pages.BasePage.<init>(BasePage.java:21)
	at pl.akademiaqa.pages.sections.TopMenuSearchSection.<init>(TopMenuSearchSection.java:21)
	at pl.akademiaqa.pages.BasePage.<init>(BasePage.java:21)
	at pl.akademiaqa.pages.sections.TopMenuSearchSection.<init>(TopMenuSearchSection.java:21)
	at pl.akademiaqa.pages.BasePage.<init>(BasePage.java:21)
	at pl.akademiaqa.pages.sections.TopMenuSearchSection.<init>(TopMenuSearchSection.java:21)
	at pl.akademiaqa.pages.BasePage.<init>(BasePage.java:21)
	at pl.akademiaqa.pages.sections.TopMenuSearchSection.<init>(TopMenuSearchSection.java:21)
	at pl.akademiaqa.pages.BasePage.<init>(BasePage.java:21)
	at pl.akademiaqa.pages.sections.TopMenuSearchSection.<init>(TopMenuSearchSection.java:21)
	at pl.akademiaqa.pages.BasePage.<init>(BasePage.java:21)
	at pl.akademiaqa.pages.sections.TopMenuSearchSection.<init>(TopMenuSearchSection.java:21)
	at pl.akademiaqa.pages.BasePage.<init>(BasePage.java:21)
	at pl.akademiaqa.pages.sections.TopMenuSearchSection.<init>(TopMenuSearchSection.java:21)
	at pl.akademiaqa.pages.BasePage.<init>(BasePage.java:21)
	at pl.akademiaqa.pages.sections.TopMenuSearchSection.<init>(TopMenuSearchSection.java:21)
	at pl.akademiaqa.pages.BasePage.<init>(BasePage.java:21)
	at pl.akademiaqa.pages.sections.TopMenuSearchSection.<init>(TopMenuSearchSection.java:21)
	at pl.akademiaqa.pages.BasePage.<init>(BasePage.java:21)
	at pl.akademiaqa.pages.sections.TopMenuSearchSection.<init>(TopMenuSearchSection.java:21)
	at pl.akademiaqa.pages.BasePage.<init>(BasePage.java:21)
	at pl.akademiaqa.pages.sections.TopMenuSearchSection.<init>(TopMenuSearchSection.java:21)
	at pl.akademiaqa.pages.BasePage.<init>(BasePage.java:21)
	at pl.akademiaqa.pages.sections.TopMenuSearchSection.<init>(TopMenuSearchSection.java:21)
	at pl.akademiaqa.pages.BasePage.<init>(BasePage.java:21)
	at pl.akademiaqa.pages.sections.TopMenuSearchSection.<init>(TopMenuSearchSection.java:21)
	at pl.akademiaqa.pages.BasePage.<init>(BasePage.java:21)
	at pl.akademiaqa.pages.sections.TopMenuSearchSection.<init>(TopMenuSearchSection.java:21)
	at pl.akademiaqa.pages.BasePage.<init>(BasePage.java:21)
	at pl.akademiaqa.pages.sections.TopMenuSearchSection.<init>(TopMenuSearchSection.java:21)
	at pl.akademiaqa.pages.BasePage.<init>(BasePage.java:21)
	at pl.akademiaqa.pages.sections.TopMenuSearchSection.<init>(TopMenuSearchSection.java:21)
	at pl.akademiaqa.pages.BasePage.<init>(BasePage.java:21)
	at pl.akademiaqa.pages.sections.TopMenuSearchSection.<init>(TopMenuSearchSection.java:21)
	at pl.akademiaqa.pages.BasePage.<init>(BasePage.java:21)
	at pl.akademiaqa.pages.sections.TopMenuSearchSection.<init>(TopMenuSearchSection.java:21)
	at pl.akademiaqa.pages.BasePage.<init>(BasePage.java:21)
	at pl.akademiaqa.pages.sections.TopMenuSearchSection.<init>(TopMenuSearchSection.java:21)
	at pl.akademiaqa.pages.BasePage.<init>(BasePage.java:21)
	at pl.akademiaqa.pages.sections.TopMenuSearchSection.<init>(TopMenuSearchSection.java:21)
	at pl.akademiaqa.pages.BasePage.<init>(BasePage.java:21)
	at pl.akademiaqa.pages.sections.TopMenuSearchSection.<init>(TopMenuSearchSection.java:21)
	at pl.akademiaqa.pages.BasePage.<init>(BasePage.java:21)
	at pl.akademiaqa.pages.sections.TopMenuSearchSection.<init>(TopMenuSearchSection.java:21)
	at pl.akademiaqa.pages.BasePage.<init>(BasePage.java:21)
	at pl.akademiaqa.pages.sections.TopMenuSearchSection.<init>(TopMenuSearchSection.java:21)
	at pl.akademiaqa.pages.BasePage.<init>(BasePage.java:21)
	at pl.akademiaqa.pages.sections.TopMenuSearchSection.<init>(TopMenuSearchSection.java:21)
	at pl.akademiaqa.pages.BasePage.<init>(BasePage.java:21)
	at pl.akademiaqa.pages.sections.TopMenuSearchSection.<init>(TopMenuSearchSection.java:21)
	at pl.akademiaqa.pages.BasePage.<init>(BasePage.java:21)
	at pl.akademiaqa.pages.sections.TopMenuSearchSection.<init>(TopMenuSearchSection.java:21)
	at pl.akademiaqa.pages.BasePage.<init>(BasePage.java:21)
	at pl.akademiaqa.pages.sections.TopMenuSearchSection.<init>(TopMenuSearchSection.java:21)
	at pl.akademiaqa.pages.BasePage.<init>(BasePage.java:21)
	at pl.akademiaqa.pages.sections.TopMenuSearchSection.<init>(TopMenuSearchSection.java:21)
	at pl.akademiaqa.pages.BasePage.<init>(BasePage.java:21)
	at pl.akademiaqa.pages.sections.TopMenuSearchSection.<init>(TopMenuSearchSection.java:21)
	at pl.akademiaqa.pages.BasePage.<init>(BasePage.java:21)
	at pl.akademiaqa.pages.sections.TopMenuSearchSection.<init>(TopMenuSearchSection.java:21)
	at pl.akademiaqa.pages.BasePage.<init>(BasePage.java:21)
	at pl.akademiaqa.pages.sections.TopMenuSearchSection.<init>(TopMenuSearchSection.java:21)
	at pl.akademiaqa.pages.BasePage.<init>(BasePage.java:21)
	at pl.akademiaqa.pages.sections.TopMenuSearchSection.<init>(TopMenuSearchSection.java:21)
	at pl.akademiaqa.pages.BasePage.<init>(BasePage.java:21)
	at pl.akademiaqa.pages.sections.TopMenuSearchSection.<init>(TopMenuSearchSection.java:21)
	at pl.akademiaqa.pages.BasePage.<init>(BasePage.java:21)
	at pl.akademiaqa.pages.sections.TopMenuSearchSection.<init>(TopMenuSearchSection.java:21)
	at pl.akademiaqa.pages.BasePage.<init>(BasePage.java:21)
	at pl.akademiaqa.pages.sections.TopMenuSearchSection.<init>(TopMenuSearchSection.java:21)
	at pl.akademiaqa.pages.BasePage.<init>(BasePage.java:21)
	at pl.akademiaqa.pages.sections.TopMenuSearchSection.<init>(TopMenuSearchSection.java:21)
	at pl.akademiaqa.pages.BasePage.<init>(BasePage.java:21)
	at pl.akademiaqa.pages.sections.TopMenuSearchSection.<init>(TopMenuSearchSection.java:21)
	at pl.akademiaqa.pages.BasePage.<init>(BasePage.java:21)
	at pl.akademiaqa.pages.sections.TopMenuSearchSection.<init>(TopMenuSearchSection.java:21)
	at pl.akademiaqa.pages.BasePage.<init>(BasePage.java:21)
	at pl.akademiaqa.pages.sections.TopMenuSearchSection.<init>(TopMenuSearchSection.java:21)
	at pl.akademiaqa.pages.BasePage.<init>(BasePage.java:21)
	at pl.akademiaqa.pages.sections.TopMenuSearchSection.<init>(TopMenuSearchSection.java:21)
	at pl.akademiaqa.pages.BasePage.<init>(BasePage.java:21)
	at pl.akademiaqa.pages.sections.TopMenuSearchSection.<init>(TopMenuSearchSection.java:21)
	at pl.akademiaqa.pages.BasePage.<init>(BasePage.java:21)
	at pl.akademiaqa.pages.sections.TopMenuSearchSection.<init>(TopMenuSearchSection.java:21)
	at pl.akademiaqa.pages.BasePage.<init>(BasePage.java:21)
	at pl.akademiaqa.pages.sections.TopMenuSearchSection.<init>(TopMenuSearchSection.java:21)
	at pl.akademiaqa.pages.BasePage.<init>(BasePage.java:21)
	at pl.akademiaqa.pages.sections.TopMenuSearchSection.<init>(TopMenuSearchSection.java:21)
	at pl.akademiaqa.pages.BasePage.<init>(BasePage.java:21)
	at pl.akademiaqa.pages.sections.TopMenuSearchSection.<init>(TopMenuSearchSection.java:21)
	at pl.akademiaqa.pages.BasePage.<init>(BasePage.java:21)
	at pl.akademiaqa.pages.sections.TopMenuSearchSection.<init>(TopMenuSearchSection.java:21)
	at pl.akademiaqa.pages.BasePage.<init>(BasePage.java:21)
	at pl.akademiaqa.pages.sections.TopMenuSearchSection.<init>(TopMenuSearchSection.java:21)
	at pl.akademiaqa.pages.BasePage.<init>(BasePage.java:21)
	at pl.akademiaqa.pages.sections.TopMenuSearchSection.<init>(TopMenuSearchSection.java:21)
	at pl.akademiaqa.pages.BasePage.<init>(BasePage.java:21)
	at pl.akademiaqa.pages.sections.TopMenuSearchSection.<init>(TopMenuSearchSection.java:21)
	at pl.akademiaqa.pages.BasePage.<init>(BasePage.java:21)
	at pl.akademiaqa.pages.sections.TopMenuSearchSection.<init>(TopMenuSearchSection.java:21)
	at pl.akademiaqa.pages.BasePage.<init>(BasePage.java:21)
	at pl.akademiaqa.pages.sections.TopMenuSearchSection.<init>(TopMenuSearchSection.java:21)
	at pl.akademiaqa.pages.BasePage.<init>(BasePage.java:21)
	at pl.akademiaqa.pages.sections.TopMenuSearchSection.<init>(TopMenuSearchSection.java:21)
	at pl.akademiaqa.pages.BasePage.<init>(BasePage.java:21)
	at pl.akademiaqa.pages.sections.TopMenuSearchSection.<init>(TopMenuSearchSection.java:21)
	at pl.akademiaqa.pages.BasePage.<init>(BasePage.java:21)
	at pl.akademiaqa.pages.sections.TopMenuSearchSection.<init>(TopMenuSearchSection.java:21)
	at pl.akademiaqa.pages.BasePage.<init>(BasePage.java:21)
	at pl.akademiaqa.pages.sections.TopMenuSearchSection.<init>(TopMenuSearchSection.java:21)
	at pl.akademiaqa.pages.BasePage.<init>(BasePage.java:21)
	at pl.akademiaqa.pages.sections.TopMenuSearchSection.<init>(TopMenuSearchSection.java:21)
	at pl.akademiaqa.pages.BasePage.<init>(BasePage.java:21)
	at pl.akademiaqa.pages.sections.TopMenuSearchSection.<init>(TopMenuSearchSection.java:21)
	at pl.akademiaqa.pages.BasePage.<init>(BasePage.java:21)
	at pl.akademiaqa.pages.sections.TopMenuSearchSection.<init>(TopMenuSearchSection.java:21)
	at pl.akademiaqa.pages.BasePage.<init>(BasePage.java:21)
	at pl.akademiaqa.pages.sections.TopMenuSearchSection.<init>(TopMenuSearchSection.java:21)
	at pl.akademiaqa.pages.BasePage.<init>(BasePage.java:21)
	at pl.akademiaqa.pages.sections.TopMenuSearchSection.<init>(TopMenuSearchSection.java:21)
	at pl.akademiaqa.pages.BasePage.<init>(BasePage.java:21)
	at pl.akademiaqa.pages.sections.TopMenuSearchSection.<init>(TopMenuSearchSection.java:21)
	at pl.akademiaqa.pages.BasePage.<init>(BasePage.java:21)
	at pl.akademiaqa.pages.sections.TopMenuSearchSection.<init>(TopMenuSearchSection.java:21)
	at pl.akademiaqa.pages.BasePage.<init>(BasePage.java:21)
	at pl.akademiaqa.pages.sections.TopMenuSearchSection.<init>(TopMenuSearchSection.java:21)
	at pl.akademiaqa.pages.BasePage.<init>(BasePage.java:21)
	at pl.akademiaqa.pages.sections.TopMenuSearchSection.<init>(TopMenuSearchSection.java:21)
	at pl.akademiaqa.pages.BasePage.<init>(BasePage.java:21)
	at pl.akademiaqa.pages.sections.TopMenuSearchSection.<init>(TopMenuSearchSection.java:21)
	at pl.akademiaqa.pages.BasePage.<init>(BasePage.java:21)
	at pl.akademiaqa.pages.sections.TopMenuSearchSection.<init>(TopMenuSearchSection.java:21)
	at pl.akademiaqa.pages.BasePage.<init>(BasePage.java:21)
	at pl.akademiaqa.pages.sections.TopMenuSearchSection.<init>(TopMenuSearchSection.java:21)
	at pl.akademiaqa.pages.BasePage.<init>(BasePage.java:21)
	at pl.akademiaqa.pages.sections.TopMenuSearchSection.<init>(TopMenuSearchSection.java:21)
	at pl.akademiaqa.pages.BasePage.<init>(BasePage.java:21)
	at pl.akademiaqa.pages.sections.TopMenuSearchSection.<init>(TopMenuSearchSection.java:21)
	at pl.akademiaqa.pages.BasePage.<init>(BasePage.java:21)
	at pl.akademiaqa.pages.sections.TopMenuSearchSection.<init>(TopMenuSearchSection.java:21)
	at pl.akademiaqa.pages.BasePage.<init>(BasePage.java:21)
	at pl.akademiaqa.pages.sections.TopMenuSearchSection.<init>(TopMenuSearchSection.java:21)
	at pl.akademiaqa.pages.BasePage.<init>(BasePage.java:21)
	at pl.akademiaqa.pages.sections.TopMenuSearchSection.<init>(TopMenuSearchSection.java:21)
	at pl.akademiaqa.pages.BasePage.<init>(BasePage.java:21)
	at pl.akademiaqa.pages.sections.TopMenuSearchSection.<init>(TopMenuSearchSection.java:21)
	at pl.akademiaqa.pages.BasePage.<init>(BasePage.java:21)
	at pl.akademiaqa.pages.sections.TopMenuSearchSection.<init>(TopMenuSearchSection.java:21)
	at pl.akademiaqa.pages.BasePage.<init>(BasePage.java:21)
	at pl.akademiaqa.pages.sections.TopMenuSearchSection.<init>(TopMenuSearchSection.java:21)
	at pl.akademiaqa.pages.BasePage.<init>(BasePage.java:21)
	at pl.akademiaqa.pages.sections.TopMenuSearchSection.<init>(TopMenuSearchSection.java:21)
	at pl.akademiaqa.pages.BasePage.<init>(BasePage.java:21)
	at pl.akademiaqa.pages.sections.TopMenuSearchSection.<init>(TopMenuSearchSection.java:21)
	at pl.akademiaqa.pages.BasePage.<init>(BasePage.java:21)
	at pl.akademiaqa.pages.sections.TopMenuSearchSection.<init>(TopMenuSearchSection.java:21)
	at pl.akademiaqa.pages.BasePage.<init>(BasePage.java:21)
	at pl.akademiaqa.pages.sections.TopMenuSearchSection.<init>(TopMenuSearchSection.java:21)
	at pl.akademiaqa.pages.BasePage.<init>(BasePage.java:21)
	at pl.akademiaqa.pages.sections.TopMenuSearchSection.<init>(TopMenuSearchSection.java:21)
	at pl.akademiaqa.pages.BasePage.<init>(BasePage.java:21)
	at pl.akademiaqa.pages.sections.TopMenuSearchSection.<init>(TopMenuSearchSection.java:21)
	at pl.akademiaqa.pages.BasePage.<init>(BasePage.java:21)
	at pl.akademiaqa.pages.sections.TopMenuSearchSection.<init>(TopMenuSearchSection.java:21)
	at pl.akademiaqa.pages.BasePage.<init>(BasePage.java:21)
	at pl.akademiaqa.pages.sections.TopMenuSearchSection.<init>(TopMenuSearchSection.java:21)
	at pl.akademiaqa.pages.BasePage.<init>(BasePage.java:21)
	at pl.akademiaqa.pages.sections.TopMenuSearchSection.<init>(TopMenuSearchSection.java:21)
	at pl.akademiaqa.pages.BasePage.<init>(BasePage.java:21)
	at pl.akademiaqa.pages.sections.TopMenuSearchSection.<init>(TopMenuSearchSection.java:21)
	at pl.akademiaqa.pages.BasePage.<init>(BasePage.java:21)
	at pl.akademiaqa.pages.sections.TopMenuSearchSection.<init>(TopMenuSearchSection.java:21)
	at pl.akademiaqa.pages.BasePage.<init>(BasePage.java:21)
	at pl.akademiaqa.pages.sections.TopMenuSearchSection.<init>(TopMenuSearchSection.java:21)
	at pl.akademiaqa.pages.BasePage.<init>(BasePage.java:21)
	at pl.akademiaqa.pages.sections.TopMenuSearchSection.<init>(TopMenuSearchSection.java:21)
	at pl.akademiaqa.pages.BasePage.<init>(BasePage.java:21)
	at pl.akademiaqa.pages.sections.TopMenuSearchSection.<init>(TopMenuSearchSection.java:21)
	at pl.akademiaqa.pages.BasePage.<init>(BasePage.java:21)
	at pl.akademiaqa.pages.sections.TopMenuSearchSection.<init>(TopMenuSearchSection.java:21)
	at pl.akademiaqa.pages.BasePage.<init>(BasePage.java:21)
	at pl.akademiaqa.pages.sections.TopMenuSearchSection.<init>(TopMenuSearchSection.java:21)
	at pl.akademiaqa.pages.BasePage.<init>(BasePage.java:21)
	at pl.akademiaqa.pages.sections.TopMenuSearchSection.<init>(TopMenuSearchSection.java:21)
	at pl.akademiaqa.pages.BasePage.<init>(BasePage.java:21)
	at pl.akademiaqa.pages.sections.TopMenuSearchSection.<init>(TopMenuSearchSection.java:21)
	at pl.akademiaqa.pages.BasePage.<init>(BasePage.java:21)
	at pl.akademiaqa.pages.sections.TopMenuSearchSection.<init>(TopMenuSearchSection.java:21)
	at pl.akademiaqa.pages.BasePage.<init>(BasePage.java:21)
	at pl.akademiaqa.pages.sections.TopMenuSearchSection.<init>(TopMenuSearchSection.java:21)
	at pl.akademiaqa.pages.BasePage.<init>(BasePage.java:21)
	at pl.akademiaqa.pages.sections.TopMenuSearchSection.<init>(TopMenuSearchSection.java:21)
	at pl.akademiaqa.pages.BasePage.<init>(BasePage.java:21)
	at pl.akademiaqa.pages.sections.TopMenuSearchSection.<init>(TopMenuSearchSection.java:21)
	at pl.akademiaqa.pages.BasePage.<init>(BasePage.java:21)
	at pl.akademiaqa.pages.sections.TopMenuSearchSection.<init>(TopMenuSearchSection.java:21)
	at pl.akademiaqa.pages.BasePage.<init>(BasePage.java:21)
	at pl.akademiaqa.pages.sections.TopMenuSearchSection.<init>(TopMenuSearchSection.java:21)
	at pl.akademiaqa.pages.BasePage.<init>(BasePage.java:21)
	at pl.akademiaqa.pages.sections.TopMenuSearchSection.<init>(TopMenuSearchSection.java:21)
	at pl.akademiaqa.pages.BasePage.<init>(BasePage.java:21)
	at pl.akademiaqa.pages.sections.TopMenuSearchSection.<init>(TopMenuSearchSection.java:21)
	at pl.akademiaqa.pages.BasePage.<init>(BasePage.java:21)
	at pl.akademiaqa.pages.sections.TopMenuSearchSection.<init>(TopMenuSearchSection.java:21)
	at pl.akademiaqa.pages.BasePage.<init>(BasePage.java:21)
	at pl.akademiaqa.pages.sections.TopMenuSearchSection.<init>(TopMenuSearchSection.java:21)
	at pl.akademiaqa.pages.BasePage.<init>(BasePage.java:21)
	at pl.akademiaqa.pages.sections.TopMenuSearchSection.<init>(TopMenuSearchSection.java:21)
	at pl.akademiaqa.pages.BasePage.<init>(BasePage.java:21)
	at pl.akademiaqa.pages.sections.TopMenuSearchSection.<init>(TopMenuSearchSection.java:21)
	at pl.akademiaqa.pages.BasePage.<init>(BasePage.java:21)
	at pl.akademiaqa.pages.sections.TopMenuSearchSection.<init>(TopMenuSearchSection.java:21)
	at pl.akademiaqa.pages.BasePage.<init>(BasePage.java:21)
	at pl.akademiaqa.pages.sections.TopMenuSearchSection.<init>(TopMenuSearchSection.java:21)
	at pl.akademiaqa.pages.BasePage.<init>(BasePage.java:21)
	at pl.akademiaqa.pages.sections.TopMenuSearchSection.<init>(TopMenuSearchSection.java:21)
	at pl.akademiaqa.pages.BasePage.<init>(BasePage.java:21)
	at pl.akademiaqa.pages.sections.TopMenuSearchSection.<init>(TopMenuSearchSection.java:21)
	at pl.akademiaqa.pages.BasePage.<init>(BasePage.java:21)
	at pl.akademiaqa.pages.sections.TopMenuSearchSection.<init>(TopMenuSearchSection.java:21)
	at pl.akademiaqa.pages.BasePage.<init>(BasePage.java:21)
	at pl.akademiaqa.pages.sections.TopMenuSearchSection.<init>(TopMenuSearchSection.java:21)
	at pl.akademiaqa.pages.BasePage.<init>(BasePage.java:21)
	at pl.akademiaqa.pages.sections.TopMenuSearchSection.<init>(TopMenuSearchSection.java:21)
	at pl.akademiaqa.pages.BasePage.<init>(BasePage.java:21)
	at pl.akademiaqa.pages.sections.TopMenuSearchSection.<init>(TopMenuSearchSection.java:21)
	at pl.akademiaqa.pages.BasePage.<init>(BasePage.java:21)
	at pl.akademiaqa.pages.sections.TopMenuSearchSection.<init>(TopMenuSearchSection.java:21)
	at pl.akademiaqa.pages.BasePage.<init>(BasePage.java:21)
	at pl.akademiaqa.pages.sections.TopMenuSearchSection.<init>(TopMenuSearchSection.java:21)
	at pl.akademiaqa.pages.BasePage.<init>(BasePage.java:21)
	at pl.akademiaqa.pages.sections.TopMenuSearchSection.<init>(TopMenuSearchSection.java:21)
	at pl.akademiaqa.pages.BasePage.<init>(BasePage.java:21)
	at pl.akademiaqa.pages.sections.TopMenuSearchSection.<init>(TopMenuSearchSection.java:21)
	at pl.akademiaqa.pages.BasePage.<init>(BasePage.java:21)
	at pl.akademiaqa.pages.sections.TopMenuSearchSection.<init>(TopMenuSearchSection.java:21)
	at pl.akademiaqa.pages.BasePage.<init>(BasePage.java:21)
	at pl.akademiaqa.pages.sections.TopMenuSearchSection.<init>(TopMenuSearchSection.java:21)
	at pl.akademiaqa.pages.BasePage.<init>(BasePage.java:21)
	at pl.akademiaqa.pages.sections.TopMenuSearchSection.<init>(TopMenuSearchSection.java:21)
	at pl.akademiaqa.pages.BasePage.<init>(BasePage.java:21)
	at pl.akademiaqa.pages.sections.TopMenuSearchSection.<init>(TopMenuSearchSection.java:21)
	at pl.akademiaqa.pages.BasePage.<init>(BasePage.java:21)
	at pl.akademiaqa.pages.sections.TopMenuSearchSection.<init>(TopMenuSearchSection.java:21)
	at pl.akademiaqa.pages.BasePage.<init>(BasePage.java:21)
	at pl.akademiaqa.pages.sections.TopMenuSearchSection.<init>(TopMenuSearchSection.java:21)
	at pl.akademiaqa.pages.BasePage.<init>(BasePage.java:21)
	at pl.akademiaqa.pages.sections.TopMenuSearchSection.<init>(TopMenuSearchSection.java:21)
	at pl.akademiaqa.pages.BasePage.<init>(BasePage.java:21)
	at pl.akademiaqa.pages.sections.TopMenuSearchSection.<init>(TopMenuSearchSection.java:21)
	at pl.akademiaqa.pages.BasePage.<init>(BasePage.java:21)
	at pl.akademiaqa.pages.sections.TopMenuSearchSection.<init>(TopMenuSearchSection.java:21)
	at pl.akademiaqa.pages.BasePage.<init>(BasePage.java:21)
	at pl.akademiaqa.pages.sections.TopMenuSearchSection.<init>(TopMenuSearchSection.java:21)
	at pl.akademiaqa.pages.BasePage.<init>(BasePage.java:21)
	at pl.akademiaqa.pages.sections.TopMenuSearchSection.<init>(TopMenuSearchSection.java:21)
	at pl.akademiaqa.pages.BasePage.<init>(BasePage.java:21)
	at pl.akademiaqa.pages.sections.TopMenuSearchSection.<init>(TopMenuSearchSection.java:21)
	at pl.akademiaqa.pages.BasePage.<init>(BasePage.java:21)
	at pl.akademiaqa.pages.sections.TopMenuSearchSection.<init>(TopMenuSearchSection.java:21)
	at pl.akademiaqa.pages.BasePage.<init>(BasePage.java:21)
	at pl.akademiaqa.pages.sections.TopMenuSearchSection.<init>(TopMenuSearchSection.java:21)
	at pl.akademiaqa.pages.BasePage.<init>(BasePage.java:21)
	at pl.akademiaqa.pages.sections.TopMenuSearchSection.<init>(TopMenuSearchSection.java:21)
	at pl.akademiaqa.pages.BasePage.<init>(BasePage.java:21)
	at pl.akademiaqa.pages.sections.TopMenuSearchSection.<init>(TopMenuSearchSection.java:21)
	at pl.akademiaqa.pages.BasePage.<init>(BasePage.java:21)
	at pl.akademiaqa.pages.sections.TopMenuSearchSection.<init>(TopMenuSearchSection.java:21)
	at pl.akademiaqa.pages.BasePage.<init>(BasePage.java:21)
	at pl.akademiaqa.pages.sections.TopMenuSearchSection.<init>(TopMenuSearchSection.java:21)
	at pl.akademiaqa.pages.BasePage.<init>(BasePage.java:21)
	at pl.akademiaqa.pages.sections.TopMenuSearchSection.<init>(TopMenuSearchSection.java:21)
	at pl.akademiaqa.pages.BasePage.<init>(BasePage.java:21)
	at pl.akademiaqa.pages.sections.TopMenuSearchSection.<init>(TopMenuSearchSection.java:21)
	at pl.akademiaqa.pages.BasePage.<init>(BasePage.java:21)
	at pl.akademiaqa.pages.sections.TopMenuSearchSection.<init>(TopMenuSearchSection.java:21)
	at pl.akademiaqa.pages.BasePage.<init>(BasePage.java:21)
	at pl.akademiaqa.pages.sections.TopMenuSearchSection.<init>(TopMenuSearchSection.java:21)
	at pl.akademiaqa.pages.BasePage.<init>(BasePage.java:21)
	at pl.akademiaqa.pages.sections.TopMenuSearchSection.<init>(TopMenuSearchSection.java:21)
	at pl.akademiaqa.pages.BasePage.<init>(BasePage.java:21)
	at pl.akademiaqa.pages.sections.TopMenuSearchSection.<init>(TopMenuSearchSection.java:21)
	at pl.akademiaqa.pages.BasePage.<init>(BasePage.java:21)
	at pl.akademiaqa.pages.sections.TopMenuSearchSection.<init>(TopMenuSearchSection.java:21)
	at pl.akademiaqa.pages.BasePage.<init>(BasePage.java:21)
	at pl.akademiaqa.pages.sections.TopMenuSearchSection.<init>(TopMenuSearchSection.java:21)
	at pl.akademiaqa.pages.BasePage.<init>(BasePage.java:21)
	at pl.akademiaqa.pages.sections.TopMenuSearchSection.<init>(TopMenuSearchSection.java:21)
	at pl.akademiaqa.pages.BasePage.<init>(BasePage.java:21)
	at pl.akademiaqa.pages.sections.TopMenuSearchSection.<init>(TopMenuSearchSection.java:21)
	at pl.akademiaqa.pages.BasePage.<init>(BasePage.java:21)
	at pl.akademiaqa.pages.sections.TopMenuSearchSection.<init>(TopMenuSearchSection.java:21)
	at pl.akademiaqa.pages.BasePage.<init>(BasePage.java:21)
	at pl.akademiaqa.pages.sections.TopMenuSearchSection.<init>(TopMenuSearchSection.java:21)
	at pl.akademiaqa.pages.BasePage.<init>(BasePage.java:21)
	at pl.akademiaqa.pages.sections.TopMenuSearchSection.<init>(TopMenuSearchSection.java:21)
	at pl.akademiaqa.pages.BasePage.<init>(BasePage.java:21)
	at pl.akademiaqa.pages.sections.TopMenuSearchSection.<init>(TopMenuSearchSection.java:21)
	at pl.akademiaqa.pages.BasePage.<init>(BasePage.java:21)
	at pl.akademiaqa.pages.sections.TopMenuSearchSection.<init>(TopMenuSearchSection.java:21)
	at pl.akademiaqa.pages.BasePage.<init>(BasePage.java:21)
	at pl.akademiaqa.pages.sections.TopMenuSearchSection.<init>(TopMenuSearchSection.java:21)
	at pl.akademiaqa.pages.BasePage.<init>(BasePage.java:21)
	at pl.akademiaqa.pages.sections.TopMenuSearchSection.<init>(TopMenuSearchSection.java:21)
	at pl.akademiaqa.pages.BasePage.<init>(BasePage.java:21)
	at pl.akademiaqa.pages.sections.TopMenuSearchSection.<init>(TopMenuSearchSection.java:21)
	at pl.akademiaqa.pages.BasePage.<init>(BasePage.java:21)
	at pl.akademiaqa.pages.sections.TopMenuSearchSection.<init>(TopMenuSearchSection.java:21)
	at pl.akademiaqa.pages.BasePage.<init>(BasePage.java:21)
	at pl.akademiaqa.pages.sections.TopMenuSearchSection.<init>(TopMenuSearchSection.java:21)
	at pl.akademiaqa.pages.BasePage.<init>(BasePage.java:21)
	at pl.akademiaqa.pages.sections.TopMenuSearchSection.<init>(TopMenuSearchSection.java:21)
	at pl.akademiaqa.pages.BasePage.<init>(BasePage.java:21)
	at pl.akademiaqa.pages.sections.TopMenuSearchSection.<init>(TopMenuSearchSection.java:21)
	at pl.akademiaqa.pages.BasePage.<init>(BasePage.java:21)
	at pl.akademiaqa.pages.sections.TopMenuSearchSection.<init>(TopMenuSearchSection.java:21)
	at pl.akademiaqa.pages.BasePage.<init>(BasePage.java:21)
	at pl.akademiaqa.pages.sections.TopMenuSearchSection.<init>(TopMenuSearchSection.java:21)
	at pl.akademiaqa.pages.BasePage.<init>(BasePage.java:21)
	at pl.akademiaqa.pages.sections.TopMenuSearchSection.<init>(TopMenuSearchSection.java:21)
	at pl.akademiaqa.pages.BasePage.<init>(BasePage.java:21)
	at pl.akademiaqa.pages.sections.TopMenuSearchSection.<init>(TopMenuSearchSection.java:21)
	at pl.akademiaqa.pages.BasePage.<init>(BasePage.java:21)
	at pl.akademiaqa.pages.sections.TopMenuSearchSection.<init>(TopMenuSearchSection.java:21)
	at pl.akademiaqa.pages.BasePage.<init>(BasePage.java:21)
	at pl.akademiaqa.pages.sections.TopMenuSearchSection.<init>(TopMenuSearchSection.java:21)
	at pl.akademiaqa.pages.BasePage.<init>(BasePage.java:21)
	at pl.akademiaqa.pages.sections.TopMenuSearchSection.<init>(TopMenuSearchSection.java:21)
	at pl.akademiaqa.pages.BasePage.<init>(BasePage.java:21)
	at pl.akademiaqa.pages.sections.TopMenuSearchSection.<init>(TopMenuSearchSection.java:21)
	at pl.akademiaqa.pages.BasePage.<init>(BasePage.java:21)
	at pl.akademiaqa.pages.sections.TopMenuSearchSection.<init>(TopMenuSearchSection.java:21)
	at pl.akademiaqa.pages.BasePage.<init>(BasePage.java:21)
	at pl.akademiaqa.pages.sections.TopMenuSearchSection.<init>(TopMenuSearchSection.java:21)
	at pl.akademiaqa.pages.BasePage.<init>(BasePage.java:21)
	at pl.akademiaqa.pages.sections.TopMenuSearchSection.<init>(TopMenuSearchSection.java:21)
	at pl.akademiaqa.pages.BasePage.<init>(BasePage.java:21)
	at pl.akademiaqa.pages.sections.TopMenuSearchSection.<init>(TopMenuSearchSection.java:21)
	at pl.akademiaqa.pages.BasePage.<init>(BasePage.java:21)
	at pl.akademiaqa.pages.sections.TopMenuSearchSection.<init>(TopMenuSearchSection.java:21)
	at pl.akademiaqa.pages.BasePage.<init>(BasePage.java:21)
	at pl.akademiaqa.pages.sections.TopMenuSearchSection.<init>(TopMenuSearchSection.java:21)
	at pl.akademiaqa.pages.BasePage.<init>(BasePage.java:21)
	at pl.akademiaqa.pages.sections.TopMenuSearchSection.<init>(TopMenuSearchSection.java:21)
	at pl.akademiaqa.pages.BasePage.<init>(BasePage.java:21)
	at pl.akademiaqa.pages.sections.TopMenuSearchSection.<init>(TopMenuSearchSection.java:21)
	at pl.akademiaqa.pages.BasePage.<init>(BasePage.java:21)
	at pl.akademiaqa.pages.sections.TopMenuSearchSection.<init>(TopMenuSearchSection.java:21)
	at pl.akademiaqa.pages.BasePage.<init>(BasePage.java:21)
	at pl.akademiaqa.pages.sections.TopMenuSearchSection.<init>(TopMenuSearchSection.java:21)
	at pl.akademiaqa.pages.BasePage.<init>(BasePage.java:21)
	at pl.akademiaqa.pages.sections.TopMenuSearchSection.<init>(TopMenuSearchSection.java:21)
	at pl.akademiaqa.pages.BasePage.<init>(BasePage.java:21)
	at pl.akademiaqa.pages.sections.TopMenuSearchSection.<init>(TopMenuSearchSection.java:21)
	at pl.akademiaqa.pages.BasePage.<init>(BasePage.java:21)
	at pl.akademiaqa.pages.sections.TopMenuSearchSection.<init>(TopMenuSearchSection.java:21)
	at pl.akademiaqa.pages.BasePage.<init>(BasePage.java:21)
	at pl.akademiaqa.pages.sections.TopMenuSearchSection.<init>(TopMenuSearchSection.java:21)
	at pl.akademiaqa.pages.BasePage.<init>(BasePage.java:21)
	at pl.akademiaqa.pages.sections.TopMenuSearchSection.<init>(TopMenuSearchSection.java:21)
	at pl.akademiaqa.pages.BasePage.<init>(BasePage.java:21)
	at pl.akademiaqa.pages.sections.TopMenuSearchSection.<init>(TopMenuSearchSection.java:21)
	at pl.akademiaqa.pages.BasePage.<init>(BasePage.java:21)
	at pl.akademiaqa.pages.sections.TopMenuSearchSection.<init>(TopMenuSearchSection.java:21)
	at pl.akademiaqa.pages.BasePage.<init>(BasePage.java:21)
	at pl.akademiaqa.pages.sections.TopMenuSearchSection.<init>(TopMenuSearchSection.java:21)
	at pl.akademiaqa.pages.BasePage.<init>(BasePage.java:21)
	at pl.akademiaqa.pages.sections.TopMenuSearchSection.<init>(TopMenuSearchSection.java:21)
	at pl.akademiaqa.pages.BasePage.<init>(BasePage.java:21)
	at pl.akademiaqa.pages.sections.TopMenuSearchSection.<init>(TopMenuSearchSection.java:21)
	at pl.akademiaqa.pages.BasePage.<init>(BasePage.java:21)
	at pl.akademiaqa.pages.sections.TopMenuSearchSection.<init>(TopMenuSearchSection.java:21)
	at pl.akademiaqa.pages.BasePage.<init>(BasePage.java:21)
	at pl.akademiaqa.pages.sections.TopMenuSearchSection.<init>(TopMenuSearchSection.java:21)
	at pl.akademiaqa.pages.BasePage.<init>(BasePage.java:21)
	at pl.akademiaqa.pages.sections.TopMenuSearchSection.<init>(TopMenuSearchSection.java:21)
	at pl.akademiaqa.pages.BasePage.<init>(BasePage.java:21)
	at pl.akademiaqa.pages.sections.TopMenuSearchSection.<init>(TopMenuSearchSection.java:21)
	at pl.akademiaqa.pages.BasePage.<init>(BasePage.java:21)
	at pl.akademiaqa.pages.sections.TopMenuSearchSection.<init>(TopMenuSearchSection.java:21)
	at pl.akademiaqa.pages.BasePage.<init>(BasePage.java:21)
	at pl.akademiaqa.pages.sections.TopMenuSearchSection.<init>(TopMenuSearchSection.java:21)
	at pl.akademiaqa.pages.BasePage.<init>(BasePage.java:21)
	at pl.akademiaqa.pages.sections.TopMenuSearchSection.<init>(TopMenuSearchSection.java:21)
	at pl.akademiaqa.pages.BasePage.<init>(BasePage.java:21)
	at pl.akademiaqa.pages.sections.TopMenuSearchSection.<init>(TopMenuSearchSection.java:21)
	at pl.akademiaqa.pages.BasePage.<init>(BasePage.java:21)
	at pl.akademiaqa.pages.sections.TopMenuSearchSection.<init>(TopMenuSearchSection.java:21)
	at pl.akademiaqa.pages.BasePage.<init>(BasePage.java:21)
	at pl.akademiaqa.pages.sections.TopMenuSearchSection.<init>(TopMenuSearchSection.java:21)
	at pl.akademiaqa.pages.BasePage.<init>(BasePage.java:21)
	at pl.akademiaqa.pages.sections.TopMenuSearchSection.<init>(TopMenuSearchSection.java:21)
	at pl.akademiaqa.pages.BasePage.<init>(BasePage.java:21)
	at pl.akademiaqa.pages.sections.TopMenuSearchSection.<init>(TopMenuSearchSection.java:21)
	at pl.akademiaqa.pages.BasePage.<init>(BasePage.java:21)
	at pl.akademiaqa.pages.sections.TopMenuSearchSection.<init>(TopMenuSearchSection.java:21)
	at pl.akademiaqa.pages.BasePage.<init>(BasePage.java:21)
	at pl.akademiaqa.pages.sections.TopMenuSearchSection.<init>(TopMenuSearchSection.java:21)
	at pl.akademiaqa.pages.BasePage.<init>(BasePage.java:21)
	at pl.akademiaqa.pages.sections.TopMenuSearchSection.<init>(TopMenuSearchSection.java:21)
	at pl.akademiaqa.pages.BasePage.<init>(BasePage.java:21)
	at pl.akademiaqa.pages.sections.TopMenuSearchSection.<init>(TopMenuSearchSection.java:21)
	at pl.akademiaqa.pages.BasePage.<init>(BasePage.java:21)
	at pl.akademiaqa.pages.sections.TopMenuSearchSection.<init>(TopMenuSearchSection.java:21)
	at pl.akademiaqa.pages.BasePage.<init>(BasePage.java:21)
	at pl.akademiaqa.pages.sections.TopMenuSearchSection.<init>(TopMenuSearchSection.java:21)
	at pl.akademiaqa.pages.BasePage.<init>(BasePage.java:21)
	at pl.akademiaqa.pages.sections.TopMenuSearchSection.<init>(TopMenuSearchSection.java:21)
	at pl.akademiaqa.pages.BasePage.<init>(BasePage.java:21)
	at pl.akademiaqa.pages.sections.TopMenuSearchSection.<init>(TopMenuSearchSection.java:21)
	at pl.akademiaqa.pages.BasePage.<init>(BasePage.java:21)
	at pl.akademiaqa.pages.sections.TopMenuSearchSection.<init>(TopMenuSearchSection.java:21)
	at pl.akademiaqa.pages.BasePage.<init>(BasePage.java:21)
	at pl.akademiaqa.pages.sections.TopMenuSearchSection.<init>(TopMenuSearchSection.java:21)
	at pl.akademiaqa.pages.BasePage.<init>(BasePage.java:21)
	at pl.akademiaqa.pages.sections.TopMenuSearchSection.<init>(TopMenuSearchSection.java:21)
	at pl.akademiaqa.pages.BasePage.<init>(BasePage.java:21)
	at pl.akademiaqa.pages.sections.TopMenuSearchSection.<init>(TopMenuSearchSection.java:21)
	at pl.akademiaqa.pages.BasePage.<init>(BasePage.java:21)
	at pl.akademiaqa.pages.sections.TopMenuSearchSection.<init>(TopMenuSearchSection.java:21)
	at pl.akademiaqa.pages.BasePage.<init>(BasePage.java:21)
	at pl.akademiaqa.pages.sections.TopMenuSearchSection.<init>(TopMenuSearchSection.java:21)
	at pl.akademiaqa.pages.BasePage.<init>(BasePage.java:21)
	at pl.akademiaqa.pages.sections.TopMenuSearchSection.<init>(TopMenuSearchSection.java:21)
	at pl.akademiaqa.pages.BasePage.<init>(BasePage.java:21)
	at pl.akademiaqa.pages.sections.TopMenuSearchSection.<init>(TopMenuSearchSection.java:21)
	at pl.akademiaqa.pages.BasePage.<init>(BasePage.java:21)
	at pl.akademiaqa.pages.sections.TopMenuSearchSection.<init>(TopMenuSearchSection.java:21)
	at pl.akademiaqa.pages.BasePage.<init>(BasePage.java:21)
	at pl.akademiaqa.pages.sections.TopMenuSearchSection.<init>(TopMenuSearchSection.java:21)
	at pl.akademiaqa.pages.BasePage.<init>(BasePage.java:21)
	at pl.akademiaqa.pages.sections.TopMenuSearchSection.<init>(TopMenuSearchSection.java:21)
	at pl.akademiaqa.pages.BasePage.<init>(BasePage.java:21)
	at pl.akademiaqa.pages.sections.TopMenuSearchSection.<init>(TopMenuSearchSection.java:21)
	at pl.akademiaqa.pages.BasePage.<init>(BasePage.java:21)
	at pl.akademiaqa.pages.sections.TopMenuSearchSection.<init>(TopMenuSearchSection.java:21)
	at pl.akademiaqa.pages.BasePage.<init>(BasePage.java:21)
	at pl.akademiaqa.pages.sections.TopMenuSearchSection.<init>(TopMenuSearchSection.java:21)
	at pl.akademiaqa.pages.BasePage.<init>(BasePage.java:21)
	at pl.akademiaqa.pages.sections.TopMenuSearchSection.<init>(TopMenuSearchSection.java:21)
	at pl.akademiaqa.pages.BasePage.<init>(BasePage.java:21)
	at pl.akademiaqa.pages.sections.TopMenuSearchSection.<init>(TopMenuSearchSection.java:21)
	at pl.akademiaqa.pages.BasePage.<init>(BasePage.java:21)
	at pl.akademiaqa.pages.sections.TopMenuSearchSection.<init>(TopMenuSearchSection.java:21)
	at pl.akademiaqa.pages.BasePage.<init>(BasePage.java:21)
	at pl.akademiaqa.pages.sections.TopMenuSearchSection.<init>(TopMenuSearchSection.java:21)
	at pl.akademiaqa.pages.BasePage.<init>(BasePage.java:21)
	at pl.akademiaqa.pages.sections.TopMenuSearchSection.<init>(TopMenuSearchSection.java:21)
	at pl.akademiaqa.pages.BasePage.<init>(BasePage.java:21)
	at pl.akademiaqa.pages.sections.TopMenuSearchSection.<init>(TopMenuSearchSection.java:21)
	at pl.akademiaqa.pages.BasePage.<init>(BasePage.java:21)
	at pl.akademiaqa.pages.sections.TopMenuSearchSection.<init>(TopMenuSearchSection.java:21)
	at pl.akademiaqa.pages.BasePage.<init>(BasePage.java:21)
	at pl.akademiaqa.pages.sections.TopMenuSearchSection.<init>(TopMenuSearchSection.java:21)
	at pl.akademiaqa.pages.BasePage.<init>(BasePage.java:21)
	at pl.akademiaqa.pages.sections.TopMenuSearchSection.<init>(TopMenuSearchSection.java:21)
	at pl.akademiaqa.pages.BasePage.<init>(BasePage.java:21)
	at pl.akademiaqa.pages.sections.TopMenuSearchSection.<init>(TopMenuSearchSection.java:21)
	at pl.akademiaqa.pages.BasePage.<init>(BasePage.java:21)
	at pl.akademiaqa.pages.sections.TopMenuSearchSection.<init>(TopMenuSearchSection.java:21)
	at pl.akademiaqa.pages.BasePage.<init>(BasePage.java:21)
	at pl.akademiaqa.pages.sections.TopMenuSearchSection.<init>(TopMenuSearchSection.java:21)
	at pl.akademiaqa.pages.BasePage.<init>(BasePage.java:21)
	at pl.akademiaqa.pages.sections.TopMenuSearchSection.<init>(TopMenuSearchSection.java:21)
	at pl.akademiaqa.pages.BasePage.<init>(BasePage.java:21)
	at pl.akademiaqa.pages.sections.TopMenuSearchSection.<init>(TopMenuSearchSection.java:21)
	at pl.akademiaqa.pages.BasePage.<init>(BasePage.java:21)
	at pl.akademiaqa.pages.sections.TopMenuSearchSection.<init>(TopMenuSearchSection.java:21)
	at pl.akademiaqa.pages.BasePage.<init>(BasePage.java:21)
	at pl.akademiaqa.pages.sections.TopMenuSearchSection.<init>(TopMenuSearchSection.java:21)
	at pl.akademiaqa.pages.BasePage.<init>(BasePage.java:21)
	at pl.akademiaqa.pages.sections.TopMenuSearchSection.<init>(TopMenuSearchSection.java:21)
	at pl.akademiaqa.pages.BasePage.<init>(BasePage.java:21)
	at pl.akademiaqa.pages.sections.TopMenuSearchSection.<init>(TopMenuSearchSection.java:21)
	at pl.akademiaqa.pages.BasePage.<init>(BasePage.java:21)
	at pl.akademiaqa.pages.sections.TopMenuSearchSection.<init>(TopMenuSearchSection.java:21)
	at pl.akademiaqa.pages.BasePage.<init>(BasePage.java:21)
	at pl.akademiaqa.pages.sections.TopMenuSearchSection.<init>(TopMenuSearchSection.java:21)
	at pl.akademiaqa.pages.BasePage.<init>(BasePage.java:21)
	at pl.akademiaqa.pages.sections.TopMenuSearchSection.<init>(TopMenuSearchSection.java:21)
	at pl.akademiaqa.pages.BasePage.<init>(BasePage.java:21)
	at pl.akademiaqa.pages.sections.TopMenuSearchSection.<init>(TopMenuSearchSection.java:21)
	at pl.akademiaqa.pages.BasePage.<init>(BasePage.java:21)
	at pl.akademiaqa.pages.sections.TopMenuSearchSection.<init>(TopMenuSearchSection.java:21)
	at pl.akademiaqa.pages.BasePage.<init>(BasePage.java:21)
	at pl.akademiaqa.pages.sections.TopMenuSearchSection.<init>(TopMenuSearchSection.java:21)
	at pl.akademiaqa.pages.BasePage.<init>(BasePage.java:21)
	at pl.akademiaqa.pages.sections.TopMenuSearchSection.<init>(TopMenuSearchSection.java:21)
	at pl.akademiaqa.pages.BasePage.<init>(BasePage.java:21)
	at pl.akademiaqa.pages.sections.TopMenuSearchSection.<init>(TopMenuSearchSection.java:21)
	at pl.akademiaqa.pages.BasePage.<init>(BasePage.java:21)
	at pl.akademiaqa.pages.sections.TopMenuSearchSection.<init>(TopMenuSearchSection.java:21)
	at pl.akademiaqa.pages.BasePage.<init>(BasePage.java:21)
	at pl.akademiaqa.pages.sections.TopMenuSearchSection.<init>(TopMenuSearchSection.java:21)
	at pl.akademiaqa.pages.BasePage.<init>(BasePage.java:21)
	at pl.akademiaqa.pages.sections.TopMenuSearchSection.<init>(TopMenuSearchSection.java:21)
	at pl.akademiaqa.pages.BasePage.<init>(BasePage.java:21)
	at pl.akademiaqa.pages.sections.TopMenuSearchSection.<init>(TopMenuSearchSection.java:21)
	at pl.akademiaqa.pages.BasePage.<init>(BasePage.java:21)
	at pl.akademiaqa.pages.sections.TopMenuSearchSection.<init>(TopMenuSearchSection.java:21)
	at pl.akademiaqa.pages.BasePage.<init>(BasePage.java:21)
	at pl.akademiaqa.pages.sections.TopMenuSearchSection.<init>(TopMenuSearchSection.java:21)
	at pl.akademiaqa.pages.BasePage.<init>(BasePage.java:21)
	at pl.akademiaqa.pages.sections.TopMenuSearchSection.<init>(TopMenuSearchSection.java:21)
	at pl.akademiaqa.pages.BasePage.<init>(BasePage.java:21)
	at pl.akademiaqa.pages.sections.TopMenuSearchSection.<init>(TopMenuSearchSection.java:21)
	at pl.akademiaqa.pages.BasePage.<init>(BasePage.java:21)
	at pl.akademiaqa.pages.sections.TopMenuSearchSection.<init>(TopMenuSearchSection.java:21)
	at pl.akademiaqa.pages.BasePage.<init>(BasePage.java:21)
	at pl.akademiaqa.pages.sections.TopMenuSearchSection.<init>(TopMenuSearchSection.java:21)
	at pl.akademiaqa.pages.BasePage.<init>(BasePage.java:21)
	at pl.akademiaqa.pages.sections.TopMenuSearchSection.<init>(TopMenuSearchSection.java:21)
	at pl.akademiaqa.pages.BasePage.<init>(BasePage.java:21)
	at pl.akademiaqa.pages.sections.TopMenuSearchSection.<init>(TopMenuSearchSection.java:21)
	at pl.akademiaqa.pages.BasePage.<init>(BasePage.java:21)
	at pl.akademiaqa.pages.sections.TopMenuSearchSection.<init>(TopMenuSearchSection.java:21)
	at pl.akademiaqa.pages.BasePage.<init>(BasePage.java:21)
	at pl.akademiaqa.pages.sections.TopMenuSearchSection.<init>(TopMenuSearchSection.java:21)
	at pl.akademiaqa.pages.BasePage.<init>(BasePage.java:21)
	at pl.akademiaqa.pages.sections.TopMenuSearchSection.<init>(TopMenuSearchSection.java:21)
	at pl.akademiaqa.pages.BasePage.<init>(BasePage.java:21)
	at pl.akademiaqa.pages.sections.TopMenuSearchSection.<init>(TopMenuSearchSection.java:21)
	at pl.akademiaqa.pages.BasePage.<init>(BasePage.java:21)
	at pl.akademiaqa.pages.sections.TopMenuSearchSection.<init>(TopMenuSearchSection.java:21)
	at pl.akademiaqa.pages.BasePage.<init>(BasePage.java:21)
	at pl.akademiaqa.pages.sections.TopMenuSearchSection.<init>(TopMenuSearchSection.java:21)
	at pl.akademiaqa.pages.BasePage.<init>(BasePage.java:21)
	at pl.akademiaqa.pages.sections.TopMenuSearchSection.<init>(TopMenuSearchSection.java:21)
	at pl.akademiaqa.pages.BasePage.<init>(BasePage.java:21)
	at pl.akademiaqa.pages.sections.TopMenuSearchSection.<init>(TopMenuSearchSection.java:21)
	at pl.akademiaqa.pages.BasePage.<init>(BasePage.java:21)
	at pl.akademiaqa.pages.sections.TopMenuSearchSection.<init>(TopMenuSearchSection.java:21)
	at pl.akademiaqa.pages.BasePage.<init>(BasePage.java:21)
	at pl.akademiaqa.pages.sections.TopMenuSearchSection.<init>(TopMenuSearchSection.java:21)
	at pl.akademiaqa.pages.BasePage.<init>(BasePage.java:21)
	at pl.akademiaqa.pages.sections.TopMenuSearchSection.<init>(TopMenuSearchSection.java:21)
	at pl.akademiaqa.pages.BasePage.<init>(BasePage.java:21)
	at pl.akademiaqa.pages.sections.TopMenuSearchSection.<init>(TopMenuSearchSection.java:21)
	at pl.akademiaqa.pages.BasePage.<init>(BasePage.java:21)
	at pl.akademiaqa.pages.sections.TopMenuSearchSection.<init>(TopMenuSearchSection.java:21)
	at pl.akademiaqa.pages.BasePage.<init>(BasePage.java:21)
	at pl.akademiaqa.pages.sections.TopMenuSearchSection.<init>(TopMenuSearchSection.java:21)
	at pl.akademiaqa.pages.BasePage.<init>(BasePage.java:21)
	at pl.akademiaqa.pages.sections.TopMenuSearchSection.<init>(TopMenuSearchSection.java:21)
	at pl.akademiaqa.pages.BasePage.<init>(BasePage.java:21)
	at pl.akademiaqa.pages.sections.TopMenuSearchSection.<init>(TopMenuSearchSection.java:21)
	at pl.akademiaqa.pages.BasePage.<init>(BasePage.java:21)
	at pl.akademiaqa.pages.sections.TopMenuSearchSection.<init>(TopMenuSearchSection.java:21)
	at pl.akademiaqa.pages.BasePage.<init>(BasePage.java:21)
	at pl.akademiaqa.pages.sections.TopMenuSearchSection.<init>(TopMenuSearchSection.java:21)
	at pl.akademiaqa.pages.BasePage.<init>(BasePage.java:21)
	at pl.akademiaqa.pages.sections.TopMenuSearchSection.<init>(TopMenuSearchSection.java:21)
	at pl.akademiaqa.pages.BasePage.<init>(BasePage.java:21)
	at pl.akademiaqa.pages.sections.TopMenuSearchSection.<init>(TopMenuSearchSection.java:21)
	at pl.akademiaqa.pages.BasePage.<init>(BasePage.java:21)
	at pl.akademiaqa.pages.sections.TopMenuSearchSection.<init>(TopMenuSearchSection.java:21)
	at pl.akademiaqa.pages.BasePage.<init>(BasePage.java:21)
	at pl.akademiaqa.pages.sections.TopMenuSearchSection.<init>(TopMenuSearchSection.java:21)
	at pl.akademiaqa.pages.BasePage.<init>(BasePage.java:21)
	at pl.akademiaqa.pages.sections.TopMenuSearchSection.<init>(TopMenuSearchSection.java:21)
	at pl.akademiaqa.pages.BasePage.<init>(BasePage.java:21)
	at pl.akademiaqa.pages.sections.TopMenuSearchSection.<init>(TopMenuSearchSection.java:21)
	at pl.akademiaqa.pages.BasePage.<init>(BasePage.java:21)
	at pl.akademiaqa.pages.sections.TopMenuSearchSection.<init>(TopMenuSearchSection.java:21)
	at pl.akademiaqa.pages.BasePage.<init>(BasePage.java:21)
	at pl.akademiaqa.pages.sections.TopMenuSearchSection.<init>(TopMenuSearchSection.java:21)
	at pl.akademiaqa.pages.BasePage.<init>(BasePage.java:21)
	at pl.akademiaqa.pages.sections.TopMenuSearchSection.<init>(TopMenuSearchSection.java:21)
	at pl.akademiaqa.pages.BasePage.<init>(BasePage.java:21)
	at pl.akademiaqa.pages.sections.TopMenuSearchSection.<init>(TopMenuSearchSection.java:21)
	at pl.akademiaqa.pages.BasePage.<init>(BasePage.java:21)
	at pl.akademiaqa.pages.sections.TopMenuSearchSection.<init>(TopMenuSearchSection.java:21)
	at pl.akademiaqa.pages.BasePage.<init>(BasePage.java:21)
	at pl.akademiaqa.pages.sections.TopMenuSearchSection.<init>(TopMenuSearchSection.java:21)
	at pl.akademiaqa.pages.BasePage.<init>(BasePage.java:21)
	at pl.akademiaqa.pages.sections.TopMenuSearchSection.<init>(TopMenuSearchSection.java:21)
	at pl.akademiaqa.pages.BasePage.<init>(BasePage.java:21)
	at pl.akademiaqa.pages.sections.TopMenuSearchSection.<init>(TopMenuSearchSection.java:21)
	at pl.akademiaqa.pages.BasePage.<init>(BasePage.java:21)
	at pl.akademiaqa.pages.sections.TopMenuSearchSection.<init>(TopMenuSearchSection.java:21)
	at pl.akademiaqa.pages.BasePage.<init>(BasePage.java:21)
	at pl.akademiaqa.pages.sections.TopMenuSearchSection.<init>(TopMenuSearchSection.java:21)
	at pl.akademiaqa.pages.BasePage.<init>(BasePage.java:21)
	at pl.akademiaqa.pages.sections.TopMenuSearchSection.<init>(TopMenuSearchSection.java:21)
	at pl.akademiaqa.pages.BasePage.<init>(BasePage.java:21)
	at pl.akademiaqa.pages.sections.TopMenuSearchSection.<init>(TopMenuSearchSection.java:21)
	at pl.akademiaqa.pages.BasePage.<init>(BasePage.java:21)
	at pl.akademiaqa.pages.sections.TopMenuSearchSection.<init>(TopMenuSearchSection.java:21)
	at pl.akademiaqa.pages.BasePage.<init>(BasePage.java:21)
	at pl.akademiaqa.pages.sections.TopMenuSearchSection.<init>(TopMenuSearchSection.java:21)
	at pl.akademiaqa.pages.BasePage.<init>(BasePage.java:21)
	at pl.akademiaqa.pages.sections.TopMenuSearchSection.<init>(TopMenuSearchSection.java:21)
	at pl.akademiaqa.pages.BasePage.<init>(BasePage.java:21)
	at pl.akademiaqa.pages.sections.TopMenuSearchSection.<init>(TopMenuSearchSection.java:21)
	at pl.akademiaqa.pages.BasePage.<init>(BasePage.java:21)
	at pl.akademiaqa.pages.sections.TopMenuSearchSection.<init>(TopMenuSearchSection.java:21)
	at pl.akademiaqa.pages.BasePage.<init>(BasePage.java:21)
	at pl.akademiaqa.pages.sections.TopMenuSearchSection.<init>(TopMenuSearchSection.java:21)
	at pl.akademiaqa.pages.BasePage.<init>(BasePage.java:21)
	at pl.akademiaqa.pages.sections.TopMenuSearchSection.<init>(TopMenuSearchSection.java:21)
	at pl.akademiaqa.pages.BasePage.<init>(BasePage.java:21)
	at pl.akademiaqa.pages.sections.TopMenuSearchSection.<init>(TopMenuSearchSection.java:21)
	at pl.akademiaqa.pages.BasePage.<init>(BasePage.java:21)
	at pl.akademiaqa.pages.sections.TopMenuSearchSection.<init>(TopMenuSearchSection.java:21)
	at pl.akademiaqa.pages.BasePage.<init>(BasePage.java:21)
	at pl.akademiaqa.pages.sections.TopMenuSearchSection.<init>(TopMenuSearchSection.java:21)
	at pl.akademiaqa.pages.BasePage.<init>(BasePage.java:21)
	at pl.akademiaqa.pages.sections.TopMenuSearchSection.<init>(TopMenuSearchSection.java:21)
	at pl.akademiaqa.pages.BasePage.<init>(BasePage.java:21)
	at pl.akademiaqa.pages.sections.TopMenuSearchSection.<init>(TopMenuSearchSection.java:21)
	at pl.akademiaqa.pages.BasePage.<init>(BasePage.java:21)
	at pl.akademiaqa.pages.sections.TopMenuSearchSection.<init>(TopMenuSearchSection.java:21)
	at pl.akademiaqa.pages.BasePage.<init>(BasePage.java:21)
	at pl.akademiaqa.pages.sections.TopMenuSearchSection.<init>(TopMenuSearchSection.java:21)
	at pl.akademiaqa.pages.BasePage.<init>(BasePage.java:21)
	at pl.akademiaqa.pages.sections.TopMenuSearchSection.<init>(TopMenuSearchSection.java:21)
	at pl.akademiaqa.pages.BasePage.<init>(BasePage.java:21)
	at pl.akademiaqa.pages.sections.TopMenuSearchSection.<init>(TopMenuSearchSection.java:21)
	at pl.akademiaqa.pages.BasePage.<init>(BasePage.java:21)
	at pl.akademiaqa.pages.sections.TopMenuSearchSection.<init>(TopMenuSearchSection.java:21)
	at pl.akademiaqa.pages.BasePage.<init>(BasePage.java:21)
	at pl.akademiaqa.pages.sections.TopMenuSearchSection.<init>(TopMenuSearchSection.java:21)
	at pl.akademiaqa.pages.BasePage.<init>(BasePage.java:21)
	at pl.akademiaqa.pages.sections.TopMenuSearchSection.<init>(TopMenuSearchSection.java:21)
	at pl.akademiaqa.pages.BasePage.<init>(BasePage.java:21)
	at pl.akademiaqa.pages.sections.TopMenuSearchSection.<init>(TopMenuSearchSection.java:21)
	at pl.akademiaqa.pages.BasePage.<init>(BasePage.java:21)
	at pl.akademiaqa.pages.sections.TopMenuSearchSection.<init>(TopMenuSearchSection.java:21)
	at pl.akademiaqa.pages.BasePage.<init>(BasePage.java:21)
	at pl.akademiaqa.pages.sections.TopMenuSearchSection.<init>(TopMenuSearchSection.java:21)
	at pl.akademiaqa.pages.BasePage.<init>(BasePage.java:21)
	at pl.akademiaqa.pages.sections.TopMenuSearchSection.<init>(TopMenuSearchSection.java:21)
	at pl.akademiaqa.pages.BasePage.<init>(BasePage.java:21)
	at pl.akademiaqa.pages.sections.TopMenuSearchSection.<init>(TopMenuSearchSection.java:21)
	at pl.akademiaqa.pages.BasePage.<init>(BasePage.java:21)
	at pl.akademiaqa.pages.sections.TopMenuSearchSection.<init>(TopMenuSearchSection.java:21)
	at pl.akademiaqa.pages.BasePage.<init>(BasePage.java:21)
	at pl.akademiaqa.pages.sections.TopMenuSearchSection.<init>(TopMenuSearchSection.java:21)
	at pl.akademiaqa.pages.BasePage.<init>(BasePage.java:21)
	at pl.akademiaqa.pages.sections.TopMenuSearchSection.<init>(TopMenuSearchSection.java:21)
	at pl.akademiaqa.pages.BasePage.<init>(BasePage.java:21)
	at pl.akademiaqa.pages.sections.TopMenuSearchSection.<init>(TopMenuSearchSection.java:21)
	at pl.akademiaqa.pages.BasePage.<init>(BasePage.java:21)
	at pl.akademiaqa.pages.sections.TopMenuSearchSection.<init>(TopMenuSearchSection.java:21)
	at pl.akademiaqa.pages.BasePage.<init>(BasePage.java:21)
	at pl.akademiaqa.pages.sections.TopMenuSearchSection.<init>(TopMenuSearchSection.java:21)
	at pl.akademiaqa.pages.BasePage.<init>(BasePage.java:21)
	at pl.akademiaqa.pages.sections.TopMenuSearchSection.<init>(TopMenuSearchSection.java:21)
	at pl.akademiaqa.pages.BasePage.<init>(BasePage.java:21)
	at pl.akademiaqa.pages.sections.TopMenuSearchSection.<init>(TopMenuSearchSection.java:21)
	at pl.akademiaqa.pages.BasePage.<init>(BasePage.java:21)
	at pl.akademiaqa.pages.sections.TopMenuSearchSection.<init>(TopMenuSearchSection.java:21)
	at pl.akademiaqa.pages.BasePage.<init>(BasePage.java:21)
	at pl.akademiaqa.pages.sections.TopMenuSearchSection.<init>(TopMenuSearchSection.java:21)
	at pl.akademiaqa.pages.BasePage.<init>(BasePage.java:21)
	at pl.akademiaqa.pages.sections.TopMenuSearchSection.<init>(TopMenuSearchSection.java:21)
	at pl.akademiaqa.pages.BasePage.<init>(BasePage.java:21)
	at pl.akademiaqa.pages.sections.TopMenuSearchSection.<init>(TopMenuSearchSection.java:21)
	at pl.akademiaqa.pages.BasePage.<init>(BasePage.java:21)
	at pl.akademiaqa.pages.sections.TopMenuSearchSection.<init>(TopMenuSearchSection.java:21)
	at pl.akademiaqa.pages.BasePage.<init>(BasePage.java:21)
	at pl.akademiaqa.pages.sections.TopMenuSearchSection.<init>(TopMenuSearchSection.java:21)
	at pl.akademiaqa.pages.BasePage.<init>(BasePage.java:21)
	at pl.akademiaqa.pages.sections.TopMenuSearchSection.<init>(TopMenuSearchSection.java:21)
	at pl.akademiaqa.pages.BasePage.<init>(BasePage.java:21)
	at pl.akademiaqa.pages.sections.TopMenuSearchSection.<init>(TopMenuSearchSection.java:21)
	at pl.akademiaqa.pages.BasePage.<init>(BasePage.java:21)
	at pl.akademiaqa.pages.sections.TopMenuSearchSection.<init>(TopMenuSearchSection.java:21)
	at pl.akademiaqa.pages.BasePage.<init>(BasePage.java:21)
	at pl.akademiaqa.pages.sections.TopMenuSearchSection.<init>(TopMenuSearchSection.java:21)
	at pl.akademiaqa.pages.BasePage.<init>(BasePage.java:21)
	at pl.akademiaqa.pages.sections.TopMenuSearchSection.<init>(TopMenuSearchSection.java:21)
	at pl.akademiaqa.pages.BasePage.<init>(BasePage.java:21)
	at pl.akademiaqa.pages.sections.TopMenuSearchSection.<init>(TopMenuSearchSection.java:21)
	at pl.akademiaqa.pages.BasePage.<init>(BasePage.java:21)
	at pl.akademiaqa.pages.sections.TopMenuSearchSection.<init>(TopMenuSearchSection.java:21)
	at pl.akademiaqa.pages.BasePage.<init>(BasePage.java:21)
	at pl.akademiaqa.pages.sections.TopMenuSearchSection.<init>(TopMenuSearchSection.java:21)
	at pl.akademiaqa.pages.BasePage.<init>(BasePage.java:21)
	at pl.akademiaqa.pages.sections.TopMenuSearchSection.<init>(TopMenuSearchSection.java:21)
	at pl.akademiaqa.pages.BasePage.<init>(BasePage.java:21)
	at pl.akademiaqa.pages.sections.TopMenuSearchSection.<init>(TopMenuSearchSection.java:21)
	at pl.akademiaqa.pages.BasePage.<init>(BasePage.java:21)
	at pl.akademiaqa.pages.sections.TopMenuSearchSection.<init>(TopMenuSearchSection.java:21)
	at pl.akademiaqa.pages.BasePage.<init>(BasePage.java:21)
	at pl.akademiaqa.pages.sections.TopMenuSearchSection.<init>(TopMenuSearchSection.java:21)
	at pl.akademiaqa.pages.BasePage.<init>(BasePage.java:21)
	at pl.akademiaqa.pages.sections.TopMenuSearchSection.<init>(TopMenuSearchSection.java:21)
	at pl.akademiaqa.pages.BasePage.<init>(BasePage.java:21)
	at pl.akademiaqa.pages.sections.TopMenuSearchSection.<init>(TopMenuSearchSection.java:21)
	at pl.akademiaqa.pages.BasePage.<init>(BasePage.java:21)
	at pl.akademiaqa.pages.sections.TopMenuSearchSection.<init>(TopMenuSearchSection.java:21)
	at pl.akademiaqa.pages.BasePage.<init>(BasePage.java:21)
	at pl.akademiaqa.pages.sections.TopMenuSearchSection.<init>(TopMenuSearchSection.java:21)
	at pl.akademiaqa.pages.BasePage.<init>(BasePage.java:21)
	at pl.akademiaqa.pages.sections.TopMenuSearchSection.<init>(TopMenuSearchSection.java:21)
	at pl.akademiaqa.pages.BasePage.<init>(BasePage.java:21)
	at pl.akademiaqa.pages.sections.TopMenuSearchSection.<init>(TopMenuSearchSection.java:21)
	at pl.akademiaqa.pages.BasePage.<init>(BasePage.java:21)
	at pl.akademiaqa.pages.sections.TopMenuSearchSection.<init>(TopMenuSearchSection.java:21)
	at pl.akademiaqa.pages.BasePage.<init>(BasePage.java:21)
	at pl.akademiaqa.pages.sections.TopMenuSearchSection.<init>(TopMenuSearchSection.java:21)
	at pl.akademiaqa.pages.BasePage.<init>(BasePage.java:21)
	at pl.akademiaqa.pages.sections.TopMenuSearchSection.<init>(TopMenuSearchSection.java:21)
	at pl.akademiaqa.pages.BasePage.<init>(BasePage.java:21)
	at pl.akademiaqa.pages.sections.TopMenuSearchSection.<init>(TopMenuSearchSection.java:21)
	at pl.akademiaqa.pages.BasePage.<init>(BasePage.java:21)
	at pl.akademiaqa.pages.sections.TopMenuSearchSection.<init>(TopMenuSearchSection.java:21)
	at pl.akademiaqa.pages.BasePage.<init>(BasePage.java:21)
	at pl.akademiaqa.pages.sections.TopMenuSearchSection.<init>(TopMenuSearchSection.java:21)
	at pl.akademiaqa.pages.BasePage.<init>(BasePage.java:21)
	at pl.akademiaqa.pages.sections.TopMenuSearchSection.<init>(TopMenuSearchSection.java:21)
	at pl.akademiaqa.pages.BasePage.<init>(BasePage.java:21)
	at pl.akademiaqa.pages.sections.TopMenuSearchSection.<init>(TopMenuSearchSection.java:21)
	at pl.akademiaqa.pages.BasePage.<init>(BasePage.java:21)
	at pl.akademiaqa.pages.sections.TopMenuSearchSection.<init>(TopMenuSearchSection.java:21)
	at pl.akademiaqa.pages.BasePage.<init>(BasePage.java:21)
	at pl.akademiaqa.pages.sections.TopMenuSearchSection.<init>(TopMenuSearchSection.java:21)
	at pl.akademiaqa.pages.BasePage.<init>(BasePage.java:21)
	at pl.akademiaqa.pages.sections.TopMenuSearchSection.<init>(TopMenuSearchSection.java:21)
	at pl.akademiaqa.pages.BasePage.<init>(BasePage.java:21)
	at pl.akademiaqa.pages.sections.TopMenuSearchSection.<init>(TopMenuSearchSection.java:21)
	at pl.akademiaqa.pages.BasePage.<init>(BasePage.java:21)
	at pl.akademiaqa.pages.sections.TopMenuSearchSection.<init>(TopMenuSearchSection.java:21)
	at pl.akademiaqa.pages.BasePage.<init>(BasePage.java:21)
	at pl.akademiaqa.pages.sections.TopMenuSearchSection.<init>(TopMenuSearchSection.java:21)
	at pl.akademiaqa.pages.BasePage.<init>(BasePage.java:21)
	at pl.akademiaqa.pages.sections.TopMenuSearchSection.<init>(TopMenuSearchSection.java:21)
	at pl.akademiaqa.pages.BasePage.<init>(BasePage.java:21)
	at pl.akademiaqa.pages.sections.TopMenuSearchSection.<init>(TopMenuSearchSection.java:21)
	at pl.akademiaqa.pages.BasePage.<init>(BasePage.java:21)
	at pl.akademiaqa.pages.sections.TopMenuSearchSection.<init>(TopMenuSearchSection.java:21)
	at pl.akademiaqa.pages.BasePage.<init>(BasePage.java:21)
	at pl.akademiaqa.pages.sections.TopMenuSearchSection.<init>(TopMenuSearchSection.java:21)
	at pl.akademiaqa.pages.BasePage.<init>(BasePage.java:21)
	at pl.akademiaqa.pages.sections.TopMenuSearchSection.<init>(TopMenuSearchSection.java:21)
	at pl.akademiaqa.pages.BasePage.<init>(BasePage.java:21)
	at pl.akademiaqa.pages.sections.TopMenuSearchSection.<init>(TopMenuSearchSection.java:21)
	at pl.akademiaqa.pages.BasePage.<init>(BasePage.java:21)
	at pl.akademiaqa.pages.sections.TopMenuSearchSection.<init>(TopMenuSearchSection.java:21)
	at pl.akademiaqa.pages.BasePage.<init>(BasePage.java:21)
	at pl.akademiaqa.pages.sections.TopMenuSearchSection.<init>(TopMenuSearchSection.java:21)
	at pl.akademiaqa.pages.BasePage.<init>(BasePage.java:21)
	at pl.akademiaqa.pages.sections.TopMenuSearchSection.<init>(TopMenuSearchSection.java:21)
	at pl.akademiaqa.pages.BasePage.<init>(BasePage.java:21)
	at pl.akademiaqa.pages.sections.TopMenuSearchSection.<init>(TopMenuSearchSection.java:21)
	at pl.akademiaqa.pages.BasePage.<init>(BasePage.java:21)
	at pl.akademiaqa.pages.sections.TopMenuSearchSection.<init>(TopMenuSearchSection.java:21)
	at pl.akademiaqa.pages.BasePage.<init>(BasePage.java:21)
	at pl.akademiaqa.pages.sections.TopMenuSearchSection.<init>(TopMenuSearchSection.java:21)
	at pl.akademiaqa.pages.BasePage.<init>(BasePage.java:21)
	at pl.akademiaqa.pages.sections.TopMenuSearchSection.<init>(TopMenuSearchSection.java:21)
	at pl.akademiaqa.pages.BasePage.<init>(BasePage.java:21)
	at pl.akademiaqa.pages.sections.TopMenuSearchSection.<init>(TopMenuSearchSection.java:21)
	at pl.akademiaqa.pages.BasePage.<init>(BasePage.java:21)
	at pl.akademiaqa.pages.sections.TopMenuSearchSection.<init>(TopMenuSearchSection.java:21)
	at pl.akademiaqa.pages.BasePage.<init>(BasePage.java:21)
	at pl.akademiaqa.pages.sections.TopMenuSearchSection.<init>(TopMenuSearchSection.java:21)
	at pl.akademiaqa.pages.BasePage.<init>(BasePage.java:21)
	at pl.akademiaqa.pages.sections.TopMenuSearchSection.<init>(TopMenuSearchSection.java:21)
	at pl.akademiaqa.pages.BasePage.<init>(BasePage.java:21)
	at pl.akademiaqa.pages.sections.TopMenuSearchSection.<init>(TopMenuSearchSection.java:21)
	at pl.akademiaqa.pages.BasePage.<init>(BasePage.java:21)
	at pl.akademiaqa.pages.sections.TopMenuSearchSection.<init>(TopMenuSearchSection.java:21)
	at pl.akademiaqa.pages.BasePage.<init>(BasePage.java:21)
	at pl.akademiaqa.pages.sections.TopMenuSearchSection.<init>(TopMenuSearchSection.java:21)
	at pl.akademiaqa.pages.BasePage.<init>(BasePage.java:21)
	at pl.akademiaqa.pages.sections.TopMenuSearchSection.<init>(TopMenuSearchSection.java:21)
	at pl.akademiaqa.pages.BasePage.<init>(BasePage.java:21)
	at pl.akademiaqa.pages.sections.TopMenuSearchSection.<init>(TopMenuSearchSection.java:21)
	at pl.akademiaqa.pages.BasePage.<init>(BasePage.java:21)
	at pl.akademiaqa.pages.sections.TopMenuSearchSection.<init>(TopMenuSearchSection.java:21)
	at pl.akademiaqa.pages.BasePage.<init>(BasePage.java:21)
	at pl.akademiaqa.pages.sections.TopMenuSearchSection.<init>(TopMenuSearchSection.java:21)
	at pl.akademiaqa.pages.BasePage.<init>(BasePage.java:21)
	at pl.akademiaqa.pages.sections.TopMenuSearchSection.<init>(TopMenuSearchSection.java:21)
	at pl.akademiaqa.pages.BasePage.<init>(BasePage.java:21)
	at pl.akademiaqa.pages.sections.TopMenuSearchSection.<init>(TopMenuSearchSection.java:21)
	at pl.akademiaqa.pages.BasePage.<init>(BasePage.java:21)
	at pl.akademiaqa.pages.sections.TopMenuSearchSection.<init>(TopMenuSearchSection.java:21)
	at pl.akademiaqa.pages.BasePage.<init>(BasePage.java:21)
	at pl.akademiaqa.pages.sections.TopMenuSearchSection.<init>(TopMenuSearchSection.java:21)
	at pl.akademiaqa.pages.BasePage.<init>(BasePage.java:21)
	at pl.akademiaqa.pages.sections.TopMenuSearchSection.<init>(TopMenuSearchSection.java:21)
	at pl.akademiaqa.pages.BasePage.<init>(BasePage.java:21)
	at pl.akademiaqa.pages.sections.TopMenuSearchSection.<init>(TopMenuSearchSection.java:21)
	at pl.akademiaqa.pages.BasePage.<init>(BasePage.java:21)
	at pl.akademiaqa.pages.sections.TopMenuSearchSection.<init>(TopMenuSearchSection.java:21)
	at pl.akademiaqa.pages.BasePage.<init>(BasePage.java:21)
	at pl.akademiaqa.pages.sections.TopMenuSearchSection.<init>(TopMenuSearchSection.java:21)
	at pl.akademiaqa.pages.BasePage.<init>(BasePage.java:21)
	at pl.akademiaqa.pages.sections.TopMenuSearchSection.<init>(TopMenuSearchSection.java:21)
	at pl.akademiaqa.pages.BasePage.<init>(BasePage.java:21)
	at pl.akademiaqa.pages.sections.TopMenuSearchSection.<init>(TopMenuSearchSection.java:21)

