-------------------------------------------------------------------------------
Test set: pl.akademiaqa.tests.PurchaseTest
-------------------------------------------------------------------------------
Tests run: 1, Failures: 0, Errors: 1, Skipped: 0, Time elapsed: 1.054 s <<< FAILURE! - in pl.akademiaqa.tests.PurchaseTest
pl.akademiaqa.tests.PurchaseTest.should_purchase_product_test_version2  Time elapsed: 0.267 s  <<< ERROR!
java.lang.StackOverflowError
	at pl.akademiaqa.pages.BasePage.<init>(BasePage.java:21)
	at pl.akademiaqa.pages.sections.TopMenuSearchSection.<init>(TopMenuSearchSection.java:21)
	at pl.akademiaqa.pages.BasePage.<init>(BasePage.java:21)
	at pl.akademiaqa.pages.sections.TopMenuSearchSection.<init>(TopMenuSearchSection.java:21)
	at pl.akademiaqa.pages.BasePage.<init>(BasePage.java:21)
	at pl.akademiaqa.pages.sections.TopMenuSearchSection.<init>(TopMenuSearchSection.java:21)
	at pl.akademiaqa.pages.BasePage.<init>(BasePage.java:21)
	at pl.akademiaqa.pages.sections.TopMenuSearchSection.<init>(TopMenuSearchSection.java:21)
	at pl.akademiaqa.pages.BasePage.<init>(BasePage.java:21)
	at pl.akademiaqa.pages.sections.TopMenuSearchSection.<init>(TopMenuSearchSection.java:21)
	at pl.akademiaqa.pages.BasePage.<init>(BasePage.java:21)
	at pl.akademiaqa.pages.sections.TopMenuSearchSection.<init>(TopMenuSearchSection.java:21)
	at pl.akademiaqa.pages.BasePage.<init>(BasePage.java:21)
	at pl.akademiaqa.pages.sections.TopMenuSearchSection.<init>(TopMenuSearchSection.java:21)
	at pl.akademiaqa.pages.BasePage.<init>(BasePage.java:21)
	at pl.akademiaqa.pages.sections.TopMenuSearchSection.<init>(TopMenuSearchSection.java:21)
	at pl.akademiaqa.pages.BasePage.<init>(BasePage.java:21)
	at pl.akademiaqa.pages.sections.TopMenuSearchSection.<init>(TopMenuSearchSection.java:21)
	at pl.akademiaqa.pages.BasePage.<init>(BasePage.java:21)
	at pl.akademiaqa.pages.sections.TopMenuSearchSection.<init>(TopMenuSearchSection.java:21)
	at pl.akademiaqa.pages.BasePage.<init>(BasePage.java:21)
	at pl.akademiaqa.pages.sections.TopMenuSearchSection.<init>(TopMenuSearchSection.java:21)
	at pl.akademiaqa.pages.BasePage.<init>(BasePage.java:21)
	at pl.akademiaqa.pages.sections.TopMenuSearchSection.<init>(TopMenuSearchSection.java:21)
	at pl.akademiaqa.pages.BasePage.<init>(BasePage.java:21)
	at pl.akademiaqa.pages.sections.TopMenuSearchSection.<init>(TopMenuSearchSection.java:21)
	at pl.akademiaqa.pages.BasePage.<init>(BasePage.java:21)
	at pl.akademiaqa.pages.sections.TopMenuSearchSection.<init>(TopMenuSearchSection.java:21)
	at pl.akademiaqa.pages.BasePage.<init>(BasePage.java:21)
	at pl.akademiaqa.pages.sections.TopMenuSearchSection.<init>(TopMenuSearchSection.java:21)
	at pl.akademiaqa.pages.BasePage.<init>(BasePage.java:21)
	at pl.akademiaqa.pages.sections.TopMenuSearchSection.<init>(TopMenuSearchSection.java:21)
	at pl.akademiaqa.pages.BasePage.<init>(BasePage.java:21)
	at pl.akademiaqa.pages.sections.TopMenuSearchSection.<init>(TopMenuSearchSection.java:21)
	at pl.akademiaqa.pages.BasePage.<init>(BasePage.java:21)
	at pl.akademiaqa.pages.sections.TopMenuSearchSection.<init>(TopMenuSearchSection.java:21)
	at pl.akademiaqa.pages.BasePage.<init>(BasePage.java:21)
	at pl.akademiaqa.pages.sections.TopMenuSearchSection.<init>(TopMenuSearchSection.java:21)
	at pl.akademiaqa.pages.BasePage.<init>(BasePage.java:21)
	at pl.akademiaqa.pages.sections.TopMenuSearchSection.<init>(TopMenuSearchSection.java:21)
	at pl.akademiaqa.pages.BasePage.<init>(BasePage.java:21)
	at pl.akademiaqa.pages.sections.TopMenuSearchSection.<init>(TopMenuSearchSection.java:21)
	at pl.akademiaqa.pages.BasePage.<init>(BasePage.java:21)
	at pl.akademiaqa.pages.sections.TopMenuSearchSection.<init>(TopMenuSearchSection.java:21)
	at pl.akademiaqa.pages.BasePage.<init>(BasePage.java:21)
	at pl.akademiaqa.pages.sections.TopMenuSearchSection.<init>(TopMenuSearchSection.java:21)
	at pl.akademiaqa.pages.BasePage.<init>(BasePage.java:21)
	at pl.akademiaqa.pages.sections.TopMenuSearchSection.<init>(TopMenuSearchSection.java:21)
	at pl.akademiaqa.pages.BasePage.<init>(BasePage.java:21)
	at pl.akademiaqa.pages.sections.TopMenuSearchSection.<init>(TopMenuSearchSection.java:21)
	at pl.akademiaqa.pages.BasePage.<init>(BasePage.java:21)
	at pl.akademiaqa.pages.sections.TopMenuSearchSection.<init>(TopMenuSearchSection.java:21)
	at pl.akademiaqa.pages.BasePage.<init>(BasePage.java:21)
	at pl.akademiaqa.pages.sections.TopMenuSearchSection.<init>(TopMenuSearchSection.java:21)
	at pl.akademiaqa.pages.BasePage.<init>(BasePage.java:21)
	at pl.akademiaqa.pages.sections.TopMenuSearchSection.<init>(TopMenuSearchSection.java:21)
	at pl.akademiaqa.pages.BasePage.<init>(BasePage.java:21)
	at pl.akademiaqa.pages.sections.TopMenuSearchSection.<init>(TopMenuSearchSection.java:21)
	at pl.akademiaqa.pages.BasePage.<init>(BasePage.java:21)
	at pl.akademiaqa.pages.sections.TopMenuSearchSection.<init>(TopMenuSearchSection.java:21)
	at pl.akademiaqa.pages.BasePage.<init>(BasePage.java:21)
	at pl.akademiaqa.pages.sections.TopMenuSearchSection.<init>(TopMenuSearchSection.java:21)
	at pl.akademiaqa.pages.BasePage.<init>(BasePage.java:21)
	at pl.akademiaqa.pages.sections.TopMenuSearchSection.<init>(TopMenuSearchSection.java:21)
	at pl.akademiaqa.pages.BasePage.<init>(BasePage.java:21)
	at pl.akademiaqa.pages.sections.TopMenuSearchSection.<init>(TopMenuSearchSection.java:21)
	at pl.akademiaqa.pages.BasePage.<init>(BasePage.java:21)
	at pl.akademiaqa.pages.sections.TopMenuSearchSection.<init>(TopMenuSearchSection.java:21)
	at pl.akademiaqa.pages.BasePage.<init>(BasePage.java:21)
	at pl.akademiaqa.pages.sections.TopMenuSearchSection.<init>(TopMenuSearchSection.java:21)
	at pl.akademiaqa.pages.BasePage.<init>(BasePage.java:21)
	at pl.akademiaqa.pages.sections.TopMenuSearchSection.<init>(TopMenuSearchSection.java:21)
	at pl.akademiaqa.pages.BasePage.<init>(BasePage.java:21)
	at pl.akademiaqa.pages.sections.TopMenuSearchSection.<init>(TopMenuSearchSection.java:21)
	at pl.akademiaqa.pages.BasePage.<init>(BasePage.java:21)
	at pl.akademiaqa.pages.sections.TopMenuSearchSection.<init>(TopMenuSearchSection.java:21)
	at pl.akademiaqa.pages.BasePage.<init>(BasePage.java:21)
	at pl.akademiaqa.pages.sections.TopMenuSearchSection.<init>(TopMenuSearchSection.java:21)
	at pl.akademiaqa.pages.BasePage.<init>(BasePage.java:21)
	at pl.akademiaqa.pages.sections.TopMenuSearchSection.<init>(TopMenuSearchSection.java:21)
	at pl.akademiaqa.pages.BasePage.<init>(BasePage.java:21)
	at pl.akademiaqa.pages.sections.TopMenuSearchSection.<init>(TopMenuSearchSection.java:21)
	at pl.akademiaqa.pages.BasePage.<init>(BasePage.java:21)
	at pl.akademiaqa.pages.sections.TopMenuSearchSection.<init>(TopMenuSearchSection.java:21)
	at pl.akademiaqa.pages.BasePage.<init>(BasePage.java:21)
	at pl.akademiaqa.pages.sections.TopMenuSearchSection.<init>(TopMenuSearchSection.java:21)
	at pl.akademiaqa.pages.BasePage.<init>(BasePage.java:21)
	at pl.akademiaqa.pages.sections.TopMenuSearchSection.<init>(TopMenuSearchSection.java:21)
	at pl.akademiaqa.pages.BasePage.<init>(BasePage.java:21)
	at pl.akademiaqa.pages.sections.TopMenuSearchSection.<init>(TopMenuSearchSection.java:21)
	at pl.akademiaqa.pages.BasePage.<init>(BasePage.java:21)
	at pl.akademiaqa.pages.sections.TopMenuSearchSection.<init>(TopMenuSearchSection.java:21)
	at pl.akademiaqa.pages.BasePage.<init>(BasePage.java:21)
	at pl.akademiaqa.pages.sections.TopMenuSearchSection.<init>(TopMenuSearchSection.java:21)
	at pl.akademiaqa.pages.BasePage.<init>(BasePage.java:21)
	at pl.akademiaqa.pages.sections.TopMenuSearchSection.<init>(TopMenuSearchSection.java:21)
	at pl.akademiaqa.pages.BasePage.<init>(BasePage.java:21)
	at pl.akademiaqa.pages.sections.TopMenuSearchSection.<init>(TopMenuSearchSection.java:21)
	at pl.akademiaqa.pages.BasePage.<init>(BasePage.java:21)
	at pl.akademiaqa.pages.sections.TopMenuSearchSection.<init>(TopMenuSearchSection.java:21)
	at pl.akademiaqa.pages.BasePage.<init>(BasePage.java:21)
	at pl.akademiaqa.pages.sections.TopMenuSearchSection.<init>(TopMenuSearchSection.java:21)
	at pl.akademiaqa.pages.BasePage.<init>(BasePage.java:21)
	at pl.akademiaqa.pages.sections.TopMenuSearchSection.<init>(TopMenuSearchSection.java:21)
	at pl.akademiaqa.pages.BasePage.<init>(BasePage.java:21)
	at pl.akademiaqa.pages.sections.TopMenuSearchSection.<init>(TopMenuSearchSection.java:21)
	at pl.akademiaqa.pages.BasePage.<init>(BasePage.java:21)
	at pl.akademiaqa.pages.sections.TopMenuSearchSection.<init>(TopMenuSearchSection.java:21)
	at pl.akademiaqa.pages.BasePage.<init>(BasePage.java:21)
	at pl.akademiaqa.pages.sections.TopMenuSearchSection.<init>(TopMenuSearchSection.java:21)
	at pl.akademiaqa.pages.BasePage.<init>(BasePage.java:21)
	at pl.akademiaqa.pages.sections.TopMenuSearchSection.<init>(TopMenuSearchSection.java:21)
	at pl.akademiaqa.pages.BasePage.<init>(BasePage.java:21)
	at pl.akademiaqa.pages.sections.TopMenuSearchSection.<init>(TopMenuSearchSection.java:21)
	at pl.akademiaqa.pages.BasePage.<init>(BasePage.java:21)
	at pl.akademiaqa.pages.sections.TopMenuSearchSection.<init>(TopMenuSearchSection.java:21)
	at pl.akademiaqa.pages.BasePage.<init>(BasePage.java:21)
	at pl.akademiaqa.pages.sections.TopMenuSearchSection.<init>(TopMenuSearchSection.java:21)
	at pl.akademiaqa.pages.BasePage.<init>(BasePage.java:21)
	at pl.akademiaqa.pages.sections.TopMenuSearchSection.<init>(TopMenuSearchSection.java:21)
	at pl.akademiaqa.pages.BasePage.<init>(BasePage.java:21)
	at pl.akademiaqa.pages.sections.TopMenuSearchSection.<init>(TopMenuSearchSection.java:21)
	at pl.akademiaqa.pages.BasePage.<init>(BasePage.java:21)
	at pl.akademiaqa.pages.sections.TopMenuSearchSection.<init>(TopMenuSearchSection.java:21)
	at pl.akademiaqa.pages.BasePage.<init>(BasePage.java:21)
	at pl.akademiaqa.pages.sections.TopMenuSearchSection.<init>(TopMenuSearchSection.java:21)
	at pl.akademiaqa.pages.BasePage.<init>(BasePage.java:21)
	at pl.akademiaqa.pages.sections.TopMenuSearchSection.<init>(TopMenuSearchSection.java:21)
	at pl.akademiaqa.pages.BasePage.<init>(BasePage.java:21)
	at pl.akademiaqa.pages.sections.TopMenuSearchSection.<init>(TopMenuSearchSection.java:21)
	at pl.akademiaqa.pages.BasePage.<init>(BasePage.java:21)
	at pl.akademiaqa.pages.sections.TopMenuSearchSection.<init>(TopMenuSearchSection.java:21)
	at pl.akademiaqa.pages.BasePage.<init>(BasePage.java:21)
	at pl.akademiaqa.pages.sections.TopMenuSearchSection.<init>(TopMenuSearchSection.java:21)
	at pl.akademiaqa.pages.BasePage.<init>(BasePage.java:21)
	at pl.akademiaqa.pages.sections.TopMenuSearchSection.<init>(TopMenuSearchSection.java:21)
	at pl.akademiaqa.pages.BasePage.<init>(BasePage.java:21)
	at pl.akademiaqa.pages.sections.TopMenuSearchSection.<init>(TopMenuSearchSection.java:21)
	at pl.akademiaqa.pages.BasePage.<init>(BasePage.java:21)
	at pl.akademiaqa.pages.sections.TopMenuSearchSection.<init>(TopMenuSearchSection.java:21)
	at pl.akademiaqa.pages.BasePage.<init>(BasePage.java:21)
	at pl.akademiaqa.pages.sections.TopMenuSearchSection.<init>(TopMenuSearchSection.java:21)
	at pl.akademiaqa.pages.BasePage.<init>(BasePage.java:21)
	at pl.akademiaqa.pages.sections.TopMenuSearchSection.<init>(TopMenuSearchSection.java:21)
	at pl.akademiaqa.pages.BasePage.<init>(BasePage.java:21)
	at pl.akademiaqa.pages.sections.TopMenuSearchSection.<init>(TopMenuSearchSection.java:21)
	at pl.akademiaqa.pages.BasePage.<init>(BasePage.java:21)
	at pl.akademiaqa.pages.sections.TopMenuSearchSection.<init>(TopMenuSearchSection.java:21)
	at pl.akademiaqa.pages.BasePage.<init>(BasePage.java:21)
	at pl.akademiaqa.pages.sections.TopMenuSearchSection.<init>(TopMenuSearchSection.java:21)
	at pl.akademiaqa.pages.BasePage.<init>(BasePage.java:21)
	at pl.akademiaqa.pages.sections.TopMenuSearchSection.<init>(TopMenuSearchSection.java:21)
	at pl.akademiaqa.pages.BasePage.<init>(BasePage.java:21)
	at pl.akademiaqa.pages.sections.TopMenuSearchSection.<init>(TopMenuSearchSection.java:21)
	at pl.akademiaqa.pages.BasePage.<init>(BasePage.java:21)
	at pl.akademiaqa.pages.sections.TopMenuSearchSection.<init>(TopMenuSearchSection.java:21)
	at pl.akademiaqa.pages.BasePage.<init>(BasePage.java:21)
	at pl.akademiaqa.pages.sections.TopMenuSearchSection.<init>(TopMenuSearchSection.java:21)
	at pl.akademiaqa.pages.BasePage.<init>(BasePage.java:21)
	at pl.akademiaqa.pages.sections.TopMenuSearchSection.<init>(TopMenuSearchSection.java:21)
	at pl.akademiaqa.pages.BasePage.<init>(BasePage.java:21)
	at pl.akademiaqa.pages.sections.TopMenuSearchSection.<init>(TopMenuSearchSection.java:21)
	at pl.akademiaqa.pages.BasePage.<init>(BasePage.java:21)
	at pl.akademiaqa.pages.sections.TopMenuSearchSection.<init>(TopMenuSearchSection.java:21)
	at pl.akademiaqa.pages.BasePage.<init>(BasePage.java:21)
	at pl.akademiaqa.pages.sections.TopMenuSearchSection.<init>(TopMenuSearchSection.java:21)
	at pl.akademiaqa.pages.BasePage.<init>(BasePage.java:21)
	at pl.akademiaqa.pages.sections.TopMenuSearchSection.<init>(TopMenuSearchSection.java:21)
	at pl.akademiaqa.pages.BasePage.<init>(BasePage.java:21)
	at pl.akademiaqa.pages.sections.TopMenuSearchSection.<init>(TopMenuSearchSection.java:21)
	at pl.akademiaqa.pages.BasePage.<init>(BasePage.java:21)
	at pl.akademiaqa.pages.sections.TopMenuSearchSection.<init>(TopMenuSearchSection.java:21)
	at pl.akademiaqa.pages.BasePage.<init>(BasePage.java:21)
	at pl.akademiaqa.pages.sections.TopMenuSearchSection.<init>(TopMenuSearchSection.java:21)
	at pl.akademiaqa.pages.BasePage.<init>(BasePage.java:21)
	at pl.akademiaqa.pages.sections.TopMenuSearchSection.<init>(TopMenuSearchSection.java:21)
	at pl.akademiaqa.pages.BasePage.<init>(BasePage.java:21)
	at pl.akademiaqa.pages.sections.TopMenuSearchSection.<init>(TopMenuSearchSection.java:21)
	at pl.akademiaqa.pages.BasePage.<init>(BasePage.java:21)
	at pl.akademiaqa.pages.sections.TopMenuSearchSection.<init>(TopMenuSearchSection.java:21)
	at pl.akademiaqa.pages.BasePage.<init>(BasePage.java:21)
	at pl.akademiaqa.pages.sections.TopMenuSearchSection.<init>(TopMenuSearchSection.java:21)
	at pl.akademiaqa.pages.BasePage.<init>(BasePage.java:21)
	at pl.akademiaqa.pages.sections.TopMenuSearchSection.<init>(TopMenuSearchSection.java:21)
	at pl.akademiaqa.pages.BasePage.<init>(BasePage.java:21)
	at pl.akademiaqa.pages.sections.TopMenuSearchSection.<init>(TopMenuSearchSection.java:21)
	at pl.akademiaqa.pages.BasePage.<init>(BasePage.java:21)
	at pl.akademiaqa.pages.sections.TopMenuSearchSection.<init>(TopMenuSearchSection.java:21)
	at pl.akademiaqa.pages.BasePage.<init>(BasePage.java:21)
	at pl.akademiaqa.pages.sections.TopMenuSearchSection.<init>(TopMenuSearchSection.java:21)
	at pl.akademiaqa.pages.BasePage.<init>(BasePage.java:21)
	at pl.akademiaqa.pages.sections.TopMenuSearchSection.<init>(TopMenuSearchSection.java:21)
	at pl.akademiaqa.pages.BasePage.<init>(BasePage.java:21)
	at pl.akademiaqa.pages.sections.TopMenuSearchSection.<init>(TopMenuSearchSection.java:21)
	at pl.akademiaqa.pages.BasePage.<init>(BasePage.java:21)
	at pl.akademiaqa.pages.sections.TopMenuSearchSection.<init>(TopMenuSearchSection.java:21)
	at pl.akademiaqa.pages.BasePage.<init>(BasePage.java:21)
	at pl.akademiaqa.pages.sections.TopMenuSearchSection.<init>(TopMenuSearchSection.java:21)
	at pl.akademiaqa.pages.BasePage.<init>(BasePage.java:21)
	at pl.akademiaqa.pages.sections.TopMenuSearchSection.<init>(TopMenuSearchSection.java:21)
	at pl.akademiaqa.pages.BasePage.<init>(BasePage.java:21)
	at pl.akademiaqa.pages.sections.TopMenuSearchSection.<init>(TopMenuSearchSection.java:21)
	at pl.akademiaqa.pages.BasePage.<init>(BasePage.java:21)
	at pl.akademiaqa.pages.sections.TopMenuSearchSection.<init>(TopMenuSearchSection.java:21)
	at pl.akademiaqa.pages.BasePage.<init>(BasePage.java:21)
	at pl.akademiaqa.pages.sections.TopMenuSearchSection.<init>(TopMenuSearchSection.java:21)
	at pl.akademiaqa.pages.BasePage.<init>(BasePage.java:21)
	at pl.akademiaqa.pages.sections.TopMenuSearchSection.<init>(TopMenuSearchSection.java:21)
	at pl.akademiaqa.pages.BasePage.<init>(BasePage.java:21)
	at pl.akademiaqa.pages.sections.TopMenuSearchSection.<init>(TopMenuSearchSection.java:21)
	at pl.akademiaqa.pages.BasePage.<init>(BasePage.java:21)
	at pl.akademiaqa.pages.sections.TopMenuSearchSection.<init>(TopMenuSearchSection.java:21)
	at pl.akademiaqa.pages.BasePage.<init>(BasePage.java:21)
	at pl.akademiaqa.pages.sections.TopMenuSearchSection.<init>(TopMenuSearchSection.java:21)
	at pl.akademiaqa.pages.BasePage.<init>(BasePage.java:21)
	at pl.akademiaqa.pages.sections.TopMenuSearchSection.<init>(TopMenuSearchSection.java:21)
	at pl.akademiaqa.pages.BasePage.<init>(BasePage.java:21)
	at pl.akademiaqa.pages.sections.TopMenuSearchSection.<init>(TopMenuSearchSection.java:21)
	at pl.akademiaqa.pages.BasePage.<init>(BasePage.java:21)
	at pl.akademiaqa.pages.sections.TopMenuSearchSection.<init>(TopMenuSearchSection.java:21)
	at pl.akademiaqa.pages.BasePage.<init>(BasePage.java:21)
	at pl.akademiaqa.pages.sections.TopMenuSearchSection.<init>(TopMenuSearchSection.java:21)
	at pl.akademiaqa.pages.BasePage.<init>(BasePage.java:21)
	at pl.akademiaqa.pages.sections.TopMenuSearchSection.<init>(TopMenuSearchSection.java:21)
	at pl.akademiaqa.pages.BasePage.<init>(BasePage.java:21)
	at pl.akademiaqa.pages.sections.TopMenuSearchSection.<init>(TopMenuSearchSection.java:21)
	at pl.akademiaqa.pages.BasePage.<init>(BasePage.java:21)
	at pl.akademiaqa.pages.sections.TopMenuSearchSection.<init>(TopMenuSearchSection.java:21)
	at pl.akademiaqa.pages.BasePage.<init>(BasePage.java:21)
	at pl.akademiaqa.pages.sections.TopMenuSearchSection.<init>(TopMenuSearchSection.java:21)
	at pl.akademiaqa.pages.BasePage.<init>(BasePage.java:21)
	at pl.akademiaqa.pages.sections.TopMenuSearchSection.<init>(TopMenuSearchSection.java:21)
	at pl.akademiaqa.pages.BasePage.<init>(BasePage.java:21)
	at pl.akademiaqa.pages.sections.TopMenuSearchSection.<init>(TopMenuSearchSection.java:21)
	at pl.akademiaqa.pages.BasePage.<init>(BasePage.java:21)
	at pl.akademiaqa.pages.sections.TopMenuSearchSection.<init>(TopMenuSearchSection.java:21)
	at pl.akademiaqa.pages.BasePage.<init>(BasePage.java:21)
	at pl.akademiaqa.pages.sections.TopMenuSearchSection.<init>(TopMenuSearchSection.java:21)
	at pl.akademiaqa.pages.BasePage.<init>(BasePage.java:21)
	at pl.akademiaqa.pages.sections.TopMenuSearchSection.<init>(TopMenuSearchSection.java:21)
	at pl.akademiaqa.pages.BasePage.<init>(BasePage.java:21)
	at pl.akademiaqa.pages.sections.TopMenuSearchSection.<init>(TopMenuSearchSection.java:21)
	at pl.akademiaqa.pages.BasePage.<init>(BasePage.java:21)
	at pl.akademiaqa.pages.sections.TopMenuSearchSection.<init>(TopMenuSearchSection.java:21)
	at pl.akademiaqa.pages.BasePage.<init>(BasePage.java:21)
	at pl.akademiaqa.pages.sections.TopMenuSearchSection.<init>(TopMenuSearchSection.java:21)
	at pl.akademiaqa.pages.BasePage.<init>(BasePage.java:21)
	at pl.akademiaqa.pages.sections.TopMenuSearchSection.<init>(TopMenuSearchSection.java:21)
	at pl.akademiaqa.pages.BasePage.<init>(BasePage.java:21)
	at pl.akademiaqa.pages.sections.TopMenuSearchSection.<init>(TopMenuSearchSection.java:21)
	at pl.akademiaqa.pages.BasePage.<init>(BasePage.java:21)
	at pl.akademiaqa.pages.sections.TopMenuSearchSection.<init>(TopMenuSearchSection.java:21)
	at pl.akademiaqa.pages.BasePage.<init>(BasePage.java:21)
	at pl.akademiaqa.pages.sections.TopMenuSearchSection.<init>(TopMenuSearchSection.java:21)
	at pl.akademiaqa.pages.BasePage.<init>(BasePage.java:21)
	at pl.akademiaqa.pages.sections.TopMenuSearchSection.<init>(TopMenuSearchSection.java:21)
	at pl.akademiaqa.pages.BasePage.<init>(BasePage.java:21)
	at pl.akademiaqa.pages.sections.TopMenuSearchSection.<init>(TopMenuSearchSection.java:21)
	at pl.akademiaqa.pages.BasePage.<init>(BasePage.java:21)
	at pl.akademiaqa.pages.sections.TopMenuSearchSection.<init>(TopMenuSearchSection.java:21)
	at pl.akademiaqa.pages.BasePage.<init>(BasePage.java:21)
	at pl.akademiaqa.pages.sections.TopMenuSearchSection.<init>(TopMenuSearchSection.java:21)
	at pl.akademiaqa.pages.BasePage.<init>(BasePage.java:21)
	at pl.akademiaqa.pages.sections.TopMenuSearchSection.<init>(TopMenuSearchSection.java:21)
	at pl.akademiaqa.pages.BasePage.<init>(BasePage.java:21)
	at pl.akademiaqa.pages.sections.TopMenuSearchSection.<init>(TopMenuSearchSection.java:21)
	at pl.akademiaqa.pages.BasePage.<init>(BasePage.java:21)
	at pl.akademiaqa.pages.sections.TopMenuSearchSection.<init>(TopMenuSearchSection.java:21)
	at pl.akademiaqa.pages.BasePage.<init>(BasePage.java:21)
	at pl.akademiaqa.pages.sections.TopMenuSearchSection.<init>(TopMenuSearchSection.java:21)
	at pl.akademiaqa.pages.BasePage.<init>(BasePage.java:21)
	at pl.akademiaqa.pages.sections.TopMenuSearchSection.<init>(TopMenuSearchSection.java:21)
	at pl.akademiaqa.pages.BasePage.<init>(BasePage.java:21)
	at pl.akademiaqa.pages.sections.TopMenuSearchSection.<init>(TopMenuSearchSection.java:21)
	at pl.akademiaqa.pages.BasePage.<init>(BasePage.java:21)
	at pl.akademiaqa.pages.sections.TopMenuSearchSection.<init>(TopMenuSearchSection.java:21)
	at pl.akademiaqa.pages.BasePage.<init>(BasePage.java:21)
	at pl.akademiaqa.pages.sections.TopMenuSearchSection.<init>(TopMenuSearchSection.java:21)
	at pl.akademiaqa.pages.BasePage.<init>(BasePage.java:21)
	at pl.akademiaqa.pages.sections.TopMenuSearchSection.<init>(TopMenuSearchSection.java:21)
	at pl.akademiaqa.pages.BasePage.<init>(BasePage.java:21)
	at pl.akademiaqa.pages.sections.TopMenuSearchSection.<init>(TopMenuSearchSection.java:21)
	at pl.akademiaqa.pages.BasePage.<init>(BasePage.java:21)
	at pl.akademiaqa.pages.sections.TopMenuSearchSection.<init>(TopMenuSearchSection.java:21)
	at pl.akademiaqa.pages.BasePage.<init>(BasePage.java:21)
	at pl.akademiaqa.pages.sections.TopMenuSearchSection.<init>(TopMenuSearchSection.java:21)
	at pl.akademiaqa.pages.BasePage.<init>(BasePage.java:21)
	at pl.akademiaqa.pages.sections.TopMenuSearchSection.<init>(TopMenuSearchSection.java:21)
	at pl.akademiaqa.pages.BasePage.<init>(BasePage.java:21)
	at pl.akademiaqa.pages.sections.TopMenuSearchSection.<init>(TopMenuSearchSection.java:21)
	at pl.akademiaqa.pages.BasePage.<init>(BasePage.java:21)
	at pl.akademiaqa.pages.sections.TopMenuSearchSection.<init>(TopMenuSearchSection.java:21)
	at pl.akademiaqa.pages.BasePage.<init>(BasePage.java:21)
	at pl.akademiaqa.pages.sections.TopMenuSearchSection.<init>(TopMenuSearchSection.java:21)
	at pl.akademiaqa.pages.BasePage.<init>(BasePage.java:21)
	at pl.akademiaqa.pages.sections.TopMenuSearchSection.<init>(TopMenuSearchSection.java:21)
	at pl.akademiaqa.pages.BasePage.<init>(BasePage.java:21)
	at pl.akademiaqa.pages.sections.TopMenuSearchSection.<init>(TopMenuSearchSection.java:21)
	at pl.akademiaqa.pages.BasePage.<init>(BasePage.java:21)
	at pl.akademiaqa.pages.sections.TopMenuSearchSection.<init>(TopMenuSearchSection.java:21)
	at pl.akademiaqa.pages.BasePage.<init>(BasePage.java:21)
	at pl.akademiaqa.pages.sections.TopMenuSearchSection.<init>(TopMenuSearchSection.java:21)
	at pl.akademiaqa.pages.BasePage.<init>(BasePage.java:21)
	at pl.akademiaqa.pages.sections.TopMenuSearchSection.<init>(TopMenuSearchSection.java:21)
	at pl.akademiaqa.pages.BasePage.<init>(BasePage.java:21)
	at pl.akademiaqa.pages.sections.TopMenuSearchSection.<init>(TopMenuSearchSection.java:21)
	at pl.akademiaqa.pages.BasePage.<init>(BasePage.java:21)
	at pl.akademiaqa.pages.sections.TopMenuSearchSection.<init>(TopMenuSearchSection.java:21)
	at pl.akademiaqa.pages.BasePage.<init>(BasePage.java:21)
	at pl.akademiaqa.pages.sections.TopMenuSearchSection.<init>(TopMenuSearchSection.java:21)
	at pl.akademiaqa.pages.BasePage.<init>(BasePage.java:21)
	at pl.akademiaqa.pages.sections.TopMenuSearchSection.<init>(TopMenuSearchSection.java:21)
	at pl.akademiaqa.pages.BasePage.<init>(BasePage.java:21)
	at pl.akademiaqa.pages.sections.TopMenuSearchSection.<init>(TopMenuSearchSection.java:21)
	at pl.akademiaqa.pages.BasePage.<init>(BasePage.java:21)
	at pl.akademiaqa.pages.sections.TopMenuSearchSection.<init>(TopMenuSearchSection.java:21)
	at pl.akademiaqa.pages.BasePage.<init>(BasePage.java:21)
	at pl.akademiaqa.pages.sections.TopMenuSearchSection.<init>(TopMenuSearchSection.java:21)
	at pl.akademiaqa.pages.BasePage.<init>(BasePage.java:21)
	at pl.akademiaqa.pages.sections.TopMenuSearchSection.<init>(TopMenuSearchSection.java:21)
	at pl.akademiaqa.pages.BasePage.<init>(BasePage.java:21)
	at pl.akademiaqa.pages.sections.TopMenuSearchSection.<init>(TopMenuSearchSection.java:21)
	at pl.akademiaqa.pages.BasePage.<init>(BasePage.java:21)
	at pl.akademiaqa.pages.sections.TopMenuSearchSection.<init>(TopMenuSearchSection.java:21)
	at pl.akademiaqa.pages.BasePage.<init>(BasePage.java:21)
	at pl.akademiaqa.pages.sections.TopMenuSearchSection.<init>(TopMenuSearchSection.java:21)
	at pl.akademiaqa.pages.BasePage.<init>(BasePage.java:21)
	at pl.akademiaqa.pages.sections.TopMenuSearchSection.<init>(TopMenuSearchSection.java:21)
	at pl.akademiaqa.pages.BasePage.<init>(BasePage.java:21)
	at pl.akademiaqa.pages.sections.TopMenuSearchSection.<init>(TopMenuSearchSection.java:21)
	at pl.akademiaqa.pages.BasePage.<init>(BasePage.java:21)
	at pl.akademiaqa.pages.sections.TopMenuSearchSection.<init>(TopMenuSearchSection.java:21)
	at pl.akademiaqa.pages.BasePage.<init>(BasePage.java:21)
	at pl.akademiaqa.pages.sections.TopMenuSearchSection.<init>(TopMenuSearchSection.java:21)
	at pl.akademiaqa.pages.BasePage.<init>(BasePage.java:21)
	at pl.akademiaqa.pages.sections.TopMenuSearchSection.<init>(TopMenuSearchSection.java:21)
	at pl.akademiaqa.pages.BasePage.<init>(BasePage.java:21)
	at pl.akademiaqa.pages.sections.TopMenuSearchSection.<init>(TopMenuSearchSection.java:21)
	at pl.akademiaqa.pages.BasePage.<init>(BasePage.java:21)
	at pl.akademiaqa.pages.sections.TopMenuSearchSection.<init>(TopMenuSearchSection.java:21)
	at pl.akademiaqa.pages.BasePage.<init>(BasePage.java:21)
	at pl.akademiaqa.pages.sections.TopMenuSearchSection.<init>(TopMenuSearchSection.java:21)
	at pl.akademiaqa.pages.BasePage.<init>(BasePage.java:21)
	at pl.akademiaqa.pages.sections.TopMenuSearchSection.<init>(TopMenuSearchSection.java:21)
	at pl.akademiaqa.pages.BasePage.<init>(BasePage.java:21)
	at pl.akademiaqa.pages.sections.TopMenuSearchSection.<init>(TopMenuSearchSection.java:21)
	at pl.akademiaqa.pages.BasePage.<init>(BasePage.java:21)
	at pl.akademiaqa.pages.sections.TopMenuSearchSection.<init>(TopMenuSearchSection.java:21)
	at pl.akademiaqa.pages.BasePage.<init>(BasePage.java:21)
	at pl.akademiaqa.pages.sections.TopMenuSearchSection.<init>(TopMenuSearchSection.java:21)
	at pl.akademiaqa.pages.BasePage.<init>(BasePage.java:21)
	at pl.akademiaqa.pages.sections.TopMenuSearchSection.<init>(TopMenuSearchSection.java:21)
	at pl.akademiaqa.pages.BasePage.<init>(BasePage.java:21)
	at pl.akademiaqa.pages.sections.TopMenuSearchSection.<init>(TopMenuSearchSection.java:21)
	at pl.akademiaqa.pages.BasePage.<init>(BasePage.java:21)
	at pl.akademiaqa.pages.sections.TopMenuSearchSection.<init>(TopMenuSearchSection.java:21)
	at pl.akademiaqa.pages.BasePage.<init>(BasePage.java:21)
	at pl.akademiaqa.pages.sections.TopMenuSearchSection.<init>(TopMenuSearchSection.java:21)
	at pl.akademiaqa.pages.BasePage.<init>(BasePage.java:21)
	at pl.akademiaqa.pages.sections.TopMenuSearchSection.<init>(TopMenuSearchSection.java:21)
	at pl.akademiaqa.pages.BasePage.<init>(BasePage.java:21)
	at pl.akademiaqa.pages.sections.TopMenuSearchSection.<init>(TopMenuSearchSection.java:21)
	at pl.akademiaqa.pages.BasePage.<init>(BasePage.java:21)
	at pl.akademiaqa.pages.sections.TopMenuSearchSection.<init>(TopMenuSearchSection.java:21)
	at pl.akademiaqa.pages.BasePage.<init>(BasePage.java:21)
	at pl.akademiaqa.pages.sections.TopMenuSearchSection.<init>(TopMenuSearchSection.java:21)
	at pl.akademiaqa.pages.BasePage.<init>(BasePage.java:21)
	at pl.akademiaqa.pages.sections.TopMenuSearchSection.<init>(TopMenuSearchSection.java:21)
	at pl.akademiaqa.pages.BasePage.<init>(BasePage.java:21)
	at pl.akademiaqa.pages.sections.TopMenuSearchSection.<init>(TopMenuSearchSection.java:21)
	at pl.akademiaqa.pages.BasePage.<init>(BasePage.java:21)
	at pl.akademiaqa.pages.sections.TopMenuSearchSection.<init>(TopMenuSearchSection.java:21)
	at pl.akademiaqa.pages.BasePage.<init>(BasePage.java:21)
	at pl.akademiaqa.pages.sections.TopMenuSearchSection.<init>(TopMenuSearchSection.java:21)
	at pl.akademiaqa.pages.BasePage.<init>(BasePage.java:21)
	at pl.akademiaqa.pages.sections.TopMenuSearchSection.<init>(TopMenuSearchSection.java:21)
	at pl.akademiaqa.pages.BasePage.<init>(BasePage.java:21)
	at pl.akademiaqa.pages.sections.TopMenuSearchSection.<init>(TopMenuSearchSection.java:21)
	at pl.akademiaqa.pages.BasePage.<init>(BasePage.java:21)
	at pl.akademiaqa.pages.sections.TopMenuSearchSection.<init>(TopMenuSearchSection.java:21)
	at pl.akademiaqa.pages.BasePage.<init>(BasePage.java:21)
	at pl.akademiaqa.pages.sections.TopMenuSearchSection.<init>(TopMenuSearchSection.java:21)
	at pl.akademiaqa.pages.BasePage.<init>(BasePage.java:21)
	at pl.akademiaqa.pages.sections.TopMenuSearchSection.<init>(TopMenuSearchSection.java:21)
	at pl.akademiaqa.pages.BasePage.<init>(BasePage.java:21)
	at pl.akademiaqa.pages.sections.TopMenuSearchSection.<init>(TopMenuSearchSection.java:21)
	at pl.akademiaqa.pages.BasePage.<init>(BasePage.java:21)
	at pl.akademiaqa.pages.sections.TopMenuSearchSection.<init>(TopMenuSearchSection.java:21)
	at pl.akademiaqa.pages.BasePage.<init>(BasePage.java:21)
	at pl.akademiaqa.pages.sections.TopMenuSearchSection.<init>(TopMenuSearchSection.java:21)
	at pl.akademiaqa.pages.BasePage.<init>(BasePage.java:21)
	at pl.akademiaqa.pages.sections.TopMenuSearchSection.<init>(TopMenuSearchSection.java:21)
	at pl.akademiaqa.pages.BasePage.<init>(BasePage.java:21)
	at pl.akademiaqa.pages.sections.TopMenuSearchSection.<init>(TopMenuSearchSection.java:21)
	at pl.akademiaqa.pages.BasePage.<init>(BasePage.java:21)
	at pl.akademiaqa.pages.sections.TopMenuSearchSection.<init>(TopMenuSearchSection.java:21)
	at pl.akademiaqa.pages.BasePage.<init>(BasePage.java:21)
	at pl.akademiaqa.pages.sections.TopMenuSearchSection.<init>(TopMenuSearchSection.java:21)
	at pl.akademiaqa.pages.BasePage.<init>(BasePage.java:21)
	at pl.akademiaqa.pages.sections.TopMenuSearchSection.<init>(TopMenuSearchSection.java:21)
	at pl.akademiaqa.pages.BasePage.<init>(BasePage.java:21)
	at pl.akademiaqa.pages.sections.TopMenuSearchSection.<init>(TopMenuSearchSection.java:21)
	at pl.akademiaqa.pages.BasePage.<init>(BasePage.java:21)
	at pl.akademiaqa.pages.sections.TopMenuSearchSection.<init>(TopMenuSearchSection.java:21)
	at pl.akademiaqa.pages.BasePage.<init>(BasePage.java:21)
	at pl.akademiaqa.pages.sections.TopMenuSearchSection.<init>(TopMenuSearchSection.java:21)
	at pl.akademiaqa.pages.BasePage.<init>(BasePage.java:21)
	at pl.akademiaqa.pages.sections.TopMenuSearchSection.<init>(TopMenuSearchSection.java:21)
	at pl.akademiaqa.pages.BasePage.<init>(BasePage.java:21)
	at pl.akademiaqa.pages.sections.TopMenuSearchSection.<init>(TopMenuSearchSection.java:21)
	at pl.akademiaqa.pages.BasePage.<init>(BasePage.java:21)
	at pl.akademiaqa.pages.sections.TopMenuSearchSection.<init>(TopMenuSearchSection.java:21)
	at pl.akademiaqa.pages.BasePage.<init>(BasePage.java:21)
	at pl.akademiaqa.pages.sections.TopMenuSearchSection.<init>(TopMenuSearchSection.java:21)
	at pl.akademiaqa.pages.BasePage.<init>(BasePage.java:21)
	at pl.akademiaqa.pages.sections.TopMenuSearchSection.<init>(TopMenuSearchSection.java:21)
	at pl.akademiaqa.pages.BasePage.<init>(BasePage.java:21)
	at pl.akademiaqa.pages.sections.TopMenuSearchSection.<init>(TopMenuSearchSection.java:21)
	at pl.akademiaqa.pages.BasePage.<init>(BasePage.java:21)
	at pl.akademiaqa.pages.sections.TopMenuSearchSection.<init>(TopMenuSearchSection.java:21)
	at pl.akademiaqa.pages.BasePage.<init>(BasePage.java:21)
	at pl.akademiaqa.pages.sections.TopMenuSearchSection.<init>(TopMenuSearchSection.java:21)
	at pl.akademiaqa.pages.BasePage.<init>(BasePage.java:21)
	at pl.akademiaqa.pages.sections.TopMenuSearchSection.<init>(TopMenuSearchSection.java:21)
	at pl.akademiaqa.pages.BasePage.<init>(BasePage.java:21)
	at pl.akademiaqa.pages.sections.TopMenuSearchSection.<init>(TopMenuSearchSection.java:21)
	at pl.akademiaqa.pages.BasePage.<init>(BasePage.java:21)
	at pl.akademiaqa.pages.sections.TopMenuSearchSection.<init>(TopMenuSearchSection.java:21)
	at pl.akademiaqa.pages.BasePage.<init>(BasePage.java:21)
	at pl.akademiaqa.pages.sections.TopMenuSearchSection.<init>(TopMenuSearchSection.java:21)
	at pl.akademiaqa.pages.BasePage.<init>(BasePage.java:21)
	at pl.akademiaqa.pages.sections.TopMenuSearchSection.<init>(TopMenuSearchSection.java:21)
	at pl.akademiaqa.pages.BasePage.<init>(BasePage.java:21)
	at pl.akademiaqa.pages.sections.TopMenuSearchSection.<init>(TopMenuSearchSection.java:21)
	at pl.akademiaqa.pages.BasePage.<init>(BasePage.java:21)
	at pl.akademiaqa.pages.sections.TopMenuSearchSection.<init>(TopMenuSearchSection.java:21)
	at pl.akademiaqa.pages.BasePage.<init>(BasePage.java:21)
	at pl.akademiaqa.pages.sections.TopMenuSearchSection.<init>(TopMenuSearchSection.java:21)
	at pl.akademiaqa.pages.BasePage.<init>(BasePage.java:21)
	at pl.akademiaqa.pages.sections.TopMenuSearchSection.<init>(TopMenuSearchSection.java:21)
	at pl.akademiaqa.pages.BasePage.<init>(BasePage.java:21)
	at pl.akademiaqa.pages.sections.TopMenuSearchSection.<init>(TopMenuSearchSection.java:21)
	at pl.akademiaqa.pages.BasePage.<init>(BasePage.java:21)
	at pl.akademiaqa.pages.sections.TopMenuSearchSection.<init>(TopMenuSearchSection.java:21)
	at pl.akademiaqa.pages.BasePage.<init>(BasePage.java:21)
	at pl.akademiaqa.pages.sections.TopMenuSearchSection.<init>(TopMenuSearchSection.java:21)
	at pl.akademiaqa.pages.BasePage.<init>(BasePage.java:21)
	at pl.akademiaqa.pages.sections.TopMenuSearchSection.<init>(TopMenuSearchSection.java:21)
	at pl.akademiaqa.pages.BasePage.<init>(BasePage.java:21)
	at pl.akademiaqa.pages.sections.TopMenuSearchSection.<init>(TopMenuSearchSection.java:21)
	at pl.akademiaqa.pages.BasePage.<init>(BasePage.java:21)
	at pl.akademiaqa.pages.sections.TopMenuSearchSection.<init>(TopMenuSearchSection.java:21)
	at pl.akademiaqa.pages.BasePage.<init>(BasePage.java:21)
	at pl.akademiaqa.pages.sections.TopMenuSearchSection.<init>(TopMenuSearchSection.java:21)
	at pl.akademiaqa.pages.BasePage.<init>(BasePage.java:21)
	at pl.akademiaqa.pages.sections.TopMenuSearchSection.<init>(TopMenuSearchSection.java:21)
	at pl.akademiaqa.pages.BasePage.<init>(BasePage.java:21)
	at pl.akademiaqa.pages.sections.TopMenuSearchSection.<init>(TopMenuSearchSection.java:21)
	at pl.akademiaqa.pages.BasePage.<init>(BasePage.java:21)
	at pl.akademiaqa.pages.sections.TopMenuSearchSection.<init>(TopMenuSearchSection.java:21)
	at pl.akademiaqa.pages.BasePage.<init>(BasePage.java:21)
	at pl.akademiaqa.pages.sections.TopMenuSearchSection.<init>(TopMenuSearchSection.java:21)
	at pl.akademiaqa.pages.BasePage.<init>(BasePage.java:21)
	at pl.akademiaqa.pages.sections.TopMenuSearchSection.<init>(TopMenuSearchSection.java:21)
	at pl.akademiaqa.pages.BasePage.<init>(BasePage.java:21)
	at pl.akademiaqa.pages.sections.TopMenuSearchSection.<init>(TopMenuSearchSection.java:21)
	at pl.akademiaqa.pages.BasePage.<init>(BasePage.java:21)
	at pl.akademiaqa.pages.sections.TopMenuSearchSection.<init>(TopMenuSearchSection.java:21)
	at pl.akademiaqa.pages.BasePage.<init>(BasePage.java:21)
	at pl.akademiaqa.pages.sections.TopMenuSearchSection.<init>(TopMenuSearchSection.java:21)
	at pl.akademiaqa.pages.BasePage.<init>(BasePage.java:21)
	at pl.akademiaqa.pages.sections.TopMenuSearchSection.<init>(TopMenuSearchSection.java:21)
	at pl.akademiaqa.pages.BasePage.<init>(BasePage.java:21)
	at pl.akademiaqa.pages.sections.TopMenuSearchSection.<init>(TopMenuSearchSection.java:21)
	at pl.akademiaqa.pages.BasePage.<init>(BasePage.java:21)
	at pl.akademiaqa.pages.sections.TopMenuSearchSection.<init>(TopMenuSearchSection.java:21)
	at pl.akademiaqa.pages.BasePage.<init>(BasePage.java:21)
	at pl.akademiaqa.pages.sections.TopMenuSearchSection.<init>(TopMenuSearchSection.java:21)
	at pl.akademiaqa.pages.BasePage.<init>(BasePage.java:21)
	at pl.akademiaqa.pages.sections.TopMenuSearchSection.<init>(TopMenuSearchSection.java:21)
	at pl.akademiaqa.pages.BasePage.<init>(BasePage.java:21)
	at pl.akademiaqa.pages.sections.TopMenuSearchSection.<init>(TopMenuSearchSection.java:21)
	at pl.akademiaqa.pages.BasePage.<init>(BasePage.java:21)
	at pl.akademiaqa.pages.sections.TopMenuSearchSection.<init>(TopMenuSearchSection.java:21)
	at pl.akademiaqa.pages.BasePage.<init>(BasePage.java:21)
	at pl.akademiaqa.pages.sections.TopMenuSearchSection.<init>(TopMenuSearchSection.java:21)
	at pl.akademiaqa.pages.BasePage.<init>(BasePage.java:21)
	at pl.akademiaqa.pages.sections.TopMenuSearchSection.<init>(TopMenuSearchSection.java:21)
	at pl.akademiaqa.pages.BasePage.<init>(BasePage.java:21)
	at pl.akademiaqa.pages.sections.TopMenuSearchSection.<init>(TopMenuSearchSection.java:21)
	at pl.akademiaqa.pages.BasePage.<init>(BasePage.java:21)
	at pl.akademiaqa.pages.sections.TopMenuSearchSection.<init>(TopMenuSearchSection.java:21)
	at pl.akademiaqa.pages.BasePage.<init>(BasePage.java:21)
	at pl.akademiaqa.pages.sections.TopMenuSearchSection.<init>(TopMenuSearchSection.java:21)
	at pl.akademiaqa.pages.BasePage.<init>(BasePage.java:21)
	at pl.akademiaqa.pages.sections.TopMenuSearchSection.<init>(TopMenuSearchSection.java:21)
	at pl.akademiaqa.pages.BasePage.<init>(BasePage.java:21)
	at pl.akademiaqa.pages.sections.TopMenuSearchSection.<init>(TopMenuSearchSection.java:21)
	at pl.akademiaqa.pages.BasePage.<init>(BasePage.java:21)
	at pl.akademiaqa.pages.sections.TopMenuSearchSection.<init>(TopMenuSearchSection.java:21)
	at pl.akademiaqa.pages.BasePage.<init>(BasePage.java:21)
	at pl.akademiaqa.pages.sections.TopMenuSearchSection.<init>(TopMenuSearchSection.java:21)
	at pl.akademiaqa.pages.BasePage.<init>(BasePage.java:21)
	at pl.akademiaqa.pages.sections.TopMenuSearchSection.<init>(TopMenuSearchSection.java:21)
	at pl.akademiaqa.pages.BasePage.<init>(BasePage.java:21)
	at pl.akademiaqa.pages.sections.TopMenuSearchSection.<init>(TopMenuSearchSection.java:21)
	at pl.akademiaqa.pages.BasePage.<init>(BasePage.java:21)
	at pl.akademiaqa.pages.sections.TopMenuSearchSection.<init>(TopMenuSearchSection.java:21)
	at pl.akademiaqa.pages.BasePage.<init>(BasePage.java:21)
	at pl.akademiaqa.pages.sections.TopMenuSearchSection.<init>(TopMenuSearchSection.java:21)
	at pl.akademiaqa.pages.BasePage.<init>(BasePage.java:21)
	at pl.akademiaqa.pages.sections.TopMenuSearchSection.<init>(TopMenuSearchSection.java:21)
	at pl.akademiaqa.pages.BasePage.<init>(BasePage.java:21)
	at pl.akademiaqa.pages.sections.TopMenuSearchSection.<init>(TopMenuSearchSection.java:21)
	at pl.akademiaqa.pages.BasePage.<init>(BasePage.java:21)
	at pl.akademiaqa.pages.sections.TopMenuSearchSection.<init>(TopMenuSearchSection.java:21)
	at pl.akademiaqa.pages.BasePage.<init>(BasePage.java:21)
	at pl.akademiaqa.pages.sections.TopMenuSearchSection.<init>(TopMenuSearchSection.java:21)
	at pl.akademiaqa.pages.BasePage.<init>(BasePage.java:21)
	at pl.akademiaqa.pages.sections.TopMenuSearchSection.<init>(TopMenuSearchSection.java:21)
	at pl.akademiaqa.pages.BasePage.<init>(BasePage.java:21)
	at pl.akademiaqa.pages.sections.TopMenuSearchSection.<init>(TopMenuSearchSection.java:21)
	at pl.akademiaqa.pages.BasePage.<init>(BasePage.java:21)
	at pl.akademiaqa.pages.sections.TopMenuSearchSection.<init>(TopMenuSearchSection.java:21)
	at pl.akademiaqa.pages.BasePage.<init>(BasePage.java:21)
	at pl.akademiaqa.pages.sections.TopMenuSearchSection.<init>(TopMenuSearchSection.java:21)
	at pl.akademiaqa.pages.BasePage.<init>(BasePage.java:21)
	at pl.akademiaqa.pages.sections.TopMenuSearchSection.<init>(TopMenuSearchSection.java:21)
	at pl.akademiaqa.pages.BasePage.<init>(BasePage.java:21)
	at pl.akademiaqa.pages.sections.TopMenuSearchSection.<init>(TopMenuSearchSection.java:21)
	at pl.akademiaqa.pages.BasePage.<init>(BasePage.java:21)
	at pl.akademiaqa.pages.sections.TopMenuSearchSection.<init>(TopMenuSearchSection.java:21)
	at pl.akademiaqa.pages.BasePage.<init>(BasePage.java:21)
	at pl.akademiaqa.pages.sections.TopMenuSearchSection.<init>(TopMenuSearchSection.java:21)
	at pl.akademiaqa.pages.BasePage.<init>(BasePage.java:21)
	at pl.akademiaqa.pages.sections.TopMenuSearchSection.<init>(TopMenuSearchSection.java:21)
	at pl.akademiaqa.pages.BasePage.<init>(BasePage.java:21)
	at pl.akademiaqa.pages.sections.TopMenuSearchSection.<init>(TopMenuSearchSection.java:21)
	at pl.akademiaqa.pages.BasePage.<init>(BasePage.java:21)
	at pl.akademiaqa.pages.sections.TopMenuSearchSection.<init>(TopMenuSearchSection.java:21)
	at pl.akademiaqa.pages.BasePage.<init>(BasePage.java:21)
	at pl.akademiaqa.pages.sections.TopMenuSearchSection.<init>(TopMenuSearchSection.java:21)
	at pl.akademiaqa.pages.BasePage.<init>(BasePage.java:21)
	at pl.akademiaqa.pages.sections.TopMenuSearchSection.<init>(TopMenuSearchSection.java:21)
	at pl.akademiaqa.pages.BasePage.<init>(BasePage.java:21)
	at pl.akademiaqa.pages.sections.TopMenuSearchSection.<init>(TopMenuSearchSection.java:21)
	at pl.akademiaqa.pages.BasePage.<init>(BasePage.java:21)
	at pl.akademiaqa.pages.sections.TopMenuSearchSection.<init>(TopMenuSearchSection.java:21)
	at pl.akademiaqa.pages.BasePage.<init>(BasePage.java:21)
	at pl.akademiaqa.pages.sections.TopMenuSearchSection.<init>(TopMenuSearchSection.java:21)
	at pl.akademiaqa.pages.BasePage.<init>(BasePage.java:21)
	at pl.akademiaqa.pages.sections.TopMenuSearchSection.<init>(TopMenuSearchSection.java:21)
	at pl.akademiaqa.pages.BasePage.<init>(BasePage.java:21)
	at pl.akademiaqa.pages.sections.TopMenuSearchSection.<init>(TopMenuSearchSection.java:21)
	at pl.akademiaqa.pages.BasePage.<init>(BasePage.java:21)
	at pl.akademiaqa.pages.sections.TopMenuSearchSection.<init>(TopMenuSearchSection.java:21)
	at pl.akademiaqa.pages.BasePage.<init>(BasePage.java:21)
	at pl.akademiaqa.pages.sections.TopMenuSearchSection.<init>(TopMenuSearchSection.java:21)
	at pl.akademiaqa.pages.BasePage.<init>(BasePage.java:21)
	at pl.akademiaqa.pages.sections.TopMenuSearchSection.<init>(TopMenuSearchSection.java:21)
	at pl.akademiaqa.pages.BasePage.<init>(BasePage.java:21)
	at pl.akademiaqa.pages.sections.TopMenuSearchSection.<init>(TopMenuSearchSection.java:21)
	at pl.akademiaqa.pages.BasePage.<init>(BasePage.java:21)
	at pl.akademiaqa.pages.sections.TopMenuSearchSection.<init>(TopMenuSearchSection.java:21)
	at pl.akademiaqa.pages.BasePage.<init>(BasePage.java:21)
	at pl.akademiaqa.pages.sections.TopMenuSearchSection.<init>(TopMenuSearchSection.java:21)
	at pl.akademiaqa.pages.BasePage.<init>(BasePage.java:21)
	at pl.akademiaqa.pages.sections.TopMenuSearchSection.<init>(TopMenuSearchSection.java:21)
	at pl.akademiaqa.pages.BasePage.<init>(BasePage.java:21)
	at pl.akademiaqa.pages.sections.TopMenuSearchSection.<init>(TopMenuSearchSection.java:21)
	at pl.akademiaqa.pages.BasePage.<init>(BasePage.java:21)
	at pl.akademiaqa.pages.sections.TopMenuSearchSection.<init>(TopMenuSearchSection.java:21)
	at pl.akademiaqa.pages.BasePage.<init>(BasePage.java:21)
	at pl.akademiaqa.pages.sections.TopMenuSearchSection.<init>(TopMenuSearchSection.java:21)
	at pl.akademiaqa.pages.BasePage.<init>(BasePage.java:21)
	at pl.akademiaqa.pages.sections.TopMenuSearchSection.<init>(TopMenuSearchSection.java:21)
	at pl.akademiaqa.pages.BasePage.<init>(BasePage.java:21)
	at pl.akademiaqa.pages.sections.TopMenuSearchSection.<init>(TopMenuSearchSection.java:21)
	at pl.akademiaqa.pages.BasePage.<init>(BasePage.java:21)
	at pl.akademiaqa.pages.sections.TopMenuSearchSection.<init>(TopMenuSearchSection.java:21)
	at pl.akademiaqa.pages.BasePage.<init>(BasePage.java:21)
	at pl.akademiaqa.pages.sections.TopMenuSearchSection.<init>(TopMenuSearchSection.java:21)
	at pl.akademiaqa.pages.BasePage.<init>(BasePage.java:21)
	at pl.akademiaqa.pages.sections.TopMenuSearchSection.<init>(TopMenuSearchSection.java:21)
	at pl.akademiaqa.pages.BasePage.<init>(BasePage.java:21)
	at pl.akademiaqa.pages.sections.TopMenuSearchSection.<init>(TopMenuSearchSection.java:21)
	at pl.akademiaqa.pages.BasePage.<init>(BasePage.java:21)
	at pl.akademiaqa.pages.sections.TopMenuSearchSection.<init>(TopMenuSearchSection.java:21)
	at pl.akademiaqa.pages.BasePage.<init>(BasePage.java:21)
	at pl.akademiaqa.pages.sections.TopMenuSearchSection.<init>(TopMenuSearchSection.java:21)
	at pl.akademiaqa.pages.BasePage.<init>(BasePage.java:21)
	at pl.akademiaqa.pages.sections.TopMenuSearchSection.<init>(TopMenuSearchSection.java:21)
	at pl.akademiaqa.pages.BasePage.<init>(BasePage.java:21)
	at pl.akademiaqa.pages.sections.TopMenuSearchSection.<init>(TopMenuSearchSection.java:21)
	at pl.akademiaqa.pages.BasePage.<init>(BasePage.java:21)
	at pl.akademiaqa.pages.sections.TopMenuSearchSection.<init>(TopMenuSearchSection.java:21)
	at pl.akademiaqa.pages.BasePage.<init>(BasePage.java:21)
	at pl.akademiaqa.pages.sections.TopMenuSearchSection.<init>(TopMenuSearchSection.java:21)
	at pl.akademiaqa.pages.BasePage.<init>(BasePage.java:21)
	at pl.akademiaqa.pages.sections.TopMenuSearchSection.<init>(TopMenuSearchSection.java:21)
	at pl.akademiaqa.pages.BasePage.<init>(BasePage.java:21)
	at pl.akademiaqa.pages.sections.TopMenuSearchSection.<init>(TopMenuSearchSection.java:21)
	at pl.akademiaqa.pages.BasePage.<init>(BasePage.java:21)
	at pl.akademiaqa.pages.sections.TopMenuSearchSection.<init>(TopMenuSearchSection.java:21)
	at pl.akademiaqa.pages.BasePage.<init>(BasePage.java:21)
	at pl.akademiaqa.pages.sections.TopMenuSearchSection.<init>(TopMenuSearchSection.java:21)
	at pl.akademiaqa.pages.BasePage.<init>(BasePage.java:21)
	at pl.akademiaqa.pages.sections.TopMenuSearchSection.<init>(TopMenuSearchSection.java:21)
	at pl.akademiaqa.pages.BasePage.<init>(BasePage.java:21)
	at pl.akademiaqa.pages.sections.TopMenuSearchSection.<init>(TopMenuSearchSection.java:21)
	at pl.akademiaqa.pages.BasePage.<init>(BasePage.java:21)
	at pl.akademiaqa.pages.sections.TopMenuSearchSection.<init>(TopMenuSearchSection.java:21)
	at pl.akademiaqa.pages.BasePage.<init>(BasePage.java:21)
	at pl.akademiaqa.pages.sections.TopMenuSearchSection.<init>(TopMenuSearchSection.java:21)
	at pl.akademiaqa.pages.BasePage.<init>(BasePage.java:21)
	at pl.akademiaqa.pages.sections.TopMenuSearchSection.<init>(TopMenuSearchSection.java:21)
	at pl.akademiaqa.pages.BasePage.<init>(BasePage.java:21)
	at pl.akademiaqa.pages.sections.TopMenuSearchSection.<init>(TopMenuSearchSection.java:21)
	at pl.akademiaqa.pages.BasePage.<init>(BasePage.java:21)
	at pl.akademiaqa.pages.sections.TopMenuSearchSection.<init>(TopMenuSearchSection.java:21)
	at pl.akademiaqa.pages.BasePage.<init>(BasePage.java:21)
	at pl.akademiaqa.pages.sections.TopMenuSearchSection.<init>(TopMenuSearchSection.java:21)
	at pl.akademiaqa.pages.BasePage.<init>(BasePage.java:21)
	at pl.akademiaqa.pages.sections.TopMenuSearchSection.<init>(TopMenuSearchSection.java:21)
	at pl.akademiaqa.pages.BasePage.<init>(BasePage.java:21)
	at pl.akademiaqa.pages.sections.TopMenuSearchSection.<init>(TopMenuSearchSection.java:21)
	at pl.akademiaqa.pages.BasePage.<init>(BasePage.java:21)
	at pl.akademiaqa.pages.sections.TopMenuSearchSection.<init>(TopMenuSearchSection.java:21)
	at pl.akademiaqa.pages.BasePage.<init>(BasePage.java:21)
	at pl.akademiaqa.pages.sections.TopMenuSearchSection.<init>(TopMenuSearchSection.java:21)
	at pl.akademiaqa.pages.BasePage.<init>(BasePage.java:21)
	at pl.akademiaqa.pages.sections.TopMenuSearchSection.<init>(TopMenuSearchSection.java:21)
	at pl.akademiaqa.pages.BasePage.<init>(BasePage.java:21)
	at pl.akademiaqa.pages.sections.TopMenuSearchSection.<init>(TopMenuSearchSection.java:21)
	at pl.akademiaqa.pages.BasePage.<init>(BasePage.java:21)
	at pl.akademiaqa.pages.sections.TopMenuSearchSection.<init>(TopMenuSearchSection.java:21)
	at pl.akademiaqa.pages.BasePage.<init>(BasePage.java:21)
	at pl.akademiaqa.pages.sections.TopMenuSearchSection.<init>(TopMenuSearchSection.java:21)
	at pl.akademiaqa.pages.BasePage.<init>(BasePage.java:21)
	at pl.akademiaqa.pages.sections.TopMenuSearchSection.<init>(TopMenuSearchSection.java:21)
	at pl.akademiaqa.pages.BasePage.<init>(BasePage.java:21)
	at pl.akademiaqa.pages.sections.TopMenuSearchSection.<init>(TopMenuSearchSection.java:21)
	at pl.akademiaqa.pages.BasePage.<init>(BasePage.java:21)
	at pl.akademiaqa.pages.sections.TopMenuSearchSection.<init>(TopMenuSearchSection.java:21)
	at pl.akademiaqa.pages.BasePage.<init>(BasePage.java:21)
	at pl.akademiaqa.pages.sections.TopMenuSearchSection.<init>(TopMenuSearchSection.java:21)
	at pl.akademiaqa.pages.BasePage.<init>(BasePage.java:21)
	at pl.akademiaqa.pages.sections.TopMenuSearchSection.<init>(TopMenuSearchSection.java:21)
	at pl.akademiaqa.pages.BasePage.<init>(BasePage.java:21)
	at pl.akademiaqa.pages.sections.TopMenuSearchSection.<init>(TopMenuSearchSection.java:21)
	at pl.akademiaqa.pages.BasePage.<init>(BasePage.java:21)
	at pl.akademiaqa.pages.sections.TopMenuSearchSection.<init>(TopMenuSearchSection.java:21)
	at pl.akademiaqa.pages.BasePage.<init>(BasePage.java:21)
	at pl.akademiaqa.pages.sections.TopMenuSearchSection.<init>(TopMenuSearchSection.java:21)
	at pl.akademiaqa.pages.BasePage.<init>(BasePage.java:21)
	at pl.akademiaqa.pages.sections.TopMenuSearchSection.<init>(TopMenuSearchSection.java:21)
	at pl.akademiaqa.pages.BasePage.<init>(BasePage.java:21)
	at pl.akademiaqa.pages.sections.TopMenuSearchSection.<init>(TopMenuSearchSection.java:21)
	at pl.akademiaqa.pages.BasePage.<init>(BasePage.java:21)
	at pl.akademiaqa.pages.sections.TopMenuSearchSection.<init>(TopMenuSearchSection.java:21)
	at pl.akademiaqa.pages.BasePage.<init>(BasePage.java:21)
	at pl.akademiaqa.pages.sections.TopMenuSearchSection.<init>(TopMenuSearchSection.java:21)
	at pl.akademiaqa.pages.BasePage.<init>(BasePage.java:21)
	at pl.akademiaqa.pages.sections.TopMenuSearchSection.<init>(TopMenuSearchSection.java:21)
	at pl.akademiaqa.pages.BasePage.<init>(BasePage.java:21)
	at pl.akademiaqa.pages.sections.TopMenuSearchSection.<init>(TopMenuSearchSection.java:21)
	at pl.akademiaqa.pages.BasePage.<init>(BasePage.java:21)
	at pl.akademiaqa.pages.sections.TopMenuSearchSection.<init>(TopMenuSearchSection.java:21)
	at pl.akademiaqa.pages.BasePage.<init>(BasePage.java:21)
	at pl.akademiaqa.pages.sections.TopMenuSearchSection.<init>(TopMenuSearchSection.java:21)
	at pl.akademiaqa.pages.BasePage.<init>(BasePage.java:21)
	at pl.akademiaqa.pages.sections.TopMenuSearchSection.<init>(TopMenuSearchSection.java:21)
	at pl.akademiaqa.pages.BasePage.<init>(BasePage.java:21)
	at pl.akademiaqa.pages.sections.TopMenuSearchSection.<init>(TopMenuSearchSection.java:21)
	at pl.akademiaqa.pages.BasePage.<init>(BasePage.java:21)
	at pl.akademiaqa.pages.sections.TopMenuSearchSection.<init>(TopMenuSearchSection.java:21)
	at pl.akademiaqa.pages.BasePage.<init>(BasePage.java:21)
	at pl.akademiaqa.pages.sections.TopMenuSearchSection.<init>(TopMenuSearchSection.java:21)
	at pl.akademiaqa.pages.BasePage.<init>(BasePage.java:21)
	at pl.akademiaqa.pages.sections.TopMenuSearchSection.<init>(TopMenuSearchSection.java:21)
	at pl.akademiaqa.pages.BasePage.<init>(BasePage.java:21)
	at pl.akademiaqa.pages.sections.TopMenuSearchSection.<init>(TopMenuSearchSection.java:21)
	at pl.akademiaqa.pages.BasePage.<init>(BasePage.java:21)
	at pl.akademiaqa.pages.sections.TopMenuSearchSection.<init>(TopMenuSearchSection.java:21)
	at pl.akademiaqa.pages.BasePage.<init>(BasePage.java:21)
	at pl.akademiaqa.pages.sections.TopMenuSearchSection.<init>(TopMenuSearchSection.java:21)
	at pl.akademiaqa.pages.BasePage.<init>(BasePage.java:21)
	at pl.akademiaqa.pages.sections.TopMenuSearchSection.<init>(TopMenuSearchSection.java:21)
	at pl.akademiaqa.pages.BasePage.<init>(BasePage.java:21)
	at pl.akademiaqa.pages.sections.TopMenuSearchSection.<init>(TopMenuSearchSection.java:21)
	at pl.akademiaqa.pages.BasePage.<init>(BasePage.java:21)
	at pl.akademiaqa.pages.sections.TopMenuSearchSection.<init>(TopMenuSearchSection.java:21)
	at pl.akademiaqa.pages.BasePage.<init>(BasePage.java:21)
	at pl.akademiaqa.pages.sections.TopMenuSearchSection.<init>(TopMenuSearchSection.java:21)
	at pl.akademiaqa.pages.BasePage.<init>(BasePage.java:21)
	at pl.akademiaqa.pages.sections.TopMenuSearchSection.<init>(TopMenuSearchSection.java:21)
	at pl.akademiaqa.pages.BasePage.<init>(BasePage.java:21)
	at pl.akademiaqa.pages.sections.TopMenuSearchSection.<init>(TopMenuSearchSection.java:21)
	at pl.akademiaqa.pages.BasePage.<init>(BasePage.java:21)
	at pl.akademiaqa.pages.sections.TopMenuSearchSection.<init>(TopMenuSearchSection.java:21)
	at pl.akademiaqa.pages.BasePage.<init>(BasePage.java:21)
	at pl.akademiaqa.pages.sections.TopMenuSearchSection.<init>(TopMenuSearchSection.java:21)
	at pl.akademiaqa.pages.BasePage.<init>(BasePage.java:21)
	at pl.akademiaqa.pages.sections.TopMenuSearchSection.<init>(TopMenuSearchSection.java:21)
	at pl.akademiaqa.pages.BasePage.<init>(BasePage.java:21)
	at pl.akademiaqa.pages.sections.TopMenuSearchSection.<init>(TopMenuSearchSection.java:21)
	at pl.akademiaqa.pages.BasePage.<init>(BasePage.java:21)
	at pl.akademiaqa.pages.sections.TopMenuSearchSection.<init>(TopMenuSearchSection.java:21)
	at pl.akademiaqa.pages.BasePage.<init>(BasePage.java:21)
	at pl.akademiaqa.pages.sections.TopMenuSearchSection.<init>(TopMenuSearchSection.java:21)
	at pl.akademiaqa.pages.BasePage.<init>(BasePage.java:21)
	at pl.akademiaqa.pages.sections.TopMenuSearchSection.<init>(TopMenuSearchSection.java:21)
	at pl.akademiaqa.pages.BasePage.<init>(BasePage.java:21)
	at pl.akademiaqa.pages.sections.TopMenuSearchSection.<init>(TopMenuSearchSection.java:21)
	at pl.akademiaqa.pages.BasePage.<init>(BasePage.java:21)
	at pl.akademiaqa.pages.sections.TopMenuSearchSection.<init>(TopMenuSearchSection.java:21)
	at pl.akademiaqa.pages.BasePage.<init>(BasePage.java:21)
	at pl.akademiaqa.pages.sections.TopMenuSearchSection.<init>(TopMenuSearchSection.java:21)
	at pl.akademiaqa.pages.BasePage.<init>(BasePage.java:21)
	at pl.akademiaqa.pages.sections.TopMenuSearchSection.<init>(TopMenuSearchSection.java:21)
	at pl.akademiaqa.pages.BasePage.<init>(BasePage.java:21)
	at pl.akademiaqa.pages.sections.TopMenuSearchSection.<init>(TopMenuSearchSection.java:21)
	at pl.akademiaqa.pages.BasePage.<init>(BasePage.java:21)
	at pl.akademiaqa.pages.sections.TopMenuSearchSection.<init>(TopMenuSearchSection.java:21)
	at pl.akademiaqa.pages.BasePage.<init>(BasePage.java:21)
	at pl.akademiaqa.pages.sections.TopMenuSearchSection.<init>(TopMenuSearchSection.java:21)
	at pl.akademiaqa.pages.BasePage.<init>(BasePage.java:21)
	at pl.akademiaqa.pages.sections.TopMenuSearchSection.<init>(TopMenuSearchSection.java:21)
	at pl.akademiaqa.pages.BasePage.<init>(BasePage.java:21)
	at pl.akademiaqa.pages.sections.TopMenuSearchSection.<init>(TopMenuSearchSection.java:21)
	at pl.akademiaqa.pages.BasePage.<init>(BasePage.java:21)
	at pl.akademiaqa.pages.sections.TopMenuSearchSection.<init>(TopMenuSearchSection.java:21)
	at pl.akademiaqa.pages.BasePage.<init>(BasePage.java:21)
	at pl.akademiaqa.pages.sections.TopMenuSearchSection.<init>(TopMenuSearchSection.java:21)
	at pl.akademiaqa.pages.BasePage.<init>(BasePage.java:21)
	at pl.akademiaqa.pages.sections.TopMenuSearchSection.<init>(TopMenuSearchSection.java:21)
	at pl.akademiaqa.pages.BasePage.<init>(BasePage.java:21)
	at pl.akademiaqa.pages.sections.TopMenuSearchSection.<init>(TopMenuSearchSection.java:21)
	at pl.akademiaqa.pages.BasePage.<init>(BasePage.java:21)
	at pl.akademiaqa.pages.sections.TopMenuSearchSection.<init>(TopMenuSearchSection.java:21)
	at pl.akademiaqa.pages.BasePage.<init>(BasePage.java:21)
	at pl.akademiaqa.pages.sections.TopMenuSearchSection.<init>(TopMenuSearchSection.java:21)
	at pl.akademiaqa.pages.BasePage.<init>(BasePage.java:21)
	at pl.akademiaqa.pages.sections.TopMenuSearchSection.<init>(TopMenuSearchSection.java:21)
	at pl.akademiaqa.pages.BasePage.<init>(BasePage.java:21)
	at pl.akademiaqa.pages.sections.TopMenuSearchSection.<init>(TopMenuSearchSection.java:21)
	at pl.akademiaqa.pages.BasePage.<init>(BasePage.java:21)
	at pl.akademiaqa.pages.sections.TopMenuSearchSection.<init>(TopMenuSearchSection.java:21)
	at pl.akademiaqa.pages.BasePage.<init>(BasePage.java:21)
	at pl.akademiaqa.pages.sections.TopMenuSearchSection.<init>(TopMenuSearchSection.java:21)
	at pl.akademiaqa.pages.BasePage.<init>(BasePage.java:21)
	at pl.akademiaqa.pages.sections.TopMenuSearchSection.<init>(TopMenuSearchSection.java:21)
	at pl.akademiaqa.pages.BasePage.<init>(BasePage.java:21)
	at pl.akademiaqa.pages.sections.TopMenuSearchSection.<init>(TopMenuSearchSection.java:21)
	at pl.akademiaqa.pages.BasePage.<init>(BasePage.java:21)
	at pl.akademiaqa.pages.sections.TopMenuSearchSection.<init>(TopMenuSearchSection.java:21)
	at pl.akademiaqa.pages.BasePage.<init>(BasePage.java:21)
	at pl.akademiaqa.pages.sections.TopMenuSearchSection.<init>(TopMenuSearchSection.java:21)
	at pl.akademiaqa.pages.BasePage.<init>(BasePage.java:21)
	at pl.akademiaqa.pages.sections.TopMenuSearchSection.<init>(TopMenuSearchSection.java:21)
	at pl.akademiaqa.pages.BasePage.<init>(BasePage.java:21)
	at pl.akademiaqa.pages.sections.TopMenuSearchSection.<init>(TopMenuSearchSection.java:21)
	at pl.akademiaqa.pages.BasePage.<init>(BasePage.java:21)
	at pl.akademiaqa.pages.sections.TopMenuSearchSection.<init>(TopMenuSearchSection.java:21)
	at pl.akademiaqa.pages.BasePage.<init>(BasePage.java:21)
	at pl.akademiaqa.pages.sections.TopMenuSearchSection.<init>(TopMenuSearchSection.java:21)
	at pl.akademiaqa.pages.BasePage.<init>(BasePage.java:21)
	at pl.akademiaqa.pages.sections.TopMenuSearchSection.<init>(TopMenuSearchSection.java:21)
	at pl.akademiaqa.pages.BasePage.<init>(BasePage.java:21)
	at pl.akademiaqa.pages.sections.TopMenuSearchSection.<init>(TopMenuSearchSection.java:21)
	at pl.akademiaqa.pages.BasePage.<init>(BasePage.java:21)
	at pl.akademiaqa.pages.sections.TopMenuSearchSection.<init>(TopMenuSearchSection.java:21)
	at pl.akademiaqa.pages.BasePage.<init>(BasePage.java:21)
	at pl.akademiaqa.pages.sections.TopMenuSearchSection.<init>(TopMenuSearchSection.java:21)
	at pl.akademiaqa.pages.BasePage.<init>(BasePage.java:21)
	at pl.akademiaqa.pages.sections.TopMenuSearchSection.<init>(TopMenuSearchSection.java:21)
	at pl.akademiaqa.pages.BasePage.<init>(BasePage.java:21)
	at pl.akademiaqa.pages.sections.TopMenuSearchSection.<init>(TopMenuSearchSection.java:21)
	at pl.akademiaqa.pages.BasePage.<init>(BasePage.java:21)
	at pl.akademiaqa.pages.sections.TopMenuSearchSection.<init>(TopMenuSearchSection.java:21)
	at pl.akademiaqa.pages.BasePage.<init>(BasePage.java:21)
	at pl.akademiaqa.pages.sections.TopMenuSearchSection.<init>(TopMenuSearchSection.java:21)
	at pl.akademiaqa.pages.BasePage.<init>(BasePage.java:21)
	at pl.akademiaqa.pages.sections.TopMenuSearchSection.<init>(TopMenuSearchSection.java:21)
	at pl.akademiaqa.pages.BasePage.<init>(BasePage.java:21)
	at pl.akademiaqa.pages.sections.TopMenuSearchSection.<init>(TopMenuSearchSection.java:21)
	at pl.akademiaqa.pages.BasePage.<init>(BasePage.java:21)
	at pl.akademiaqa.pages.sections.TopMenuSearchSection.<init>(TopMenuSearchSection.java:21)
	at pl.akademiaqa.pages.BasePage.<init>(BasePage.java:21)
	at pl.akademiaqa.pages.sections.TopMenuSearchSection.<init>(TopMenuSearchSection.java:21)
	at pl.akademiaqa.pages.BasePage.<init>(BasePage.java:21)
	at pl.akademiaqa.pages.sections.TopMenuSearchSection.<init>(TopMenuSearchSection.java:21)
	at pl.akademiaqa.pages.BasePage.<init>(BasePage.java:21)
	at pl.akademiaqa.pages.sections.TopMenuSearchSection.<init>(TopMenuSearchSection.java:21)
	at pl.akademiaqa.pages.BasePage.<init>(BasePage.java:21)
	at pl.akademiaqa.pages.sections.TopMenuSearchSection.<init>(TopMenuSearchSection.java:21)
	at pl.akademiaqa.pages.BasePage.<init>(BasePage.java:21)
	at pl.akademiaqa.pages.sections.TopMenuSearchSection.<init>(TopMenuSearchSection.java:21)
	at pl.akademiaqa.pages.BasePage.<init>(BasePage.java:21)
	at pl.akademiaqa.pages.sections.TopMenuSearchSection.<init>(TopMenuSearchSection.java:21)
	at pl.akademiaqa.pages.BasePage.<init>(BasePage.java:21)
	at pl.akademiaqa.pages.sections.TopMenuSearchSection.<init>(TopMenuSearchSection.java:21)
	at pl.akademiaqa.pages.BasePage.<init>(BasePage.java:21)
	at pl.akademiaqa.pages.sections.TopMenuSearchSection.<init>(TopMenuSearchSection.java:21)
	at pl.akademiaqa.pages.BasePage.<init>(BasePage.java:21)
	at pl.akademiaqa.pages.sections.TopMenuSearchSection.<init>(TopMenuSearchSection.java:21)
	at pl.akademiaqa.pages.BasePage.<init>(BasePage.java:21)
	at pl.akademiaqa.pages.sections.TopMenuSearchSection.<init>(TopMenuSearchSection.java:21)
	at pl.akademiaqa.pages.BasePage.<init>(BasePage.java:21)
	at pl.akademiaqa.pages.sections.TopMenuSearchSection.<init>(TopMenuSearchSection.java:21)
	at pl.akademiaqa.pages.BasePage.<init>(BasePage.java:21)
	at pl.akademiaqa.pages.sections.TopMenuSearchSection.<init>(TopMenuSearchSection.java:21)
	at pl.akademiaqa.pages.BasePage.<init>(BasePage.java:21)
	at pl.akademiaqa.pages.sections.TopMenuSearchSection.<init>(TopMenuSearchSection.java:21)
	at pl.akademiaqa.pages.BasePage.<init>(BasePage.java:21)
	at pl.akademiaqa.pages.sections.TopMenuSearchSection.<init>(TopMenuSearchSection.java:21)
	at pl.akademiaqa.pages.BasePage.<init>(BasePage.java:21)
	at pl.akademiaqa.pages.sections.TopMenuSearchSection.<init>(TopMenuSearchSection.java:21)
	at pl.akademiaqa.pages.BasePage.<init>(BasePage.java:21)
	at pl.akademiaqa.pages.sections.TopMenuSearchSection.<init>(TopMenuSearchSection.java:21)
	at pl.akademiaqa.pages.BasePage.<init>(BasePage.java:21)
	at pl.akademiaqa.pages.sections.TopMenuSearchSection.<init>(TopMenuSearchSection.java:21)
	at pl.akademiaqa.pages.BasePage.<init>(BasePage.java:21)
	at pl.akademiaqa.pages.sections.TopMenuSearchSection.<init>(TopMenuSearchSection.java:21)
	at pl.akademiaqa.pages.BasePage.<init>(BasePage.java:21)
	at pl.akademiaqa.pages.sections.TopMenuSearchSection.<init>(TopMenuSearchSection.java:21)
	at pl.akademiaqa.pages.BasePage.<init>(BasePage.java:21)
	at pl.akademiaqa.pages.sections.TopMenuSearchSection.<init>(TopMenuSearchSection.java:21)
	at pl.akademiaqa.pages.BasePage.<init>(BasePage.java:21)
	at pl.akademiaqa.pages.sections.TopMenuSearchSection.<init>(TopMenuSearchSection.java:21)
	at pl.akademiaqa.pages.BasePage.<init>(BasePage.java:21)
	at pl.akademiaqa.pages.sections.TopMenuSearchSection.<init>(TopMenuSearchSection.java:21)
	at pl.akademiaqa.pages.BasePage.<init>(BasePage.java:21)
	at pl.akademiaqa.pages.sections.TopMenuSearchSection.<init>(TopMenuSearchSection.java:21)
	at pl.akademiaqa.pages.BasePage.<init>(BasePage.java:21)
	at pl.akademiaqa.pages.sections.TopMenuSearchSection.<init>(TopMenuSearchSection.java:21)
	at pl.akademiaqa.pages.BasePage.<init>(BasePage.java:21)
	at pl.akademiaqa.pages.sections.TopMenuSearchSection.<init>(TopMenuSearchSection.java:21)
	at pl.akademiaqa.pages.BasePage.<init>(BasePage.java:21)
	at pl.akademiaqa.pages.sections.TopMenuSearchSection.<init>(TopMenuSearchSection.java:21)
	at pl.akademiaqa.pages.BasePage.<init>(BasePage.java:21)
	at pl.akademiaqa.pages.sections.TopMenuSearchSection.<init>(TopMenuSearchSection.java:21)
	at pl.akademiaqa.pages.BasePage.<init>(BasePage.java:21)
	at pl.akademiaqa.pages.sections.TopMenuSearchSection.<init>(TopMenuSearchSection.java:21)
	at pl.akademiaqa.pages.BasePage.<init>(BasePage.java:21)
	at pl.akademiaqa.pages.sections.TopMenuSearchSection.<init>(TopMenuSearchSection.java:21)
	at pl.akademiaqa.pages.BasePage.<init>(BasePage.java:21)
	at pl.akademiaqa.pages.sections.TopMenuSearchSection.<init>(TopMenuSearchSection.java:21)
	at pl.akademiaqa.pages.BasePage.<init>(BasePage.java:21)
	at pl.akademiaqa.pages.sections.TopMenuSearchSection.<init>(TopMenuSearchSection.java:21)
	at pl.akademiaqa.pages.BasePage.<init>(BasePage.java:21)
	at pl.akademiaqa.pages.sections.TopMenuSearchSection.<init>(TopMenuSearchSection.java:21)
	at pl.akademiaqa.pages.BasePage.<init>(BasePage.java:21)
	at pl.akademiaqa.pages.sections.TopMenuSearchSection.<init>(TopMenuSearchSection.java:21)
	at pl.akademiaqa.pages.BasePage.<init>(BasePage.java:21)
	at pl.akademiaqa.pages.sections.TopMenuSearchSection.<init>(TopMenuSearchSection.java:21)
	at pl.akademiaqa.pages.BasePage.<init>(BasePage.java:21)
	at pl.akademiaqa.pages.sections.TopMenuSearchSection.<init>(TopMenuSearchSection.java:21)
	at pl.akademiaqa.pages.BasePage.<init>(BasePage.java:21)
	at pl.akademiaqa.pages.sections.TopMenuSearchSection.<init>(TopMenuSearchSection.java:21)
	at pl.akademiaqa.pages.BasePage.<init>(BasePage.java:21)
	at pl.akademiaqa.pages.sections.TopMenuSearchSection.<init>(TopMenuSearchSection.java:21)
	at pl.akademiaqa.pages.BasePage.<init>(BasePage.java:21)
	at pl.akademiaqa.pages.sections.TopMenuSearchSection.<init>(TopMenuSearchSection.java:21)
	at pl.akademiaqa.pages.BasePage.<init>(BasePage.java:21)
	at pl.akademiaqa.pages.sections.TopMenuSearchSection.<init>(TopMenuSearchSection.java:21)
	at pl.akademiaqa.pages.BasePage.<init>(BasePage.java:21)
	at pl.akademiaqa.pages.sections.TopMenuSearchSection.<init>(TopMenuSearchSection.java:21)
	at pl.akademiaqa.pages.BasePage.<init>(BasePage.java:21)
	at pl.akademiaqa.pages.sections.TopMenuSearchSection.<init>(TopMenuSearchSection.java:21)
	at pl.akademiaqa.pages.BasePage.<init>(BasePage.java:21)
	at pl.akademiaqa.pages.sections.TopMenuSearchSection.<init>(TopMenuSearchSection.java:21)
	at pl.akademiaqa.pages.BasePage.<init>(BasePage.java:21)
	at pl.akademiaqa.pages.sections.TopMenuSearchSection.<init>(TopMenuSearchSection.java:21)
	at pl.akademiaqa.pages.BasePage.<init>(BasePage.java:21)
	at pl.akademiaqa.pages.sections.TopMenuSearchSection.<init>(TopMenuSearchSection.java:21)
	at pl.akademiaqa.pages.BasePage.<init>(BasePage.java:21)
	at pl.akademiaqa.pages.sections.TopMenuSearchSection.<init>(TopMenuSearchSection.java:21)
	at pl.akademiaqa.pages.BasePage.<init>(BasePage.java:21)
	at pl.akademiaqa.pages.sections.TopMenuSearchSection.<init>(TopMenuSearchSection.java:21)
	at pl.akademiaqa.pages.BasePage.<init>(BasePage.java:21)
	at pl.akademiaqa.pages.sections.TopMenuSearchSection.<init>(TopMenuSearchSection.java:21)
	at pl.akademiaqa.pages.BasePage.<init>(BasePage.java:21)
	at pl.akademiaqa.pages.sections.TopMenuSearchSection.<init>(TopMenuSearchSection.java:21)
	at pl.akademiaqa.pages.BasePage.<init>(BasePage.java:21)
	at pl.akademiaqa.pages.sections.TopMenuSearchSection.<init>(TopMenuSearchSection.java:21)
	at pl.akademiaqa.pages.BasePage.<init>(BasePage.java:21)
	at pl.akademiaqa.pages.sections.TopMenuSearchSection.<init>(TopMenuSearchSection.java:21)
	at pl.akademiaqa.pages.BasePage.<init>(BasePage.java:21)
	at pl.akademiaqa.pages.sections.TopMenuSearchSection.<init>(TopMenuSearchSection.java:21)
	at pl.akademiaqa.pages.BasePage.<init>(BasePage.java:21)
	at pl.akademiaqa.pages.sections.TopMenuSearchSection.<init>(TopMenuSearchSection.java:21)
	at pl.akademiaqa.pages.BasePage.<init>(BasePage.java:21)
	at pl.akademiaqa.pages.sections.TopMenuSearchSection.<init>(TopMenuSearchSection.java:21)
	at pl.akademiaqa.pages.BasePage.<init>(BasePage.java:21)
	at pl.akademiaqa.pages.sections.TopMenuSearchSection.<init>(TopMenuSearchSection.java:21)
	at pl.akademiaqa.pages.BasePage.<init>(BasePage.java:21)
	at pl.akademiaqa.pages.sections.TopMenuSearchSection.<init>(TopMenuSearchSection.java:21)
	at pl.akademiaqa.pages.BasePage.<init>(BasePage.java:21)
	at pl.akademiaqa.pages.sections.TopMenuSearchSection.<init>(TopMenuSearchSection.java:21)
	at pl.akademiaqa.pages.BasePage.<init>(BasePage.java:21)
	at pl.akademiaqa.pages.sections.TopMenuSearchSection.<init>(TopMenuSearchSection.java:21)
	at pl.akademiaqa.pages.BasePage.<init>(BasePage.java:21)
	at pl.akademiaqa.pages.sections.TopMenuSearchSection.<init>(TopMenuSearchSection.java:21)
	at pl.akademiaqa.pages.BasePage.<init>(BasePage.java:21)
	at pl.akademiaqa.pages.sections.TopMenuSearchSection.<init>(TopMenuSearchSection.java:21)
	at pl.akademiaqa.pages.BasePage.<init>(BasePage.java:21)
	at pl.akademiaqa.pages.sections.TopMenuSearchSection.<init>(TopMenuSearchSection.java:21)
	at pl.akademiaqa.pages.BasePage.<init>(BasePage.java:21)
	at pl.akademiaqa.pages.sections.TopMenuSearchSection.<init>(TopMenuSearchSection.java:21)
	at pl.akademiaqa.pages.BasePage.<init>(BasePage.java:21)
	at pl.akademiaqa.pages.sections.TopMenuSearchSection.<init>(TopMenuSearchSection.java:21)
	at pl.akademiaqa.pages.BasePage.<init>(BasePage.java:21)
	at pl.akademiaqa.pages.sections.TopMenuSearchSection.<init>(TopMenuSearchSection.java:21)
	at pl.akademiaqa.pages.BasePage.<init>(BasePage.java:21)
	at pl.akademiaqa.pages.sections.TopMenuSearchSection.<init>(TopMenuSearchSection.java:21)
	at pl.akademiaqa.pages.BasePage.<init>(BasePage.java:21)
	at pl.akademiaqa.pages.sections.TopMenuSearchSection.<init>(TopMenuSearchSection.java:21)
	at pl.akademiaqa.pages.BasePage.<init>(BasePage.java:21)
	at pl.akademiaqa.pages.sections.TopMenuSearchSection.<init>(TopMenuSearchSection.java:21)
	at pl.akademiaqa.pages.BasePage.<init>(BasePage.java:21)
	at pl.akademiaqa.pages.sections.TopMenuSearchSection.<init>(TopMenuSearchSection.java:21)
	at pl.akademiaqa.pages.BasePage.<init>(BasePage.java:21)
	at pl.akademiaqa.pages.sections.TopMenuSearchSection.<init>(TopMenuSearchSection.java:21)
	at pl.akademiaqa.pages.BasePage.<init>(BasePage.java:21)
	at pl.akademiaqa.pages.sections.TopMenuSearchSection.<init>(TopMenuSearchSection.java:21)
	at pl.akademiaqa.pages.BasePage.<init>(BasePage.java:21)
	at pl.akademiaqa.pages.sections.TopMenuSearchSection.<init>(TopMenuSearchSection.java:21)
	at pl.akademiaqa.pages.BasePage.<init>(BasePage.java:21)
	at pl.akademiaqa.pages.sections.TopMenuSearchSection.<init>(TopMenuSearchSection.java:21)
	at pl.akademiaqa.pages.BasePage.<init>(BasePage.java:21)
	at pl.akademiaqa.pages.sections.TopMenuSearchSection.<init>(TopMenuSearchSection.java:21)
	at pl.akademiaqa.pages.BasePage.<init>(BasePage.java:21)
	at pl.akademiaqa.pages.sections.TopMenuSearchSection.<init>(TopMenuSearchSection.java:21)
	at pl.akademiaqa.pages.BasePage.<init>(BasePage.java:21)
	at pl.akademiaqa.pages.sections.TopMenuSearchSection.<init>(TopMenuSearchSection.java:21)
	at pl.akademiaqa.pages.BasePage.<init>(BasePage.java:21)
	at pl.akademiaqa.pages.sections.TopMenuSearchSection.<init>(TopMenuSearchSection.java:21)
	at pl.akademiaqa.pages.BasePage.<init>(BasePage.java:21)
	at pl.akademiaqa.pages.sections.TopMenuSearchSection.<init>(TopMenuSearchSection.java:21)
	at pl.akademiaqa.pages.BasePage.<init>(BasePage.java:21)
	at pl.akademiaqa.pages.sections.TopMenuSearchSection.<init>(TopMenuSearchSection.java:21)
	at pl.akademiaqa.pages.BasePage.<init>(BasePage.java:21)
	at pl.akademiaqa.pages.sections.TopMenuSearchSection.<init>(TopMenuSearchSection.java:21)
	at pl.akademiaqa.pages.BasePage.<init>(BasePage.java:21)
	at pl.akademiaqa.pages.sections.TopMenuSearchSection.<init>(TopMenuSearchSection.java:21)
	at pl.akademiaqa.pages.BasePage.<init>(BasePage.java:21)
	at pl.akademiaqa.pages.sections.TopMenuSearchSection.<init>(TopMenuSearchSection.java:21)
	at pl.akademiaqa.pages.BasePage.<init>(BasePage.java:21)
	at pl.akademiaqa.pages.sections.TopMenuSearchSection.<init>(TopMenuSearchSection.java:21)
	at pl.akademiaqa.pages.BasePage.<init>(BasePage.java:21)
	at pl.akademiaqa.pages.sections.TopMenuSearchSection.<init>(TopMenuSearchSection.java:21)
	at pl.akademiaqa.pages.BasePage.<init>(BasePage.java:21)
	at pl.akademiaqa.pages.sections.TopMenuSearchSection.<init>(TopMenuSearchSection.java:21)
	at pl.akademiaqa.pages.BasePage.<init>(BasePage.java:21)
	at pl.akademiaqa.pages.sections.TopMenuSearchSection.<init>(TopMenuSearchSection.java:21)
	at pl.akademiaqa.pages.BasePage.<init>(BasePage.java:21)
	at pl.akademiaqa.pages.sections.TopMenuSearchSection.<init>(TopMenuSearchSection.java:21)
	at pl.akademiaqa.pages.BasePage.<init>(BasePage.java:21)
	at pl.akademiaqa.pages.sections.TopMenuSearchSection.<init>(TopMenuSearchSection.java:21)
	at pl.akademiaqa.pages.BasePage.<init>(BasePage.java:21)
	at pl.akademiaqa.pages.sections.TopMenuSearchSection.<init>(TopMenuSearchSection.java:21)
	at pl.akademiaqa.pages.BasePage.<init>(BasePage.java:21)
	at pl.akademiaqa.pages.sections.TopMenuSearchSection.<init>(TopMenuSearchSection.java:21)
	at pl.akademiaqa.pages.BasePage.<init>(BasePage.java:21)
	at pl.akademiaqa.pages.sections.TopMenuSearchSection.<init>(TopMenuSearchSection.java:21)
	at pl.akademiaqa.pages.BasePage.<init>(BasePage.java:21)
	at pl.akademiaqa.pages.sections.TopMenuSearchSection.<init>(TopMenuSearchSection.java:21)
	at pl.akademiaqa.pages.BasePage.<init>(BasePage.java:21)
	at pl.akademiaqa.pages.sections.TopMenuSearchSection.<init>(TopMenuSearchSection.java:21)
	at pl.akademiaqa.pages.BasePage.<init>(BasePage.java:21)
	at pl.akademiaqa.pages.sections.TopMenuSearchSection.<init>(TopMenuSearchSection.java:21)
	at pl.akademiaqa.pages.BasePage.<init>(BasePage.java:21)
	at pl.akademiaqa.pages.sections.TopMenuSearchSection.<init>(TopMenuSearchSection.java:21)
	at pl.akademiaqa.pages.BasePage.<init>(BasePage.java:21)
	at pl.akademiaqa.pages.sections.TopMenuSearchSection.<init>(TopMenuSearchSection.java:21)
	at pl.akademiaqa.pages.BasePage.<init>(BasePage.java:21)
	at pl.akademiaqa.pages.sections.TopMenuSearchSection.<init>(TopMenuSearchSection.java:21)
	at pl.akademiaqa.pages.BasePage.<init>(BasePage.java:21)
	at pl.akademiaqa.pages.sections.TopMenuSearchSection.<init>(TopMenuSearchSection.java:21)
	at pl.akademiaqa.pages.BasePage.<init>(BasePage.java:21)
	at pl.akademiaqa.pages.sections.TopMenuSearchSection.<init>(TopMenuSearchSection.java:21)
	at pl.akademiaqa.pages.BasePage.<init>(BasePage.java:21)
	at pl.akademiaqa.pages.sections.TopMenuSearchSection.<init>(TopMenuSearchSection.java:21)
	at pl.akademiaqa.pages.BasePage.<init>(BasePage.java:21)
	at pl.akademiaqa.pages.sections.TopMenuSearchSection.<init>(TopMenuSearchSection.java:21)
	at pl.akademiaqa.pages.BasePage.<init>(BasePage.java:21)
	at pl.akademiaqa.pages.sections.TopMenuSearchSection.<init>(TopMenuSearchSection.java:21)
	at pl.akademiaqa.pages.BasePage.<init>(BasePage.java:21)
	at pl.akademiaqa.pages.sections.TopMenuSearchSection.<init>(TopMenuSearchSection.java:21)
	at pl.akademiaqa.pages.BasePage.<init>(BasePage.java:21)
	at pl.akademiaqa.pages.sections.TopMenuSearchSection.<init>(TopMenuSearchSection.java:21)
	at pl.akademiaqa.pages.BasePage.<init>(BasePage.java:21)
	at pl.akademiaqa.pages.sections.TopMenuSearchSection.<init>(TopMenuSearchSection.java:21)
	at pl.akademiaqa.pages.BasePage.<init>(BasePage.java:21)
	at pl.akademiaqa.pages.sections.TopMenuSearchSection.<init>(TopMenuSearchSection.java:21)
	at pl.akademiaqa.pages.BasePage.<init>(BasePage.java:21)
	at pl.akademiaqa.pages.sections.TopMenuSearchSection.<init>(TopMenuSearchSection.java:21)
	at pl.akademiaqa.pages.BasePage.<init>(BasePage.java:21)
	at pl.akademiaqa.pages.sections.TopMenuSearchSection.<init>(TopMenuSearchSection.java:21)
	at pl.akademiaqa.pages.BasePage.<init>(BasePage.java:21)
	at pl.akademiaqa.pages.sections.TopMenuSearchSection.<init>(TopMenuSearchSection.java:21)
	at pl.akademiaqa.pages.BasePage.<init>(BasePage.java:21)
	at pl.akademiaqa.pages.sections.TopMenuSearchSection.<init>(TopMenuSearchSection.java:21)
	at pl.akademiaqa.pages.BasePage.<init>(BasePage.java:21)
	at pl.akademiaqa.pages.sections.TopMenuSearchSection.<init>(TopMenuSearchSection.java:21)
	at pl.akademiaqa.pages.BasePage.<init>(BasePage.java:21)
	at pl.akademiaqa.pages.sections.TopMenuSearchSection.<init>(TopMenuSearchSection.java:21)
	at pl.akademiaqa.pages.BasePage.<init>(BasePage.java:21)
	at pl.akademiaqa.pages.sections.TopMenuSearchSection.<init>(TopMenuSearchSection.java:21)
	at pl.akademiaqa.pages.BasePage.<init>(BasePage.java:21)
	at pl.akademiaqa.pages.sections.TopMenuSearchSection.<init>(TopMenuSearchSection.java:21)
	at pl.akademiaqa.pages.BasePage.<init>(BasePage.java:21)
	at pl.akademiaqa.pages.sections.TopMenuSearchSection.<init>(TopMenuSearchSection.java:21)
	at pl.akademiaqa.pages.BasePage.<init>(BasePage.java:21)
	at pl.akademiaqa.pages.sections.TopMenuSearchSection.<init>(TopMenuSearchSection.java:21)
	at pl.akademiaqa.pages.BasePage.<init>(BasePage.java:21)
	at pl.akademiaqa.pages.sections.TopMenuSearchSection.<init>(TopMenuSearchSection.java:21)
	at pl.akademiaqa.pages.BasePage.<init>(BasePage.java:21)
	at pl.akademiaqa.pages.sections.TopMenuSearchSection.<init>(TopMenuSearchSection.java:21)
	at pl.akademiaqa.pages.BasePage.<init>(BasePage.java:21)
	at pl.akademiaqa.pages.sections.TopMenuSearchSection.<init>(TopMenuSearchSection.java:21)
	at pl.akademiaqa.pages.BasePage.<init>(BasePage.java:21)
	at pl.akademiaqa.pages.sections.TopMenuSearchSection.<init>(TopMenuSearchSection.java:21)

