-------------------------------------------------------------------------------
Test set: pl.akademiaqa.tests.SearchTest
-------------------------------------------------------------------------------
Tests run: 7, Failures: 0, Errors: 7, Skipped: 0, Time elapsed: 1.967 s <<< FAILURE! - in pl.akademiaqa.tests.SearchTest
pl.akademiaqa.tests.SearchTest.should_return_products_by_product_name(String, int)[1]  Time elapsed: 0.25 s  <<< ERROR!
java.lang.StackOverflowError
	at pl.akademiaqa.pages.BasePage.<init>(BasePage.java:21)
	at pl.akademiaqa.pages.sections.TopMenuSearchSection.<init>(TopMenuSearchSection.java:21)
	at pl.akademiaqa.pages.BasePage.<init>(BasePage.java:21)
	at pl.akademiaqa.pages.sections.TopMenuSearchSection.<init>(TopMenuSearchSection.java:21)
	at pl.akademiaqa.pages.BasePage.<init>(BasePage.java:21)
	at pl.akademiaqa.pages.sections.TopMenuSearchSection.<init>(TopMenuSearchSection.java:21)
	at pl.akademiaqa.pages.BasePage.<init>(BasePage.java:21)
	at pl.akademiaqa.pages.sections.TopMenuSearchSection.<init>(TopMenuSearchSection.java:21)
	at pl.akademiaqa.pages.BasePage.<init>(BasePage.java:21)
	at pl.akademiaqa.pages.sections.TopMenuSearchSection.<init>(TopMenuSearchSection.java:21)
	at pl.akademiaqa.pages.BasePage.<init>(BasePage.java:21)
	at pl.akademiaqa.pages.sections.TopMenuSearchSection.<init>(TopMenuSearchSection.java:21)
	at pl.akademiaqa.pages.BasePage.<init>(BasePage.java:21)
	at pl.akademiaqa.pages.sections.TopMenuSearchSection.<init>(TopMenuSearchSection.java:21)
	at pl.akademiaqa.pages.BasePage.<init>(BasePage.java:21)
	at pl.akademiaqa.pages.sections.TopMenuSearchSection.<init>(TopMenuSearchSection.java:21)
	at pl.akademiaqa.pages.BasePage.<init>(BasePage.java:21)
	at pl.akademiaqa.pages.sections.TopMenuSearchSection.<init>(TopMenuSearchSection.java:21)
	at pl.akademiaqa.pages.BasePage.<init>(BasePage.java:21)
	at pl.akademiaqa.pages.sections.TopMenuSearchSection.<init>(TopMenuSearchSection.java:21)
	at pl.akademiaqa.pages.BasePage.<init>(BasePage.java:21)
	at pl.akademiaqa.pages.sections.TopMenuSearchSection.<init>(TopMenuSearchSection.java:21)
	at pl.akademiaqa.pages.BasePage.<init>(BasePage.java:21)
	at pl.akademiaqa.pages.sections.TopMenuSearchSection.<init>(TopMenuSearchSection.java:21)
	at pl.akademiaqa.pages.BasePage.<init>(BasePage.java:21)
	at pl.akademiaqa.pages.sections.TopMenuSearchSection.<init>(TopMenuSearchSection.java:21)
	at pl.akademiaqa.pages.BasePage.<init>(BasePage.java:21)
	at pl.akademiaqa.pages.sections.TopMenuSearchSection.<init>(TopMenuSearchSection.java:21)
	at pl.akademiaqa.pages.BasePage.<init>(BasePage.java:21)
	at pl.akademiaqa.pages.sections.TopMenuSearchSection.<init>(TopMenuSearchSection.java:21)
	at pl.akademiaqa.pages.BasePage.<init>(BasePage.java:21)
	at pl.akademiaqa.pages.sections.TopMenuSearchSection.<init>(TopMenuSearchSection.java:21)
	at pl.akademiaqa.pages.BasePage.<init>(BasePage.java:21)
	at pl.akademiaqa.pages.sections.TopMenuSearchSection.<init>(TopMenuSearchSection.java:21)
	at pl.akademiaqa.pages.BasePage.<init>(BasePage.java:21)
	at pl.akademiaqa.pages.sections.TopMenuSearchSection.<init>(TopMenuSearchSection.java:21)
	at pl.akademiaqa.pages.BasePage.<init>(BasePage.java:21)
	at pl.akademiaqa.pages.sections.TopMenuSearchSection.<init>(TopMenuSearchSection.java:21)
	at pl.akademiaqa.pages.BasePage.<init>(BasePage.java:21)
	at pl.akademiaqa.pages.sections.TopMenuSearchSection.<init>(TopMenuSearchSection.java:21)
	at pl.akademiaqa.pages.BasePage.<init>(BasePage.java:21)
	at pl.akademiaqa.pages.sections.TopMenuSearchSection.<init>(TopMenuSearchSection.java:21)
	at pl.akademiaqa.pages.BasePage.<init>(BasePage.java:21)
	at pl.akademiaqa.pages.sections.TopMenuSearchSection.<init>(TopMenuSearchSection.java:21)
	at pl.akademiaqa.pages.BasePage.<init>(BasePage.java:21)
	at pl.akademiaqa.pages.sections.TopMenuSearchSection.<init>(TopMenuSearchSection.java:21)
	at pl.akademiaqa.pages.BasePage.<init>(BasePage.java:21)
	at pl.akademiaqa.pages.sections.TopMenuSearchSection.<init>(TopMenuSearchSection.java:21)
	at pl.akademiaqa.pages.BasePage.<init>(BasePage.java:21)
	at pl.akademiaqa.pages.sections.TopMenuSearchSection.<init>(TopMenuSearchSection.java:21)
	at pl.akademiaqa.pages.BasePage.<init>(BasePage.java:21)
	at pl.akademiaqa.pages.sections.TopMenuSearchSection.<init>(TopMenuSearchSection.java:21)
	at pl.akademiaqa.pages.BasePage.<init>(BasePage.java:21)
	at pl.akademiaqa.pages.sections.TopMenuSearchSection.<init>(TopMenuSearchSection.java:21)
	at pl.akademiaqa.pages.BasePage.<init>(BasePage.java:21)
	at pl.akademiaqa.pages.sections.TopMenuSearchSection.<init>(TopMenuSearchSection.java:21)
	at pl.akademiaqa.pages.BasePage.<init>(BasePage.java:21)
	at pl.akademiaqa.pages.sections.TopMenuSearchSection.<init>(TopMenuSearchSection.java:21)
	at pl.akademiaqa.pages.BasePage.<init>(BasePage.java:21)
	at pl.akademiaqa.pages.sections.TopMenuSearchSection.<init>(TopMenuSearchSection.java:21)
	at pl.akademiaqa.pages.BasePage.<init>(BasePage.java:21)
	at pl.akademiaqa.pages.sections.TopMenuSearchSection.<init>(TopMenuSearchSection.java:21)
	at pl.akademiaqa.pages.BasePage.<init>(BasePage.java:21)
	at pl.akademiaqa.pages.sections.TopMenuSearchSection.<init>(TopMenuSearchSection.java:21)
	at pl.akademiaqa.pages.BasePage.<init>(BasePage.java:21)
	at pl.akademiaqa.pages.sections.TopMenuSearchSection.<init>(TopMenuSearchSection.java:21)
	at pl.akademiaqa.pages.BasePage.<init>(BasePage.java:21)
	at pl.akademiaqa.pages.sections.TopMenuSearchSection.<init>(TopMenuSearchSection.java:21)
	at pl.akademiaqa.pages.BasePage.<init>(BasePage.java:21)
	at pl.akademiaqa.pages.sections.TopMenuSearchSection.<init>(TopMenuSearchSection.java:21)
	at pl.akademiaqa.pages.BasePage.<init>(BasePage.java:21)
	at pl.akademiaqa.pages.sections.TopMenuSearchSection.<init>(TopMenuSearchSection.java:21)
	at pl.akademiaqa.pages.BasePage.<init>(BasePage.java:21)
	at pl.akademiaqa.pages.sections.TopMenuSearchSection.<init>(TopMenuSearchSection.java:21)
	at pl.akademiaqa.pages.BasePage.<init>(BasePage.java:21)
	at pl.akademiaqa.pages.sections.TopMenuSearchSection.<init>(TopMenuSearchSection.java:21)
	at pl.akademiaqa.pages.BasePage.<init>(BasePage.java:21)
	at pl.akademiaqa.pages.sections.TopMenuSearchSection.<init>(TopMenuSearchSection.java:21)
	at pl.akademiaqa.pages.BasePage.<init>(BasePage.java:21)
	at pl.akademiaqa.pages.sections.TopMenuSearchSection.<init>(TopMenuSearchSection.java:21)
	at pl.akademiaqa.pages.BasePage.<init>(BasePage.java:21)
	at pl.akademiaqa.pages.sections.TopMenuSearchSection.<init>(TopMenuSearchSection.java:21)
	at pl.akademiaqa.pages.BasePage.<init>(BasePage.java:21)
	at pl.akademiaqa.pages.sections.TopMenuSearchSection.<init>(TopMenuSearchSection.java:21)
	at pl.akademiaqa.pages.BasePage.<init>(BasePage.java:21)
	at pl.akademiaqa.pages.sections.TopMenuSearchSection.<init>(TopMenuSearchSection.java:21)
	at pl.akademiaqa.pages.BasePage.<init>(BasePage.java:21)
	at pl.akademiaqa.pages.sections.TopMenuSearchSection.<init>(TopMenuSearchSection.java:21)
	at pl.akademiaqa.pages.BasePage.<init>(BasePage.java:21)
	at pl.akademiaqa.pages.sections.TopMenuSearchSection.<init>(TopMenuSearchSection.java:21)
	at pl.akademiaqa.pages.BasePage.<init>(BasePage.java:21)
	at pl.akademiaqa.pages.sections.TopMenuSearchSection.<init>(TopMenuSearchSection.java:21)
	at pl.akademiaqa.pages.BasePage.<init>(BasePage.java:21)
	at pl.akademiaqa.pages.sections.TopMenuSearchSection.<init>(TopMenuSearchSection.java:21)
	at pl.akademiaqa.pages.BasePage.<init>(BasePage.java:21)
	at pl.akademiaqa.pages.sections.TopMenuSearchSection.<init>(TopMenuSearchSection.java:21)
	at pl.akademiaqa.pages.BasePage.<init>(BasePage.java:21)
	at pl.akademiaqa.pages.sections.TopMenuSearchSection.<init>(TopMenuSearchSection.java:21)
	at pl.akademiaqa.pages.BasePage.<init>(BasePage.java:21)
	at pl.akademiaqa.pages.sections.TopMenuSearchSection.<init>(TopMenuSearchSection.java:21)
	at pl.akademiaqa.pages.BasePage.<init>(BasePage.java:21)
	at pl.akademiaqa.pages.sections.TopMenuSearchSection.<init>(TopMenuSearchSection.java:21)
	at pl.akademiaqa.pages.BasePage.<init>(BasePage.java:21)
	at pl.akademiaqa.pages.sections.TopMenuSearchSection.<init>(TopMenuSearchSection.java:21)
	at pl.akademiaqa.pages.BasePage.<init>(BasePage.java:21)
	at pl.akademiaqa.pages.sections.TopMenuSearchSection.<init>(TopMenuSearchSection.java:21)
	at pl.akademiaqa.pages.BasePage.<init>(BasePage.java:21)
	at pl.akademiaqa.pages.sections.TopMenuSearchSection.<init>(TopMenuSearchSection.java:21)
	at pl.akademiaqa.pages.BasePage.<init>(BasePage.java:21)
	at pl.akademiaqa.pages.sections.TopMenuSearchSection.<init>(TopMenuSearchSection.java:21)
	at pl.akademiaqa.pages.BasePage.<init>(BasePage.java:21)
	at pl.akademiaqa.pages.sections.TopMenuSearchSection.<init>(TopMenuSearchSection.java:21)
	at pl.akademiaqa.pages.BasePage.<init>(BasePage.java:21)
	at pl.akademiaqa.pages.sections.TopMenuSearchSection.<init>(TopMenuSearchSection.java:21)
	at pl.akademiaqa.pages.BasePage.<init>(BasePage.java:21)
	at pl.akademiaqa.pages.sections.TopMenuSearchSection.<init>(TopMenuSearchSection.java:21)
	at pl.akademiaqa.pages.BasePage.<init>(BasePage.java:21)
	at pl.akademiaqa.pages.sections.TopMenuSearchSection.<init>(TopMenuSearchSection.java:21)
	at pl.akademiaqa.pages.BasePage.<init>(BasePage.java:21)
	at pl.akademiaqa.pages.sections.TopMenuSearchSection.<init>(TopMenuSearchSection.java:21)
	at pl.akademiaqa.pages.BasePage.<init>(BasePage.java:21)
	at pl.akademiaqa.pages.sections.TopMenuSearchSection.<init>(TopMenuSearchSection.java:21)
	at pl.akademiaqa.pages.BasePage.<init>(BasePage.java:21)
	at pl.akademiaqa.pages.sections.TopMenuSearchSection.<init>(TopMenuSearchSection.java:21)
	at pl.akademiaqa.pages.BasePage.<init>(BasePage.java:21)
	at pl.akademiaqa.pages.sections.TopMenuSearchSection.<init>(TopMenuSearchSection.java:21)
	at pl.akademiaqa.pages.BasePage.<init>(BasePage.java:21)
	at pl.akademiaqa.pages.sections.TopMenuSearchSection.<init>(TopMenuSearchSection.java:21)
	at pl.akademiaqa.pages.BasePage.<init>(BasePage.java:21)
	at pl.akademiaqa.pages.sections.TopMenuSearchSection.<init>(TopMenuSearchSection.java:21)
	at pl.akademiaqa.pages.BasePage.<init>(BasePage.java:21)
	at pl.akademiaqa.pages.sections.TopMenuSearchSection.<init>(TopMenuSearchSection.java:21)
	at pl.akademiaqa.pages.BasePage.<init>(BasePage.java:21)
	at pl.akademiaqa.pages.sections.TopMenuSearchSection.<init>(TopMenuSearchSection.java:21)
	at pl.akademiaqa.pages.BasePage.<init>(BasePage.java:21)
	at pl.akademiaqa.pages.sections.TopMenuSearchSection.<init>(TopMenuSearchSection.java:21)
	at pl.akademiaqa.pages.BasePage.<init>(BasePage.java:21)
	at pl.akademiaqa.pages.sections.TopMenuSearchSection.<init>(TopMenuSearchSection.java:21)
	at pl.akademiaqa.pages.BasePage.<init>(BasePage.java:21)
	at pl.akademiaqa.pages.sections.TopMenuSearchSection.<init>(TopMenuSearchSection.java:21)
	at pl.akademiaqa.pages.BasePage.<init>(BasePage.java:21)
	at pl.akademiaqa.pages.sections.TopMenuSearchSection.<init>(TopMenuSearchSection.java:21)
	at pl.akademiaqa.pages.BasePage.<init>(BasePage.java:21)
	at pl.akademiaqa.pages.sections.TopMenuSearchSection.<init>(TopMenuSearchSection.java:21)
	at pl.akademiaqa.pages.BasePage.<init>(BasePage.java:21)
	at pl.akademiaqa.pages.sections.TopMenuSearchSection.<init>(TopMenuSearchSection.java:21)
	at pl.akademiaqa.pages.BasePage.<init>(BasePage.java:21)
	at pl.akademiaqa.pages.sections.TopMenuSearchSection.<init>(TopMenuSearchSection.java:21)
	at pl.akademiaqa.pages.BasePage.<init>(BasePage.java:21)
	at pl.akademiaqa.pages.sections.TopMenuSearchSection.<init>(TopMenuSearchSection.java:21)
	at pl.akademiaqa.pages.BasePage.<init>(BasePage.java:21)
	at pl.akademiaqa.pages.sections.TopMenuSearchSection.<init>(TopMenuSearchSection.java:21)
	at pl.akademiaqa.pages.BasePage.<init>(BasePage.java:21)
	at pl.akademiaqa.pages.sections.TopMenuSearchSection.<init>(TopMenuSearchSection.java:21)
	at pl.akademiaqa.pages.BasePage.<init>(BasePage.java:21)
	at pl.akademiaqa.pages.sections.TopMenuSearchSection.<init>(TopMenuSearchSection.java:21)
	at pl.akademiaqa.pages.BasePage.<init>(BasePage.java:21)
	at pl.akademiaqa.pages.sections.TopMenuSearchSection.<init>(TopMenuSearchSection.java:21)
	at pl.akademiaqa.pages.BasePage.<init>(BasePage.java:21)
	at pl.akademiaqa.pages.sections.TopMenuSearchSection.<init>(TopMenuSearchSection.java:21)
	at pl.akademiaqa.pages.BasePage.<init>(BasePage.java:21)
	at pl.akademiaqa.pages.sections.TopMenuSearchSection.<init>(TopMenuSearchSection.java:21)
	at pl.akademiaqa.pages.BasePage.<init>(BasePage.java:21)
	at pl.akademiaqa.pages.sections.TopMenuSearchSection.<init>(TopMenuSearchSection.java:21)
	at pl.akademiaqa.pages.BasePage.<init>(BasePage.java:21)
	at pl.akademiaqa.pages.sections.TopMenuSearchSection.<init>(TopMenuSearchSection.java:21)
	at pl.akademiaqa.pages.BasePage.<init>(BasePage.java:21)
	at pl.akademiaqa.pages.sections.TopMenuSearchSection.<init>(TopMenuSearchSection.java:21)
	at pl.akademiaqa.pages.BasePage.<init>(BasePage.java:21)
	at pl.akademiaqa.pages.sections.TopMenuSearchSection.<init>(TopMenuSearchSection.java:21)
	at pl.akademiaqa.pages.BasePage.<init>(BasePage.java:21)
	at pl.akademiaqa.pages.sections.TopMenuSearchSection.<init>(TopMenuSearchSection.java:21)
	at pl.akademiaqa.pages.BasePage.<init>(BasePage.java:21)
	at pl.akademiaqa.pages.sections.TopMenuSearchSection.<init>(TopMenuSearchSection.java:21)
	at pl.akademiaqa.pages.BasePage.<init>(BasePage.java:21)
	at pl.akademiaqa.pages.sections.TopMenuSearchSection.<init>(TopMenuSearchSection.java:21)
	at pl.akademiaqa.pages.BasePage.<init>(BasePage.java:21)
	at pl.akademiaqa.pages.sections.TopMenuSearchSection.<init>(TopMenuSearchSection.java:21)
	at pl.akademiaqa.pages.BasePage.<init>(BasePage.java:21)
	at pl.akademiaqa.pages.sections.TopMenuSearchSection.<init>(TopMenuSearchSection.java:21)
	at pl.akademiaqa.pages.BasePage.<init>(BasePage.java:21)
	at pl.akademiaqa.pages.sections.TopMenuSearchSection.<init>(TopMenuSearchSection.java:21)
	at pl.akademiaqa.pages.BasePage.<init>(BasePage.java:21)
	at pl.akademiaqa.pages.sections.TopMenuSearchSection.<init>(TopMenuSearchSection.java:21)
	at pl.akademiaqa.pages.BasePage.<init>(BasePage.java:21)
	at pl.akademiaqa.pages.sections.TopMenuSearchSection.<init>(TopMenuSearchSection.java:21)
	at pl.akademiaqa.pages.BasePage.<init>(BasePage.java:21)
	at pl.akademiaqa.pages.sections.TopMenuSearchSection.<init>(TopMenuSearchSection.java:21)
	at pl.akademiaqa.pages.BasePage.<init>(BasePage.java:21)
	at pl.akademiaqa.pages.sections.TopMenuSearchSection.<init>(TopMenuSearchSection.java:21)
	at pl.akademiaqa.pages.BasePage.<init>(BasePage.java:21)
	at pl.akademiaqa.pages.sections.TopMenuSearchSection.<init>(TopMenuSearchSection.java:21)
	at pl.akademiaqa.pages.BasePage.<init>(BasePage.java:21)
	at pl.akademiaqa.pages.sections.TopMenuSearchSection.<init>(TopMenuSearchSection.java:21)
	at pl.akademiaqa.pages.BasePage.<init>(BasePage.java:21)
	at pl.akademiaqa.pages.sections.TopMenuSearchSection.<init>(TopMenuSearchSection.java:21)
	at pl.akademiaqa.pages.BasePage.<init>(BasePage.java:21)
	at pl.akademiaqa.pages.sections.TopMenuSearchSection.<init>(TopMenuSearchSection.java:21)
	at pl.akademiaqa.pages.BasePage.<init>(BasePage.java:21)
	at pl.akademiaqa.pages.sections.TopMenuSearchSection.<init>(TopMenuSearchSection.java:21)
	at pl.akademiaqa.pages.BasePage.<init>(BasePage.java:21)
	at pl.akademiaqa.pages.sections.TopMenuSearchSection.<init>(TopMenuSearchSection.java:21)
	at pl.akademiaqa.pages.BasePage.<init>(BasePage.java:21)
	at pl.akademiaqa.pages.sections.TopMenuSearchSection.<init>(TopMenuSearchSection.java:21)
	at pl.akademiaqa.pages.BasePage.<init>(BasePage.java:21)
	at pl.akademiaqa.pages.sections.TopMenuSearchSection.<init>(TopMenuSearchSection.java:21)
	at pl.akademiaqa.pages.BasePage.<init>(BasePage.java:21)
	at pl.akademiaqa.pages.sections.TopMenuSearchSection.<init>(TopMenuSearchSection.java:21)
	at pl.akademiaqa.pages.BasePage.<init>(BasePage.java:21)
	at pl.akademiaqa.pages.sections.TopMenuSearchSection.<init>(TopMenuSearchSection.java:21)
	at pl.akademiaqa.pages.BasePage.<init>(BasePage.java:21)
	at pl.akademiaqa.pages.sections.TopMenuSearchSection.<init>(TopMenuSearchSection.java:21)
	at pl.akademiaqa.pages.BasePage.<init>(BasePage.java:21)
	at pl.akademiaqa.pages.sections.TopMenuSearchSection.<init>(TopMenuSearchSection.java:21)
	at pl.akademiaqa.pages.BasePage.<init>(BasePage.java:21)
	at pl.akademiaqa.pages.sections.TopMenuSearchSection.<init>(TopMenuSearchSection.java:21)
	at pl.akademiaqa.pages.BasePage.<init>(BasePage.java:21)
	at pl.akademiaqa.pages.sections.TopMenuSearchSection.<init>(TopMenuSearchSection.java:21)
	at pl.akademiaqa.pages.BasePage.<init>(BasePage.java:21)
	at pl.akademiaqa.pages.sections.TopMenuSearchSection.<init>(TopMenuSearchSection.java:21)
	at pl.akademiaqa.pages.BasePage.<init>(BasePage.java:21)
	at pl.akademiaqa.pages.sections.TopMenuSearchSection.<init>(TopMenuSearchSection.java:21)
	at pl.akademiaqa.pages.BasePage.<init>(BasePage.java:21)
	at pl.akademiaqa.pages.sections.TopMenuSearchSection.<init>(TopMenuSearchSection.java:21)
	at pl.akademiaqa.pages.BasePage.<init>(BasePage.java:21)
	at pl.akademiaqa.pages.sections.TopMenuSearchSection.<init>(TopMenuSearchSection.java:21)
	at pl.akademiaqa.pages.BasePage.<init>(BasePage.java:21)
	at pl.akademiaqa.pages.sections.TopMenuSearchSection.<init>(TopMenuSearchSection.java:21)
	at pl.akademiaqa.pages.BasePage.<init>(BasePage.java:21)
	at pl.akademiaqa.pages.sections.TopMenuSearchSection.<init>(TopMenuSearchSection.java:21)
	at pl.akademiaqa.pages.BasePage.<init>(BasePage.java:21)
	at pl.akademiaqa.pages.sections.TopMenuSearchSection.<init>(TopMenuSearchSection.java:21)
	at pl.akademiaqa.pages.BasePage.<init>(BasePage.java:21)
	at pl.akademiaqa.pages.sections.TopMenuSearchSection.<init>(TopMenuSearchSection.java:21)
	at pl.akademiaqa.pages.BasePage.<init>(BasePage.java:21)
	at pl.akademiaqa.pages.sections.TopMenuSearchSection.<init>(TopMenuSearchSection.java:21)
	at pl.akademiaqa.pages.BasePage.<init>(BasePage.java:21)
	at pl.akademiaqa.pages.sections.TopMenuSearchSection.<init>(TopMenuSearchSection.java:21)
	at pl.akademiaqa.pages.BasePage.<init>(BasePage.java:21)
	at pl.akademiaqa.pages.sections.TopMenuSearchSection.<init>(TopMenuSearchSection.java:21)
	at pl.akademiaqa.pages.BasePage.<init>(BasePage.java:21)
	at pl.akademiaqa.pages.sections.TopMenuSearchSection.<init>(TopMenuSearchSection.java:21)
	at pl.akademiaqa.pages.BasePage.<init>(BasePage.java:21)
	at pl.akademiaqa.pages.sections.TopMenuSearchSection.<init>(TopMenuSearchSection.java:21)
	at pl.akademiaqa.pages.BasePage.<init>(BasePage.java:21)
	at pl.akademiaqa.pages.sections.TopMenuSearchSection.<init>(TopMenuSearchSection.java:21)
	at pl.akademiaqa.pages.BasePage.<init>(BasePage.java:21)
	at pl.akademiaqa.pages.sections.TopMenuSearchSection.<init>(TopMenuSearchSection.java:21)
	at pl.akademiaqa.pages.BasePage.<init>(BasePage.java:21)
	at pl.akademiaqa.pages.sections.TopMenuSearchSection.<init>(TopMenuSearchSection.java:21)
	at pl.akademiaqa.pages.BasePage.<init>(BasePage.java:21)
	at pl.akademiaqa.pages.sections.TopMenuSearchSection.<init>(TopMenuSearchSection.java:21)
	at pl.akademiaqa.pages.BasePage.<init>(BasePage.java:21)
	at pl.akademiaqa.pages.sections.TopMenuSearchSection.<init>(TopMenuSearchSection.java:21)
	at pl.akademiaqa.pages.BasePage.<init>(BasePage.java:21)
	at pl.akademiaqa.pages.sections.TopMenuSearchSection.<init>(TopMenuSearchSection.java:21)
	at pl.akademiaqa.pages.BasePage.<init>(BasePage.java:21)
	at pl.akademiaqa.pages.sections.TopMenuSearchSection.<init>(TopMenuSearchSection.java:21)
	at pl.akademiaqa.pages.BasePage.<init>(BasePage.java:21)
	at pl.akademiaqa.pages.sections.TopMenuSearchSection.<init>(TopMenuSearchSection.java:21)
	at pl.akademiaqa.pages.BasePage.<init>(BasePage.java:21)
	at pl.akademiaqa.pages.sections.TopMenuSearchSection.<init>(TopMenuSearchSection.java:21)
	at pl.akademiaqa.pages.BasePage.<init>(BasePage.java:21)
	at pl.akademiaqa.pages.sections.TopMenuSearchSection.<init>(TopMenuSearchSection.java:21)
	at pl.akademiaqa.pages.BasePage.<init>(BasePage.java:21)
	at pl.akademiaqa.pages.sections.TopMenuSearchSection.<init>(TopMenuSearchSection.java:21)
	at pl.akademiaqa.pages.BasePage.<init>(BasePage.java:21)
	at pl.akademiaqa.pages.sections.TopMenuSearchSection.<init>(TopMenuSearchSection.java:21)
	at pl.akademiaqa.pages.BasePage.<init>(BasePage.java:21)
	at pl.akademiaqa.pages.sections.TopMenuSearchSection.<init>(TopMenuSearchSection.java:21)
	at pl.akademiaqa.pages.BasePage.<init>(BasePage.java:21)
	at pl.akademiaqa.pages.sections.TopMenuSearchSection.<init>(TopMenuSearchSection.java:21)
	at pl.akademiaqa.pages.BasePage.<init>(BasePage.java:21)
	at pl.akademiaqa.pages.sections.TopMenuSearchSection.<init>(TopMenuSearchSection.java:21)
	at pl.akademiaqa.pages.BasePage.<init>(BasePage.java:21)
	at pl.akademiaqa.pages.sections.TopMenuSearchSection.<init>(TopMenuSearchSection.java:21)
	at pl.akademiaqa.pages.BasePage.<init>(BasePage.java:21)
	at pl.akademiaqa.pages.sections.TopMenuSearchSection.<init>(TopMenuSearchSection.java:21)
	at pl.akademiaqa.pages.BasePage.<init>(BasePage.java:21)
	at pl.akademiaqa.pages.sections.TopMenuSearchSection.<init>(TopMenuSearchSection.java:21)
	at pl.akademiaqa.pages.BasePage.<init>(BasePage.java:21)
	at pl.akademiaqa.pages.sections.TopMenuSearchSection.<init>(TopMenuSearchSection.java:21)
	at pl.akademiaqa.pages.BasePage.<init>(BasePage.java:21)
	at pl.akademiaqa.pages.sections.TopMenuSearchSection.<init>(TopMenuSearchSection.java:21)
	at pl.akademiaqa.pages.BasePage.<init>(BasePage.java:21)
	at pl.akademiaqa.pages.sections.TopMenuSearchSection.<init>(TopMenuSearchSection.java:21)
	at pl.akademiaqa.pages.BasePage.<init>(BasePage.java:21)
	at pl.akademiaqa.pages.sections.TopMenuSearchSection.<init>(TopMenuSearchSection.java:21)
	at pl.akademiaqa.pages.BasePage.<init>(BasePage.java:21)
	at pl.akademiaqa.pages.sections.TopMenuSearchSection.<init>(TopMenuSearchSection.java:21)
	at pl.akademiaqa.pages.BasePage.<init>(BasePage.java:21)
	at pl.akademiaqa.pages.sections.TopMenuSearchSection.<init>(TopMenuSearchSection.java:21)
	at pl.akademiaqa.pages.BasePage.<init>(BasePage.java:21)
	at pl.akademiaqa.pages.sections.TopMenuSearchSection.<init>(TopMenuSearchSection.java:21)
	at pl.akademiaqa.pages.BasePage.<init>(BasePage.java:21)
	at pl.akademiaqa.pages.sections.TopMenuSearchSection.<init>(TopMenuSearchSection.java:21)
	at pl.akademiaqa.pages.BasePage.<init>(BasePage.java:21)
	at pl.akademiaqa.pages.sections.TopMenuSearchSection.<init>(TopMenuSearchSection.java:21)
	at pl.akademiaqa.pages.BasePage.<init>(BasePage.java:21)
	at pl.akademiaqa.pages.sections.TopMenuSearchSection.<init>(TopMenuSearchSection.java:21)
	at pl.akademiaqa.pages.BasePage.<init>(BasePage.java:21)
	at pl.akademiaqa.pages.sections.TopMenuSearchSection.<init>(TopMenuSearchSection.java:21)
	at pl.akademiaqa.pages.BasePage.<init>(BasePage.java:21)
	at pl.akademiaqa.pages.sections.TopMenuSearchSection.<init>(TopMenuSearchSection.java:21)
	at pl.akademiaqa.pages.BasePage.<init>(BasePage.java:21)
	at pl.akademiaqa.pages.sections.TopMenuSearchSection.<init>(TopMenuSearchSection.java:21)
	at pl.akademiaqa.pages.BasePage.<init>(BasePage.java:21)
	at pl.akademiaqa.pages.sections.TopMenuSearchSection.<init>(TopMenuSearchSection.java:21)
	at pl.akademiaqa.pages.BasePage.<init>(BasePage.java:21)
	at pl.akademiaqa.pages.sections.TopMenuSearchSection.<init>(TopMenuSearchSection.java:21)
	at pl.akademiaqa.pages.BasePage.<init>(BasePage.java:21)
	at pl.akademiaqa.pages.sections.TopMenuSearchSection.<init>(TopMenuSearchSection.java:21)
	at pl.akademiaqa.pages.BasePage.<init>(BasePage.java:21)
	at pl.akademiaqa.pages.sections.TopMenuSearchSection.<init>(TopMenuSearchSection.java:21)
	at pl.akademiaqa.pages.BasePage.<init>(BasePage.java:21)
	at pl.akademiaqa.pages.sections.TopMenuSearchSection.<init>(TopMenuSearchSection.java:21)
	at pl.akademiaqa.pages.BasePage.<init>(BasePage.java:21)
	at pl.akademiaqa.pages.sections.TopMenuSearchSection.<init>(TopMenuSearchSection.java:21)
	at pl.akademiaqa.pages.BasePage.<init>(BasePage.java:21)
	at pl.akademiaqa.pages.sections.TopMenuSearchSection.<init>(TopMenuSearchSection.java:21)
	at pl.akademiaqa.pages.BasePage.<init>(BasePage.java:21)
	at pl.akademiaqa.pages.sections.TopMenuSearchSection.<init>(TopMenuSearchSection.java:21)
	at pl.akademiaqa.pages.BasePage.<init>(BasePage.java:21)
	at pl.akademiaqa.pages.sections.TopMenuSearchSection.<init>(TopMenuSearchSection.java:21)
	at pl.akademiaqa.pages.BasePage.<init>(BasePage.java:21)
	at pl.akademiaqa.pages.sections.TopMenuSearchSection.<init>(TopMenuSearchSection.java:21)
	at pl.akademiaqa.pages.BasePage.<init>(BasePage.java:21)
	at pl.akademiaqa.pages.sections.TopMenuSearchSection.<init>(TopMenuSearchSection.java:21)
	at pl.akademiaqa.pages.BasePage.<init>(BasePage.java:21)
	at pl.akademiaqa.pages.sections.TopMenuSearchSection.<init>(TopMenuSearchSection.java:21)
	at pl.akademiaqa.pages.BasePage.<init>(BasePage.java:21)
	at pl.akademiaqa.pages.sections.TopMenuSearchSection.<init>(TopMenuSearchSection.java:21)
	at pl.akademiaqa.pages.BasePage.<init>(BasePage.java:21)
	at pl.akademiaqa.pages.sections.TopMenuSearchSection.<init>(TopMenuSearchSection.java:21)
	at pl.akademiaqa.pages.BasePage.<init>(BasePage.java:21)
	at pl.akademiaqa.pages.sections.TopMenuSearchSection.<init>(TopMenuSearchSection.java:21)
	at pl.akademiaqa.pages.BasePage.<init>(BasePage.java:21)
	at pl.akademiaqa.pages.sections.TopMenuSearchSection.<init>(TopMenuSearchSection.java:21)
	at pl.akademiaqa.pages.BasePage.<init>(BasePage.java:21)
	at pl.akademiaqa.pages.sections.TopMenuSearchSection.<init>(TopMenuSearchSection.java:21)
	at pl.akademiaqa.pages.BasePage.<init>(BasePage.java:21)
	at pl.akademiaqa.pages.sections.TopMenuSearchSection.<init>(TopMenuSearchSection.java:21)
	at pl.akademiaqa.pages.BasePage.<init>(BasePage.java:21)
	at pl.akademiaqa.pages.sections.TopMenuSearchSection.<init>(TopMenuSearchSection.java:21)
	at pl.akademiaqa.pages.BasePage.<init>(BasePage.java:21)
	at pl.akademiaqa.pages.sections.TopMenuSearchSection.<init>(TopMenuSearchSection.java:21)
	at pl.akademiaqa.pages.BasePage.<init>(BasePage.java:21)
	at pl.akademiaqa.pages.sections.TopMenuSearchSection.<init>(TopMenuSearchSection.java:21)
	at pl.akademiaqa.pages.BasePage.<init>(BasePage.java:21)
	at pl.akademiaqa.pages.sections.TopMenuSearchSection.<init>(TopMenuSearchSection.java:21)
	at pl.akademiaqa.pages.BasePage.<init>(BasePage.java:21)
	at pl.akademiaqa.pages.sections.TopMenuSearchSection.<init>(TopMenuSearchSection.java:21)
	at pl.akademiaqa.pages.BasePage.<init>(BasePage.java:21)
	at pl.akademiaqa.pages.sections.TopMenuSearchSection.<init>(TopMenuSearchSection.java:21)
	at pl.akademiaqa.pages.BasePage.<init>(BasePage.java:21)
	at pl.akademiaqa.pages.sections.TopMenuSearchSection.<init>(TopMenuSearchSection.java:21)
	at pl.akademiaqa.pages.BasePage.<init>(BasePage.java:21)
	at pl.akademiaqa.pages.sections.TopMenuSearchSection.<init>(TopMenuSearchSection.java:21)
	at pl.akademiaqa.pages.BasePage.<init>(BasePage.java:21)
	at pl.akademiaqa.pages.sections.TopMenuSearchSection.<init>(TopMenuSearchSection.java:21)
	at pl.akademiaqa.pages.BasePage.<init>(BasePage.java:21)
	at pl.akademiaqa.pages.sections.TopMenuSearchSection.<init>(TopMenuSearchSection.java:21)
	at pl.akademiaqa.pages.BasePage.<init>(BasePage.java:21)
	at pl.akademiaqa.pages.sections.TopMenuSearchSection.<init>(TopMenuSearchSection.java:21)
	at pl.akademiaqa.pages.BasePage.<init>(BasePage.java:21)
	at pl.akademiaqa.pages.sections.TopMenuSearchSection.<init>(TopMenuSearchSection.java:21)
	at pl.akademiaqa.pages.BasePage.<init>(BasePage.java:21)
	at pl.akademiaqa.pages.sections.TopMenuSearchSection.<init>(TopMenuSearchSection.java:21)
	at pl.akademiaqa.pages.BasePage.<init>(BasePage.java:21)
	at pl.akademiaqa.pages.sections.TopMenuSearchSection.<init>(TopMenuSearchSection.java:21)
	at pl.akademiaqa.pages.BasePage.<init>(BasePage.java:21)
	at pl.akademiaqa.pages.sections.TopMenuSearchSection.<init>(TopMenuSearchSection.java:21)
	at pl.akademiaqa.pages.BasePage.<init>(BasePage.java:21)
	at pl.akademiaqa.pages.sections.TopMenuSearchSection.<init>(TopMenuSearchSection.java:21)
	at pl.akademiaqa.pages.BasePage.<init>(BasePage.java:21)
	at pl.akademiaqa.pages.sections.TopMenuSearchSection.<init>(TopMenuSearchSection.java:21)
	at pl.akademiaqa.pages.BasePage.<init>(BasePage.java:21)
	at pl.akademiaqa.pages.sections.TopMenuSearchSection.<init>(TopMenuSearchSection.java:21)
	at pl.akademiaqa.pages.BasePage.<init>(BasePage.java:21)
	at pl.akademiaqa.pages.sections.TopMenuSearchSection.<init>(TopMenuSearchSection.java:21)
	at pl.akademiaqa.pages.BasePage.<init>(BasePage.java:21)
	at pl.akademiaqa.pages.sections.TopMenuSearchSection.<init>(TopMenuSearchSection.java:21)
	at pl.akademiaqa.pages.BasePage.<init>(BasePage.java:21)
	at pl.akademiaqa.pages.sections.TopMenuSearchSection.<init>(TopMenuSearchSection.java:21)
	at pl.akademiaqa.pages.BasePage.<init>(BasePage.java:21)
	at pl.akademiaqa.pages.sections.TopMenuSearchSection.<init>(TopMenuSearchSection.java:21)
	at pl.akademiaqa.pages.BasePage.<init>(BasePage.java:21)
	at pl.akademiaqa.pages.sections.TopMenuSearchSection.<init>(TopMenuSearchSection.java:21)
	at pl.akademiaqa.pages.BasePage.<init>(BasePage.java:21)
	at pl.akademiaqa.pages.sections.TopMenuSearchSection.<init>(TopMenuSearchSection.java:21)
	at pl.akademiaqa.pages.BasePage.<init>(BasePage.java:21)
	at pl.akademiaqa.pages.sections.TopMenuSearchSection.<init>(TopMenuSearchSection.java:21)
	at pl.akademiaqa.pages.BasePage.<init>(BasePage.java:21)
	at pl.akademiaqa.pages.sections.TopMenuSearchSection.<init>(TopMenuSearchSection.java:21)
	at pl.akademiaqa.pages.BasePage.<init>(BasePage.java:21)
	at pl.akademiaqa.pages.sections.TopMenuSearchSection.<init>(TopMenuSearchSection.java:21)
	at pl.akademiaqa.pages.BasePage.<init>(BasePage.java:21)
	at pl.akademiaqa.pages.sections.TopMenuSearchSection.<init>(TopMenuSearchSection.java:21)
	at pl.akademiaqa.pages.BasePage.<init>(BasePage.java:21)
	at pl.akademiaqa.pages.sections.TopMenuSearchSection.<init>(TopMenuSearchSection.java:21)
	at pl.akademiaqa.pages.BasePage.<init>(BasePage.java:21)
	at pl.akademiaqa.pages.sections.TopMenuSearchSection.<init>(TopMenuSearchSection.java:21)
	at pl.akademiaqa.pages.BasePage.<init>(BasePage.java:21)
	at pl.akademiaqa.pages.sections.TopMenuSearchSection.<init>(TopMenuSearchSection.java:21)
	at pl.akademiaqa.pages.BasePage.<init>(BasePage.java:21)
	at pl.akademiaqa.pages.sections.TopMenuSearchSection.<init>(TopMenuSearchSection.java:21)
	at pl.akademiaqa.pages.BasePage.<init>(BasePage.java:21)
	at pl.akademiaqa.pages.sections.TopMenuSearchSection.<init>(TopMenuSearchSection.java:21)
	at pl.akademiaqa.pages.BasePage.<init>(BasePage.java:21)
	at pl.akademiaqa.pages.sections.TopMenuSearchSection.<init>(TopMenuSearchSection.java:21)
	at pl.akademiaqa.pages.BasePage.<init>(BasePage.java:21)
	at pl.akademiaqa.pages.sections.TopMenuSearchSection.<init>(TopMenuSearchSection.java:21)
	at pl.akademiaqa.pages.BasePage.<init>(BasePage.java:21)
	at pl.akademiaqa.pages.sections.TopMenuSearchSection.<init>(TopMenuSearchSection.java:21)
	at pl.akademiaqa.pages.BasePage.<init>(BasePage.java:21)
	at pl.akademiaqa.pages.sections.TopMenuSearchSection.<init>(TopMenuSearchSection.java:21)
	at pl.akademiaqa.pages.BasePage.<init>(BasePage.java:21)
	at pl.akademiaqa.pages.sections.TopMenuSearchSection.<init>(TopMenuSearchSection.java:21)
	at pl.akademiaqa.pages.BasePage.<init>(BasePage.java:21)
	at pl.akademiaqa.pages.sections.TopMenuSearchSection.<init>(TopMenuSearchSection.java:21)
	at pl.akademiaqa.pages.BasePage.<init>(BasePage.java:21)
	at pl.akademiaqa.pages.sections.TopMenuSearchSection.<init>(TopMenuSearchSection.java:21)
	at pl.akademiaqa.pages.BasePage.<init>(BasePage.java:21)
	at pl.akademiaqa.pages.sections.TopMenuSearchSection.<init>(TopMenuSearchSection.java:21)
	at pl.akademiaqa.pages.BasePage.<init>(BasePage.java:21)
	at pl.akademiaqa.pages.sections.TopMenuSearchSection.<init>(TopMenuSearchSection.java:21)
	at pl.akademiaqa.pages.BasePage.<init>(BasePage.java:21)
	at pl.akademiaqa.pages.sections.TopMenuSearchSection.<init>(TopMenuSearchSection.java:21)
	at pl.akademiaqa.pages.BasePage.<init>(BasePage.java:21)
	at pl.akademiaqa.pages.sections.TopMenuSearchSection.<init>(TopMenuSearchSection.java:21)
	at pl.akademiaqa.pages.BasePage.<init>(BasePage.java:21)
	at pl.akademiaqa.pages.sections.TopMenuSearchSection.<init>(TopMenuSearchSection.java:21)
	at pl.akademiaqa.pages.BasePage.<init>(BasePage.java:21)
	at pl.akademiaqa.pages.sections.TopMenuSearchSection.<init>(TopMenuSearchSection.java:21)
	at pl.akademiaqa.pages.BasePage.<init>(BasePage.java:21)
	at pl.akademiaqa.pages.sections.TopMenuSearchSection.<init>(TopMenuSearchSection.java:21)
	at pl.akademiaqa.pages.BasePage.<init>(BasePage.java:21)
	at pl.akademiaqa.pages.sections.TopMenuSearchSection.<init>(TopMenuSearchSection.java:21)
	at pl.akademiaqa.pages.BasePage.<init>(BasePage.java:21)
	at pl.akademiaqa.pages.sections.TopMenuSearchSection.<init>(TopMenuSearchSection.java:21)
	at pl.akademiaqa.pages.BasePage.<init>(BasePage.java:21)
	at pl.akademiaqa.pages.sections.TopMenuSearchSection.<init>(TopMenuSearchSection.java:21)
	at pl.akademiaqa.pages.BasePage.<init>(BasePage.java:21)
	at pl.akademiaqa.pages.sections.TopMenuSearchSection.<init>(TopMenuSearchSection.java:21)
	at pl.akademiaqa.pages.BasePage.<init>(BasePage.java:21)
	at pl.akademiaqa.pages.sections.TopMenuSearchSection.<init>(TopMenuSearchSection.java:21)
	at pl.akademiaqa.pages.BasePage.<init>(BasePage.java:21)
	at pl.akademiaqa.pages.sections.TopMenuSearchSection.<init>(TopMenuSearchSection.java:21)
	at pl.akademiaqa.pages.BasePage.<init>(BasePage.java:21)
	at pl.akademiaqa.pages.sections.TopMenuSearchSection.<init>(TopMenuSearchSection.java:21)
	at pl.akademiaqa.pages.BasePage.<init>(BasePage.java:21)
	at pl.akademiaqa.pages.sections.TopMenuSearchSection.<init>(TopMenuSearchSection.java:21)
	at pl.akademiaqa.pages.BasePage.<init>(BasePage.java:21)
	at pl.akademiaqa.pages.sections.TopMenuSearchSection.<init>(TopMenuSearchSection.java:21)
	at pl.akademiaqa.pages.BasePage.<init>(BasePage.java:21)
	at pl.akademiaqa.pages.sections.TopMenuSearchSection.<init>(TopMenuSearchSection.java:21)
	at pl.akademiaqa.pages.BasePage.<init>(BasePage.java:21)
	at pl.akademiaqa.pages.sections.TopMenuSearchSection.<init>(TopMenuSearchSection.java:21)
	at pl.akademiaqa.pages.BasePage.<init>(BasePage.java:21)
	at pl.akademiaqa.pages.sections.TopMenuSearchSection.<init>(TopMenuSearchSection.java:21)
	at pl.akademiaqa.pages.BasePage.<init>(BasePage.java:21)
	at pl.akademiaqa.pages.sections.TopMenuSearchSection.<init>(TopMenuSearchSection.java:21)
	at pl.akademiaqa.pages.BasePage.<init>(BasePage.java:21)
	at pl.akademiaqa.pages.sections.TopMenuSearchSection.<init>(TopMenuSearchSection.java:21)
	at pl.akademiaqa.pages.BasePage.<init>(BasePage.java:21)
	at pl.akademiaqa.pages.sections.TopMenuSearchSection.<init>(TopMenuSearchSection.java:21)
	at pl.akademiaqa.pages.BasePage.<init>(BasePage.java:21)
	at pl.akademiaqa.pages.sections.TopMenuSearchSection.<init>(TopMenuSearchSection.java:21)
	at pl.akademiaqa.pages.BasePage.<init>(BasePage.java:21)
	at pl.akademiaqa.pages.sections.TopMenuSearchSection.<init>(TopMenuSearchSection.java:21)
	at pl.akademiaqa.pages.BasePage.<init>(BasePage.java:21)
	at pl.akademiaqa.pages.sections.TopMenuSearchSection.<init>(TopMenuSearchSection.java:21)
	at pl.akademiaqa.pages.BasePage.<init>(BasePage.java:21)
	at pl.akademiaqa.pages.sections.TopMenuSearchSection.<init>(TopMenuSearchSection.java:21)
	at pl.akademiaqa.pages.BasePage.<init>(BasePage.java:21)
	at pl.akademiaqa.pages.sections.TopMenuSearchSection.<init>(TopMenuSearchSection.java:21)
	at pl.akademiaqa.pages.BasePage.<init>(BasePage.java:21)
	at pl.akademiaqa.pages.sections.TopMenuSearchSection.<init>(TopMenuSearchSection.java:21)
	at pl.akademiaqa.pages.BasePage.<init>(BasePage.java:21)
	at pl.akademiaqa.pages.sections.TopMenuSearchSection.<init>(TopMenuSearchSection.java:21)
	at pl.akademiaqa.pages.BasePage.<init>(BasePage.java:21)
	at pl.akademiaqa.pages.sections.TopMenuSearchSection.<init>(TopMenuSearchSection.java:21)
	at pl.akademiaqa.pages.BasePage.<init>(BasePage.java:21)
	at pl.akademiaqa.pages.sections.TopMenuSearchSection.<init>(TopMenuSearchSection.java:21)
	at pl.akademiaqa.pages.BasePage.<init>(BasePage.java:21)
	at pl.akademiaqa.pages.sections.TopMenuSearchSection.<init>(TopMenuSearchSection.java:21)
	at pl.akademiaqa.pages.BasePage.<init>(BasePage.java:21)
	at pl.akademiaqa.pages.sections.TopMenuSearchSection.<init>(TopMenuSearchSection.java:21)
	at pl.akademiaqa.pages.BasePage.<init>(BasePage.java:21)
	at pl.akademiaqa.pages.sections.TopMenuSearchSection.<init>(TopMenuSearchSection.java:21)
	at pl.akademiaqa.pages.BasePage.<init>(BasePage.java:21)
	at pl.akademiaqa.pages.sections.TopMenuSearchSection.<init>(TopMenuSearchSection.java:21)
	at pl.akademiaqa.pages.BasePage.<init>(BasePage.java:21)
	at pl.akademiaqa.pages.sections.TopMenuSearchSection.<init>(TopMenuSearchSection.java:21)
	at pl.akademiaqa.pages.BasePage.<init>(BasePage.java:21)
	at pl.akademiaqa.pages.sections.TopMenuSearchSection.<init>(TopMenuSearchSection.java:21)
	at pl.akademiaqa.pages.BasePage.<init>(BasePage.java:21)
	at pl.akademiaqa.pages.sections.TopMenuSearchSection.<init>(TopMenuSearchSection.java:21)
	at pl.akademiaqa.pages.BasePage.<init>(BasePage.java:21)
	at pl.akademiaqa.pages.sections.TopMenuSearchSection.<init>(TopMenuSearchSection.java:21)
	at pl.akademiaqa.pages.BasePage.<init>(BasePage.java:21)
	at pl.akademiaqa.pages.sections.TopMenuSearchSection.<init>(TopMenuSearchSection.java:21)
	at pl.akademiaqa.pages.BasePage.<init>(BasePage.java:21)
	at pl.akademiaqa.pages.sections.TopMenuSearchSection.<init>(TopMenuSearchSection.java:21)
	at pl.akademiaqa.pages.BasePage.<init>(BasePage.java:21)
	at pl.akademiaqa.pages.sections.TopMenuSearchSection.<init>(TopMenuSearchSection.java:21)
	at pl.akademiaqa.pages.BasePage.<init>(BasePage.java:21)
	at pl.akademiaqa.pages.sections.TopMenuSearchSection.<init>(TopMenuSearchSection.java:21)
	at pl.akademiaqa.pages.BasePage.<init>(BasePage.java:21)
	at pl.akademiaqa.pages.sections.TopMenuSearchSection.<init>(TopMenuSearchSection.java:21)
	at pl.akademiaqa.pages.BasePage.<init>(BasePage.java:21)
	at pl.akademiaqa.pages.sections.TopMenuSearchSection.<init>(TopMenuSearchSection.java:21)
	at pl.akademiaqa.pages.BasePage.<init>(BasePage.java:21)
	at pl.akademiaqa.pages.sections.TopMenuSearchSection.<init>(TopMenuSearchSection.java:21)
	at pl.akademiaqa.pages.BasePage.<init>(BasePage.java:21)
	at pl.akademiaqa.pages.sections.TopMenuSearchSection.<init>(TopMenuSearchSection.java:21)
	at pl.akademiaqa.pages.BasePage.<init>(BasePage.java:21)
	at pl.akademiaqa.pages.sections.TopMenuSearchSection.<init>(TopMenuSearchSection.java:21)
	at pl.akademiaqa.pages.BasePage.<init>(BasePage.java:21)
	at pl.akademiaqa.pages.sections.TopMenuSearchSection.<init>(TopMenuSearchSection.java:21)
	at pl.akademiaqa.pages.BasePage.<init>(BasePage.java:21)
	at pl.akademiaqa.pages.sections.TopMenuSearchSection.<init>(TopMenuSearchSection.java:21)
	at pl.akademiaqa.pages.BasePage.<init>(BasePage.java:21)
	at pl.akademiaqa.pages.sections.TopMenuSearchSection.<init>(TopMenuSearchSection.java:21)
	at pl.akademiaqa.pages.BasePage.<init>(BasePage.java:21)
	at pl.akademiaqa.pages.sections.TopMenuSearchSection.<init>(TopMenuSearchSection.java:21)
	at pl.akademiaqa.pages.BasePage.<init>(BasePage.java:21)
	at pl.akademiaqa.pages.sections.TopMenuSearchSection.<init>(TopMenuSearchSection.java:21)
	at pl.akademiaqa.pages.BasePage.<init>(BasePage.java:21)
	at pl.akademiaqa.pages.sections.TopMenuSearchSection.<init>(TopMenuSearchSection.java:21)
	at pl.akademiaqa.pages.BasePage.<init>(BasePage.java:21)
	at pl.akademiaqa.pages.sections.TopMenuSearchSection.<init>(TopMenuSearchSection.java:21)
	at pl.akademiaqa.pages.BasePage.<init>(BasePage.java:21)
	at pl.akademiaqa.pages.sections.TopMenuSearchSection.<init>(TopMenuSearchSection.java:21)
	at pl.akademiaqa.pages.BasePage.<init>(BasePage.java:21)
	at pl.akademiaqa.pages.sections.TopMenuSearchSection.<init>(TopMenuSearchSection.java:21)
	at pl.akademiaqa.pages.BasePage.<init>(BasePage.java:21)
	at pl.akademiaqa.pages.sections.TopMenuSearchSection.<init>(TopMenuSearchSection.java:21)
	at pl.akademiaqa.pages.BasePage.<init>(BasePage.java:21)
	at pl.akademiaqa.pages.sections.TopMenuSearchSection.<init>(TopMenuSearchSection.java:21)
	at pl.akademiaqa.pages.BasePage.<init>(BasePage.java:21)
	at pl.akademiaqa.pages.sections.TopMenuSearchSection.<init>(TopMenuSearchSection.java:21)
	at pl.akademiaqa.pages.BasePage.<init>(BasePage.java:21)
	at pl.akademiaqa.pages.sections.TopMenuSearchSection.<init>(TopMenuSearchSection.java:21)
	at pl.akademiaqa.pages.BasePage.<init>(BasePage.java:21)
	at pl.akademiaqa.pages.sections.TopMenuSearchSection.<init>(TopMenuSearchSection.java:21)
	at pl.akademiaqa.pages.BasePage.<init>(BasePage.java:21)
	at pl.akademiaqa.pages.sections.TopMenuSearchSection.<init>(TopMenuSearchSection.java:21)
	at pl.akademiaqa.pages.BasePage.<init>(BasePage.java:21)
	at pl.akademiaqa.pages.sections.TopMenuSearchSection.<init>(TopMenuSearchSection.java:21)
	at pl.akademiaqa.pages.BasePage.<init>(BasePage.java:21)
	at pl.akademiaqa.pages.sections.TopMenuSearchSection.<init>(TopMenuSearchSection.java:21)
	at pl.akademiaqa.pages.BasePage.<init>(BasePage.java:21)
	at pl.akademiaqa.pages.sections.TopMenuSearchSection.<init>(TopMenuSearchSection.java:21)
	at pl.akademiaqa.pages.BasePage.<init>(BasePage.java:21)
	at pl.akademiaqa.pages.sections.TopMenuSearchSection.<init>(TopMenuSearchSection.java:21)
	at pl.akademiaqa.pages.BasePage.<init>(BasePage.java:21)
	at pl.akademiaqa.pages.sections.TopMenuSearchSection.<init>(TopMenuSearchSection.java:21)
	at pl.akademiaqa.pages.BasePage.<init>(BasePage.java:21)
	at pl.akademiaqa.pages.sections.TopMenuSearchSection.<init>(TopMenuSearchSection.java:21)
	at pl.akademiaqa.pages.BasePage.<init>(BasePage.java:21)
	at pl.akademiaqa.pages.sections.TopMenuSearchSection.<init>(TopMenuSearchSection.java:21)
	at pl.akademiaqa.pages.BasePage.<init>(BasePage.java:21)
	at pl.akademiaqa.pages.sections.TopMenuSearchSection.<init>(TopMenuSearchSection.java:21)
	at pl.akademiaqa.pages.BasePage.<init>(BasePage.java:21)
	at pl.akademiaqa.pages.sections.TopMenuSearchSection.<init>(TopMenuSearchSection.java:21)
	at pl.akademiaqa.pages.BasePage.<init>(BasePage.java:21)
	at pl.akademiaqa.pages.sections.TopMenuSearchSection.<init>(TopMenuSearchSection.java:21)
	at pl.akademiaqa.pages.BasePage.<init>(BasePage.java:21)
	at pl.akademiaqa.pages.sections.TopMenuSearchSection.<init>(TopMenuSearchSection.java:21)
	at pl.akademiaqa.pages.BasePage.<init>(BasePage.java:21)
	at pl.akademiaqa.pages.sections.TopMenuSearchSection.<init>(TopMenuSearchSection.java:21)
	at pl.akademiaqa.pages.BasePage.<init>(BasePage.java:21)
	at pl.akademiaqa.pages.sections.TopMenuSearchSection.<init>(TopMenuSearchSection.java:21)
	at pl.akademiaqa.pages.BasePage.<init>(BasePage.java:21)
	at pl.akademiaqa.pages.sections.TopMenuSearchSection.<init>(TopMenuSearchSection.java:21)
	at pl.akademiaqa.pages.BasePage.<init>(BasePage.java:21)
	at pl.akademiaqa.pages.sections.TopMenuSearchSection.<init>(TopMenuSearchSection.java:21)
	at pl.akademiaqa.pages.BasePage.<init>(BasePage.java:21)
	at pl.akademiaqa.pages.sections.TopMenuSearchSection.<init>(TopMenuSearchSection.java:21)
	at pl.akademiaqa.pages.BasePage.<init>(BasePage.java:21)
	at pl.akademiaqa.pages.sections.TopMenuSearchSection.<init>(TopMenuSearchSection.java:21)
	at pl.akademiaqa.pages.BasePage.<init>(BasePage.java:21)
	at pl.akademiaqa.pages.sections.TopMenuSearchSection.<init>(TopMenuSearchSection.java:21)
	at pl.akademiaqa.pages.BasePage.<init>(BasePage.java:21)
	at pl.akademiaqa.pages.sections.TopMenuSearchSection.<init>(TopMenuSearchSection.java:21)
	at pl.akademiaqa.pages.BasePage.<init>(BasePage.java:21)
	at pl.akademiaqa.pages.sections.TopMenuSearchSection.<init>(TopMenuSearchSection.java:21)
	at pl.akademiaqa.pages.BasePage.<init>(BasePage.java:21)
	at pl.akademiaqa.pages.sections.TopMenuSearchSection.<init>(TopMenuSearchSection.java:21)
	at pl.akademiaqa.pages.BasePage.<init>(BasePage.java:21)
	at pl.akademiaqa.pages.sections.TopMenuSearchSection.<init>(TopMenuSearchSection.java:21)
	at pl.akademiaqa.pages.BasePage.<init>(BasePage.java:21)
	at pl.akademiaqa.pages.sections.TopMenuSearchSection.<init>(TopMenuSearchSection.java:21)
	at pl.akademiaqa.pages.BasePage.<init>(BasePage.java:21)
	at pl.akademiaqa.pages.sections.TopMenuSearchSection.<init>(TopMenuSearchSection.java:21)
	at pl.akademiaqa.pages.BasePage.<init>(BasePage.java:21)
	at pl.akademiaqa.pages.sections.TopMenuSearchSection.<init>(TopMenuSearchSection.java:21)
	at pl.akademiaqa.pages.BasePage.<init>(BasePage.java:21)
	at pl.akademiaqa.pages.sections.TopMenuSearchSection.<init>(TopMenuSearchSection.java:21)
	at pl.akademiaqa.pages.BasePage.<init>(BasePage.java:21)
	at pl.akademiaqa.pages.sections.TopMenuSearchSection.<init>(TopMenuSearchSection.java:21)
	at pl.akademiaqa.pages.BasePage.<init>(BasePage.java:21)
	at pl.akademiaqa.pages.sections.TopMenuSearchSection.<init>(TopMenuSearchSection.java:21)
	at pl.akademiaqa.pages.BasePage.<init>(BasePage.java:21)
	at pl.akademiaqa.pages.sections.TopMenuSearchSection.<init>(TopMenuSearchSection.java:21)
	at pl.akademiaqa.pages.BasePage.<init>(BasePage.java:21)
	at pl.akademiaqa.pages.sections.TopMenuSearchSection.<init>(TopMenuSearchSection.java:21)
	at pl.akademiaqa.pages.BasePage.<init>(BasePage.java:21)
	at pl.akademiaqa.pages.sections.TopMenuSearchSection.<init>(TopMenuSearchSection.java:21)
	at pl.akademiaqa.pages.BasePage.<init>(BasePage.java:21)
	at pl.akademiaqa.pages.sections.TopMenuSearchSection.<init>(TopMenuSearchSection.java:21)
	at pl.akademiaqa.pages.BasePage.<init>(BasePage.java:21)
	at pl.akademiaqa.pages.sections.TopMenuSearchSection.<init>(TopMenuSearchSection.java:21)
	at pl.akademiaqa.pages.BasePage.<init>(BasePage.java:21)
	at pl.akademiaqa.pages.sections.TopMenuSearchSection.<init>(TopMenuSearchSection.java:21)
	at pl.akademiaqa.pages.BasePage.<init>(BasePage.java:21)
	at pl.akademiaqa.pages.sections.TopMenuSearchSection.<init>(TopMenuSearchSection.java:21)
	at pl.akademiaqa.pages.BasePage.<init>(BasePage.java:21)
	at pl.akademiaqa.pages.sections.TopMenuSearchSection.<init>(TopMenuSearchSection.java:21)
	at pl.akademiaqa.pages.BasePage.<init>(BasePage.java:21)
	at pl.akademiaqa.pages.sections.TopMenuSearchSection.<init>(TopMenuSearchSection.java:21)
	at pl.akademiaqa.pages.BasePage.<init>(BasePage.java:21)
	at pl.akademiaqa.pages.sections.TopMenuSearchSection.<init>(TopMenuSearchSection.java:21)
	at pl.akademiaqa.pages.BasePage.<init>(BasePage.java:21)
	at pl.akademiaqa.pages.sections.TopMenuSearchSection.<init>(TopMenuSearchSection.java:21)
	at pl.akademiaqa.pages.BasePage.<init>(BasePage.java:21)
	at pl.akademiaqa.pages.sections.TopMenuSearchSection.<init>(TopMenuSearchSection.java:21)
	at pl.akademiaqa.pages.BasePage.<init>(BasePage.java:21)
	at pl.akademiaqa.pages.sections.TopMenuSearchSection.<init>(TopMenuSearchSection.java:21)
	at pl.akademiaqa.pages.BasePage.<init>(BasePage.java:21)
	at pl.akademiaqa.pages.sections.TopMenuSearchSection.<init>(TopMenuSearchSection.java:21)
	at pl.akademiaqa.pages.BasePage.<init>(BasePage.java:21)
	at pl.akademiaqa.pages.sections.TopMenuSearchSection.<init>(TopMenuSearchSection.java:21)
	at pl.akademiaqa.pages.BasePage.<init>(BasePage.java:21)
	at pl.akademiaqa.pages.sections.TopMenuSearchSection.<init>(TopMenuSearchSection.java:21)
	at pl.akademiaqa.pages.BasePage.<init>(BasePage.java:21)
	at pl.akademiaqa.pages.sections.TopMenuSearchSection.<init>(TopMenuSearchSection.java:21)
	at pl.akademiaqa.pages.BasePage.<init>(BasePage.java:21)
	at pl.akademiaqa.pages.sections.TopMenuSearchSection.<init>(TopMenuSearchSection.java:21)
	at pl.akademiaqa.pages.BasePage.<init>(BasePage.java:21)
	at pl.akademiaqa.pages.sections.TopMenuSearchSection.<init>(TopMenuSearchSection.java:21)
	at pl.akademiaqa.pages.BasePage.<init>(BasePage.java:21)
	at pl.akademiaqa.pages.sections.TopMenuSearchSection.<init>(TopMenuSearchSection.java:21)
	at pl.akademiaqa.pages.BasePage.<init>(BasePage.java:21)
	at pl.akademiaqa.pages.sections.TopMenuSearchSection.<init>(TopMenuSearchSection.java:21)
	at pl.akademiaqa.pages.BasePage.<init>(BasePage.java:21)
	at pl.akademiaqa.pages.sections.TopMenuSearchSection.<init>(TopMenuSearchSection.java:21)
	at pl.akademiaqa.pages.BasePage.<init>(BasePage.java:21)
	at pl.akademiaqa.pages.sections.TopMenuSearchSection.<init>(TopMenuSearchSection.java:21)
	at pl.akademiaqa.pages.BasePage.<init>(BasePage.java:21)
	at pl.akademiaqa.pages.sections.TopMenuSearchSection.<init>(TopMenuSearchSection.java:21)
	at pl.akademiaqa.pages.BasePage.<init>(BasePage.java:21)
	at pl.akademiaqa.pages.sections.TopMenuSearchSection.<init>(TopMenuSearchSection.java:21)
	at pl.akademiaqa.pages.BasePage.<init>(BasePage.java:21)
	at pl.akademiaqa.pages.sections.TopMenuSearchSection.<init>(TopMenuSearchSection.java:21)
	at pl.akademiaqa.pages.BasePage.<init>(BasePage.java:21)
	at pl.akademiaqa.pages.sections.TopMenuSearchSection.<init>(TopMenuSearchSection.java:21)
	at pl.akademiaqa.pages.BasePage.<init>(BasePage.java:21)
	at pl.akademiaqa.pages.sections.TopMenuSearchSection.<init>(TopMenuSearchSection.java:21)
	at pl.akademiaqa.pages.BasePage.<init>(BasePage.java:21)
	at pl.akademiaqa.pages.sections.TopMenuSearchSection.<init>(TopMenuSearchSection.java:21)
	at pl.akademiaqa.pages.BasePage.<init>(BasePage.java:21)
	at pl.akademiaqa.pages.sections.TopMenuSearchSection.<init>(TopMenuSearchSection.java:21)
	at pl.akademiaqa.pages.BasePage.<init>(BasePage.java:21)
	at pl.akademiaqa.pages.sections.TopMenuSearchSection.<init>(TopMenuSearchSection.java:21)
	at pl.akademiaqa.pages.BasePage.<init>(BasePage.java:21)
	at pl.akademiaqa.pages.sections.TopMenuSearchSection.<init>(TopMenuSearchSection.java:21)
	at pl.akademiaqa.pages.BasePage.<init>(BasePage.java:21)
	at pl.akademiaqa.pages.sections.TopMenuSearchSection.<init>(TopMenuSearchSection.java:21)
	at pl.akademiaqa.pages.BasePage.<init>(BasePage.java:21)
	at pl.akademiaqa.pages.sections.TopMenuSearchSection.<init>(TopMenuSearchSection.java:21)
	at pl.akademiaqa.pages.BasePage.<init>(BasePage.java:21)
	at pl.akademiaqa.pages.sections.TopMenuSearchSection.<init>(TopMenuSearchSection.java:21)
	at pl.akademiaqa.pages.BasePage.<init>(BasePage.java:21)
	at pl.akademiaqa.pages.sections.TopMenuSearchSection.<init>(TopMenuSearchSection.java:21)
	at pl.akademiaqa.pages.BasePage.<init>(BasePage.java:21)
	at pl.akademiaqa.pages.sections.TopMenuSearchSection.<init>(TopMenuSearchSection.java:21)
	at pl.akademiaqa.pages.BasePage.<init>(BasePage.java:21)
	at pl.akademiaqa.pages.sections.TopMenuSearchSection.<init>(TopMenuSearchSection.java:21)
	at pl.akademiaqa.pages.BasePage.<init>(BasePage.java:21)
	at pl.akademiaqa.pages.sections.TopMenuSearchSection.<init>(TopMenuSearchSection.java:21)
	at pl.akademiaqa.pages.BasePage.<init>(BasePage.java:21)
	at pl.akademiaqa.pages.sections.TopMenuSearchSection.<init>(TopMenuSearchSection.java:21)
	at pl.akademiaqa.pages.BasePage.<init>(BasePage.java:21)
	at pl.akademiaqa.pages.sections.TopMenuSearchSection.<init>(TopMenuSearchSection.java:21)
	at pl.akademiaqa.pages.BasePage.<init>(BasePage.java:21)
	at pl.akademiaqa.pages.sections.TopMenuSearchSection.<init>(TopMenuSearchSection.java:21)
	at pl.akademiaqa.pages.BasePage.<init>(BasePage.java:21)
	at pl.akademiaqa.pages.sections.TopMenuSearchSection.<init>(TopMenuSearchSection.java:21)
	at pl.akademiaqa.pages.BasePage.<init>(BasePage.java:21)
	at pl.akademiaqa.pages.sections.TopMenuSearchSection.<init>(TopMenuSearchSection.java:21)
	at pl.akademiaqa.pages.BasePage.<init>(BasePage.java:21)
	at pl.akademiaqa.pages.sections.TopMenuSearchSection.<init>(TopMenuSearchSection.java:21)
	at pl.akademiaqa.pages.BasePage.<init>(BasePage.java:21)
	at pl.akademiaqa.pages.sections.TopMenuSearchSection.<init>(TopMenuSearchSection.java:21)
	at pl.akademiaqa.pages.BasePage.<init>(BasePage.java:21)
	at pl.akademiaqa.pages.sections.TopMenuSearchSection.<init>(TopMenuSearchSection.java:21)
	at pl.akademiaqa.pages.BasePage.<init>(BasePage.java:21)
	at pl.akademiaqa.pages.sections.TopMenuSearchSection.<init>(TopMenuSearchSection.java:21)
	at pl.akademiaqa.pages.BasePage.<init>(BasePage.java:21)
	at pl.akademiaqa.pages.sections.TopMenuSearchSection.<init>(TopMenuSearchSection.java:21)
	at pl.akademiaqa.pages.BasePage.<init>(BasePage.java:21)
	at pl.akademiaqa.pages.sections.TopMenuSearchSection.<init>(TopMenuSearchSection.java:21)
	at pl.akademiaqa.pages.BasePage.<init>(BasePage.java:21)
	at pl.akademiaqa.pages.sections.TopMenuSearchSection.<init>(TopMenuSearchSection.java:21)
	at pl.akademiaqa.pages.BasePage.<init>(BasePage.java:21)
	at pl.akademiaqa.pages.sections.TopMenuSearchSection.<init>(TopMenuSearchSection.java:21)
	at pl.akademiaqa.pages.BasePage.<init>(BasePage.java:21)
	at pl.akademiaqa.pages.sections.TopMenuSearchSection.<init>(TopMenuSearchSection.java:21)
	at pl.akademiaqa.pages.BasePage.<init>(BasePage.java:21)
	at pl.akademiaqa.pages.sections.TopMenuSearchSection.<init>(TopMenuSearchSection.java:21)
	at pl.akademiaqa.pages.BasePage.<init>(BasePage.java:21)
	at pl.akademiaqa.pages.sections.TopMenuSearchSection.<init>(TopMenuSearchSection.java:21)
	at pl.akademiaqa.pages.BasePage.<init>(BasePage.java:21)
	at pl.akademiaqa.pages.sections.TopMenuSearchSection.<init>(TopMenuSearchSection.java:21)
	at pl.akademiaqa.pages.BasePage.<init>(BasePage.java:21)
	at pl.akademiaqa.pages.sections.TopMenuSearchSection.<init>(TopMenuSearchSection.java:21)
	at pl.akademiaqa.pages.BasePage.<init>(BasePage.java:21)
	at pl.akademiaqa.pages.sections.TopMenuSearchSection.<init>(TopMenuSearchSection.java:21)
	at pl.akademiaqa.pages.BasePage.<init>(BasePage.java:21)
	at pl.akademiaqa.pages.sections.TopMenuSearchSection.<init>(TopMenuSearchSection.java:21)
	at pl.akademiaqa.pages.BasePage.<init>(BasePage.java:21)
	at pl.akademiaqa.pages.sections.TopMenuSearchSection.<init>(TopMenuSearchSection.java:21)
	at pl.akademiaqa.pages.BasePage.<init>(BasePage.java:21)
	at pl.akademiaqa.pages.sections.TopMenuSearchSection.<init>(TopMenuSearchSection.java:21)
	at pl.akademiaqa.pages.BasePage.<init>(BasePage.java:21)
	at pl.akademiaqa.pages.sections.TopMenuSearchSection.<init>(TopMenuSearchSection.java:21)
	at pl.akademiaqa.pages.BasePage.<init>(BasePage.java:21)
	at pl.akademiaqa.pages.sections.TopMenuSearchSection.<init>(TopMenuSearchSection.java:21)
	at pl.akademiaqa.pages.BasePage.<init>(BasePage.java:21)
	at pl.akademiaqa.pages.sections.TopMenuSearchSection.<init>(TopMenuSearchSection.java:21)
	at pl.akademiaqa.pages.BasePage.<init>(BasePage.java:21)
	at pl.akademiaqa.pages.sections.TopMenuSearchSection.<init>(TopMenuSearchSection.java:21)
	at pl.akademiaqa.pages.BasePage.<init>(BasePage.java:21)
	at pl.akademiaqa.pages.sections.TopMenuSearchSection.<init>(TopMenuSearchSection.java:21)
	at pl.akademiaqa.pages.BasePage.<init>(BasePage.java:21)
	at pl.akademiaqa.pages.sections.TopMenuSearchSection.<init>(TopMenuSearchSection.java:21)
	at pl.akademiaqa.pages.BasePage.<init>(BasePage.java:21)
	at pl.akademiaqa.pages.sections.TopMenuSearchSection.<init>(TopMenuSearchSection.java:21)
	at pl.akademiaqa.pages.BasePage.<init>(BasePage.java:21)
	at pl.akademiaqa.pages.sections.TopMenuSearchSection.<init>(TopMenuSearchSection.java:21)
	at pl.akademiaqa.pages.BasePage.<init>(BasePage.java:21)
	at pl.akademiaqa.pages.sections.TopMenuSearchSection.<init>(TopMenuSearchSection.java:21)
	at pl.akademiaqa.pages.BasePage.<init>(BasePage.java:21)
	at pl.akademiaqa.pages.sections.TopMenuSearchSection.<init>(TopMenuSearchSection.java:21)
	at pl.akademiaqa.pages.BasePage.<init>(BasePage.java:21)
	at pl.akademiaqa.pages.sections.TopMenuSearchSection.<init>(TopMenuSearchSection.java:21)
	at pl.akademiaqa.pages.BasePage.<init>(BasePage.java:21)
	at pl.akademiaqa.pages.sections.TopMenuSearchSection.<init>(TopMenuSearchSection.java:21)
	at pl.akademiaqa.pages.BasePage.<init>(BasePage.java:21)
	at pl.akademiaqa.pages.sections.TopMenuSearchSection.<init>(TopMenuSearchSection.java:21)
	at pl.akademiaqa.pages.BasePage.<init>(BasePage.java:21)
	at pl.akademiaqa.pages.sections.TopMenuSearchSection.<init>(TopMenuSearchSection.java:21)
	at pl.akademiaqa.pages.BasePage.<init>(BasePage.java:21)
	at pl.akademiaqa.pages.sections.TopMenuSearchSection.<init>(TopMenuSearchSection.java:21)
	at pl.akademiaqa.pages.BasePage.<init>(BasePage.java:21)
	at pl.akademiaqa.pages.sections.TopMenuSearchSection.<init>(TopMenuSearchSection.java:21)
	at pl.akademiaqa.pages.BasePage.<init>(BasePage.java:21)
	at pl.akademiaqa.pages.sections.TopMenuSearchSection.<init>(TopMenuSearchSection.java:21)
	at pl.akademiaqa.pages.BasePage.<init>(BasePage.java:21)
	at pl.akademiaqa.pages.sections.TopMenuSearchSection.<init>(TopMenuSearchSection.java:21)
	at pl.akademiaqa.pages.BasePage.<init>(BasePage.java:21)
	at pl.akademiaqa.pages.sections.TopMenuSearchSection.<init>(TopMenuSearchSection.java:21)
	at pl.akademiaqa.pages.BasePage.<init>(BasePage.java:21)
	at pl.akademiaqa.pages.sections.TopMenuSearchSection.<init>(TopMenuSearchSection.java:21)
	at pl.akademiaqa.pages.BasePage.<init>(BasePage.java:21)
	at pl.akademiaqa.pages.sections.TopMenuSearchSection.<init>(TopMenuSearchSection.java:21)
	at pl.akademiaqa.pages.BasePage.<init>(BasePage.java:21)
	at pl.akademiaqa.pages.sections.TopMenuSearchSection.<init>(TopMenuSearchSection.java:21)
	at pl.akademiaqa.pages.BasePage.<init>(BasePage.java:21)
	at pl.akademiaqa.pages.sections.TopMenuSearchSection.<init>(TopMenuSearchSection.java:21)
	at pl.akademiaqa.pages.BasePage.<init>(BasePage.java:21)
	at pl.akademiaqa.pages.sections.TopMenuSearchSection.<init>(TopMenuSearchSection.java:21)
	at pl.akademiaqa.pages.BasePage.<init>(BasePage.java:21)
	at pl.akademiaqa.pages.sections.TopMenuSearchSection.<init>(TopMenuSearchSection.java:21)
	at pl.akademiaqa.pages.BasePage.<init>(BasePage.java:21)
	at pl.akademiaqa.pages.sections.TopMenuSearchSection.<init>(TopMenuSearchSection.java:21)
	at pl.akademiaqa.pages.BasePage.<init>(BasePage.java:21)
	at pl.akademiaqa.pages.sections.TopMenuSearchSection.<init>(TopMenuSearchSection.java:21)
	at pl.akademiaqa.pages.BasePage.<init>(BasePage.java:21)
	at pl.akademiaqa.pages.sections.TopMenuSearchSection.<init>(TopMenuSearchSection.java:21)
	at pl.akademiaqa.pages.BasePage.<init>(BasePage.java:21)
	at pl.akademiaqa.pages.sections.TopMenuSearchSection.<init>(TopMenuSearchSection.java:21)
	at pl.akademiaqa.pages.BasePage.<init>(BasePage.java:21)
	at pl.akademiaqa.pages.sections.TopMenuSearchSection.<init>(TopMenuSearchSection.java:21)
	at pl.akademiaqa.pages.BasePage.<init>(BasePage.java:21)
	at pl.akademiaqa.pages.sections.TopMenuSearchSection.<init>(TopMenuSearchSection.java:21)
	at pl.akademiaqa.pages.BasePage.<init>(BasePage.java:21)
	at pl.akademiaqa.pages.sections.TopMenuSearchSection.<init>(TopMenuSearchSection.java:21)
	at pl.akademiaqa.pages.BasePage.<init>(BasePage.java:21)
	at pl.akademiaqa.pages.sections.TopMenuSearchSection.<init>(TopMenuSearchSection.java:21)
	at pl.akademiaqa.pages.BasePage.<init>(BasePage.java:21)
	at pl.akademiaqa.pages.sections.TopMenuSearchSection.<init>(TopMenuSearchSection.java:21)
	at pl.akademiaqa.pages.BasePage.<init>(BasePage.java:21)
	at pl.akademiaqa.pages.sections.TopMenuSearchSection.<init>(TopMenuSearchSection.java:21)
	at pl.akademiaqa.pages.BasePage.<init>(BasePage.java:21)
	at pl.akademiaqa.pages.sections.TopMenuSearchSection.<init>(TopMenuSearchSection.java:21)
	at pl.akademiaqa.pages.BasePage.<init>(BasePage.java:21)
	at pl.akademiaqa.pages.sections.TopMenuSearchSection.<init>(TopMenuSearchSection.java:21)
	at pl.akademiaqa.pages.BasePage.<init>(BasePage.java:21)
	at pl.akademiaqa.pages.sections.TopMenuSearchSection.<init>(TopMenuSearchSection.java:21)
	at pl.akademiaqa.pages.BasePage.<init>(BasePage.java:21)
	at pl.akademiaqa.pages.sections.TopMenuSearchSection.<init>(TopMenuSearchSection.java:21)
	at pl.akademiaqa.pages.BasePage.<init>(BasePage.java:21)
	at pl.akademiaqa.pages.sections.TopMenuSearchSection.<init>(TopMenuSearchSection.java:21)
	at pl.akademiaqa.pages.BasePage.<init>(BasePage.java:21)
	at pl.akademiaqa.pages.sections.TopMenuSearchSection.<init>(TopMenuSearchSection.java:21)
	at pl.akademiaqa.pages.BasePage.<init>(BasePage.java:21)
	at pl.akademiaqa.pages.sections.TopMenuSearchSection.<init>(TopMenuSearchSection.java:21)
	at pl.akademiaqa.pages.BasePage.<init>(BasePage.java:21)
	at pl.akademiaqa.pages.sections.TopMenuSearchSection.<init>(TopMenuSearchSection.java:21)
	at pl.akademiaqa.pages.BasePage.<init>(BasePage.java:21)
	at pl.akademiaqa.pages.sections.TopMenuSearchSection.<init>(TopMenuSearchSection.java:21)
	at pl.akademiaqa.pages.BasePage.<init>(BasePage.java:21)
	at pl.akademiaqa.pages.sections.TopMenuSearchSection.<init>(TopMenuSearchSection.java:21)
	at pl.akademiaqa.pages.BasePage.<init>(BasePage.java:21)
	at pl.akademiaqa.pages.sections.TopMenuSearchSection.<init>(TopMenuSearchSection.java:21)
	at pl.akademiaqa.pages.BasePage.<init>(BasePage.java:21)
	at pl.akademiaqa.pages.sections.TopMenuSearchSection.<init>(TopMenuSearchSection.java:21)
	at pl.akademiaqa.pages.BasePage.<init>(BasePage.java:21)
	at pl.akademiaqa.pages.sections.TopMenuSearchSection.<init>(TopMenuSearchSection.java:21)
	at pl.akademiaqa.pages.BasePage.<init>(BasePage.java:21)
	at pl.akademiaqa.pages.sections.TopMenuSearchSection.<init>(TopMenuSearchSection.java:21)
	at pl.akademiaqa.pages.BasePage.<init>(BasePage.java:21)
	at pl.akademiaqa.pages.sections.TopMenuSearchSection.<init>(TopMenuSearchSection.java:21)
	at pl.akademiaqa.pages.BasePage.<init>(BasePage.java:21)
	at pl.akademiaqa.pages.sections.TopMenuSearchSection.<init>(TopMenuSearchSection.java:21)
	at pl.akademiaqa.pages.BasePage.<init>(BasePage.java:21)
	at pl.akademiaqa.pages.sections.TopMenuSearchSection.<init>(TopMenuSearchSection.java:21)
	at pl.akademiaqa.pages.BasePage.<init>(BasePage.java:21)
	at pl.akademiaqa.pages.sections.TopMenuSearchSection.<init>(TopMenuSearchSection.java:21)
	at pl.akademiaqa.pages.BasePage.<init>(BasePage.java:21)
	at pl.akademiaqa.pages.sections.TopMenuSearchSection.<init>(TopMenuSearchSection.java:21)
	at pl.akademiaqa.pages.BasePage.<init>(BasePage.java:21)
	at pl.akademiaqa.pages.sections.TopMenuSearchSection.<init>(TopMenuSearchSection.java:21)
	at pl.akademiaqa.pages.BasePage.<init>(BasePage.java:21)
	at pl.akademiaqa.pages.sections.TopMenuSearchSection.<init>(TopMenuSearchSection.java:21)
	at pl.akademiaqa.pages.BasePage.<init>(BasePage.java:21)
	at pl.akademiaqa.pages.sections.TopMenuSearchSection.<init>(TopMenuSearchSection.java:21)
	at pl.akademiaqa.pages.BasePage.<init>(BasePage.java:21)
	at pl.akademiaqa.pages.sections.TopMenuSearchSection.<init>(TopMenuSearchSection.java:21)
	at pl.akademiaqa.pages.BasePage.<init>(BasePage.java:21)
	at pl.akademiaqa.pages.sections.TopMenuSearchSection.<init>(TopMenuSearchSection.java:21)
	at pl.akademiaqa.pages.BasePage.<init>(BasePage.java:21)
	at pl.akademiaqa.pages.sections.TopMenuSearchSection.<init>(TopMenuSearchSection.java:21)
	at pl.akademiaqa.pages.BasePage.<init>(BasePage.java:21)
	at pl.akademiaqa.pages.sections.TopMenuSearchSection.<init>(TopMenuSearchSection.java:21)
	at pl.akademiaqa.pages.BasePage.<init>(BasePage.java:21)
	at pl.akademiaqa.pages.sections.TopMenuSearchSection.<init>(TopMenuSearchSection.java:21)
	at pl.akademiaqa.pages.BasePage.<init>(BasePage.java:21)
	at pl.akademiaqa.pages.sections.TopMenuSearchSection.<init>(TopMenuSearchSection.java:21)
	at pl.akademiaqa.pages.BasePage.<init>(BasePage.java:21)
	at pl.akademiaqa.pages.sections.TopMenuSearchSection.<init>(TopMenuSearchSection.java:21)
	at pl.akademiaqa.pages.BasePage.<init>(BasePage.java:21)
	at pl.akademiaqa.pages.sections.TopMenuSearchSection.<init>(TopMenuSearchSection.java:21)
	at pl.akademiaqa.pages.BasePage.<init>(BasePage.java:21)
	at pl.akademiaqa.pages.sections.TopMenuSearchSection.<init>(TopMenuSearchSection.java:21)
	at pl.akademiaqa.pages.BasePage.<init>(BasePage.java:21)
	at pl.akademiaqa.pages.sections.TopMenuSearchSection.<init>(TopMenuSearchSection.java:21)
	at pl.akademiaqa.pages.BasePage.<init>(BasePage.java:21)
	at pl.akademiaqa.pages.sections.TopMenuSearchSection.<init>(TopMenuSearchSection.java:21)
	at pl.akademiaqa.pages.BasePage.<init>(BasePage.java:21)
	at pl.akademiaqa.pages.sections.TopMenuSearchSection.<init>(TopMenuSearchSection.java:21)
	at pl.akademiaqa.pages.BasePage.<init>(BasePage.java:21)
	at pl.akademiaqa.pages.sections.TopMenuSearchSection.<init>(TopMenuSearchSection.java:21)
	at pl.akademiaqa.pages.BasePage.<init>(BasePage.java:21)
	at pl.akademiaqa.pages.sections.TopMenuSearchSection.<init>(TopMenuSearchSection.java:21)
	at pl.akademiaqa.pages.BasePage.<init>(BasePage.java:21)
	at pl.akademiaqa.pages.sections.TopMenuSearchSection.<init>(TopMenuSearchSection.java:21)
	at pl.akademiaqa.pages.BasePage.<init>(BasePage.java:21)
	at pl.akademiaqa.pages.sections.TopMenuSearchSection.<init>(TopMenuSearchSection.java:21)
	at pl.akademiaqa.pages.BasePage.<init>(BasePage.java:21)
	at pl.akademiaqa.pages.sections.TopMenuSearchSection.<init>(TopMenuSearchSection.java:21)
	at pl.akademiaqa.pages.BasePage.<init>(BasePage.java:21)
	at pl.akademiaqa.pages.sections.TopMenuSearchSection.<init>(TopMenuSearchSection.java:21)
	at pl.akademiaqa.pages.BasePage.<init>(BasePage.java:21)
	at pl.akademiaqa.pages.sections.TopMenuSearchSection.<init>(TopMenuSearchSection.java:21)
	at pl.akademiaqa.pages.BasePage.<init>(BasePage.java:21)
	at pl.akademiaqa.pages.sections.TopMenuSearchSection.<init>(TopMenuSearchSection.java:21)
	at pl.akademiaqa.pages.BasePage.<init>(BasePage.java:21)
	at pl.akademiaqa.pages.sections.TopMenuSearchSection.<init>(TopMenuSearchSection.java:21)
	at pl.akademiaqa.pages.BasePage.<init>(BasePage.java:21)
	at pl.akademiaqa.pages.sections.TopMenuSearchSection.<init>(TopMenuSearchSection.java:21)
	at pl.akademiaqa.pages.BasePage.<init>(BasePage.java:21)
	at pl.akademiaqa.pages.sections.TopMenuSearchSection.<init>(TopMenuSearchSection.java:21)
	at pl.akademiaqa.pages.BasePage.<init>(BasePage.java:21)
	at pl.akademiaqa.pages.sections.TopMenuSearchSection.<init>(TopMenuSearchSection.java:21)
	at pl.akademiaqa.pages.BasePage.<init>(BasePage.java:21)
	at pl.akademiaqa.pages.sections.TopMenuSearchSection.<init>(TopMenuSearchSection.java:21)
	at pl.akademiaqa.pages.BasePage.<init>(BasePage.java:21)
	at pl.akademiaqa.pages.sections.TopMenuSearchSection.<init>(TopMenuSearchSection.java:21)
	at pl.akademiaqa.pages.BasePage.<init>(BasePage.java:21)
	at pl.akademiaqa.pages.sections.TopMenuSearchSection.<init>(TopMenuSearchSection.java:21)
	at pl.akademiaqa.pages.BasePage.<init>(BasePage.java:21)
	at pl.akademiaqa.pages.sections.TopMenuSearchSection.<init>(TopMenuSearchSection.java:21)
	at pl.akademiaqa.pages.BasePage.<init>(BasePage.java:21)
	at pl.akademiaqa.pages.sections.TopMenuSearchSection.<init>(TopMenuSearchSection.java:21)
	at pl.akademiaqa.pages.BasePage.<init>(BasePage.java:21)
	at pl.akademiaqa.pages.sections.TopMenuSearchSection.<init>(TopMenuSearchSection.java:21)
	at pl.akademiaqa.pages.BasePage.<init>(BasePage.java:21)
	at pl.akademiaqa.pages.sections.TopMenuSearchSection.<init>(TopMenuSearchSection.java:21)
	at pl.akademiaqa.pages.BasePage.<init>(BasePage.java:21)
	at pl.akademiaqa.pages.sections.TopMenuSearchSection.<init>(TopMenuSearchSection.java:21)
	at pl.akademiaqa.pages.BasePage.<init>(BasePage.java:21)
	at pl.akademiaqa.pages.sections.TopMenuSearchSection.<init>(TopMenuSearchSection.java:21)
	at pl.akademiaqa.pages.BasePage.<init>(BasePage.java:21)
	at pl.akademiaqa.pages.sections.TopMenuSearchSection.<init>(TopMenuSearchSection.java:21)
	at pl.akademiaqa.pages.BasePage.<init>(BasePage.java:21)
	at pl.akademiaqa.pages.sections.TopMenuSearchSection.<init>(TopMenuSearchSection.java:21)
	at pl.akademiaqa.pages.BasePage.<init>(BasePage.java:21)
	at pl.akademiaqa.pages.sections.TopMenuSearchSection.<init>(TopMenuSearchSection.java:21)
	at pl.akademiaqa.pages.BasePage.<init>(BasePage.java:21)
	at pl.akademiaqa.pages.sections.TopMenuSearchSection.<init>(TopMenuSearchSection.java:21)
	at pl.akademiaqa.pages.BasePage.<init>(BasePage.java:21)
	at pl.akademiaqa.pages.sections.TopMenuSearchSection.<init>(TopMenuSearchSection.java:21)
	at pl.akademiaqa.pages.BasePage.<init>(BasePage.java:21)
	at pl.akademiaqa.pages.sections.TopMenuSearchSection.<init>(TopMenuSearchSection.java:21)
	at pl.akademiaqa.pages.BasePage.<init>(BasePage.java:21)
	at pl.akademiaqa.pages.sections.TopMenuSearchSection.<init>(TopMenuSearchSection.java:21)
	at pl.akademiaqa.pages.BasePage.<init>(BasePage.java:21)
	at pl.akademiaqa.pages.sections.TopMenuSearchSection.<init>(TopMenuSearchSection.java:21)
	at pl.akademiaqa.pages.BasePage.<init>(BasePage.java:21)
	at pl.akademiaqa.pages.sections.TopMenuSearchSection.<init>(TopMenuSearchSection.java:21)
	at pl.akademiaqa.pages.BasePage.<init>(BasePage.java:21)
	at pl.akademiaqa.pages.sections.TopMenuSearchSection.<init>(TopMenuSearchSection.java:21)
	at pl.akademiaqa.pages.BasePage.<init>(BasePage.java:21)
	at pl.akademiaqa.pages.sections.TopMenuSearchSection.<init>(TopMenuSearchSection.java:21)
	at pl.akademiaqa.pages.BasePage.<init>(BasePage.java:21)
	at pl.akademiaqa.pages.sections.TopMenuSearchSection.<init>(TopMenuSearchSection.java:21)
	at pl.akademiaqa.pages.BasePage.<init>(BasePage.java:21)
	at pl.akademiaqa.pages.sections.TopMenuSearchSection.<init>(TopMenuSearchSection.java:21)
	at pl.akademiaqa.pages.BasePage.<init>(BasePage.java:21)
	at pl.akademiaqa.pages.sections.TopMenuSearchSection.<init>(TopMenuSearchSection.java:21)
	at pl.akademiaqa.pages.BasePage.<init>(BasePage.java:21)
	at pl.akademiaqa.pages.sections.TopMenuSearchSection.<init>(TopMenuSearchSection.java:21)
	at pl.akademiaqa.pages.BasePage.<init>(BasePage.java:21)
	at pl.akademiaqa.pages.sections.TopMenuSearchSection.<init>(TopMenuSearchSection.java:21)
	at pl.akademiaqa.pages.BasePage.<init>(BasePage.java:21)
	at pl.akademiaqa.pages.sections.TopMenuSearchSection.<init>(TopMenuSearchSection.java:21)
	at pl.akademiaqa.pages.BasePage.<init>(BasePage.java:21)
	at pl.akademiaqa.pages.sections.TopMenuSearchSection.<init>(TopMenuSearchSection.java:21)
	at pl.akademiaqa.pages.BasePage.<init>(BasePage.java:21)
	at pl.akademiaqa.pages.sections.TopMenuSearchSection.<init>(TopMenuSearchSection.java:21)
	at pl.akademiaqa.pages.BasePage.<init>(BasePage.java:21)
	at pl.akademiaqa.pages.sections.TopMenuSearchSection.<init>(TopMenuSearchSection.java:21)
	at pl.akademiaqa.pages.BasePage.<init>(BasePage.java:21)
	at pl.akademiaqa.pages.sections.TopMenuSearchSection.<init>(TopMenuSearchSection.java:21)
	at pl.akademiaqa.pages.BasePage.<init>(BasePage.java:21)
	at pl.akademiaqa.pages.sections.TopMenuSearchSection.<init>(TopMenuSearchSection.java:21)
	at pl.akademiaqa.pages.BasePage.<init>(BasePage.java:21)
	at pl.akademiaqa.pages.sections.TopMenuSearchSection.<init>(TopMenuSearchSection.java:21)
	at pl.akademiaqa.pages.BasePage.<init>(BasePage.java:21)
	at pl.akademiaqa.pages.sections.TopMenuSearchSection.<init>(TopMenuSearchSection.java:21)
	at pl.akademiaqa.pages.BasePage.<init>(BasePage.java:21)
	at pl.akademiaqa.pages.sections.TopMenuSearchSection.<init>(TopMenuSearchSection.java:21)
	at pl.akademiaqa.pages.BasePage.<init>(BasePage.java:21)
	at pl.akademiaqa.pages.sections.TopMenuSearchSection.<init>(TopMenuSearchSection.java:21)
	at pl.akademiaqa.pages.BasePage.<init>(BasePage.java:21)
	at pl.akademiaqa.pages.sections.TopMenuSearchSection.<init>(TopMenuSearchSection.java:21)
	at pl.akademiaqa.pages.BasePage.<init>(BasePage.java:21)
	at pl.akademiaqa.pages.sections.TopMenuSearchSection.<init>(TopMenuSearchSection.java:21)
	at pl.akademiaqa.pages.BasePage.<init>(BasePage.java:21)
	at pl.akademiaqa.pages.sections.TopMenuSearchSection.<init>(TopMenuSearchSection.java:21)
	at pl.akademiaqa.pages.BasePage.<init>(BasePage.java:21)
	at pl.akademiaqa.pages.sections.TopMenuSearchSection.<init>(TopMenuSearchSection.java:21)
	at pl.akademiaqa.pages.BasePage.<init>(BasePage.java:21)
	at pl.akademiaqa.pages.sections.TopMenuSearchSection.<init>(TopMenuSearchSection.java:21)
	at pl.akademiaqa.pages.BasePage.<init>(BasePage.java:21)
	at pl.akademiaqa.pages.sections.TopMenuSearchSection.<init>(TopMenuSearchSection.java:21)
	at pl.akademiaqa.pages.BasePage.<init>(BasePage.java:21)
	at pl.akademiaqa.pages.sections.TopMenuSearchSection.<init>(TopMenuSearchSection.java:21)
	at pl.akademiaqa.pages.BasePage.<init>(BasePage.java:21)
	at pl.akademiaqa.pages.sections.TopMenuSearchSection.<init>(TopMenuSearchSection.java:21)
	at pl.akademiaqa.pages.BasePage.<init>(BasePage.java:21)
	at pl.akademiaqa.pages.sections.TopMenuSearchSection.<init>(TopMenuSearchSection.java:21)
	at pl.akademiaqa.pages.BasePage.<init>(BasePage.java:21)
	at pl.akademiaqa.pages.sections.TopMenuSearchSection.<init>(TopMenuSearchSection.java:21)
	at pl.akademiaqa.pages.BasePage.<init>(BasePage.java:21)
	at pl.akademiaqa.pages.sections.TopMenuSearchSection.<init>(TopMenuSearchSection.java:21)
	at pl.akademiaqa.pages.BasePage.<init>(BasePage.java:21)
	at pl.akademiaqa.pages.sections.TopMenuSearchSection.<init>(TopMenuSearchSection.java:21)
	at pl.akademiaqa.pages.BasePage.<init>(BasePage.java:21)
	at pl.akademiaqa.pages.sections.TopMenuSearchSection.<init>(TopMenuSearchSection.java:21)
	at pl.akademiaqa.pages.BasePage.<init>(BasePage.java:21)
	at pl.akademiaqa.pages.sections.TopMenuSearchSection.<init>(TopMenuSearchSection.java:21)
	at pl.akademiaqa.pages.BasePage.<init>(BasePage.java:21)
	at pl.akademiaqa.pages.sections.TopMenuSearchSection.<init>(TopMenuSearchSection.java:21)
	at pl.akademiaqa.pages.BasePage.<init>(BasePage.java:21)
	at pl.akademiaqa.pages.sections.TopMenuSearchSection.<init>(TopMenuSearchSection.java:21)
	at pl.akademiaqa.pages.BasePage.<init>(BasePage.java:21)
	at pl.akademiaqa.pages.sections.TopMenuSearchSection.<init>(TopMenuSearchSection.java:21)
	at pl.akademiaqa.pages.BasePage.<init>(BasePage.java:21)
	at pl.akademiaqa.pages.sections.TopMenuSearchSection.<init>(TopMenuSearchSection.java:21)
	at pl.akademiaqa.pages.BasePage.<init>(BasePage.java:21)
	at pl.akademiaqa.pages.sections.TopMenuSearchSection.<init>(TopMenuSearchSection.java:21)
	at pl.akademiaqa.pages.BasePage.<init>(BasePage.java:21)
	at pl.akademiaqa.pages.sections.TopMenuSearchSection.<init>(TopMenuSearchSection.java:21)
	at pl.akademiaqa.pages.BasePage.<init>(BasePage.java:21)
	at pl.akademiaqa.pages.sections.TopMenuSearchSection.<init>(TopMenuSearchSection.java:21)
	at pl.akademiaqa.pages.BasePage.<init>(BasePage.java:21)
	at pl.akademiaqa.pages.sections.TopMenuSearchSection.<init>(TopMenuSearchSection.java:21)
	at pl.akademiaqa.pages.BasePage.<init>(BasePage.java:21)
	at pl.akademiaqa.pages.sections.TopMenuSearchSection.<init>(TopMenuSearchSection.java:21)
	at pl.akademiaqa.pages.BasePage.<init>(BasePage.java:21)
	at pl.akademiaqa.pages.sections.TopMenuSearchSection.<init>(TopMenuSearchSection.java:21)
	at pl.akademiaqa.pages.BasePage.<init>(BasePage.java:21)
	at pl.akademiaqa.pages.sections.TopMenuSearchSection.<init>(TopMenuSearchSection.java:21)
	at pl.akademiaqa.pages.BasePage.<init>(BasePage.java:21)
	at pl.akademiaqa.pages.sections.TopMenuSearchSection.<init>(TopMenuSearchSection.java:21)
	at pl.akademiaqa.pages.BasePage.<init>(BasePage.java:21)
	at pl.akademiaqa.pages.sections.TopMenuSearchSection.<init>(TopMenuSearchSection.java:21)
	at pl.akademiaqa.pages.BasePage.<init>(BasePage.java:21)
	at pl.akademiaqa.pages.sections.TopMenuSearchSection.<init>(TopMenuSearchSection.java:21)
	at pl.akademiaqa.pages.BasePage.<init>(BasePage.java:21)
	at pl.akademiaqa.pages.sections.TopMenuSearchSection.<init>(TopMenuSearchSection.java:21)
	at pl.akademiaqa.pages.BasePage.<init>(BasePage.java:21)
	at pl.akademiaqa.pages.sections.TopMenuSearchSection.<init>(TopMenuSearchSection.java:21)
	at pl.akademiaqa.pages.BasePage.<init>(BasePage.java:21)
	at pl.akademiaqa.pages.sections.TopMenuSearchSection.<init>(TopMenuSearchSection.java:21)
	at pl.akademiaqa.pages.BasePage.<init>(BasePage.java:21)
	at pl.akademiaqa.pages.sections.TopMenuSearchSection.<init>(TopMenuSearchSection.java:21)
	at pl.akademiaqa.pages.BasePage.<init>(BasePage.java:21)
	at pl.akademiaqa.pages.sections.TopMenuSearchSection.<init>(TopMenuSearchSection.java:21)

pl.akademiaqa.tests.SearchTest.should_return_products_by_product_name(String, int)[2]  Time elapsed: 0.217 s  <<< ERROR!
java.lang.StackOverflowError
	at pl.akademiaqa.pages.BasePage.<init>(BasePage.java:21)
	at pl.akademiaqa.pages.sections.TopMenuSearchSection.<init>(TopMenuSearchSection.java:21)
	at pl.akademiaqa.pages.BasePage.<init>(BasePage.java:21)
	at pl.akademiaqa.pages.sections.TopMenuSearchSection.<init>(TopMenuSearchSection.java:21)
	at pl.akademiaqa.pages.BasePage.<init>(BasePage.java:21)
	at pl.akademiaqa.pages.sections.TopMenuSearchSection.<init>(TopMenuSearchSection.java:21)
	at pl.akademiaqa.pages.BasePage.<init>(BasePage.java:21)
	at pl.akademiaqa.pages.sections.TopMenuSearchSection.<init>(TopMenuSearchSection.java:21)
	at pl.akademiaqa.pages.BasePage.<init>(BasePage.java:21)
	at pl.akademiaqa.pages.sections.TopMenuSearchSection.<init>(TopMenuSearchSection.java:21)
	at pl.akademiaqa.pages.BasePage.<init>(BasePage.java:21)
	at pl.akademiaqa.pages.sections.TopMenuSearchSection.<init>(TopMenuSearchSection.java:21)
	at pl.akademiaqa.pages.BasePage.<init>(BasePage.java:21)
	at pl.akademiaqa.pages.sections.TopMenuSearchSection.<init>(TopMenuSearchSection.java:21)
	at pl.akademiaqa.pages.BasePage.<init>(BasePage.java:21)
	at pl.akademiaqa.pages.sections.TopMenuSearchSection.<init>(TopMenuSearchSection.java:21)
	at pl.akademiaqa.pages.BasePage.<init>(BasePage.java:21)
	at pl.akademiaqa.pages.sections.TopMenuSearchSection.<init>(TopMenuSearchSection.java:21)
	at pl.akademiaqa.pages.BasePage.<init>(BasePage.java:21)
	at pl.akademiaqa.pages.sections.TopMenuSearchSection.<init>(TopMenuSearchSection.java:21)
	at pl.akademiaqa.pages.BasePage.<init>(BasePage.java:21)
	at pl.akademiaqa.pages.sections.TopMenuSearchSection.<init>(TopMenuSearchSection.java:21)
	at pl.akademiaqa.pages.BasePage.<init>(BasePage.java:21)
	at pl.akademiaqa.pages.sections.TopMenuSearchSection.<init>(TopMenuSearchSection.java:21)
	at pl.akademiaqa.pages.BasePage.<init>(BasePage.java:21)
	at pl.akademiaqa.pages.sections.TopMenuSearchSection.<init>(TopMenuSearchSection.java:21)
	at pl.akademiaqa.pages.BasePage.<init>(BasePage.java:21)
	at pl.akademiaqa.pages.sections.TopMenuSearchSection.<init>(TopMenuSearchSection.java:21)
	at pl.akademiaqa.pages.BasePage.<init>(BasePage.java:21)
	at pl.akademiaqa.pages.sections.TopMenuSearchSection.<init>(TopMenuSearchSection.java:21)
	at pl.akademiaqa.pages.BasePage.<init>(BasePage.java:21)
	at pl.akademiaqa.pages.sections.TopMenuSearchSection.<init>(TopMenuSearchSection.java:21)
	at pl.akademiaqa.pages.BasePage.<init>(BasePage.java:21)
	at pl.akademiaqa.pages.sections.TopMenuSearchSection.<init>(TopMenuSearchSection.java:21)
	at pl.akademiaqa.pages.BasePage.<init>(BasePage.java:21)
	at pl.akademiaqa.pages.sections.TopMenuSearchSection.<init>(TopMenuSearchSection.java:21)
	at pl.akademiaqa.pages.BasePage.<init>(BasePage.java:21)
	at pl.akademiaqa.pages.sections.TopMenuSearchSection.<init>(TopMenuSearchSection.java:21)
	at pl.akademiaqa.pages.BasePage.<init>(BasePage.java:21)
	at pl.akademiaqa.pages.sections.TopMenuSearchSection.<init>(TopMenuSearchSection.java:21)
	at pl.akademiaqa.pages.BasePage.<init>(BasePage.java:21)
[...]
	at pl.akademiaqa.pages.BasePage.<init>(BasePage.java:21)
	at pl.akademiaqa.pages.sections.TopMenuSearchSection.<init>(TopMenuSearchSection.java:21)
	at pl.akademiaqa.pages.BasePage.<init>(BasePage.java:21)
	at pl.akademiaqa.pages.sections.TopMenuSearchSection.<init>(TopMenuSearchSection.java:21)
	at pl.akademiaqa.pages.BasePage.<init>(BasePage.java:21)
	at pl.akademiaqa.pages.sections.TopMenuSearchSection.<init>(TopMenuSearchSection.java:21)
	at pl.akademiaqa.pages.BasePage.<init>(BasePage.java:21)
	at pl.akademiaqa.pages.sections.TopMenuSearchSection.<init>(TopMenuSearchSection.java:21)
	at pl.akademiaqa.pages.BasePage.<init>(BasePage.java:21)
	at pl.akademiaqa.pages.sections.TopMenuSearchSection.<init>(TopMenuSearchSection.java:21)
	at pl.akademiaqa.pages.BasePage.<init>(BasePage.java:21)
	at pl.akademiaqa.pages.sections.TopMenuSearchSection.<init>(TopMenuSearchSection.java:21)
	at pl.akademiaqa.pages.BasePage.<init>(BasePage.java:21)
	at pl.akademiaqa.pages.sections.TopMenuSearchSection.<init>(TopMenuSearchSection.java:21)
	at pl.akademiaqa.pages.BasePage.<init>(BasePage.java:21)
	at pl.akademiaqa.pages.sections.TopMenuSearchSection.<init>(TopMenuSearchSection.java:21)
	at pl.akademiaqa.pages.BasePage.<init>(BasePage.java:21)
	at pl.akademiaqa.pages.sections.TopMenuSearchSection.<init>(TopMenuSearchSection.java:21)
	at pl.akademiaqa.pages.BasePage.<init>(BasePage.java:21)
	at pl.akademiaqa.pages.sections.TopMenuSearchSection.<init>(TopMenuSearchSection.java:21)
	at pl.akademiaqa.pages.BasePage.<init>(BasePage.java:21)
	at pl.akademiaqa.pages.sections.TopMenuSearchSection.<init>(TopMenuSearchSection.java:21)
	at pl.akademiaqa.pages.BasePage.<init>(BasePage.java:21)
	at pl.akademiaqa.pages.sections.TopMenuSearchSection.<init>(TopMenuSearchSection.java:21)
	at pl.akademiaqa.pages.BasePage.<init>(BasePage.java:21)
	at pl.akademiaqa.pages.sections.TopMenuSearchSection.<init>(TopMenuSearchSection.java:21)
	at pl.akademiaqa.pages.BasePage.<init>(BasePage.java:21)
	at pl.akademiaqa.pages.sections.TopMenuSearchSection.<init>(TopMenuSearchSection.java:21)
	at pl.akademiaqa.pages.BasePage.<init>(BasePage.java:21)
	at pl.akademiaqa.pages.sections.TopMenuSearchSection.<init>(TopMenuSearchSection.java:21)
	at pl.akademiaqa.pages.BasePage.<init>(BasePage.java:21)
	at pl.akademiaqa.pages.sections.TopMenuSearchSection.<init>(TopMenuSearchSection.java:21)
	at pl.akademiaqa.pages.BasePage.<init>(BasePage.java:21)
	at pl.akademiaqa.pages.sections.TopMenuSearchSection.<init>(TopMenuSearchSection.java:21)
	at pl.akademiaqa.pages.BasePage.<init>(BasePage.java:21)
	at pl.akademiaqa.pages.sections.TopMenuSearchSection.<init>(TopMenuSearchSection.java:21)
	at pl.akademiaqa.pages.BasePage.<init>(BasePage.java:21)
	at pl.akademiaqa.pages.sections.TopMenuSearchSection.<init>(TopMenuSearchSection.java:21)
	at pl.akademiaqa.pages.BasePage.<init>(BasePage.java:21)
	at pl.akademiaqa.pages.sections.TopMenuSearchSection.<init>(TopMenuSearchSection.java:21)
	at pl.akademiaqa.pages.BasePage.<init>(BasePage.java:21)
	at pl.akademiaqa.pages.sections.TopMenuSearchSection.<init>(TopMenuSearchSection.java:21)
	at pl.akademiaqa.pages.BasePage.<init>(BasePage.java:21)
	at pl.akademiaqa.pages.sections.TopMenuSearchSection.<init>(TopMenuSearchSection.java:21)
	at pl.akademiaqa.pages.BasePage.<init>(BasePage.java:21)
	at pl.akademiaqa.pages.sections.TopMenuSearchSection.<init>(TopMenuSearchSection.java:21)
	at pl.akademiaqa.pages.BasePage.<init>(BasePage.java:21)
	at pl.akademiaqa.pages.sections.TopMenuSearchSection.<init>(TopMenuSearchSection.java:21)
	at pl.akademiaqa.pages.BasePage.<init>(BasePage.java:21)
	at pl.akademiaqa.pages.sections.TopMenuSearchSection.<init>(TopMenuSearchSection.java:21)
	at pl.akademiaqa.pages.BasePage.<init>(BasePage.java:21)
	at pl.akademiaqa.pages.sections.TopMenuSearchSection.<init>(TopMenuSearchSection.java:21)
	at pl.akademiaqa.pages.BasePage.<init>(BasePage.java:21)
	at pl.akademiaqa.pages.sections.TopMenuSearchSection.<init>(TopMenuSearchSection.java:21)
	at pl.akademiaqa.pages.BasePage.<init>(BasePage.java:21)
	at pl.akademiaqa.pages.sections.TopMenuSearchSection.<init>(TopMenuSearchSection.java:21)
	at pl.akademiaqa.pages.BasePage.<init>(BasePage.java:21)
	at pl.akademiaqa.pages.sections.TopMenuSearchSection.<init>(TopMenuSearchSection.java:21)
	at pl.akademiaqa.pages.BasePage.<init>(BasePage.java:21)
	at pl.akademiaqa.pages.sections.TopMenuSearchSection.<init>(TopMenuSearchSection.java:21)
	at pl.akademiaqa.pages.BasePage.<init>(BasePage.java:21)
	at pl.akademiaqa.pages.sections.TopMenuSearchSection.<init>(TopMenuSearchSection.java:21)
	at pl.akademiaqa.pages.BasePage.<init>(BasePage.java:21)
	at pl.akademiaqa.pages.sections.TopMenuSearchSection.<init>(TopMenuSearchSection.java:21)
	at pl.akademiaqa.pages.BasePage.<init>(BasePage.java:21)
	at pl.akademiaqa.pages.sections.TopMenuSearchSection.<init>(TopMenuSearchSection.java:21)
	at pl.akademiaqa.pages.BasePage.<init>(BasePage.java:21)
	at pl.akademiaqa.pages.sections.TopMenuSearchSection.<init>(TopMenuSearchSection.java:21)
	at pl.akademiaqa.pages.BasePage.<init>(BasePage.java:21)
	at pl.akademiaqa.pages.sections.TopMenuSearchSection.<init>(TopMenuSearchSection.java:21)
	at pl.akademiaqa.pages.BasePage.<init>(BasePage.java:21)
	at pl.akademiaqa.pages.sections.TopMenuSearchSection.<init>(TopMenuSearchSection.java:21)
	at pl.akademiaqa.pages.BasePage.<init>(BasePage.java:21)
	at pl.akademiaqa.pages.sections.TopMenuSearchSection.<init>(TopMenuSearchSection.java:21)
	at pl.akademiaqa.pages.BasePage.<init>(BasePage.java:21)
	at pl.akademiaqa.pages.sections.TopMenuSearchSection.<init>(TopMenuSearchSection.java:21)
	at pl.akademiaqa.pages.BasePage.<init>(BasePage.java:21)
	at pl.akademiaqa.pages.sections.TopMenuSearchSection.<init>(TopMenuSearchSection.java:21)
	at pl.akademiaqa.pages.BasePage.<init>(BasePage.java:21)
	at pl.akademiaqa.pages.sections.TopMenuSearchSection.<init>(TopMenuSearchSection.java:21)
	at pl.akademiaqa.pages.BasePage.<init>(BasePage.java:21)
	at pl.akademiaqa.pages.sections.TopMenuSearchSection.<init>(TopMenuSearchSection.java:21)
	at pl.akademiaqa.pages.BasePage.<init>(BasePage.java:21)
	at pl.akademiaqa.pages.sections.TopMenuSearchSection.<init>(TopMenuSearchSection.java:21)
	at pl.akademiaqa.pages.BasePage.<init>(BasePage.java:21)
	at pl.akademiaqa.pages.sections.TopMenuSearchSection.<init>(TopMenuSearchSection.java:21)
	at pl.akademiaqa.pages.BasePage.<init>(BasePage.java:21)
	at pl.akademiaqa.pages.sections.TopMenuSearchSection.<init>(TopMenuSearchSection.java:21)
	at pl.akademiaqa.pages.BasePage.<init>(BasePage.java:21)
	at pl.akademiaqa.pages.sections.TopMenuSearchSection.<init>(TopMenuSearchSection.java:21)
	at pl.akademiaqa.pages.BasePage.<init>(BasePage.java:21)
	at pl.akademiaqa.pages.sections.TopMenuSearchSection.<init>(TopMenuSearchSection.java:21)
	at pl.akademiaqa.pages.BasePage.<init>(BasePage.java:21)
	at pl.akademiaqa.pages.sections.TopMenuSearchSection.<init>(TopMenuSearchSection.java:21)
	at pl.akademiaqa.pages.BasePage.<init>(BasePage.java:21)
	at pl.akademiaqa.pages.sections.TopMenuSearchSection.<init>(TopMenuSearchSection.java:21)
	at pl.akademiaqa.pages.BasePage.<init>(BasePage.java:21)
	at pl.akademiaqa.pages.sections.TopMenuSearchSection.<init>(TopMenuSearchSection.java:21)
	at pl.akademiaqa.pages.BasePage.<init>(BasePage.java:21)
	at pl.akademiaqa.pages.sections.TopMenuSearchSection.<init>(TopMenuSearchSection.java:21)
	at pl.akademiaqa.pages.BasePage.<init>(BasePage.java:21)
	at pl.akademiaqa.pages.sections.TopMenuSearchSection.<init>(TopMenuSearchSection.java:21)
	at pl.akademiaqa.pages.BasePage.<init>(BasePage.java:21)
	at pl.akademiaqa.pages.sections.TopMenuSearchSection.<init>(TopMenuSearchSection.java:21)
	at pl.akademiaqa.pages.BasePage.<init>(BasePage.java:21)
	at pl.akademiaqa.pages.sections.TopMenuSearchSection.<init>(TopMenuSearchSection.java:21)
	at pl.akademiaqa.pages.BasePage.<init>(BasePage.java:21)
	at pl.akademiaqa.pages.sections.TopMenuSearchSection.<init>(TopMenuSearchSection.java:21)
	at pl.akademiaqa.pages.BasePage.<init>(BasePage.java:21)
	at pl.akademiaqa.pages.sections.TopMenuSearchSection.<init>(TopMenuSearchSection.java:21)
	at pl.akademiaqa.pages.BasePage.<init>(BasePage.java:21)
	at pl.akademiaqa.pages.sections.TopMenuSearchSection.<init>(TopMenuSearchSection.java:21)
	at pl.akademiaqa.pages.BasePage.<init>(BasePage.java:21)
	at pl.akademiaqa.pages.sections.TopMenuSearchSection.<init>(TopMenuSearchSection.java:21)
	at pl.akademiaqa.pages.BasePage.<init>(BasePage.java:21)
	at pl.akademiaqa.pages.sections.TopMenuSearchSection.<init>(TopMenuSearchSection.java:21)
	at pl.akademiaqa.pages.BasePage.<init>(BasePage.java:21)
	at pl.akademiaqa.pages.sections.TopMenuSearchSection.<init>(TopMenuSearchSection.java:21)
	at pl.akademiaqa.pages.BasePage.<init>(BasePage.java:21)
	at pl.akademiaqa.pages.sections.TopMenuSearchSection.<init>(TopMenuSearchSection.java:21)
	at pl.akademiaqa.pages.BasePage.<init>(BasePage.java:21)
	at pl.akademiaqa.pages.sections.TopMenuSearchSection.<init>(TopMenuSearchSection.java:21)
	at pl.akademiaqa.pages.BasePage.<init>(BasePage.java:21)
	at pl.akademiaqa.pages.sections.TopMenuSearchSection.<init>(TopMenuSearchSection.java:21)
	at pl.akademiaqa.pages.BasePage.<init>(BasePage.java:21)
	at pl.akademiaqa.pages.sections.TopMenuSearchSection.<init>(TopMenuSearchSection.java:21)
	at pl.akademiaqa.pages.BasePage.<init>(BasePage.java:21)
	at pl.akademiaqa.pages.sections.TopMenuSearchSection.<init>(TopMenuSearchSection.java:21)
	at pl.akademiaqa.pages.BasePage.<init>(BasePage.java:21)
	at pl.akademiaqa.pages.sections.TopMenuSearchSection.<init>(TopMenuSearchSection.java:21)
	at pl.akademiaqa.pages.BasePage.<init>(BasePage.java:21)
	at pl.akademiaqa.pages.sections.TopMenuSearchSection.<init>(TopMenuSearchSection.java:21)
	at pl.akademiaqa.pages.BasePage.<init>(BasePage.java:21)
	at pl.akademiaqa.pages.sections.TopMenuSearchSection.<init>(TopMenuSearchSection.java:21)
	at pl.akademiaqa.pages.BasePage.<init>(BasePage.java:21)
	at pl.akademiaqa.pages.sections.TopMenuSearchSection.<init>(TopMenuSearchSection.java:21)
	at pl.akademiaqa.pages.BasePage.<init>(BasePage.java:21)
	at pl.akademiaqa.pages.sections.TopMenuSearchSection.<init>(TopMenuSearchSection.java:21)
	at pl.akademiaqa.pages.BasePage.<init>(BasePage.java:21)
	at pl.akademiaqa.pages.sections.TopMenuSearchSection.<init>(TopMenuSearchSection.java:21)
	at pl.akademiaqa.pages.BasePage.<init>(BasePage.java:21)
	at pl.akademiaqa.pages.sections.TopMenuSearchSection.<init>(TopMenuSearchSection.java:21)
	at pl.akademiaqa.pages.BasePage.<init>(BasePage.java:21)
	at pl.akademiaqa.pages.sections.TopMenuSearchSection.<init>(TopMenuSearchSection.java:21)
	at pl.akademiaqa.pages.BasePage.<init>(BasePage.java:21)
	at pl.akademiaqa.pages.sections.TopMenuSearchSection.<init>(TopMenuSearchSection.java:21)
	at pl.akademiaqa.pages.BasePage.<init>(BasePage.java:21)
	at pl.akademiaqa.pages.sections.TopMenuSearchSection.<init>(TopMenuSearchSection.java:21)
	at pl.akademiaqa.pages.BasePage.<init>(BasePage.java:21)
	at pl.akademiaqa.pages.sections.TopMenuSearchSection.<init>(TopMenuSearchSection.java:21)
	at pl.akademiaqa.pages.BasePage.<init>(BasePage.java:21)
	at pl.akademiaqa.pages.sections.TopMenuSearchSection.<init>(TopMenuSearchSection.java:21)
	at pl.akademiaqa.pages.BasePage.<init>(BasePage.java:21)
	at pl.akademiaqa.pages.sections.TopMenuSearchSection.<init>(TopMenuSearchSection.java:21)
	at pl.akademiaqa.pages.BasePage.<init>(BasePage.java:21)
	at pl.akademiaqa.pages.sections.TopMenuSearchSection.<init>(TopMenuSearchSection.java:21)
	at pl.akademiaqa.pages.BasePage.<init>(BasePage.java:21)
	at pl.akademiaqa.pages.sections.TopMenuSearchSection.<init>(TopMenuSearchSection.java:21)
	at pl.akademiaqa.pages.BasePage.<init>(BasePage.java:21)
	at pl.akademiaqa.pages.sections.TopMenuSearchSection.<init>(TopMenuSearchSection.java:21)
	at pl.akademiaqa.pages.BasePage.<init>(BasePage.java:21)
	at pl.akademiaqa.pages.sections.TopMenuSearchSection.<init>(TopMenuSearchSection.java:21)
	at pl.akademiaqa.pages.BasePage.<init>(BasePage.java:21)
	at pl.akademiaqa.pages.sections.TopMenuSearchSection.<init>(TopMenuSearchSection.java:21)
	at pl.akademiaqa.pages.BasePage.<init>(BasePage.java:21)
	at pl.akademiaqa.pages.sections.TopMenuSearchSection.<init>(TopMenuSearchSection.java:21)
	at pl.akademiaqa.pages.BasePage.<init>(BasePage.java:21)
	at pl.akademiaqa.pages.sections.TopMenuSearchSection.<init>(TopMenuSearchSection.java:21)
	at pl.akademiaqa.pages.BasePage.<init>(BasePage.java:21)
	at pl.akademiaqa.pages.sections.TopMenuSearchSection.<init>(TopMenuSearchSection.java:21)
	at pl.akademiaqa.pages.BasePage.<init>(BasePage.java:21)
	at pl.akademiaqa.pages.sections.TopMenuSearchSection.<init>(TopMenuSearchSection.java:21)
	at pl.akademiaqa.pages.BasePage.<init>(BasePage.java:21)
	at pl.akademiaqa.pages.sections.TopMenuSearchSection.<init>(TopMenuSearchSection.java:21)
	at pl.akademiaqa.pages.BasePage.<init>(BasePage.java:21)
	at pl.akademiaqa.pages.sections.TopMenuSearchSection.<init>(TopMenuSearchSection.java:21)
	at pl.akademiaqa.pages.BasePage.<init>(BasePage.java:21)
	at pl.akademiaqa.pages.sections.TopMenuSearchSection.<init>(TopMenuSearchSection.java:21)
	at pl.akademiaqa.pages.BasePage.<init>(BasePage.java:21)
	at pl.akademiaqa.pages.sections.TopMenuSearchSection.<init>(TopMenuSearchSection.java:21)
	at pl.akademiaqa.pages.BasePage.<init>(BasePage.java:21)
	at pl.akademiaqa.pages.sections.TopMenuSearchSection.<init>(TopMenuSearchSection.java:21)
	at pl.akademiaqa.pages.BasePage.<init>(BasePage.java:21)
	at pl.akademiaqa.pages.sections.TopMenuSearchSection.<init>(TopMenuSearchSection.java:21)
	at pl.akademiaqa.pages.BasePage.<init>(BasePage.java:21)
	at pl.akademiaqa.pages.sections.TopMenuSearchSection.<init>(TopMenuSearchSection.java:21)
	at pl.akademiaqa.pages.BasePage.<init>(BasePage.java:21)
	at pl.akademiaqa.pages.sections.TopMenuSearchSection.<init>(TopMenuSearchSection.java:21)
	at pl.akademiaqa.pages.BasePage.<init>(BasePage.java:21)
	at pl.akademiaqa.pages.sections.TopMenuSearchSection.<init>(TopMenuSearchSection.java:21)
	at pl.akademiaqa.pages.BasePage.<init>(BasePage.java:21)
	at pl.akademiaqa.pages.sections.TopMenuSearchSection.<init>(TopMenuSearchSection.java:21)
	at pl.akademiaqa.pages.BasePage.<init>(BasePage.java:21)
	at pl.akademiaqa.pages.sections.TopMenuSearchSection.<init>(TopMenuSearchSection.java:21)
	at pl.akademiaqa.pages.BasePage.<init>(BasePage.java:21)
	at pl.akademiaqa.pages.sections.TopMenuSearchSection.<init>(TopMenuSearchSection.java:21)
	at pl.akademiaqa.pages.BasePage.<init>(BasePage.java:21)
	at pl.akademiaqa.pages.sections.TopMenuSearchSection.<init>(TopMenuSearchSection.java:21)
	at pl.akademiaqa.pages.BasePage.<init>(BasePage.java:21)
	at pl.akademiaqa.pages.sections.TopMenuSearchSection.<init>(TopMenuSearchSection.java:21)
	at pl.akademiaqa.pages.BasePage.<init>(BasePage.java:21)
	at pl.akademiaqa.pages.sections.TopMenuSearchSection.<init>(TopMenuSearchSection.java:21)
	at pl.akademiaqa.pages.BasePage.<init>(BasePage.java:21)
	at pl.akademiaqa.pages.sections.TopMenuSearchSection.<init>(TopMenuSearchSection.java:21)
	at pl.akademiaqa.pages.BasePage.<init>(BasePage.java:21)
	at pl.akademiaqa.pages.sections.TopMenuSearchSection.<init>(TopMenuSearchSection.java:21)
	at pl.akademiaqa.pages.BasePage.<init>(BasePage.java:21)
	at pl.akademiaqa.pages.sections.TopMenuSearchSection.<init>(TopMenuSearchSection.java:21)
	at pl.akademiaqa.pages.BasePage.<init>(BasePage.java:21)
	at pl.akademiaqa.pages.sections.TopMenuSearchSection.<init>(TopMenuSearchSection.java:21)
	at pl.akademiaqa.pages.BasePage.<init>(BasePage.java:21)
	at pl.akademiaqa.pages.sections.TopMenuSearchSection.<init>(TopMenuSearchSection.java:21)
	at pl.akademiaqa.pages.BasePage.<init>(BasePage.java:21)
	at pl.akademiaqa.pages.sections.TopMenuSearchSection.<init>(TopMenuSearchSection.java:21)
	at pl.akademiaqa.pages.BasePage.<init>(BasePage.java:21)
	at pl.akademiaqa.pages.sections.TopMenuSearchSection.<init>(TopMenuSearchSection.java:21)
	at pl.akademiaqa.pages.BasePage.<init>(BasePage.java:21)
	at pl.akademiaqa.pages.sections.TopMenuSearchSection.<init>(TopMenuSearchSection.java:21)
	at pl.akademiaqa.pages.BasePage.<init>(BasePage.java:21)
	at pl.akademiaqa.pages.sections.TopMenuSearchSection.<init>(TopMenuSearchSection.java:21)
	at pl.akademiaqa.pages.BasePage.<init>(BasePage.java:21)
	at pl.akademiaqa.pages.sections.TopMenuSearchSection.<init>(TopMenuSearchSection.java:21)
	at pl.akademiaqa.pages.BasePage.<init>(BasePage.java:21)
	at pl.akademiaqa.pages.sections.TopMenuSearchSection.<init>(TopMenuSearchSection.java:21)
	at pl.akademiaqa.pages.BasePage.<init>(BasePage.java:21)
	at pl.akademiaqa.pages.sections.TopMenuSearchSection.<init>(TopMenuSearchSection.java:21)
	at pl.akademiaqa.pages.BasePage.<init>(BasePage.java:21)
	at pl.akademiaqa.pages.sections.TopMenuSearchSection.<init>(TopMenuSearchSection.java:21)
	at pl.akademiaqa.pages.BasePage.<init>(BasePage.java:21)
	at pl.akademiaqa.pages.sections.TopMenuSearchSection.<init>(TopMenuSearchSection.java:21)
	at pl.akademiaqa.pages.BasePage.<init>(BasePage.java:21)
	at pl.akademiaqa.pages.sections.TopMenuSearchSection.<init>(TopMenuSearchSection.java:21)
	at pl.akademiaqa.pages.BasePage.<init>(BasePage.java:21)
	at pl.akademiaqa.pages.sections.TopMenuSearchSection.<init>(TopMenuSearchSection.java:21)
	at pl.akademiaqa.pages.BasePage.<init>(BasePage.java:21)
	at pl.akademiaqa.pages.sections.TopMenuSearchSection.<init>(TopMenuSearchSection.java:21)
	at pl.akademiaqa.pages.BasePage.<init>(BasePage.java:21)
	at pl.akademiaqa.pages.sections.TopMenuSearchSection.<init>(TopMenuSearchSection.java:21)
	at pl.akademiaqa.pages.BasePage.<init>(BasePage.java:21)
	at pl.akademiaqa.pages.sections.TopMenuSearchSection.<init>(TopMenuSearchSection.java:21)
	at pl.akademiaqa.pages.BasePage.<init>(BasePage.java:21)
	at pl.akademiaqa.pages.sections.TopMenuSearchSection.<init>(TopMenuSearchSection.java:21)
	at pl.akademiaqa.pages.BasePage.<init>(BasePage.java:21)
	at pl.akademiaqa.pages.sections.TopMenuSearchSection.<init>(TopMenuSearchSection.java:21)
	at pl.akademiaqa.pages.BasePage.<init>(BasePage.java:21)
	at pl.akademiaqa.pages.sections.TopMenuSearchSection.<init>(TopMenuSearchSection.java:21)
	at pl.akademiaqa.pages.BasePage.<init>(BasePage.java:21)
	at pl.akademiaqa.pages.sections.TopMenuSearchSection.<init>(TopMenuSearchSection.java:21)
	at pl.akademiaqa.pages.BasePage.<init>(BasePage.java:21)
	at pl.akademiaqa.pages.sections.TopMenuSearchSection.<init>(TopMenuSearchSection.java:21)
	at pl.akademiaqa.pages.BasePage.<init>(BasePage.java:21)
	at pl.akademiaqa.pages.sections.TopMenuSearchSection.<init>(TopMenuSearchSection.java:21)
	at pl.akademiaqa.pages.BasePage.<init>(BasePage.java:21)
	at pl.akademiaqa.pages.sections.TopMenuSearchSection.<init>(TopMenuSearchSection.java:21)
	at pl.akademiaqa.pages.BasePage.<init>(BasePage.java:21)
	at pl.akademiaqa.pages.sections.TopMenuSearchSection.<init>(TopMenuSearchSection.java:21)
	at pl.akademiaqa.pages.BasePage.<init>(BasePage.java:21)
	at pl.akademiaqa.pages.sections.TopMenuSearchSection.<init>(TopMenuSearchSection.java:21)
	at pl.akademiaqa.pages.BasePage.<init>(BasePage.java:21)
	at pl.akademiaqa.pages.sections.TopMenuSearchSection.<init>(TopMenuSearchSection.java:21)
	at pl.akademiaqa.pages.BasePage.<init>(BasePage.java:21)
	at pl.akademiaqa.pages.sections.TopMenuSearchSection.<init>(TopMenuSearchSection.java:21)
	at pl.akademiaqa.pages.BasePage.<init>(BasePage.java:21)
	at pl.akademiaqa.pages.sections.TopMenuSearchSection.<init>(TopMenuSearchSection.java:21)
	at pl.akademiaqa.pages.BasePage.<init>(BasePage.java:21)
	at pl.akademiaqa.pages.sections.TopMenuSearchSection.<init>(TopMenuSearchSection.java:21)
	at pl.akademiaqa.pages.BasePage.<init>(BasePage.java:21)
	at pl.akademiaqa.pages.sections.TopMenuSearchSection.<init>(TopMenuSearchSection.java:21)

