<?xml version="1.0" encoding="UTF-8"?>
<testsuite xmlns:xsi="http://www.w3.org/2001/XMLSchema-instance" xsi:noNamespaceSchemaLocation="https://maven.apache.org/surefire/maven-surefire-plugin/xsd/surefire-test-report-3.0.xsd" version="3.0" name="pl.akademiaqa.tests.FilterByCompositionTest" time="7.872" tests="1" errors="0" skipped="0" failures="0">
  <properties>
[...]
</properties>
  <testcase name="should_return_matt_paper_products" classname="pl.akademiaqa.tests.FilterByCompositionTest" time="4.866">
    <system-out><![CDATA[Number of Matt paper products: 7
]]></system-out>
  </testcase>
</testsuite>